 line   address	contents
    1                      ; Linked by DLX-LD.
    2                      ; MemSize 24576
    3                      ; Data size: 434
    4                      ; Text size: 4876
    5                      ; Stack size: 8192
    6  00000000          	.text 0x1000
    7  00001000          	.data 0x3000
    8                      ; Compiled by GCC
    9  00003000          	.text
   10  00001000          	.align 2
   11  00001000          	.proc _isspace
   12  00001000          	.global _isspace
   13  00001000          	_isspace:
   14                      ;  Function 'isspace'; 0 bytes of locals, 1 regs to save.
   15  00001000  afbefffc	sw	-4(r29),r30; push fp
   16  00001004  001df020	add	r30,r0,r29; fp = sp
   17  00001008  afbffff8	sw	-8(r29),r31; push ret addr
   18  0000100c  2fbd0010	subui	r29,r29,#16; alloc local storage
   19  00001010  afa20000	sw	0(r29),r2
   20  00001014  83c20003	lb	r2,3(r30)
   21  00001018  201f0000	addi	r31,r0,#0
   22  0000101c  304100ff	andi	r1,r2,#0x00ff
   23  00001020  60210020	seqi	r1,r1,#32
   24  00001024  14200018	bnez	r1,L6_LF0
   25  00001028  54000000	nop; not filled.
   26  0000102c  2041fff7	addi	r1,r2,#-9
   27  00001030  302100ff	andi	r1,r1,#0x00ff
   28  00001034  70210001	sleui	r1,r1,#1
   29  00001038  10200008	beqz	r1,L5_LF0
   30  0000103c  54000000	nop; not filled.
   31  00001040          	L6_LF0:
   32  00001040  201f0001	addi	r31,r0,#1
   33  00001044          	L5_LF0:
   34  00001044  001f0820	add	r1,r0,r31
   35  00001048  8fa20000	lw	r2,0(r29)
   36  0000104c  8fdffff8	lw	r31,-8(r30)
   37  00001050  001ee820	add	r29,r0,r30
   38  00001054  8fdefffc	lw	r30,-4(r30)
   39  00001058  4be00000	jr	r31
   40  0000105c  54000000	nop
   41  00001060          	.endproc _isspace
   42  00001060          	.align 2
   43  00001060          	.proc _isxdigit
   44  00001060          	.global _isxdigit
   45  00001060          	_isxdigit:
   46                      ;  Function 'isxdigit'; 0 bytes of locals, 1 regs to save.
   47  00001060  afbefffc	sw	-4(r29),r30; push fp
   48  00001064  001df020	add	r30,r0,r29; fp = sp
   49  00001068  afbffff8	sw	-8(r29),r31; push ret addr
   50  0000106c  2fbd0010	subui	r29,r29,#16; alloc local storage
   51  00001070  afa20000	sw	0(r29),r2
   52  00001074  83df0003	lb	r31,3(r30)
   53  00001078  20020000	addi	r2,r0,#0
   54  0000107c  23e1ffd0	addi	r1,r31,#-48
   55  00001080  302100ff	andi	r1,r1,#0x00ff
   56  00001084  70210009	sleui	r1,r1,#9
   57  00001088  14200028	bnez	r1,L12_LF0
   58  0000108c  54000000	nop; not filled.
   59  00001090  23e1ff9f	addi	r1,r31,#-97
   60  00001094  302100ff	andi	r1,r1,#0x00ff
   61  00001098  70210005	sleui	r1,r1,#5
   62  0000109c  14200014	bnez	r1,L12_LF0
   63  000010a0  54000000	nop; not filled.
   64  000010a4  33e100ff	andi	r1,r31,#0x00ff
   65  000010a8  64210041	snei	r1,r1,#65
   66  000010ac  14200008	bnez	r1,L11_LF0
   67  000010b0  54000000	nop; not filled.
   68  000010b4          	L12_LF0:
   69  000010b4  20020001	addi	r2,r0,#1
   70  000010b8          	L11_LF0:
   71  000010b8  00020820	add	r1,r0,r2
   72  000010bc  8fa20000	lw	r2,0(r29)
   73  000010c0  8fdffff8	lw	r31,-8(r30)
   74  000010c4  001ee820	add	r29,r0,r30
   75  000010c8  8fdefffc	lw	r30,-4(r30)
   76  000010cc  4be00000	jr	r31
   77  000010d0  54000000	nop
   78  000010d4          	.endproc _isxdigit
   79  000010d4          	.data
   80  00003000          	.align 2
   81  00003000          	LC0_LF0:
   82  00003000  55736167	.ascii "Usage: \000"
   82  00003004  653a2000	
   83  00003008          	.align 2
   84  00003008          	LC1_LF0:
   85  00003008  203c6e75	.ascii " <number of processes to create>\n\000"
   85  0000300c  6d626572	
   85  00003010  206f6620	
   85  00003014  70726f63	
   85  00003018  65737365	
   85  0000301c  7320746f	
   85  00003020  20637265	
   85  00003024  6174653e	
   85  00003028  0a00    	
   86  0000302a          	.align 2
   87  0000302c          	LC2_LF0:
   88  0000302c  43726561	.ascii "Creating %d processes\n\000"
   88  00003030  74696e67	
   88  00003034  20256420	
   88  00003038  70726f63	
   88  0000303c  65737365	
   88  00003040  730a00  	
   89  00003043          	.align 2
   90  00003044          	LC3_LF0:
   91  00003044  4552524f	.ascii "ERROR: could not allocate shared memory page in \000"
   91  00003048  523a2063	
   91  0000304c  6f756c64	
   91  00003050  206e6f74	
   91  00003054  20616c6c	
   91  00003058  6f636174	
   91  0000305c  65207368	
   91  00003060  61726564	
   91  00003064  206d656d	
   91  00003068  6f727920	
   91  0000306c  70616765	
   91  00003070  20696e20	
   91  00003074  00      	
   92  00003075          	.align 2
   93  00003078          	LC4_LF0:
   94  00003078  2c206578	.ascii ", exiting...\n\000"
   94  0000307c  6974696e	
   94  00003080  672e2e2e	
   94  00003084  0a00    	
   95  00003086          	.align 2
   96  00003088          	LC5_LF0:
   97  00003088  436f756c	.ascii "Could not map the shared page to virtual address in \000"
   97  0000308c  64206e6f	
   97  00003090  74206d61	
   97  00003094  70207468	
   97  00003098  65207368	
   97  0000309c  61726564	
   97  000030a0  20706167	
   97  000030a4  6520746f	
   97  000030a8  20766972	
   97  000030ac  7475616c	
   97  000030b0  20616464	
   97  000030b4  72657373	
   97  000030b8  20696e20	
   97  000030bc  00      	
   98  000030bd          	.align 2
   99  000030c0          	LC6_LF0:
  100  000030c0  2c206578	.ascii ", exiting..\n\000"
  100  000030c4  6974696e	
  100  000030c8  672e2e0a	
  100  000030cc  00      	
  101  000030cd          	.align 2
  102  000030d0          	LC7_LF0:
  103  000030d0  42616420	.ascii "Bad sem_create in \000"
  103  000030d4  73656d5f	
  103  000030d8  63726561	
  103  000030dc  74652069	
  103  000030e0  6e2000  	
  104  000030e3          	.align 2
  105  000030e4          	LC8_LF0:
  106  000030e4  0a00    	.ascii "\n\000"
  107  000030e6          	.align 2
  108  000030e8          	LC9_LF0:
  109  000030e8  70726f64	.ascii "producer.dlx.obj\000"
  109  000030ec  75636572	
  109  000030f0  2e646c78	
  109  000030f4  2e6f626a	
  109  000030f8  00      	
  110  000030f9          	.align 2
  111  000030fc          	LC10_LF0:
  112  000030fc  50726f63	.ascii "Process %d producer created\n\000"
  112  00003100  65737320	
  112  00003104  25642070	
  112  00003108  726f6475	
  112  0000310c  63657220	
  112  00003110  63726561	
  112  00003114  7465640a	
  112  00003118  00      	
  113  00003119          	.align 2
  114  0000311c          	LC11_LF0:
  115  0000311c  636f6e73	.ascii "consumer.dlx.obj\000"
  115  00003120  756d6572	
  115  00003124  2e646c78	
  115  00003128  2e6f626a	
  115  0000312c  00      	
  116  0000312d          	.align 2
  117  00003130          	LC12_LF0:
  118  00003130  50726f63	.ascii "Process %d consumer created\n\000"
  118  00003134  65737320	
  118  00003138  25642063	
  118  0000313c  6f6e7375	
  118  00003140  6d657220	
  118  00003144  63726561	
  118  00003148  7465640a	
  118  0000314c  00      	
  119  0000314d          	.align 2
  120  00003150          	LC13_LF0:
  121  00003150  42616420	.ascii "Bad semaphore s_procs_completed (%d) in \000"
  121  00003154  73656d61	
  121  00003158  70686f72	
  121  0000315c  6520735f	
  121  00003160  70726f63	
  121  00003164  735f636f	
  121  00003168  6d706c65	
  121  0000316c  74656420	
  121  00003170  28256429	
  121  00003174  20696e20	
  121  00003178  00      	
  122  00003179          	.align 2
  123  0000317c          	LC14_LF0:
  124  0000317c  416c6c20	.ascii "All other processes completed, exiting main process.\n\000"
  124  00003180  6f746865	
  124  00003184  72207072	
  124  00003188  6f636573	
  124  0000318c  73657320	
  124  00003190  636f6d70	
  124  00003194  6c657465	
  124  00003198  642c2065	
  124  0000319c  78697469	
  124  000031a0  6e67206d	
  124  000031a4  61696e20	
  124  000031a8  70726f63	
  124  000031ac  6573732e	
  124  000031b0  0a00    	
  125  000031b2          	.text
  126  000010d4          	.align 2
  127  000010d4          	.proc _main
  128  000010d4          	.global _main
  129  000010d4          	_main:
  130                      ;  Function 'main'; 48 bytes of locals, 0 regs to save.
  131  000010d4  afbefffc	sw	-4(r29),r30; push fp
  132  000010d8  001df020	add	r30,r0,r29; fp = sp
  133  000010dc  afbffff8	sw	-8(r29),r31; push ret addr
  134  000010e0  2fbd0038	subui	r29,r29,#56; alloc local storage
  135  000010e4  8fc20000	lw	r2,(r30)
  136  000010e8  8fc80004	lw	r8,4(r30)
  137  000010ec  0c001214	jal	___main
  138  000010f0  54000000	nop; not filled.
  139  000010f4  64410002	snei	r1,r2,#2
  140  000010f8  1020004c	beqz	r1,L14_LF0
  141  000010fc  54000000	nop; not filled.
  142  00001100  23bdfff8	addi	r29,r29,#-8
  143  00001104  3c090000	lhi	r9,((LC0_LF0)>>16)&0xffff
  144  00001108  25293000	addui	r9,r9,(LC0_LF0)&0xffff
  145  0000110c  afa90000	sw	(r29),r9
  146  00001110  0c0003e8	jal	_Printf
  147  00001114  54000000	nop; not filled.
  148  00001118  8d090000	lw	r9,(r8)
  149  0000111c  afa90000	sw	(r29),r9
  150  00001120  0c0003d8	jal	_Printf
  151  00001124  54000000	nop; not filled.
  152  00001128  3c090000	lhi	r9,((LC1_LF0)>>16)&0xffff
  153  0000112c  25293008	addui	r9,r9,(LC1_LF0)&0xffff
  154  00001130  afa90000	sw	(r29),r9
  155  00001134  0c0003c4	jal	_Printf
  156  00001138  54000000	nop; not filled.
  157  0000113c  0c000470	jal	_Exit
  158  00001140  54000000	nop; not filled.
  159  00001144  23bd0008	addi	r29,r29,#8
  160  00001148          	L14_LF0:
  161  00001148  23bdfff0	addi	r29,r29,#-16
  162  0000114c  8d090004	lw	r9,4(r8)
  163  00001150  afa90000	sw	(r29),r9
  164  00001154  20090000	addi	r9,r0,#0
  165  00001158  afa90004	sw	4(r29),r9
  166  0000115c  2009000a	addi	r9,r0,#10
  167  00001160  afa90008	sw	8(r29),r9
  168  00001164  0c000cf4	jal	_dstrtol
  169  00001168  54000000	nop; not filled.
  170  0000116c  00012820	add	r5,r0,r1
  171  00001170  3c090000	lhi	r9,((LC2_LF0)>>16)&0xffff
  172  00001174  2529302c	addui	r9,r9,(LC2_LF0)&0xffff
  173  00001178  afa90000	sw	(r29),r9
  174  0000117c  50a10001	slli	r1,r5,#0x1
  175  00001180  afa10004	sw	4(r29),r1
  176  00001184  0c000374	jal	_Printf
  177  00001188  54000000	nop; not filled.
  178  0000118c  0c000390	jal	_shmget
  179  00001190  54000000	nop; not filled.
  180  00001194  00011820	add	r3,r0,r1
  181  00001198  23bd0010	addi	r29,r29,#16
  182  0000119c  64610000	snei	r1,r3,#0
  183  000011a0  1420004c	bnez	r1,L15_LF0
  184  000011a4  54000000	nop; not filled.
  185  000011a8  23bdfff8	addi	r29,r29,#-8
  186  000011ac  3c090000	lhi	r9,((LC3_LF0)>>16)&0xffff
  187  000011b0  25293044	addui	r9,r9,(LC3_LF0)&0xffff
  188  000011b4  afa90000	sw	(r29),r9
  189  000011b8  0c000340	jal	_Printf
  190  000011bc  54000000	nop; not filled.
  191  000011c0  8d090000	lw	r9,(r8)
  192  000011c4  afa90000	sw	(r29),r9
  193  000011c8  0c000330	jal	_Printf
  194  000011cc  54000000	nop; not filled.
  195  000011d0  3c090000	lhi	r9,((LC4_LF0)>>16)&0xffff
  196  000011d4  25293078	addui	r9,r9,(LC4_LF0)&0xffff
  197  000011d8  afa90000	sw	(r29),r9
  198  000011dc  0c00031c	jal	_Printf
  199  000011e0  54000000	nop; not filled.
  200  000011e4  0c0003c8	jal	_Exit
  201  000011e8  54000000	nop; not filled.
  202  000011ec  23bd0008	addi	r29,r29,#8
  203  000011f0          	L15_LF0:
  204  000011f0  23bdfff8	addi	r29,r29,#-8
  205  000011f4  afa30000	sw	(r29),r3
  206  000011f8  0c000330	jal	_shmat
  207  000011fc  54000000	nop; not filled.
  208  00001200  00011020	add	r2,r0,r1
  209  00001204  23bd0008	addi	r29,r29,#8
  210  00001208  64410000	snei	r1,r2,#0
  211  0000120c  1420004c	bnez	r1,L16_LF0
  212  00001210  54000000	nop; not filled.
  213  00001214  23bdfff8	addi	r29,r29,#-8
  214  00001218  3c090000	lhi	r9,((LC5_LF0)>>16)&0xffff
  215  0000121c  25293088	addui	r9,r9,(LC5_LF0)&0xffff
  216  00001220  afa90000	sw	(r29),r9
  217  00001224  0c0002d4	jal	_Printf
  218  00001228  54000000	nop; not filled.
  219  0000122c  8d090000	lw	r9,(r8)
  220  00001230  afa90000	sw	(r29),r9
  221  00001234  0c0002c4	jal	_Printf
  222  00001238  54000000	nop; not filled.
  223  0000123c  3c090000	lhi	r9,((LC6_LF0)>>16)&0xffff
  224  00001240  252930c0	addui	r9,r9,(LC6_LF0)&0xffff
  225  00001244  afa90000	sw	(r29),r9
  226  00001248  0c0002b0	jal	_Printf
  227  0000124c  54000000	nop; not filled.
  228  00001250  0c00035c	jal	_Exit
  229  00001254  54000000	nop; not filled.
  230  00001258  23bd0008	addi	r29,r29,#8
  231  0000125c          	L16_LF0:
  232  0000125c  20090000	addi	r9,r0,#0
  233  00001260  ac490000	sw	(r2),r9
  234  00001264  ac490004	sw	4(r2),r9
  235  00001268  205f0004	addi	r31,r2,#4
  236  0000126c          	L20_LF0:
  237  0000126c  20090030	addi	r9,r0,(#0x30)&0xff
  238  00001270  a0490008	sb	8(r2),r9
  239  00001274  20420001	addi	r2,r2,#1
  240  00001278  005f082c	sle	r1,r2,r31
  241  0000127c  1420ffec	bnez	r1,L20_LF0
  242  00001280  54000000	nop; not filled.
  243  00001284  23bdfff8	addi	r29,r29,#-8
  244  00001288  20010001	addi	r1,r0,#1
  245  0000128c  00250822	sub	r1,r1,r5
  246  00001290  afa10000	sw	(r29),r1
  247  00001294  0c0002a0	jal	_sem_create
  248  00001298  54000000	nop; not filled.
  249  0000129c  00013820	add	r7,r0,r1
  250  000012a0  23bd0008	addi	r29,r29,#8
  251  000012a4  60e1ffff	seqi	r1,r7,#-1
  252  000012a8  1020004c	beqz	r1,L22_LF0
  253  000012ac  54000000	nop; not filled.
  254  000012b0  23bdfff8	addi	r29,r29,#-8
  255  000012b4  3c090000	lhi	r9,((LC7_LF0)>>16)&0xffff
  256  000012b8  252930d0	addui	r9,r9,(LC7_LF0)&0xffff
  257  000012bc  afa90000	sw	(r29),r9
  258  000012c0  0c000238	jal	_Printf
  259  000012c4  54000000	nop; not filled.
  260  000012c8  8d090000	lw	r9,(r8)
  261  000012cc  afa90000	sw	(r29),r9
  262  000012d0  0c000228	jal	_Printf
  263  000012d4  54000000	nop; not filled.
  264  000012d8  3c090000	lhi	r9,((LC8_LF0)>>16)&0xffff
  265  000012dc  252930e4	addui	r9,r9,(LC8_LF0)&0xffff
  266  000012e0  afa90000	sw	(r29),r9
  267  000012e4  0c000214	jal	_Printf
  268  000012e8  54000000	nop; not filled.
  269  000012ec  0c0002c0	jal	_Exit
  270  000012f0  54000000	nop; not filled.
  271  000012f4  23bd0008	addi	r29,r29,#8
  272  000012f8          	L22_LF0:
  273  000012f8  0c000260	jal	_lock_create
  274  000012fc  54000000	nop; not filled.
  275  00001300  00011020	add	r2,r0,r1
  276  00001304  23bdfff8	addi	r29,r29,#-8
  277  00001308  afa30000	sw	(r29),r3
  278  0000130c  23c6ffe8	addi	r6,r30,#-24
  279  00001310  afa60004	sw	4(r29),r6
  280  00001314  0c0009b8	jal	_ditoa
  281  00001318  54000000	nop; not filled.
  282  0000131c  afa70000	sw	(r29),r7
  283  00001320  23c4ffd8	addi	r4,r30,#-40
  284  00001324  afa40004	sw	4(r29),r4
  285  00001328  0c0009a4	jal	_ditoa
  286  0000132c  54000000	nop; not filled.
  287  00001330  afa20000	sw	(r29),r2
  288  00001334  23c3ffc8	addi	r3,r30,#-56
  289  00001338  afa30004	sw	4(r29),r3
  290  0000133c  0c000990	jal	_ditoa
  291  00001340  54000000	nop; not filled.
  292  00001344  20020000	addi	r2,r0,#0
  293  00001348  23bd0008	addi	r29,r29,#8
  294  0000134c  0045082a	slt	r1,r2,r5
  295  00001350  10200064	beqz	r1,L34_LF0
  296  00001354  54000000	nop; not filled.
  297  00001358          	L26_LF0:
  298  00001358  23bdffe8	addi	r29,r29,#-24
  299  0000135c  3c090000	lhi	r9,((LC9_LF0)>>16)&0xffff
  300  00001360  252930e8	addui	r9,r9,(LC9_LF0)&0xffff
  301  00001364  afa90000	sw	(r29),r9
  302  00001368  afa60004	sw	4(r29),r6
  303  0000136c  afa40008	sw	8(r29),r4
  304  00001370  afa3000c	sw	12(r29),r3
  305  00001374  20090000	addi	r9,r0,#0
  306  00001378  afa90010	sw	16(r29),r9
  307  0000137c  0c000194	jal	_process_create
  308  00001380  54000000	nop; not filled.
  309  00001384  3c090000	lhi	r9,((LC10_LF0)>>16)&0xffff
  310  00001388  252930fc	addui	r9,r9,(LC10_LF0)&0xffff
  311  0000138c  afa90000	sw	(r29),r9
  312  00001390  afa20004	sw	4(r29),r2
  313  00001394  0c000164	jal	_Printf
  314  00001398  54000000	nop; not filled.
  315  0000139c  23bd0018	addi	r29,r29,#24
  316  000013a0  20420001	addi	r2,r2,#1
  317  000013a4  0045082a	slt	r1,r2,r5
  318  000013a8  1420ffac	bnez	r1,L26_LF0
  319  000013ac  54000000	nop; not filled.
  320  000013b0  20020000	addi	r2,r0,#0
  321  000013b4  0045082a	slt	r1,r2,r5
  322  000013b8          	L34_LF0:
  323  000013b8  10200068	beqz	r1,L29_LF0
  324  000013bc  54000000	nop; not filled.
  325  000013c0  23c6ffe8	addi	r6,r30,#-24
  326  000013c4  23c4ffd8	addi	r4,r30,#-40
  327  000013c8  23c3ffc8	addi	r3,r30,#-56
  328  000013cc          	L31_LF0:
  329  000013cc  23bdffe8	addi	r29,r29,#-24
  330  000013d0  3c090000	lhi	r9,((LC11_LF0)>>16)&0xffff
  331  000013d4  2529311c	addui	r9,r9,(LC11_LF0)&0xffff
  332  000013d8  afa90000	sw	(r29),r9
  333  000013dc  afa60004	sw	4(r29),r6
  334  000013e0  afa40008	sw	8(r29),r4
  335  000013e4  afa3000c	sw	12(r29),r3
  336  000013e8  20090000	addi	r9,r0,#0
  337  000013ec  afa90010	sw	16(r29),r9
  338  000013f0  0c000120	jal	_process_create
  339  000013f4  54000000	nop; not filled.
  340  000013f8  3c090000	lhi	r9,((LC12_LF0)>>16)&0xffff
  341  000013fc  25293130	addui	r9,r9,(LC12_LF0)&0xffff
  342  00001400  afa90000	sw	(r29),r9
  343  00001404  afa20004	sw	4(r29),r2
  344  00001408  0c0000f0	jal	_Printf
  345  0000140c  54000000	nop; not filled.
  346  00001410  23bd0018	addi	r29,r29,#24
  347  00001414  20420001	addi	r2,r2,#1
  348  00001418  0045082a	slt	r1,r2,r5
  349  0000141c  1420ffac	bnez	r1,L31_LF0
  350  00001420  54000000	nop; not filled.
  351  00001424          	L29_LF0:
  352  00001424  23bdfff8	addi	r29,r29,#-8
  353  00001428  afa70000	sw	(r29),r7
  354  0000142c  0c000114	jal	_sem_wait
  355  00001430  54000000	nop; not filled.
  356  00001434  23bd0008	addi	r29,r29,#8
  357  00001438  64210001	snei	r1,r1,#1
  358  0000143c  10200050	beqz	r1,L33_LF0
  359  00001440  54000000	nop; not filled.
  360  00001444  23bdfff8	addi	r29,r29,#-8
  361  00001448  3c090000	lhi	r9,((LC13_LF0)>>16)&0xffff
  362  0000144c  25293150	addui	r9,r9,(LC13_LF0)&0xffff
  363  00001450  afa90000	sw	(r29),r9
  364  00001454  afa70004	sw	4(r29),r7
  365  00001458  0c0000a0	jal	_Printf
  366  0000145c  54000000	nop; not filled.
  367  00001460  8d080000	lw	r8,(r8)
  368  00001464  afa80000	sw	(r29),r8
  369  00001468  0c000090	jal	_Printf
  370  0000146c  54000000	nop; not filled.
  371  00001470  3c090000	lhi	r9,((LC8_LF0)>>16)&0xffff
  372  00001474  252930e4	addui	r9,r9,(LC8_LF0)&0xffff
  373  00001478  afa90000	sw	(r29),r9
  374  0000147c  0c00007c	jal	_Printf
  375  00001480  54000000	nop; not filled.
  376  00001484  0c000128	jal	_Exit
  377  00001488  54000000	nop; not filled.
  378  0000148c  23bd0008	addi	r29,r29,#8
  379  00001490          	L33_LF0:
  380  00001490  23bdfff8	addi	r29,r29,#-8
  381  00001494  3c090000	lhi	r9,((LC14_LF0)>>16)&0xffff
  382  00001498  2529317c	addui	r9,r9,(LC14_LF0)&0xffff
  383  0000149c  afa90000	sw	(r29),r9
  384  000014a0  0c000058	jal	_Printf
  385  000014a4  54000000	nop; not filled.
  386  000014a8  23bd0008	addi	r29,r29,#8
  387  000014ac  0c000e48	jal	_exit
  388  000014b0  54000000	nop
  389  000014b4          	.endproc _main
  390                      ;;;
  391                      ;;; Stub functions for DLX traps.
  392                      ;;;
  393                      ;;; Ethan L. Miller, 1999.  Released to the public domain.
  394                      ;;;
  395                      ;;; The traps such as Open and Close
  396                      ;;; (note the capital letters) are for use by user programs.  The traps
  397                      ;;; with names such as open and close (lower case) are for use by the OS.
  398                      ;;;
  401  000014b4          	.align 2
  403                      ;;; The following are the traps to be used by user-level programs
  404                      ;;;
  406  000014b4          	.align 2
  407  000014b4          	.proc _Open
  408  000014b4          	.global _Open
  409  000014b4          	_Open:
  410                      ;;; Note that trap #0x213 actually causes a trap vector in the OS of
  411                      ;;; 0x1213.  The same is true for other user traps.  Thus, a user trap
  412                      ;;; with trap #0x240 will result in a trap vector of 0x1240 in the OS.
  413  000014b4  44000213	trap	#0x213
  414  000014b8  4be00000	jr	r31
  415  000014bc  54000000	nop
  416  000014c0          	.endproc _Open
  418  000014c0          	.proc _Close
  419  000014c0          	.global _Close
  420  000014c0          	_Close:
  421  000014c0  44000214	trap	#0x214
  422  000014c4  4be00000	jr	r31
  423  000014c8  54000000	nop
  424  000014cc          	.endproc _Close
  426  000014cc          	.proc _Read
  427  000014cc          	.global _Read
  428  000014cc          	_Read:
  429  000014cc  44000210	trap	#0x210
  430  000014d0  4be00000	jr	r31
  431  000014d4  54000000	nop
  432  000014d8          	.endproc _Read
  434  000014d8          	.proc _Write
  435  000014d8          	.global _Write
  436  000014d8          	_Write:
  437  000014d8  44000211	trap	#0x211
  438  000014dc  4be00000	jr	r31
  439  000014e0  54000000	nop
  440  000014e4          	.endproc _Write
  442  000014e4          	.proc _Lseek
  443  000014e4          	.global _Lseek
  444  000014e4          	_Lseek:
  445  000014e4  44000212	trap	#0x212
  446  000014e8  4be00000	jr	r31
  447  000014ec  54000000	nop
  448  000014f0          	.endproc _Lseek
  450  000014f0          	.proc _Putchar
  451  000014f0          	.global _Putchar
  452  000014f0          	_Putchar:
  453  000014f0  44000280	trap	#0x280
  454  000014f4  4be00000	jr	r31
  455  000014f8  54000000	nop
  456  000014fc          	.endproc _Putchar
  458  000014fc          	.proc _Printf
  459  000014fc          	.global _Printf
  460  000014fc          	_Printf:
  461  000014fc  44000201	trap	#0x201
  462  00001500  4be00000	jr	r31
  463  00001504  54000000	nop
  464  00001508          	.endproc _Printf
  466  00001508          	.proc _getpid
  467  00001508          	.global _getpid
  468  00001508          	_getpid:
  469  00001508  44000431	trap	#0x431
  470  0000150c  4be00000	jr	r31
  471  00001510  54000000	nop
  472  00001514          	.endproc _getpid
  474  00001514          	.proc _process_create
  475  00001514          	.global _process_create
  476  00001514          	_process_create:
  477  00001514  44000432	trap	#0x432
  478  00001518  4be00000	jr	r31
  479  0000151c  54000000	nop
  480  00001520          	.endproc _process_create
  482  00001520          	.proc _shmget
  483  00001520          	.global _shmget
  484  00001520          	_shmget:
  485  00001520  44000440	trap	#0x440
  486  00001524  4be00000	jr	r31
  487  00001528  54000000	nop
  488  0000152c          	.endproc _shmget
  490  0000152c          	.proc _shmat
  491  0000152c          	.global _shmat
  492  0000152c          	_shmat:
  493  0000152c  44000441	trap	#0x441
  494  00001530  4be00000	jr	r31
  495  00001534  54000000	nop
  496  00001538          	.endproc _shmat
  498  00001538          	.proc _sem_create
  499  00001538          	.global _sem_create
  500  00001538          	_sem_create:
  501  00001538  44000450	trap	#0x450
  502  0000153c  4be00000	jr	r31
  503  00001540  54000000	nop
  504  00001544          	.endproc _sem_create
  506  00001544          	.proc _sem_wait
  507  00001544          	.global _sem_wait
  508  00001544          	_sem_wait:
  509  00001544  44000451	trap	#0x451
  510  00001548  4be00000	jr	r31
  511  0000154c  54000000	nop
  512  00001550          	.endproc _sem_wait
  514  00001550          	.proc _sem_signal
  515  00001550          	.global _sem_signal
  516  00001550          	_sem_signal:
  517  00001550  44000452	trap	#0x452
  518  00001554  4be00000	jr	r31
  519  00001558  54000000	nop
  520  0000155c          	.endproc _sem_signal
  522  0000155c          	.proc _lock_create
  523  0000155c          	.global _lock_create
  524  0000155c          	_lock_create:
  525  0000155c  44000453	trap	#0x453
  526  00001560  4be00000	jr	r31
  527  00001564  54000000	nop
  528  00001568          	.endproc _lock_create
  530  00001568          	.proc _lock_acquire
  531  00001568          	.global _lock_acquire
  532  00001568          	_lock_acquire:
  533  00001568  44000454	trap	#0x454
  534  0000156c  4be00000	jr	r31
  535  00001570  54000000	nop
  536  00001574          	.endproc _lock_acquire
  538  00001574          	.proc _lock_release
  539  00001574          	.global _lock_release
  540  00001574          	_lock_release:
  541  00001574  44000455	trap	#0x455
  542  00001578  4be00000	jr	r31
  543  0000157c  54000000	nop
  544  00001580          	.endproc _lock_release
  546  00001580          	.proc _cond_create
  547  00001580          	.global _cond_create
  548  00001580          	_cond_create:
  549  00001580  44000456	trap	#0x456
  550  00001584  4be00000	jr	r31
  551  00001588  54000000	nop
  552  0000158c          	.endproc _cond_create
  554  0000158c          	.proc _cond_wait
  555  0000158c          	.global _cond_wait
  556  0000158c          	_cond_wait:
  557  0000158c  44000457	trap	#0x457
  558  00001590  4be00000	jr	r31
  559  00001594  54000000	nop
  560  00001598          	.endproc _cond_wait
  562  00001598          	.proc _cond_signal
  563  00001598          	.global _cond_signal
  564  00001598          	_cond_signal:
  565  00001598  44000458	trap	#0x458
  566  0000159c  4be00000	jr	r31
  567  000015a0  54000000	nop
  568  000015a4          	.endproc _cond_signal
  570  000015a4          	.proc _cond_broadcast
  571  000015a4          	.global _cond_broadcast
  572  000015a4          	_cond_broadcast:
  573  000015a4  44000455	trap	#0x455
  574  000015a8  4be00000	jr	r31
  575  000015ac  54000000	nop
  576  000015b0          	.endproc _cond_broadcast
  578  000015b0          	.proc _Exit
  579  000015b0          	.global _Exit
  580  000015b0          	_Exit:
  581  000015b0  44000500	trap	#0x500
  582  000015b4  4be00000	jr	r31
  583  000015b8  54000000	nop
  584  000015bc          	.endproc _Exit
  585                      ; Compiled by GCC
  587  000015bc          	.align 2
  588  000015bc          	.proc _isspace
  589  000015bc          	.global _isspace
  590  000015bc          	_isspace:
  591                      ;  Function 'isspace'; 0 bytes of locals, 3 regs to save.
  592  000015bc  afbefffc	sw	-4(r29),r30; push fp
  593  000015c0  001df020	add	r30,r0,r29; fp = sp
  594  000015c4  afbffff8	sw	-8(r29),r31; push ret addr
  595  000015c8  2fbd0018	subui	r29,r29,#24; alloc local storage
  596  000015cc  afa20000	sw	0(r29),r2
  597  000015d0  afa30004	sw	4(r29),r3
  598  000015d4  afa40008	sw	8(r29),r4
  599  000015d8  83c20003	lb	r2,3(r30)
  600  000015dc  20010000	addi	r1,r0,#0
  601  000015e0  304300ff	andi	r3,r2,#0x00ff
  602  000015e4  60640020	seqi	r4,r3,#32
  603  000015e8  1480002c	bnez	r4,L3_LF2
  604  000015ec  54000000	nop; delay slot nop
  605  000015f0  304300ff	andi	r3,r2,#0x00ff
  606  000015f4  60640009	seqi	r4,r3,#9
  607  000015f8  1480001c	bnez	r4,L3_LF2
  608  000015fc  54000000	nop; delay slot nop
  609  00001600  304300ff	andi	r3,r2,#0x00ff
  610  00001604  6064000a	seqi	r4,r3,#10
  611  00001608  1480000c	bnez	r4,L3_LF2
  612  0000160c  54000000	nop; delay slot nop
  613  00001610  08000008	j	L2_LF2
  614  00001614  54000000	nop; delay slot nop
  615  00001618          	L3_LF2:
  616  00001618  20010001	addi	r1,r0,#1
  617  0000161c          	L2_LF2:
  618  0000161c  08000004	j	L1_LF2
  619  00001620  54000000	nop; delay slot nop
  620  00001624          	L1_LF2:
  621  00001624  8fa20000	lw	r2,0(r29)
  622  00001628  8fa30004	lw	r3,4(r29)
  623  0000162c  8fa40008	lw	r4,8(r29)
  624  00001630  8fdffff8	lw	r31,-8(r30)
  625  00001634  001ee820	add	r29,r0,r30
  626  00001638  8fdefffc	lw	r30,-4(r30)
  627  0000163c  4be00000	jr	r31
  628  00001640  54000000	nop
  629  00001644          	.endproc _isspace
  630  00001644          	.align 2
  631  00001644          	.proc _isxdigit
  632  00001644          	.global _isxdigit
  633  00001644          	_isxdigit:
  634                      ;  Function 'isxdigit'; 0 bytes of locals, 3 regs to save.
  635  00001644  afbefffc	sw	-4(r29),r30; push fp
  636  00001648  001df020	add	r30,r0,r29; fp = sp
  637  0000164c  afbffff8	sw	-8(r29),r31; push ret addr
  638  00001650  2fbd0018	subui	r29,r29,#24; alloc local storage
  639  00001654  afa20000	sw	0(r29),r2
  640  00001658  afa30004	sw	4(r29),r3
  641  0000165c  afa40008	sw	8(r29),r4
  642  00001660  83c20003	lb	r2,3(r30)
  643  00001664  20010000	addi	r1,r0,#0
  644  00001668  304300ff	andi	r3,r2,#0x00ff
  645  0000166c  6c64002f	sgtui	r4,r3,#47
  646  00001670  1080001c	beqz	r4,L7_LF2
  647  00001674  54000000	nop; delay slot nop
  648  00001678  304300ff	andi	r3,r2,#0x00ff
  649  0000167c  70640039	sleui	r4,r3,#57
  650  00001680  1480005c	bnez	r4,L6_LF2
  651  00001684  54000000	nop; delay slot nop
  652  00001688  08000004	j	L7_LF2
  653  0000168c  54000000	nop; delay slot nop
  654  00001690          	L7_LF2:
  655  00001690  304300ff	andi	r3,r2,#0x00ff
  656  00001694  6c640060	sgtui	r4,r3,#96
  657  00001698  1080001c	beqz	r4,L8_LF2
  658  0000169c  54000000	nop; delay slot nop
  659  000016a0  304300ff	andi	r3,r2,#0x00ff
  660  000016a4  70640066	sleui	r4,r3,#102
  661  000016a8  14800034	bnez	r4,L6_LF2
  662  000016ac  54000000	nop; delay slot nop
  663  000016b0  08000004	j	L8_LF2
  664  000016b4  54000000	nop; delay slot nop
  665  000016b8          	L8_LF2:
  666  000016b8  304300ff	andi	r3,r2,#0x00ff
  667  000016bc  6c640040	sgtui	r4,r3,#64
  668  000016c0  10800020	beqz	r4,L5_LF2
  669  000016c4  54000000	nop; delay slot nop
  670  000016c8  304300ff	andi	r3,r2,#0x00ff
  671  000016cc  70640041	sleui	r4,r3,#65
  672  000016d0  1480000c	bnez	r4,L6_LF2
  673  000016d4  54000000	nop; delay slot nop
  674  000016d8  08000008	j	L5_LF2
  675  000016dc  54000000	nop; delay slot nop
  676  000016e0          	L6_LF2:
  677  000016e0  20010001	addi	r1,r0,#1
  678  000016e4          	L5_LF2:
  679  000016e4  08000004	j	L4_LF2
  680  000016e8  54000000	nop; delay slot nop
  681  000016ec          	L4_LF2:
  682  000016ec  8fa20000	lw	r2,0(r29)
  683  000016f0  8fa30004	lw	r3,4(r29)
  684  000016f4  8fa40008	lw	r4,8(r29)
  685  000016f8  8fdffff8	lw	r31,-8(r30)
  686  000016fc  001ee820	add	r29,r0,r30
  687  00001700  8fdefffc	lw	r30,-4(r30)
  688  00001704  4be00000	jr	r31
  689  00001708  54000000	nop
  690  0000170c          	.endproc _isxdigit
  691  0000170c          	.align 2
  692  0000170c          	.proc _dstrcpy
  693  0000170c          	.global _dstrcpy
  694  0000170c          	_dstrcpy:
  695                      ;  Function 'dstrcpy'; 8 bytes of locals, 2 regs to save.
  696  0000170c  afbefffc	sw	-4(r29),r30; push fp
  697  00001710  001df020	add	r30,r0,r29; fp = sp
  698  00001714  afbffff8	sw	-8(r29),r31; push ret addr
  699  00001718  2fbd0018	subui	r29,r29,#24; alloc local storage
  700  0000171c  afa20000	sw	0(r29),r2
  701  00001720  afa30004	sw	4(r29),r3
  702  00001724  8fc10000	lw	r1,(r30)
  703  00001728  afc1fff4	sw	-12(r30),r1
  704  0000172c          	L10_LF2:
  705  0000172c  8fc10000	lw	r1,(r30)
  706  00001730  20220001	addi	r2,r1,#1
  707  00001734  afc20000	sw	(r30),r2
  708  00001738  8fc20004	lw	r2,4(r30)
  709  0000173c  20430001	addi	r3,r2,#1
  710  00001740  afc30004	sw	4(r30),r3
  711  00001744  80420000	lb	r2,(r2)
  712  00001748  a0220000	sb	(r1),r2
  713  0000174c  a3c2fff3	sb	-13(r30),r2
  714  00001750          	L12_LF2:
  715  00001750  93c1fff3	lbu	r1,-13(r30)
  716  00001754  64220000	snei	r2,r1,#0
  717  00001758  1440000c	bnez	r2,L13_LF2
  718  0000175c  54000000	nop; delay slot nop
  719  00001760  0800000c	j	L11_LF2
  720  00001764  54000000	nop; delay slot nop
  721  00001768          	L13_LF2:
  722  00001768  0bffffc0	j	L10_LF2
  723  0000176c  54000000	nop; delay slot nop
  724  00001770          	L11_LF2:
  725  00001770  8fc1fff4	lw	r1,-12(r30)
  726  00001774  08000004	j	L9_LF2
  727  00001778  54000000	nop; delay slot nop
  728  0000177c          	L9_LF2:
  729  0000177c  8fa20000	lw	r2,0(r29)
  730  00001780  8fa30004	lw	r3,4(r29)
  731  00001784  8fdffff8	lw	r31,-8(r30)
  732  00001788  001ee820	add	r29,r0,r30
  733  0000178c  8fdefffc	lw	r30,-4(r30)
  734  00001790  4be00000	jr	r31
  735  00001794  54000000	nop
  736  00001798          	.endproc _dstrcpy
  737  00001798          	.align 2
  738  00001798          	.proc _dstrncpy
  739  00001798          	.global _dstrncpy
  740  00001798          	_dstrncpy:
  741                      ;  Function 'dstrncpy'; 8 bytes of locals, 2 regs to save.
  742  00001798  afbefffc	sw	-4(r29),r30; push fp
  743  0000179c  001df020	add	r30,r0,r29; fp = sp
  744  000017a0  afbffff8	sw	-8(r29),r31; push ret addr
  745  000017a4  2fbd0018	subui	r29,r29,#24; alloc local storage
  746  000017a8  afa20000	sw	0(r29),r2
  747  000017ac  afa30004	sw	4(r29),r3
  748  000017b0  8fc10000	lw	r1,(r30)
  749  000017b4  afc1fff4	sw	-12(r30),r1
  750  000017b8          	L15_LF2:
  751  000017b8  8fc10008	lw	r1,8(r30)
  752  000017bc  2022ffff	addi	r2,r1,#-1
  753  000017c0  afc20008	sw	8(r30),r2
  754  000017c4  70210000	slei	r1,r1,#0
  755  000017c8  1020000c	beqz	r1,L18_LF2
  756  000017cc  54000000	nop; delay slot nop
  757  000017d0  08000048	j	L16_LF2
  758  000017d4  54000000	nop; delay slot nop
  759  000017d8          	L18_LF2:
  760  000017d8  8fc10000	lw	r1,(r30)
  761  000017dc  20220001	addi	r2,r1,#1
  762  000017e0  afc20000	sw	(r30),r2
  763  000017e4  8fc20004	lw	r2,4(r30)
  764  000017e8  20430001	addi	r3,r2,#1
  765  000017ec  afc30004	sw	4(r30),r3
  766  000017f0  80420000	lb	r2,(r2)
  767  000017f4  a0220000	sb	(r1),r2
  768  000017f8  a3c2fff3	sb	-13(r30),r2
  769  000017fc          	L17_LF2:
  770  000017fc  93c1fff3	lbu	r1,-13(r30)
  771  00001800  64220000	snei	r2,r1,#0
  772  00001804  1440000c	bnez	r2,L19_LF2
  773  00001808  54000000	nop; delay slot nop
  774  0000180c  0800000c	j	L16_LF2
  775  00001810  54000000	nop; delay slot nop
  776  00001814          	L19_LF2:
  777  00001814  0bffffa0	j	L15_LF2
  778  00001818  54000000	nop; delay slot nop
  779  0000181c          	L16_LF2:
  780  0000181c  8fc1fff4	lw	r1,-12(r30)
  781  00001820  08000004	j	L14_LF2
  782  00001824  54000000	nop; delay slot nop
  783  00001828          	L14_LF2:
  784  00001828  8fa20000	lw	r2,0(r29)
  785  0000182c  8fa30004	lw	r3,4(r29)
  786  00001830  8fdffff8	lw	r31,-8(r30)
  787  00001834  001ee820	add	r29,r0,r30
  788  00001838  8fdefffc	lw	r30,-4(r30)
  789  0000183c  4be00000	jr	r31
  790  00001840  54000000	nop
  791  00001844          	.endproc _dstrncpy
  792  00001844          	.align 2
  793  00001844          	.proc _dstrcat
  794  00001844          	.global _dstrcat
  795  00001844          	_dstrcat:
  796                      ;  Function 'dstrcat'; 8 bytes of locals, 1 regs to save.
  797  00001844  afbefffc	sw	-4(r29),r30; push fp
  798  00001848  001df020	add	r30,r0,r29; fp = sp
  799  0000184c  afbffff8	sw	-8(r29),r31; push ret addr
  800  00001850  2fbd0018	subui	r29,r29,#24; alloc local storage
  801  00001854  afa20000	sw	0(r29),r2
  802  00001858  8fc10000	lw	r1,(r30)
  803  0000185c  afc1fff4	sw	-12(r30),r1
  804  00001860          	L21_LF2:
  805  00001860  8fc10000	lw	r1,(r30)
  806  00001864  90220000	lbu	r2,(r1)
  807  00001868  64410000	snei	r1,r2,#0
  808  0000186c  1420000c	bnez	r1,L23_LF2
  809  00001870  54000000	nop; delay slot nop
  810  00001874  0800001c	j	L22_LF2
  811  00001878  54000000	nop; delay slot nop
  812  0000187c          	L23_LF2:
  813  0000187c  8fc20000	lw	r2,(r30)
  814  00001880  20410001	addi	r1,r2,#1
  815  00001884  00011020	add	r2,r0,r1
  816  00001888  afc20000	sw	(r30),r2
  817  0000188c  0bffffd0	j	L21_LF2
  818  00001890  54000000	nop; delay slot nop
  819  00001894          	L22_LF2:
  820  00001894  23bdfff8	addi	r29,r29,#-8
  821  00001898  001d0820	add	r1,r0,r29
  822  0000189c  8fc20000	lw	r2,(r30)
  823  000018a0  ac220000	sw	(r1),r2
  824  000018a4  8fc20004	lw	r2,4(r30)
  825  000018a8  ac220004	sw	4(r1),r2
  826  000018ac  0ffffe5c	jal	_dstrcpy
  827  000018b0  54000000	nop; delay slot nop
  828  000018b4  23bd0008	addi	r29,r29,#8
  829  000018b8  8fc1fff4	lw	r1,-12(r30)
  830  000018bc  08000004	j	L20_LF2
  831  000018c0  54000000	nop; delay slot nop
  832  000018c4          	L20_LF2:
  833  000018c4  8fa20000	lw	r2,0(r29)
  834  000018c8  8fdffff8	lw	r31,-8(r30)
  835  000018cc  001ee820	add	r29,r0,r30
  836  000018d0  8fdefffc	lw	r30,-4(r30)
  837  000018d4  4be00000	jr	r31
  838  000018d8  54000000	nop
  839  000018dc          	.endproc _dstrcat
  840  000018dc          	.align 2
  841  000018dc          	.proc _dstrncmp
  842  000018dc          	.global _dstrncmp
  843  000018dc          	_dstrncmp:
  844                      ;  Function 'dstrncmp'; 8 bytes of locals, 2 regs to save.
  845  000018dc  afbefffc	sw	-4(r29),r30; push fp
  846  000018e0  001df020	add	r30,r0,r29; fp = sp
  847  000018e4  afbffff8	sw	-8(r29),r31; push ret addr
  848  000018e8  2fbd0018	subui	r29,r29,#24; alloc local storage
  849  000018ec  afa20000	sw	0(r29),r2
  850  000018f0  afa30004	sw	4(r29),r3
  851  000018f4  54000000	nop
  852  000018f8  20010000	addi	r1,r0,#0
  853  000018fc  afc1fff4	sw	-12(r30),r1
  854  00001900          	L25_LF2:
  855  00001900  8fc1fff4	lw	r1,-12(r30)
  856  00001904  8fc20008	lw	r2,8(r30)
  857  00001908  0022082a	slt	r1,r1,r2
  858  0000190c  1420000c	bnez	r1,L28_LF2
  859  00001910  54000000	nop; delay slot nop
  860  00001914  08000088	j	L26_LF2
  861  00001918  54000000	nop; delay slot nop
  862  0000191c          	L28_LF2:
  863  0000191c  8fc10004	lw	r1,4(r30)
  864  00001920  90220000	lbu	r2,(r1)
  865  00001924  64410000	snei	r1,r2,#0
  866  00001928  14200018	bnez	r1,L29_LF2
  867  0000192c  54000000	nop; delay slot nop
  868  00001930  20010000	addi	r1,r0,#0
  869  00001934  080000d8	j	L24_LF2
  870  00001938  54000000	nop; delay slot nop
  871  0000193c  08000028	j	L30_LF2
  872  00001940  54000000	nop; delay slot nop
  873  00001944          	L29_LF2:
  874  00001944  8fc10000	lw	r1,(r30)
  875  00001948  8fc20004	lw	r2,4(r30)
  876  0000194c  90210000	lbu	r1,(r1)
  877  00001950  90420000	lbu	r2,(r2)
  878  00001954  00220829	sne	r1,r1,r2
  879  00001958  1020000c	beqz	r1,L30_LF2
  880  0000195c  54000000	nop; delay slot nop
  881  00001960  0800003c	j	L26_LF2
  882  00001964  54000000	nop; delay slot nop
  883  00001968          	L31_LF2:
  884  00001968          	L30_LF2:
  885  00001968  8fc20000	lw	r2,(r30)
  886  0000196c  20410001	addi	r1,r2,#1
  887  00001970  00011020	add	r2,r0,r1
  888  00001974  afc20000	sw	(r30),r2
  889  00001978  8fc20004	lw	r2,4(r30)
  890  0000197c  20410001	addi	r1,r2,#1
  891  00001980  00011020	add	r2,r0,r1
  892  00001984  afc20004	sw	4(r30),r2
  893  00001988          	L27_LF2:
  894  00001988  8fc2fff4	lw	r2,-12(r30)
  895  0000198c  20410001	addi	r1,r2,#1
  896  00001990  00011020	add	r2,r0,r1
  897  00001994  afc2fff4	sw	-12(r30),r2
  898  00001998  0bffff64	j	L25_LF2
  899  0000199c  54000000	nop; delay slot nop
  900  000019a0          	L26_LF2:
  901  000019a0  8fc1fff4	lw	r1,-12(r30)
  902  000019a4  8fc20008	lw	r2,8(r30)
  903  000019a8  00220828	seq	r1,r1,r2
  904  000019ac  10200018	beqz	r1,L32_LF2
  905  000019b0  54000000	nop; delay slot nop
  906  000019b4  20010000	addi	r1,r0,#0
  907  000019b8  08000054	j	L24_LF2
  908  000019bc  54000000	nop; delay slot nop
  909  000019c0  0800004c	j	L33_LF2
  910  000019c4  54000000	nop; delay slot nop
  911  000019c8          	L32_LF2:
  912  000019c8  8fc20000	lw	r2,(r30)
  913  000019cc  90410000	lbu	r1,(r2)
  914  000019d0  8fc20004	lw	r2,4(r30)
  915  000019d4  90430000	lbu	r3,(r2)
  916  000019d8  00230822	sub	r1,r1,r3
  917  000019dc  74220000	sgei	r2,r1,#0
  918  000019e0  10400020	beqz	r2,L34_LF2
  919  000019e4  54000000	nop; delay slot nop
  920  000019e8  8fc10000	lw	r1,(r30)
  921  000019ec  8fc20004	lw	r2,4(r30)
  922  000019f0  90210000	lbu	r1,(r1)
  923  000019f4  90420000	lbu	r2,(r2)
  924  000019f8  00220829	sne	r1,r1,r2
  925  000019fc  08000008	j	L35_LF2
  926  00001a00  54000000	nop; delay slot nop
  927  00001a04          	L34_LF2:
  928  00001a04  2001ffff	addi	r1,r0,#-1
  929  00001a08          	L35_LF2:
  930  00001a08  08000004	j	L24_LF2
  931  00001a0c  54000000	nop; delay slot nop
  932  00001a10          	L33_LF2:
  933  00001a10          	L24_LF2:
  934  00001a10  8fa20000	lw	r2,0(r29)
  935  00001a14  8fa30004	lw	r3,4(r29)
  936  00001a18  8fdffff8	lw	r31,-8(r30)
  937  00001a1c  001ee820	add	r29,r0,r30
  938  00001a20  8fdefffc	lw	r30,-4(r30)
  939  00001a24  4be00000	jr	r31
  940  00001a28  54000000	nop
  941  00001a2c          	.endproc _dstrncmp
  942  00001a2c          	.align 2
  943  00001a2c          	.proc _dstrlen
  944  00001a2c          	.global _dstrlen
  945  00001a2c          	_dstrlen:
  946                      ;  Function 'dstrlen'; 8 bytes of locals, 1 regs to save.
  947  00001a2c  afbefffc	sw	-4(r29),r30; push fp
  948  00001a30  001df020	add	r30,r0,r29; fp = sp
  949  00001a34  afbffff8	sw	-8(r29),r31; push ret addr
  950  00001a38  2fbd0018	subui	r29,r29,#24; alloc local storage
  951  00001a3c  afa20000	sw	0(r29),r2
  952  00001a40  20010000	addi	r1,r0,#0
  953  00001a44  afc1fff4	sw	-12(r30),r1
  954  00001a48          	L37_LF2:
  955  00001a48  8fc10000	lw	r1,(r30)
  956  00001a4c  20220001	addi	r2,r1,#1
  957  00001a50  afc20000	sw	(r30),r2
  958  00001a54  90210000	lbu	r1,(r1)
  959  00001a58  64220000	snei	r2,r1,#0
  960  00001a5c  1440000c	bnez	r2,L39_LF2
  961  00001a60  54000000	nop; delay slot nop
  962  00001a64  0800001c	j	L38_LF2
  963  00001a68  54000000	nop; delay slot nop
  964  00001a6c          	L39_LF2:
  965  00001a6c  8fc2fff4	lw	r2,-12(r30)
  966  00001a70  20410001	addi	r1,r2,#1
  967  00001a74  00011020	add	r2,r0,r1
  968  00001a78  afc2fff4	sw	-12(r30),r2
  969  00001a7c  0bffffc8	j	L37_LF2
  970  00001a80  54000000	nop; delay slot nop
  971  00001a84          	L38_LF2:
  972  00001a84  8fc1fff4	lw	r1,-12(r30)
  973  00001a88  08000004	j	L36_LF2
  974  00001a8c  54000000	nop; delay slot nop
  975  00001a90          	L36_LF2:
  976  00001a90  8fa20000	lw	r2,0(r29)
  977  00001a94  8fdffff8	lw	r31,-8(r30)
  978  00001a98  001ee820	add	r29,r0,r30
  979  00001a9c  8fdefffc	lw	r30,-4(r30)
  980  00001aa0  4be00000	jr	r31
  981  00001aa4  54000000	nop
  982  00001aa8          	.endproc _dstrlen
  983  00001aa8          	.align 2
  984  00001aa8          	.proc _dstrstr
  985  00001aa8          	.global _dstrstr
  986  00001aa8          	_dstrstr:
  987                      ;  Function 'dstrstr'; 8 bytes of locals, 1 regs to save.
  988  00001aa8  afbefffc	sw	-4(r29),r30; push fp
  989  00001aac  001df020	add	r30,r0,r29; fp = sp
  990  00001ab0  afbffff8	sw	-8(r29),r31; push ret addr
  991  00001ab4  2fbd0018	subui	r29,r29,#24; alloc local storage
  992  00001ab8  afa20000	sw	0(r29),r2
  993  00001abc  23bdfff8	addi	r29,r29,#-8
  994  00001ac0  001d0820	add	r1,r0,r29
  995  00001ac4  8fc20004	lw	r2,4(r30)
  996  00001ac8  ac220000	sw	(r1),r2
  997  00001acc  0fffff5c	jal	_dstrlen
  998  00001ad0  54000000	nop; delay slot nop
  999  00001ad4  23bd0008	addi	r29,r29,#8
 1000  00001ad8  afc1fff4	sw	-12(r30),r1
 1001  00001adc          	L41_LF2:
 1002  00001adc  8fc10000	lw	r1,(r30)
 1003  00001ae0  90220000	lbu	r2,(r1)
 1004  00001ae4  64410000	snei	r1,r2,#0
 1005  00001ae8  1420000c	bnez	r1,L43_LF2
 1006  00001aec  54000000	nop; delay slot nop
 1007  00001af0  08000060	j	L42_LF2
 1008  00001af4  54000000	nop; delay slot nop
 1009  00001af8          	L43_LF2:
 1010  00001af8  23bdfff0	addi	r29,r29,#-16
 1011  00001afc  001d0820	add	r1,r0,r29
 1012  00001b00  8fc20000	lw	r2,(r30)
 1013  00001b04  ac220000	sw	(r1),r2
 1014  00001b08  8fc20004	lw	r2,4(r30)
 1015  00001b0c  ac220004	sw	4(r1),r2
 1016  00001b10  8fc2fff4	lw	r2,-12(r30)
 1017  00001b14  ac220008	sw	8(r1),r2
 1018  00001b18  0ffffdc0	jal	_dstrncmp
 1019  00001b1c  54000000	nop; delay slot nop
 1020  00001b20  23bd0010	addi	r29,r29,#16
 1021  00001b24  64220000	snei	r2,r1,#0
 1022  00001b28  14400010	bnez	r2,L44_LF2
 1023  00001b2c  54000000	nop; delay slot nop
 1024  00001b30  8fc10000	lw	r1,(r30)
 1025  00001b34  08000028	j	L40_LF2
 1026  00001b38  54000000	nop; delay slot nop
 1027  00001b3c          	L44_LF2:
 1028  00001b3c  8fc20000	lw	r2,(r30)
 1029  00001b40  20410001	addi	r1,r2,#1
 1030  00001b44  00011020	add	r2,r0,r1
 1031  00001b48  afc20000	sw	(r30),r2
 1032  00001b4c  0bffff8c	j	L41_LF2
 1033  00001b50  54000000	nop; delay slot nop
 1034  00001b54          	L42_LF2:
 1035  00001b54  20010000	addi	r1,r0,#0
 1036  00001b58  08000004	j	L40_LF2
 1037  00001b5c  54000000	nop; delay slot nop
 1038  00001b60          	L40_LF2:
 1039  00001b60  8fa20000	lw	r2,0(r29)
 1040  00001b64  8fdffff8	lw	r31,-8(r30)
 1041  00001b68  001ee820	add	r29,r0,r30
 1042  00001b6c  8fdefffc	lw	r30,-4(r30)
 1043  00001b70  4be00000	jr	r31
 1044  00001b74  54000000	nop
 1045  00001b78          	.endproc _dstrstr
 1046  00001b78          	.align 2
 1047  00001b78          	.proc _dmindex
 1048  00001b78          	.global _dmindex
 1049  00001b78          	_dmindex:
 1050                      ;  Function 'dmindex'; 8 bytes of locals, 1 regs to save.
 1051  00001b78  afbefffc	sw	-4(r29),r30; push fp
 1052  00001b7c  001df020	add	r30,r0,r29; fp = sp
 1053  00001b80  afbffff8	sw	-8(r29),r31; push ret addr
 1054  00001b84  2fbd0018	subui	r29,r29,#24; alloc local storage
 1055  00001b88  afa20000	sw	0(r29),r2
 1056  00001b8c  54000000	nop
 1057  00001b90          	L46_LF2:
 1058  00001b90  8fc10000	lw	r1,(r30)
 1059  00001b94  90220000	lbu	r2,(r1)
 1060  00001b98  64410000	snei	r1,r2,#0
 1061  00001b9c  1420000c	bnez	r1,L48_LF2
 1062  00001ba0  54000000	nop; delay slot nop
 1063  00001ba4  08000070	j	L47_LF2
 1064  00001ba8  54000000	nop; delay slot nop
 1065  00001bac          	L48_LF2:
 1066  00001bac  8fc10004	lw	r1,4(r30)
 1067  00001bb0  afc1fff4	sw	-12(r30),r1
 1068  00001bb4          	L49_LF2:
 1069  00001bb4  8fc1fff4	lw	r1,-12(r30)
 1070  00001bb8  90220000	lbu	r2,(r1)
 1071  00001bbc  64410000	snei	r1,r2,#0
 1072  00001bc0  1420000c	bnez	r1,L52_LF2
 1073  00001bc4  54000000	nop; delay slot nop
 1074  00001bc8  08000044	j	L50_LF2
 1075  00001bcc  54000000	nop; delay slot nop
 1076  00001bd0          	L52_LF2:
 1077  00001bd0  8fc10000	lw	r1,(r30)
 1078  00001bd4  8fc2fff4	lw	r2,-12(r30)
 1079  00001bd8  90210000	lbu	r1,(r1)
 1080  00001bdc  90420000	lbu	r2,(r2)
 1081  00001be0  00220828	seq	r1,r1,r2
 1082  00001be4  10200010	beqz	r1,L51_LF2
 1083  00001be8  54000000	nop; delay slot nop
 1084  00001bec  8fc10000	lw	r1,(r30)
 1085  00001bf0  08000030	j	L45_LF2
 1086  00001bf4  54000000	nop; delay slot nop
 1087  00001bf8          	L53_LF2:
 1088  00001bf8          	L51_LF2:
 1089  00001bf8  8fc2fff4	lw	r2,-12(r30)
 1090  00001bfc  20410001	addi	r1,r2,#1
 1091  00001c00  00011020	add	r2,r0,r1
 1092  00001c04  afc2fff4	sw	-12(r30),r2
 1093  00001c08  0bffffa8	j	L49_LF2
 1094  00001c0c  54000000	nop; delay slot nop
 1095  00001c10          	L50_LF2:
 1096  00001c10  0bffff7c	j	L46_LF2
 1097  00001c14  54000000	nop; delay slot nop
 1098  00001c18          	L47_LF2:
 1099  00001c18  20010000	addi	r1,r0,#0
 1100  00001c1c  08000004	j	L45_LF2
 1101  00001c20  54000000	nop; delay slot nop
 1102  00001c24          	L45_LF2:
 1103  00001c24  8fa20000	lw	r2,0(r29)
 1104  00001c28  8fdffff8	lw	r31,-8(r30)
 1105  00001c2c  001ee820	add	r29,r0,r30
 1106  00001c30  8fdefffc	lw	r30,-4(r30)
 1107  00001c34  4be00000	jr	r31
 1108  00001c38  54000000	nop
 1109  00001c3c          	.endproc _dmindex
 1110  00001c3c          	.align 2
 1111  00001c3c          	.proc _dindex
 1112  00001c3c          	.global _dindex
 1113  00001c3c          	_dindex:
 1114                      ;  Function 'dindex'; 0 bytes of locals, 1 regs to save.
 1115  00001c3c  afbefffc	sw	-4(r29),r30; push fp
 1116  00001c40  001df020	add	r30,r0,r29; fp = sp
 1117  00001c44  afbffff8	sw	-8(r29),r31; push ret addr
 1118  00001c48  2fbd0010	subui	r29,r29,#16; alloc local storage
 1119  00001c4c  afa20000	sw	0(r29),r2
 1120  00001c50  54000000	nop
 1121  00001c54          	L55_LF2:
 1122  00001c54  8fc10000	lw	r1,(r30)
 1123  00001c58  90220000	lbu	r2,(r1)
 1124  00001c5c  64410000	snei	r1,r2,#0
 1125  00001c60  1420000c	bnez	r1,L57_LF2
 1126  00001c64  54000000	nop; delay slot nop
 1127  00001c68  08000040	j	L56_LF2
 1128  00001c6c  54000000	nop; delay slot nop
 1129  00001c70          	L57_LF2:
 1130  00001c70  8fc10000	lw	r1,(r30)
 1131  00001c74  90220000	lbu	r2,(r1)
 1132  00001c78  8fc10004	lw	r1,4(r30)
 1133  00001c7c  00411028	seq	r2,r2,r1
 1134  00001c80  10400010	beqz	r2,L58_LF2
 1135  00001c84  54000000	nop; delay slot nop
 1136  00001c88  8fc10000	lw	r1,(r30)
 1137  00001c8c  08000028	j	L54_LF2
 1138  00001c90  54000000	nop; delay slot nop
 1139  00001c94          	L58_LF2:
 1140  00001c94  8fc20000	lw	r2,(r30)
 1141  00001c98  20410001	addi	r1,r2,#1
 1142  00001c9c  00011020	add	r2,r0,r1
 1143  00001ca0  afc20000	sw	(r30),r2
 1144  00001ca4  0bffffac	j	L55_LF2
 1145  00001ca8  54000000	nop; delay slot nop
 1146  00001cac          	L56_LF2:
 1147  00001cac  20010000	addi	r1,r0,#0
 1148  00001cb0  08000004	j	L54_LF2
 1149  00001cb4  54000000	nop; delay slot nop
 1150  00001cb8          	L54_LF2:
 1151  00001cb8  8fa20000	lw	r2,0(r29)
 1152  00001cbc  8fdffff8	lw	r31,-8(r30)
 1153  00001cc0  001ee820	add	r29,r0,r30
 1154  00001cc4  8fdefffc	lw	r30,-4(r30)
 1155  00001cc8  4be00000	jr	r31
 1156  00001ccc  54000000	nop
 1157  00001cd0          	.endproc _dindex
 1158  00001cd0          	.align 2
 1159  00001cd0          	.proc _ditoa
 1160  00001cd0          	.global _ditoa
 1161  00001cd0          	_ditoa:
 1162                      ;  Function 'ditoa'; 8 bytes of locals, 2 regs to save.
 1163  00001cd0  afbefffc	sw	-4(r29),r30; push fp
 1164  00001cd4  001df020	add	r30,r0,r29; fp = sp
 1165  00001cd8  afbffff8	sw	-8(r29),r31; push ret addr
 1166  00001cdc  2fbd0018	subui	r29,r29,#24; alloc local storage
 1167  00001ce0  afa20000	sw	0(r29),r2
 1168  00001ce4  afa30004	sw	4(r29),r3
 1169  00001ce8  8fc10000	lw	r1,(r30)
 1170  00001cec  68220000	slti	r2,r1,#0
 1171  00001cf0  1040002c	beqz	r2,L60_LF2
 1172  00001cf4  54000000	nop; delay slot nop
 1173  00001cf8  8fc10004	lw	r1,4(r30)
 1174  00001cfc  20220001	addi	r2,r1,#1
 1175  00001d00  afc20004	sw	4(r30),r2
 1176  00001d04  2002002d	addi	r2,r0,(#0x2d)&0xff
 1177  00001d08  a0220000	sb	(r1),r2
 1178  00001d0c  8fc10000	lw	r1,(r30)
 1179  00001d10  00011022	sub	r2,r0,r1
 1180  00001d14  afc20000	sw	(r30),r2
 1181  00001d18  08000118	j	L61_LF2
 1182  00001d1c  54000000	nop; delay slot nop
 1183  00001d20          	L60_LF2:
 1184  00001d20  8fc10000	lw	r1,(r30)
 1185  00001d24  64220000	snei	r2,r1,#0
 1186  00001d28  14400020	bnez	r2,L62_LF2
 1187  00001d2c  54000000	nop; delay slot nop
 1188  00001d30  8fc10004	lw	r1,4(r30)
 1189  00001d34  20220001	addi	r2,r1,#1
 1190  00001d38  afc20004	sw	4(r30),r2
 1191  00001d3c  20020030	addi	r2,r0,(#0x30)&0xff
 1192  00001d40  a0220000	sb	(r1),r2
 1193  00001d44  080000ec	j	L61_LF2
 1194  00001d48  54000000	nop; delay slot nop
 1195  00001d4c          	L62_LF2:
 1196  00001d4c  20010001	addi	r1,r0,#1
 1197  00001d50  afc1fff4	sw	-12(r30),r1
 1198  00001d54          	L64_LF2:
 1199  00001d54  8fc1fff4	lw	r1,-12(r30)
 1200  00001d58  8fc20000	lw	r2,(r30)
 1201  00001d5c  0022082c	sle	r1,r1,r2
 1202  00001d60  1420000c	bnez	r1,L66_LF2
 1203  00001d64  54000000	nop; delay slot nop
 1204  00001d68  08000024	j	L65_LF2
 1205  00001d6c  54000000	nop; delay slot nop
 1206  00001d70          	L67_LF2:
 1207  00001d70          	L66_LF2:
 1208  00001d70  8fc1fff4	lw	r1,-12(r30)
 1209  00001d74  00011820	add	r3,r0,r1
 1210  00001d78  50620002	slli	r2,r3,#0x2
 1211  00001d7c  00411020	add	r2,r2,r1
 1212  00001d80  50410001	slli	r1,r2,#0x1
 1213  00001d84  afc1fff4	sw	-12(r30),r1
 1214  00001d88  0bffffc8	j	L64_LF2
 1215  00001d8c  54000000	nop; delay slot nop
 1216  00001d90          	L65_LF2:
 1217  00001d90  54000000	nop
 1218  00001d94          	L68_LF2:
 1219  00001d94  8fc1fff4	lw	r1,-12(r30)
 1220  00001d98  2002000a	addi	r2,r0,#10
 1221  00001d9c  00200035	movi2fp	f0,r1
 1222  00001da0  00400835	movi2fp	f1,r2
 1223  00001da4  0401000f	div	f0,f0,f1
 1224  00001da8  00000834	movfp2i	r1,f0
 1225  00001dac  afc1fff4	sw	-12(r30),r1
 1226  00001db0  8fc10004	lw	r1,4(r30)
 1227  00001db4  20220001	addi	r2,r1,#1
 1228  00001db8  afc20004	sw	4(r30),r2
 1229  00001dbc  8fc20000	lw	r2,(r30)
 1230  00001dc0  8fc3fff4	lw	r3,-12(r30)
 1231  00001dc4  00400035	movi2fp	f0,r2
 1232  00001dc8  00600835	movi2fp	f1,r3
 1233  00001dcc  0401000f	div	f0,f0,f1
 1234  00001dd0  00001034	movfp2i	r2,f0
 1235  00001dd4  00021820	add	r3,r0,r2
 1236  00001dd8  20620030	addi	r2,r3,#48
 1237  00001ddc  a0220000	sb	(r1),r2
 1238  00001de0  8fc10000	lw	r1,(r30)
 1239  00001de4  8fc3fff4	lw	r3,-12(r30)
 1240  00001de8  00200035	movi2fp	f0,r1
 1241  00001dec  00600835	movi2fp	f1,r3
 1242  00001df0  0401000f	div	f0,f0,f1
 1243  00001df4  00001034	movfp2i	r2,f0
 1244  00001df8  8fc3fff4	lw	r3,-12(r30)
 1245  00001dfc  00400035	movi2fp	f0,r2
 1246  00001e00  00600835	movi2fp	f1,r3
 1247  00001e04  0401000e	mult	f0,f0,f1
 1248  00001e08  00001034	movfp2i	r2,f0
 1249  00001e0c  00220822	sub	r1,r1,r2
 1250  00001e10  afc10000	sw	(r30),r1
 1251  00001e14          	L70_LF2:
 1252  00001e14  8fc1fff4	lw	r1,-12(r30)
 1253  00001e18  6c220001	sgti	r2,r1,#1
 1254  00001e1c  1440000c	bnez	r2,L71_LF2
 1255  00001e20  54000000	nop; delay slot nop
 1256  00001e24  0800000c	j	L61_LF2
 1257  00001e28  54000000	nop; delay slot nop
 1258  00001e2c          	L71_LF2:
 1259  00001e2c  0bffff64	j	L68_LF2
 1260  00001e30  54000000	nop; delay slot nop
 1261  00001e34          	L69_LF2:
 1262  00001e34          	L63_LF2:
 1263  00001e34          	L61_LF2:
 1264  00001e34  8fc10004	lw	r1,4(r30)
 1265  00001e38  20020000	addi	r2,r0,(#0x0)&0xff
 1266  00001e3c  a0220000	sb	(r1),r2
 1267  00001e40          	L59_LF2:
 1268  00001e40  8fa20000	lw	r2,0(r29)
 1269  00001e44  8fa30004	lw	r3,4(r29)
 1270  00001e48  8fdffff8	lw	r31,-8(r30)
 1271  00001e4c  001ee820	add	r29,r0,r30
 1272  00001e50  8fdefffc	lw	r30,-4(r30)
 1273  00001e54  4be00000	jr	r31
 1274  00001e58  54000000	nop
 1275  00001e5c          	.endproc _ditoa
 1276  00001e5c          	.align 2
 1277  00001e5c          	.proc _dstrtol
 1278  00001e5c          	.global _dstrtol
 1279  00001e5c          	_dstrtol:
 1280                      ;  Function 'dstrtol'; 16 bytes of locals, 1 regs to save.
 1281  00001e5c  afbefffc	sw	-4(r29),r30; push fp
 1282  00001e60  001df020	add	r30,r0,r29; fp = sp
 1283  00001e64  afbffff8	sw	-8(r29),r31; push ret addr
 1284  00001e68  2fbd0020	subui	r29,r29,#32; alloc local storage
 1285  00001e6c  afa20000	sw	0(r29),r2
 1286  00001e70  20010000	addi	r1,r0,#0
 1287  00001e74  afc1fff4	sw	-12(r30),r1
 1288  00001e78          	L73_LF2:
 1289  00001e78  8fc10000	lw	r1,(r30)
 1290  00001e7c  90220000	lbu	r2,(r1)
 1291  00001e80  60410020	seqi	r1,r2,#32
 1292  00001e84  14200034	bnez	r1,L75_LF2
 1293  00001e88  54000000	nop; delay slot nop
 1294  00001e8c  8fc10000	lw	r1,(r30)
 1295  00001e90  90220000	lbu	r2,(r1)
 1296  00001e94  60410009	seqi	r1,r2,#9
 1297  00001e98  14200020	bnez	r1,L75_LF2
 1298  00001e9c  54000000	nop; delay slot nop
 1299  00001ea0  8fc10000	lw	r1,(r30)
 1300  00001ea4  90220000	lbu	r2,(r1)
 1301  00001ea8  6041000a	seqi	r1,r2,#10
 1302  00001eac  1420000c	bnez	r1,L75_LF2
 1303  00001eb0  54000000	nop; delay slot nop
 1304  00001eb4  0800001c	j	L74_LF2
 1305  00001eb8  54000000	nop; delay slot nop
 1306  00001ebc          	L75_LF2:
 1307  00001ebc  8fc20000	lw	r2,(r30)
 1308  00001ec0  20410001	addi	r1,r2,#1
 1309  00001ec4  00011020	add	r2,r0,r1
 1310  00001ec8  afc20000	sw	(r30),r2
 1311  00001ecc  0bffffa8	j	L73_LF2
 1312  00001ed0  54000000	nop; delay slot nop
 1313  00001ed4          	L74_LF2:
 1314  00001ed4  8fc10004	lw	r1,4(r30)
 1315  00001ed8  64220000	snei	r2,r1,#0
 1316  00001edc  10400010	beqz	r2,L76_LF2
 1317  00001ee0  54000000	nop; delay slot nop
 1318  00001ee4  8fc10004	lw	r1,4(r30)
 1319  00001ee8  8fc20000	lw	r2,(r30)
 1320  00001eec  ac220000	sw	(r1),r2
 1321  00001ef0          	L76_LF2:
 1322  00001ef0  8fc10000	lw	r1,(r30)
 1323  00001ef4  90220000	lbu	r2,(r1)
 1324  00001ef8  64410000	snei	r1,r2,#0
 1325  00001efc  14200010	bnez	r1,L77_LF2
 1326  00001f00  54000000	nop; delay slot nop
 1327  00001f04  8fc1fff4	lw	r1,-12(r30)
 1328  00001f08  08000294	j	L72_LF2
 1329  00001f0c  54000000	nop; delay slot nop
 1330  00001f10          	L77_LF2:
 1331  00001f10  8fc10000	lw	r1,(r30)
 1332  00001f14  90220000	lbu	r2,(r1)
 1333  00001f18  6041002d	seqi	r1,r2,#45
 1334  00001f1c  10200024	beqz	r1,L78_LF2
 1335  00001f20  54000000	nop; delay slot nop
 1336  00001f24  2001ffff	addi	r1,r0,#-1
 1337  00001f28  afc1ffec	sw	-20(r30),r1
 1338  00001f2c  8fc20000	lw	r2,(r30)
 1339  00001f30  20410001	addi	r1,r2,#1
 1340  00001f34  00011020	add	r2,r0,r1
 1341  00001f38  afc20000	sw	(r30),r2
 1342  00001f3c  0800000c	j	L79_LF2
 1343  00001f40  54000000	nop; delay slot nop
 1344  00001f44          	L78_LF2:
 1345  00001f44  20010001	addi	r1,r0,#1
 1346  00001f48  afc1ffec	sw	-20(r30),r1
 1347  00001f4c          	L79_LF2:
 1348  00001f4c  8fc10008	lw	r1,8(r30)
 1349  00001f50  64220000	snei	r2,r1,#0
 1350  00001f54  14400090	bnez	r2,L80_LF2
 1351  00001f58  54000000	nop; delay slot nop
 1352  00001f5c  8fc10000	lw	r1,(r30)
 1353  00001f60  90220000	lbu	r2,(r1)
 1354  00001f64  60410030	seqi	r1,r2,#48
 1355  00001f68  10200074	beqz	r1,L81_LF2
 1356  00001f6c  54000000	nop; delay slot nop
 1357  00001f70  8fc20000	lw	r2,(r30)
 1358  00001f74  20410001	addi	r1,r2,#1
 1359  00001f78  00011020	add	r2,r0,r1
 1360  00001f7c  afc20000	sw	(r30),r2
 1361  00001f80  8fc10000	lw	r1,(r30)
 1362  00001f84  90220000	lbu	r2,(r1)
 1363  00001f88  60410078	seqi	r1,r2,#120
 1364  00001f8c  14200020	bnez	r1,L83_LF2
 1365  00001f90  54000000	nop; delay slot nop
 1366  00001f94  8fc10000	lw	r1,(r30)
 1367  00001f98  90220000	lbu	r2,(r1)
 1368  00001f9c  60410058	seqi	r1,r2,#88
 1369  00001fa0  1420000c	bnez	r1,L83_LF2
 1370  00001fa4  54000000	nop; delay slot nop
 1371  00001fa8  08000024	j	L82_LF2
 1372  00001fac  54000000	nop; delay slot nop
 1373  00001fb0          	L83_LF2:
 1374  00001fb0  20010010	addi	r1,r0,#16
 1375  00001fb4  afc10008	sw	8(r30),r1
 1376  00001fb8  8fc20000	lw	r2,(r30)
 1377  00001fbc  20410001	addi	r1,r2,#1
 1378  00001fc0  00011020	add	r2,r0,r1
 1379  00001fc4  afc20000	sw	(r30),r2
 1380  00001fc8  0800000c	j	L84_LF2
 1381  00001fcc  54000000	nop; delay slot nop
 1382  00001fd0          	L82_LF2:
 1383  00001fd0  20010008	addi	r1,r0,#8
 1384  00001fd4  afc10008	sw	8(r30),r1
 1385  00001fd8          	L84_LF2:
 1386  00001fd8  0800000c	j	L80_LF2
 1387  00001fdc  54000000	nop; delay slot nop
 1388  00001fe0          	L81_LF2:
 1389  00001fe0  2001000a	addi	r1,r0,#10
 1390  00001fe4  afc10008	sw	8(r30),r1
 1391  00001fe8          	L85_LF2:
 1392  00001fe8          	L80_LF2:
 1393  00001fe8  8fc10008	lw	r1,8(r30)
 1394  00001fec  70220000	slei	r2,r1,#0
 1395  00001ff0  1440001c	bnez	r2,L87_LF2
 1396  00001ff4  54000000	nop; delay slot nop
 1397  00001ff8  8fc10008	lw	r1,8(r30)
 1398  00001ffc  6c220010	sgti	r2,r1,#16
 1399  00002000  1440000c	bnez	r2,L87_LF2
 1400  00002004  54000000	nop; delay slot nop
 1401  00002008  08000010	j	L86_LF2
 1402  0000200c  54000000	nop; delay slot nop
 1403  00002010          	L87_LF2:
 1404  00002010  8fc1fff4	lw	r1,-12(r30)
 1405  00002014  08000188	j	L72_LF2
 1406  00002018  54000000	nop; delay slot nop
 1407  0000201c          	L86_LF2:
 1408  0000201c  54000000	nop
 1409  00002020          	L88_LF2:
 1410  00002020  8fc10000	lw	r1,(r30)
 1411  00002024  90220000	lbu	r2,(r1)
 1412  00002028  6c41002f	sgtui	r1,r2,#47
 1413  0000202c  10200030	beqz	r1,L91_LF2
 1414  00002030  54000000	nop; delay slot nop
 1415  00002034  8fc10000	lw	r1,(r30)
 1416  00002038  90220000	lbu	r2,(r1)
 1417  0000203c  70410039	sleui	r1,r2,#57
 1418  00002040  1020001c	beqz	r1,L91_LF2
 1419  00002044  54000000	nop; delay slot nop
 1420  00002048  8fc10000	lw	r1,(r30)
 1421  0000204c  90220000	lbu	r2,(r1)
 1422  00002050  2041ffd0	addi	r1,r2,#-48
 1423  00002054  afc1fff0	sw	-16(r30),r1
 1424  00002058  0800008c	j	L92_LF2
 1425  0000205c  54000000	nop; delay slot nop
 1426  00002060          	L91_LF2:
 1427  00002060  8fc10000	lw	r1,(r30)
 1428  00002064  90220000	lbu	r2,(r1)
 1429  00002068  6c410060	sgtui	r1,r2,#96
 1430  0000206c  10200030	beqz	r1,L93_LF2
 1431  00002070  54000000	nop; delay slot nop
 1432  00002074  8fc10000	lw	r1,(r30)
 1433  00002078  90220000	lbu	r2,(r1)
 1434  0000207c  7041007a	sleui	r1,r2,#122
 1435  00002080  1020001c	beqz	r1,L93_LF2
 1436  00002084  54000000	nop; delay slot nop
 1437  00002088  8fc10000	lw	r1,(r30)
 1438  0000208c  90220000	lbu	r2,(r1)
 1439  00002090  2041ffa9	addi	r1,r2,#-87
 1440  00002094  afc1fff0	sw	-16(r30),r1
 1441  00002098  0800004c	j	L92_LF2
 1442  0000209c  54000000	nop; delay slot nop
 1443  000020a0          	L93_LF2:
 1444  000020a0  8fc10000	lw	r1,(r30)
 1445  000020a4  90220000	lbu	r2,(r1)
 1446  000020a8  6c410040	sgtui	r1,r2,#64
 1447  000020ac  10200030	beqz	r1,L95_LF2
 1448  000020b0  54000000	nop; delay slot nop
 1449  000020b4  8fc10000	lw	r1,(r30)
 1450  000020b8  90220000	lbu	r2,(r1)
 1451  000020bc  7041005a	sleui	r1,r2,#90
 1452  000020c0  1020001c	beqz	r1,L95_LF2
 1453  000020c4  54000000	nop; delay slot nop
 1454  000020c8  8fc10000	lw	r1,(r30)
 1455  000020cc  90220000	lbu	r2,(r1)
 1456  000020d0  2041ffc9	addi	r1,r2,#-55
 1457  000020d4  afc1fff0	sw	-16(r30),r1
 1458  000020d8  0800000c	j	L92_LF2
 1459  000020dc  54000000	nop; delay slot nop
 1460  000020e0          	L95_LF2:
 1461  000020e0  200103e8	addi	r1,r0,#1000
 1462  000020e4  afc1fff0	sw	-16(r30),r1
 1463  000020e8          	L96_LF2:
 1464  000020e8          	L94_LF2:
 1465  000020e8          	L92_LF2:
 1466  000020e8  8fc1fff0	lw	r1,-16(r30)
 1467  000020ec  8fc20008	lw	r2,8(r30)
 1468  000020f0  0022082a	slt	r1,r1,r2
 1469  000020f4  10200040	beqz	r1,L90_LF2
 1470  000020f8  54000000	nop; delay slot nop
 1471  000020fc  8fc1fff4	lw	r1,-12(r30)
 1472  00002100  8fc20008	lw	r2,8(r30)
 1473  00002104  00200035	movi2fp	f0,r1
 1474  00002108  00400835	movi2fp	f1,r2
 1475  0000210c  0401000e	mult	f0,f0,f1
 1476  00002110  00000834	movfp2i	r1,f0
 1477  00002114  afc1fff4	sw	-12(r30),r1
 1478  00002118  8fc1fff4	lw	r1,-12(r30)
 1479  0000211c  8fc2fff0	lw	r2,-16(r30)
 1480  00002120  00220820	add	r1,r1,r2
 1481  00002124  afc1fff4	sw	-12(r30),r1
 1482  00002128  8fc20000	lw	r2,(r30)
 1483  0000212c  20410001	addi	r1,r2,#1
 1484  00002130  00011020	add	r2,r0,r1
 1485  00002134  afc20000	sw	(r30),r2
 1486  00002138          	L97_LF2:
 1487  00002138          	L90_LF2:
 1488  00002138  8fc1fff0	lw	r1,-16(r30)
 1489  0000213c  8fc20008	lw	r2,8(r30)
 1490  00002140  0022082a	slt	r1,r1,r2
 1491  00002144  1420000c	bnez	r1,L98_LF2
 1492  00002148  54000000	nop; delay slot nop
 1493  0000214c  0800000c	j	L89_LF2
 1494  00002150  54000000	nop; delay slot nop
 1495  00002154          	L98_LF2:
 1496  00002154  0bfffec8	j	L88_LF2
 1497  00002158  54000000	nop; delay slot nop
 1498  0000215c          	L89_LF2:
 1499  0000215c  8fc10004	lw	r1,4(r30)
 1500  00002160  64220000	snei	r2,r1,#0
 1501  00002164  10400010	beqz	r2,L99_LF2
 1502  00002168  54000000	nop; delay slot nop
 1503  0000216c  8fc10004	lw	r1,4(r30)
 1504  00002170  8fc20000	lw	r2,(r30)
 1505  00002174  ac220000	sw	(r1),r2
 1506  00002178          	L99_LF2:
 1507  00002178  8fc1fff4	lw	r1,-12(r30)
 1508  0000217c  8fc2ffec	lw	r2,-20(r30)
 1509  00002180  00200035	movi2fp	f0,r1
 1510  00002184  00400835	movi2fp	f1,r2
 1511  00002188  0401000e	mult	f0,f0,f1
 1512  0000218c  00000834	movfp2i	r1,f0
 1513  00002190  afc1fff4	sw	-12(r30),r1
 1514  00002194  8fc1fff4	lw	r1,-12(r30)
 1515  00002198  08000004	j	L72_LF2
 1516  0000219c  54000000	nop; delay slot nop
 1517  000021a0          	L72_LF2:
 1518  000021a0  8fa20000	lw	r2,0(r29)
 1519  000021a4  8fdffff8	lw	r31,-8(r30)
 1520  000021a8  001ee820	add	r29,r0,r30
 1521  000021ac  8fdefffc	lw	r30,-4(r30)
 1522  000021b0  4be00000	jr	r31
 1523  000021b4  54000000	nop
 1524  000021b8          	.endproc _dstrtol
 1525  000021b8          	.align 2
 1526  000021b8          	.proc _bcopy
 1527  000021b8          	.global _bcopy
 1528  000021b8          	_bcopy:
 1529                      ;  Function 'bcopy'; 0 bytes of locals, 2 regs to save.
 1530  000021b8  afbefffc	sw	-4(r29),r30; push fp
 1531  000021bc  001df020	add	r30,r0,r29; fp = sp
 1532  000021c0  afbffff8	sw	-8(r29),r31; push ret addr
 1533  000021c4  2fbd0010	subui	r29,r29,#16; alloc local storage
 1534  000021c8  afa20000	sw	0(r29),r2
 1535  000021cc  afa30004	sw	4(r29),r3
 1536  000021d0  54000000	nop
 1537  000021d4          	L101_LF2:
 1538  000021d4  8fc10008	lw	r1,8(r30)
 1539  000021d8  2022ffff	addi	r2,r1,#-1
 1540  000021dc  afc20008	sw	8(r30),r2
 1541  000021e0  6c210000	sgti	r1,r1,#0
 1542  000021e4  1420000c	bnez	r1,L103_LF2
 1543  000021e8  54000000	nop; delay slot nop
 1544  000021ec  0800002c	j	L102_LF2
 1545  000021f0  54000000	nop; delay slot nop
 1546  000021f4          	L103_LF2:
 1547  000021f4  8fc10004	lw	r1,4(r30)
 1548  000021f8  20220001	addi	r2,r1,#1
 1549  000021fc  afc20004	sw	4(r30),r2
 1550  00002200  8fc20000	lw	r2,(r30)
 1551  00002204  20430001	addi	r3,r2,#1
 1552  00002208  afc30000	sw	(r30),r3
 1553  0000220c  80420000	lb	r2,(r2)
 1554  00002210  a0220000	sb	(r1),r2
 1555  00002214  0bffffbc	j	L101_LF2
 1556  00002218  54000000	nop; delay slot nop
 1557  0000221c          	L102_LF2:
 1558  0000221c          	L100_LF2:
 1559  0000221c  8fa20000	lw	r2,0(r29)
 1560  00002220  8fa30004	lw	r3,4(r29)
 1561  00002224  8fdffff8	lw	r31,-8(r30)
 1562  00002228  001ee820	add	r29,r0,r30
 1563  0000222c  8fdefffc	lw	r30,-4(r30)
 1564  00002230  4be00000	jr	r31
 1565  00002234  54000000	nop
 1566  00002238          	.endproc _bcopy
 1567  00002238          	.align 2
 1568  00002238          	.proc _bzero
 1569  00002238          	.global _bzero
 1570  00002238          	_bzero:
 1571                      ;  Function 'bzero'; 0 bytes of locals, 1 regs to save.
 1572  00002238  afbefffc	sw	-4(r29),r30; push fp
 1573  0000223c  001df020	add	r30,r0,r29; fp = sp
 1574  00002240  afbffff8	sw	-8(r29),r31; push ret addr
 1575  00002244  2fbd0010	subui	r29,r29,#16; alloc local storage
 1576  00002248  afa20000	sw	0(r29),r2
 1577  0000224c  54000000	nop
 1578  00002250          	L105_LF2:
 1579  00002250  8fc10004	lw	r1,4(r30)
 1580  00002254  2022ffff	addi	r2,r1,#-1
 1581  00002258  afc20004	sw	4(r30),r2
 1582  0000225c  6c210000	sgti	r1,r1,#0
 1583  00002260  1420000c	bnez	r1,L107_LF2
 1584  00002264  54000000	nop; delay slot nop
 1585  00002268  08000020	j	L106_LF2
 1586  0000226c  54000000	nop; delay slot nop
 1587  00002270          	L107_LF2:
 1588  00002270  8fc10000	lw	r1,(r30)
 1589  00002274  20220001	addi	r2,r1,#1
 1590  00002278  afc20000	sw	(r30),r2
 1591  0000227c  20020000	addi	r2,r0,(#0x0)&0xff
 1592  00002280  a0220000	sb	(r1),r2
 1593  00002284  0bffffc8	j	L105_LF2
 1594  00002288  54000000	nop; delay slot nop
 1595  0000228c          	L106_LF2:
 1596  0000228c          	L104_LF2:
 1597  0000228c  8fa20000	lw	r2,0(r29)
 1598  00002290  8fdffff8	lw	r31,-8(r30)
 1599  00002294  001ee820	add	r29,r0,r30
 1600  00002298  8fdefffc	lw	r30,-4(r30)
 1601  0000229c  4be00000	jr	r31
 1602  000022a0  54000000	nop
 1603  000022a4          	.endproc _bzero
 1604  000022a4          	.align 2
 1605  000022a4          	.proc _min
 1606  000022a4          	.global _min
 1607  000022a4          	_min:
 1608                      ;  Function 'min'; 0 bytes of locals, 2 regs to save.
 1609  000022a4  afbefffc	sw	-4(r29),r30; push fp
 1610  000022a8  001df020	add	r30,r0,r29; fp = sp
 1611  000022ac  afbffff8	sw	-8(r29),r31; push ret addr
 1612  000022b0  2fbd0010	subui	r29,r29,#16; alloc local storage
 1613  000022b4  afa20000	sw	0(r29),r2
 1614  000022b8  afa30004	sw	4(r29),r3
 1615  000022bc  8fc10000	lw	r1,(r30)
 1616  000022c0  8fc20004	lw	r2,4(r30)
 1617  000022c4  0022182c	sle	r3,r1,r2
 1618  000022c8  14600008	bnez	r3,L109_LF2
 1619  000022cc  54000000	nop; delay slot nop
 1620  000022d0  8fc10004	lw	r1,4(r30)
 1621  000022d4          	L109_LF2:
 1622  000022d4  08000004	j	L108_LF2
 1623  000022d8  54000000	nop; delay slot nop
 1624  000022dc          	L108_LF2:
 1625  000022dc  8fa20000	lw	r2,0(r29)
 1626  000022e0  8fa30004	lw	r3,4(r29)
 1627  000022e4  8fdffff8	lw	r31,-8(r30)
 1628  000022e8  001ee820	add	r29,r0,r30
 1629  000022ec  8fdefffc	lw	r30,-4(r30)
 1630  000022f0  4be00000	jr	r31
 1631  000022f4  54000000	nop
 1632  000022f8          	.endproc _min
 1633                      ;;; Ethan L. Miller, 1999.  Released to the public domain
 1634                      ;;;
 1635                      ;;; Most of the traps are called in files from libtraps.
 1638  000022f8          	.align 2
 1639  000022f8          	.proc _exit
 1640  000022f8          	.global _exit
 1641  000022f8          	_exit:
 1642  000022f8  44000300	trap	#0x300
 1643  000022fc  4be00000	jr	r31
 1644  00002300  54000000	nop
 1645  00002304          	.endproc _exit
 1647                      ; for the benefit of gcc.
 1648  00002304          	.proc ___main
 1649  00002304          	.global ___main
 1650  00002304          	___main:
 1651  00002304  4be00000	jr	r31
 1652  00002308  54000000	nop
 1653  0000230c          	.endproc ___main
 1654  0000230c          	.text
 1655  0000230c          	.global _etext
 1656  0000230c          	_etext:
 1657  0000230c          	.align 3
 1658  00002310          	.data
 1659  000031b2          	.global _edata
 1660  000031b2          	_edata:
