 line   address	contents
    1                      ; Linked by DLX-LD.
    2                      ; MemSize 24576
    3                      ; Data size: 274
    4                      ; Text size: 4412
    5                      ; Stack size: 8192
    6  00000000          	.text 0x1000
    7  00001000          	.data 0x3000
    8                      ; Compiled by GCC
    9  00003000          	.text
   10  00001000          	.align 2
   11  00001000          	.proc _isspace
   12  00001000          	.global _isspace
   13  00001000          	_isspace:
   14                      ;  Function 'isspace'; 0 bytes of locals, 1 regs to save.
   15  00001000  afbefffc	sw	-4(r29),r30; push fp
   16  00001004  001df020	add	r30,r0,r29; fp = sp
   17  00001008  afbffff8	sw	-8(r29),r31; push ret addr
   18  0000100c  2fbd0010	subui	r29,r29,#16; alloc local storage
   19  00001010  afa20000	sw	0(r29),r2
   20  00001014  83c20003	lb	r2,3(r30)
   21  00001018  201f0000	addi	r31,r0,#0
   22  0000101c  304100ff	andi	r1,r2,#0x00ff
   23  00001020  60210020	seqi	r1,r1,#32
   24  00001024  14200018	bnez	r1,L6_LF0
   25  00001028  54000000	nop; not filled.
   26  0000102c  2041fff7	addi	r1,r2,#-9
   27  00001030  302100ff	andi	r1,r1,#0x00ff
   28  00001034  70210001	sleui	r1,r1,#1
   29  00001038  10200008	beqz	r1,L5_LF0
   30  0000103c  54000000	nop; not filled.
   31  00001040          	L6_LF0:
   32  00001040  201f0001	addi	r31,r0,#1
   33  00001044          	L5_LF0:
   34  00001044  001f0820	add	r1,r0,r31
   35  00001048  8fa20000	lw	r2,0(r29)
   36  0000104c  8fdffff8	lw	r31,-8(r30)
   37  00001050  001ee820	add	r29,r0,r30
   38  00001054  8fdefffc	lw	r30,-4(r30)
   39  00001058  4be00000	jr	r31
   40  0000105c  54000000	nop
   41  00001060          	.endproc _isspace
   42  00001060          	.align 2
   43  00001060          	.proc _isxdigit
   44  00001060          	.global _isxdigit
   45  00001060          	_isxdigit:
   46                      ;  Function 'isxdigit'; 0 bytes of locals, 1 regs to save.
   47  00001060  afbefffc	sw	-4(r29),r30; push fp
   48  00001064  001df020	add	r30,r0,r29; fp = sp
   49  00001068  afbffff8	sw	-8(r29),r31; push ret addr
   50  0000106c  2fbd0010	subui	r29,r29,#16; alloc local storage
   51  00001070  afa20000	sw	0(r29),r2
   52  00001074  83df0003	lb	r31,3(r30)
   53  00001078  20020000	addi	r2,r0,#0
   54  0000107c  23e1ffd0	addi	r1,r31,#-48
   55  00001080  302100ff	andi	r1,r1,#0x00ff
   56  00001084  70210009	sleui	r1,r1,#9
   57  00001088  14200028	bnez	r1,L12_LF0
   58  0000108c  54000000	nop; not filled.
   59  00001090  23e1ff9f	addi	r1,r31,#-97
   60  00001094  302100ff	andi	r1,r1,#0x00ff
   61  00001098  70210005	sleui	r1,r1,#5
   62  0000109c  14200014	bnez	r1,L12_LF0
   63  000010a0  54000000	nop; not filled.
   64  000010a4  33e100ff	andi	r1,r31,#0x00ff
   65  000010a8  64210041	snei	r1,r1,#65
   66  000010ac  14200008	bnez	r1,L11_LF0
   67  000010b0  54000000	nop; not filled.
   68  000010b4          	L12_LF0:
   69  000010b4  20020001	addi	r2,r0,#1
   70  000010b8          	L11_LF0:
   71  000010b8  00020820	add	r1,r0,r2
   72  000010bc  8fa20000	lw	r2,0(r29)
   73  000010c0  8fdffff8	lw	r31,-8(r30)
   74  000010c4  001ee820	add	r29,r0,r30
   75  000010c8  8fdefffc	lw	r30,-4(r30)
   76  000010cc  4be00000	jr	r31
   77  000010d0  54000000	nop
   78  000010d4          	.endproc _isxdigit
   79  000010d4          	.data
   80  00003000          	.align 2
   81  00003000          	LC0_LF0:
   82  00003000  55736167	.ascii "Usage: \000"
   82  00003004  653a2000	
   83  00003008          	.align 2
   84  00003008          	LC1_LF0:
   85  00003008  3c68616e	.ascii "<handle_to_page_mapped_semaphore> <handle_to_page_mapped_semaphore> <h"
   85  0000300c  646c655f	
   85  00003010  746f5f70	
   85  00003014  6167655f	
   85  00003018  6d617070	
   85  0000301c  65645f73	
   85  00003020  656d6170	
   85  00003024  686f7265	
   85  00003028  3e203c68	
   85  0000302c  616e646c	
   85  00003030  655f746f	
   85  00003034  5f706167	
   85  00003038  655f6d61	
   85  0000303c  70706564	
   85  00003040  5f73656d	
   85  00003044  6170686f	
   85  00003048  72653e20	
   85  0000304c  3c68    	
   86  0000304e  616e646c	.ascii "andle_to_page_mapped_semaphore> <handle_to_page_mapped_semaphore> <han"
   86  00003052  655f746f	
   86  00003056  5f706167	
   86  0000305a  655f6d61	
   86  0000305e  70706564	
   86  00003062  5f73656d	
   86  00003066  6170686f	
   86  0000306a  72653e20	
   86  0000306e  3c68616e	
   86  00003072  646c655f	
   86  00003076  746f5f70	
   86  0000307a  6167655f	
   86  0000307e  6d617070	
   86  00003082  65645f73	
   86  00003086  656d6170	
   86  0000308a  686f7265	
   86  0000308e  3e203c68	
   86  00003092  616e    	
   87  00003094  646c655f	.ascii "dle_to_h2so4_produce_number>\n\000"
   87  00003098  746f5f68	
   87  0000309c  32736f34	
   87  000030a0  5f70726f	
   87  000030a4  64756365	
   87  000030a8  5f6e756d	
   87  000030ac  6265723e	
   87  000030b0  0a00    	
   88  000030b2          	.align 2
   89  000030b4          	LC2_LF0:
   90  000030b4  4832202b	.ascii "H2 + O2 + SO2 -> H2SO4, pid: %d\n\000"
   90  000030b8  204f3220	
   90  000030bc  2b20534f	
   90  000030c0  32202d3e	
   90  000030c4  20483253	
   90  000030c8  4f342c20	
   90  000030cc  7069643a	
   90  000030d0  2025640a	
   90  000030d4  00      	
   91  000030d5          	.align 2
   92  000030d8          	LC3_LF0:
   93  000030d8  42616420	.ascii "Bad semaphore s_procs_completed (%d) in \000"
   93  000030dc  73656d61	
   93  000030e0  70686f72	
   93  000030e4  6520735f	
   93  000030e8  70726f63	
   93  000030ec  735f636f	
   93  000030f0  6d706c65	
   93  000030f4  74656420	
   93  000030f8  28256429	
   93  000030fc  20696e20	
   93  00003100  00      	
   94  00003101          	.align 2
   95  00003104          	LC4_LF0:
   96  00003104  2c206578	.ascii ", exiting...\n\000"
   96  00003108  6974696e	
   96  0000310c  672e2e2e	
   96  00003110  0a00    	
   97  00003112          	.text
   98  000010d4          	.align 2
   99  000010d4          	.proc _main
  100  000010d4          	.global _main
  101  000010d4          	_main:
  102                      ;  Function 'main'; 0 bytes of locals, 0 regs to save.
  103  000010d4  afbefffc	sw	-4(r29),r30; push fp
  104  000010d8  001df020	add	r30,r0,r29; fp = sp
  105  000010dc  afbffff8	sw	-8(r29),r31; push ret addr
  106  000010e0  2fbd0008	subui	r29,r29,#8; alloc local storage
  107  000010e4  8fc20000	lw	r2,(r30)
  108  000010e8  8fc40004	lw	r4,4(r30)
  109  000010ec  0c001044	jal	___main
  110  000010f0  54000000	nop; not filled.
  111  000010f4  20030000	addi	r3,r0,#0
  112  000010f8  64410006	snei	r1,r2,#6
  113  000010fc  1020004c	beqz	r1,L14_LF0
  114  00001100  54000000	nop; not filled.
  115  00001104  23bdfff8	addi	r29,r29,#-8
  116  00001108  3c090000	lhi	r9,((LC0_LF0)>>16)&0xffff
  117  0000110c  25293000	addui	r9,r9,(LC0_LF0)&0xffff
  118  00001110  afa90000	sw	(r29),r9
  119  00001114  0c000214	jal	_Printf
  120  00001118  54000000	nop; not filled.
  121  0000111c  8c890000	lw	r9,(r4)
  122  00001120  afa90000	sw	(r29),r9
  123  00001124  0c000204	jal	_Printf
  124  00001128  54000000	nop; not filled.
  125  0000112c  3c090000	lhi	r9,((LC1_LF0)>>16)&0xffff
  126  00001130  25293008	addui	r9,r9,(LC1_LF0)&0xffff
  127  00001134  afa90000	sw	(r29),r9
  128  00001138  0c0001f0	jal	_Printf
  129  0000113c  54000000	nop; not filled.
  130  00001140  0c00029c	jal	_Exit
  131  00001144  54000000	nop; not filled.
  132  00001148  23bd0008	addi	r29,r29,#8
  133  0000114c          	L14_LF0:
  134  0000114c  23bdfff0	addi	r29,r29,#-16
  135  00001150  8c890004	lw	r9,4(r4)
  136  00001154  afa90000	sw	(r29),r9
  137  00001158  20090000	addi	r9,r0,#0
  138  0000115c  afa90004	sw	4(r29),r9
  139  00001160  2009000a	addi	r9,r0,#10
  140  00001164  afa90008	sw	8(r29),r9
  141  00001168  0c000b20	jal	_dstrtol
  142  0000116c  54000000	nop; not filled.
  143  00001170  00014020	add	r8,r0,r1
  144  00001174  8c890008	lw	r9,8(r4)
  145  00001178  afa90000	sw	(r29),r9
  146  0000117c  20090000	addi	r9,r0,#0
  147  00001180  afa90004	sw	4(r29),r9
  148  00001184  2009000a	addi	r9,r0,#10
  149  00001188  afa90008	sw	8(r29),r9
  150  0000118c  0c000afc	jal	_dstrtol
  151  00001190  54000000	nop; not filled.
  152  00001194  00013820	add	r7,r0,r1
  153  00001198  8c89000c	lw	r9,12(r4)
  154  0000119c  afa90000	sw	(r29),r9
  155  000011a0  20090000	addi	r9,r0,#0
  156  000011a4  afa90004	sw	4(r29),r9
  157  000011a8  2009000a	addi	r9,r0,#10
  158  000011ac  afa90008	sw	8(r29),r9
  159  000011b0  0c000ad8	jal	_dstrtol
  160  000011b4  54000000	nop; not filled.
  161  000011b8  00013020	add	r6,r0,r1
  162  000011bc  8c890010	lw	r9,16(r4)
  163  000011c0  afa90000	sw	(r29),r9
  164  000011c4  20090000	addi	r9,r0,#0
  165  000011c8  afa90004	sw	4(r29),r9
  166  000011cc  2009000a	addi	r9,r0,#10
  167  000011d0  afa90008	sw	8(r29),r9
  168  000011d4  0c000ab4	jal	_dstrtol
  169  000011d8  54000000	nop; not filled.
  170  000011dc  00012820	add	r5,r0,r1
  171  000011e0  8c890014	lw	r9,20(r4)
  172  000011e4  afa90000	sw	(r29),r9
  173  000011e8  20090000	addi	r9,r0,#0
  174  000011ec  afa90004	sw	4(r29),r9
  175  000011f0  2009000a	addi	r9,r0,#10
  176  000011f4  afa90008	sw	8(r29),r9
  177  000011f8  0c000a90	jal	_dstrtol
  178  000011fc  54000000	nop; not filled.
  179  00001200  00011020	add	r2,r0,r1
  180  00001204  23bd0010	addi	r29,r29,#16
  181  00001208  0062082a	slt	r1,r3,r2
  182  0000120c  10200060	beqz	r1,L16_LF0
  183  00001210  54000000	nop; not filled.
  184  00001214          	L18_LF0:
  185  00001214  23bdfff8	addi	r29,r29,#-8
  186  00001218  afa70000	sw	(r29),r7
  187  0000121c  0c000154	jal	_sem_wait
  188  00001220  54000000	nop; not filled.
  189  00001224  afa60000	sw	(r29),r6
  190  00001228  0c000148	jal	_sem_wait
  191  0000122c  54000000	nop; not filled.
  192  00001230  afa50000	sw	(r29),r5
  193  00001234  0c00013c	jal	_sem_wait
  194  00001238  54000000	nop; not filled.
  195  0000123c  0c0000f8	jal	_getpid
  196  00001240  54000000	nop; not filled.
  197  00001244  3c090000	lhi	r9,((LC2_LF0)>>16)&0xffff
  198  00001248  252930b4	addui	r9,r9,(LC2_LF0)&0xffff
  199  0000124c  afa90000	sw	(r29),r9
  200  00001250  afa10004	sw	4(r29),r1
  201  00001254  0c0000d4	jal	_Printf
  202  00001258  54000000	nop; not filled.
  203  0000125c  23bd0008	addi	r29,r29,#8
  204  00001260  20630001	addi	r3,r3,#1
  205  00001264  0062082a	slt	r1,r3,r2
  206  00001268  1420ffa8	bnez	r1,L18_LF0
  207  0000126c  54000000	nop; not filled.
  208  00001270          	L16_LF0:
  209  00001270  23bdfff8	addi	r29,r29,#-8
  210  00001274  afa80000	sw	(r29),r8
  211  00001278  0c000104	jal	_sem_signal
  212  0000127c  54000000	nop; not filled.
  213  00001280  23bd0008	addi	r29,r29,#8
  214  00001284  64210001	snei	r1,r1,#1
  215  00001288  10200050	beqz	r1,L20_LF0
  216  0000128c  54000000	nop; not filled.
  217  00001290  23bdfff8	addi	r29,r29,#-8
  218  00001294  3c090000	lhi	r9,((LC3_LF0)>>16)&0xffff
  219  00001298  252930d8	addui	r9,r9,(LC3_LF0)&0xffff
  220  0000129c  afa90000	sw	(r29),r9
  221  000012a0  afa80004	sw	4(r29),r8
  222  000012a4  0c000084	jal	_Printf
  223  000012a8  54000000	nop; not filled.
  224  000012ac  8c840000	lw	r4,(r4)
  225  000012b0  afa40000	sw	(r29),r4
  226  000012b4  0c000074	jal	_Printf
  227  000012b8  54000000	nop; not filled.
  228  000012bc  3c090000	lhi	r9,((LC4_LF0)>>16)&0xffff
  229  000012c0  25293104	addui	r9,r9,(LC4_LF0)&0xffff
  230  000012c4  afa90000	sw	(r29),r9
  231  000012c8  0c000060	jal	_Printf
  232  000012cc  54000000	nop; not filled.
  233  000012d0  0c00010c	jal	_Exit
  234  000012d4  54000000	nop; not filled.
  235  000012d8  23bd0008	addi	r29,r29,#8
  236  000012dc          	L20_LF0:
  237  000012dc  0c000e48	jal	_exit
  238  000012e0  54000000	nop
  239  000012e4          	.endproc _main
  240                      ;;;
  241                      ;;; Stub functions for DLX traps.
  242                      ;;;
  243                      ;;; Ethan L. Miller, 1999.  Released to the public domain.
  244                      ;;;
  245                      ;;; The traps such as Open and Close
  246                      ;;; (note the capital letters) are for use by user programs.  The traps
  247                      ;;; with names such as open and close (lower case) are for use by the OS.
  248                      ;;;
  251  000012e4          	.align 2
  253                      ;;; The following are the traps to be used by user-level programs
  254                      ;;;
  256  000012e4          	.align 2
  257  000012e4          	.proc _Open
  258  000012e4          	.global _Open
  259  000012e4          	_Open:
  260                      ;;; Note that trap #0x213 actually causes a trap vector in the OS of
  261                      ;;; 0x1213.  The same is true for other user traps.  Thus, a user trap
  262                      ;;; with trap #0x240 will result in a trap vector of 0x1240 in the OS.
  263  000012e4  44000213	trap	#0x213
  264  000012e8  4be00000	jr	r31
  265  000012ec  54000000	nop
  266  000012f0          	.endproc _Open
  268  000012f0          	.proc _Close
  269  000012f0          	.global _Close
  270  000012f0          	_Close:
  271  000012f0  44000214	trap	#0x214
  272  000012f4  4be00000	jr	r31
  273  000012f8  54000000	nop
  274  000012fc          	.endproc _Close
  276  000012fc          	.proc _Read
  277  000012fc          	.global _Read
  278  000012fc          	_Read:
  279  000012fc  44000210	trap	#0x210
  280  00001300  4be00000	jr	r31
  281  00001304  54000000	nop
  282  00001308          	.endproc _Read
  284  00001308          	.proc _Write
  285  00001308          	.global _Write
  286  00001308          	_Write:
  287  00001308  44000211	trap	#0x211
  288  0000130c  4be00000	jr	r31
  289  00001310  54000000	nop
  290  00001314          	.endproc _Write
  292  00001314          	.proc _Lseek
  293  00001314          	.global _Lseek
  294  00001314          	_Lseek:
  295  00001314  44000212	trap	#0x212
  296  00001318  4be00000	jr	r31
  297  0000131c  54000000	nop
  298  00001320          	.endproc _Lseek
  300  00001320          	.proc _Putchar
  301  00001320          	.global _Putchar
  302  00001320          	_Putchar:
  303  00001320  44000280	trap	#0x280
  304  00001324  4be00000	jr	r31
  305  00001328  54000000	nop
  306  0000132c          	.endproc _Putchar
  308  0000132c          	.proc _Printf
  309  0000132c          	.global _Printf
  310  0000132c          	_Printf:
  311  0000132c  44000201	trap	#0x201
  312  00001330  4be00000	jr	r31
  313  00001334  54000000	nop
  314  00001338          	.endproc _Printf
  316  00001338          	.proc _getpid
  317  00001338          	.global _getpid
  318  00001338          	_getpid:
  319  00001338  44000431	trap	#0x431
  320  0000133c  4be00000	jr	r31
  321  00001340  54000000	nop
  322  00001344          	.endproc _getpid
  324  00001344          	.proc _process_create
  325  00001344          	.global _process_create
  326  00001344          	_process_create:
  327  00001344  44000432	trap	#0x432
  328  00001348  4be00000	jr	r31
  329  0000134c  54000000	nop
  330  00001350          	.endproc _process_create
  332  00001350          	.proc _shmget
  333  00001350          	.global _shmget
  334  00001350          	_shmget:
  335  00001350  44000440	trap	#0x440
  336  00001354  4be00000	jr	r31
  337  00001358  54000000	nop
  338  0000135c          	.endproc _shmget
  340  0000135c          	.proc _shmat
  341  0000135c          	.global _shmat
  342  0000135c          	_shmat:
  343  0000135c  44000441	trap	#0x441
  344  00001360  4be00000	jr	r31
  345  00001364  54000000	nop
  346  00001368          	.endproc _shmat
  348  00001368          	.proc _sem_create
  349  00001368          	.global _sem_create
  350  00001368          	_sem_create:
  351  00001368  44000450	trap	#0x450
  352  0000136c  4be00000	jr	r31
  353  00001370  54000000	nop
  354  00001374          	.endproc _sem_create
  356  00001374          	.proc _sem_wait
  357  00001374          	.global _sem_wait
  358  00001374          	_sem_wait:
  359  00001374  44000451	trap	#0x451
  360  00001378  4be00000	jr	r31
  361  0000137c  54000000	nop
  362  00001380          	.endproc _sem_wait
  364  00001380          	.proc _sem_signal
  365  00001380          	.global _sem_signal
  366  00001380          	_sem_signal:
  367  00001380  44000452	trap	#0x452
  368  00001384  4be00000	jr	r31
  369  00001388  54000000	nop
  370  0000138c          	.endproc _sem_signal
  372  0000138c          	.proc _lock_create
  373  0000138c          	.global _lock_create
  374  0000138c          	_lock_create:
  375  0000138c  44000453	trap	#0x453
  376  00001390  4be00000	jr	r31
  377  00001394  54000000	nop
  378  00001398          	.endproc _lock_create
  380  00001398          	.proc _lock_acquire
  381  00001398          	.global _lock_acquire
  382  00001398          	_lock_acquire:
  383  00001398  44000454	trap	#0x454
  384  0000139c  4be00000	jr	r31
  385  000013a0  54000000	nop
  386  000013a4          	.endproc _lock_acquire
  388  000013a4          	.proc _lock_release
  389  000013a4          	.global _lock_release
  390  000013a4          	_lock_release:
  391  000013a4  44000455	trap	#0x455
  392  000013a8  4be00000	jr	r31
  393  000013ac  54000000	nop
  394  000013b0          	.endproc _lock_release
  396  000013b0          	.proc _cond_create
  397  000013b0          	.global _cond_create
  398  000013b0          	_cond_create:
  399  000013b0  44000456	trap	#0x456
  400  000013b4  4be00000	jr	r31
  401  000013b8  54000000	nop
  402  000013bc          	.endproc _cond_create
  404  000013bc          	.proc _cond_wait
  405  000013bc          	.global _cond_wait
  406  000013bc          	_cond_wait:
  407  000013bc  44000457	trap	#0x457
  408  000013c0  4be00000	jr	r31
  409  000013c4  54000000	nop
  410  000013c8          	.endproc _cond_wait
  412  000013c8          	.proc _cond_signal
  413  000013c8          	.global _cond_signal
  414  000013c8          	_cond_signal:
  415  000013c8  44000458	trap	#0x458
  416  000013cc  4be00000	jr	r31
  417  000013d0  54000000	nop
  418  000013d4          	.endproc _cond_signal
  420  000013d4          	.proc _cond_broadcast
  421  000013d4          	.global _cond_broadcast
  422  000013d4          	_cond_broadcast:
  423  000013d4  44000455	trap	#0x455
  424  000013d8  4be00000	jr	r31
  425  000013dc  54000000	nop
  426  000013e0          	.endproc _cond_broadcast
  428  000013e0          	.proc _Exit
  429  000013e0          	.global _Exit
  430  000013e0          	_Exit:
  431  000013e0  44000500	trap	#0x500
  432  000013e4  4be00000	jr	r31
  433  000013e8  54000000	nop
  434  000013ec          	.endproc _Exit
  435                      ; Compiled by GCC
  437  000013ec          	.align 2
  438  000013ec          	.proc _isspace
  439  000013ec          	.global _isspace
  440  000013ec          	_isspace:
  441                      ;  Function 'isspace'; 0 bytes of locals, 3 regs to save.
  442  000013ec  afbefffc	sw	-4(r29),r30; push fp
  443  000013f0  001df020	add	r30,r0,r29; fp = sp
  444  000013f4  afbffff8	sw	-8(r29),r31; push ret addr
  445  000013f8  2fbd0018	subui	r29,r29,#24; alloc local storage
  446  000013fc  afa20000	sw	0(r29),r2
  447  00001400  afa30004	sw	4(r29),r3
  448  00001404  afa40008	sw	8(r29),r4
  449  00001408  83c20003	lb	r2,3(r30)
  450  0000140c  20010000	addi	r1,r0,#0
  451  00001410  304300ff	andi	r3,r2,#0x00ff
  452  00001414  60640020	seqi	r4,r3,#32
  453  00001418  1480002c	bnez	r4,L3_LF2
  454  0000141c  54000000	nop; delay slot nop
  455  00001420  304300ff	andi	r3,r2,#0x00ff
  456  00001424  60640009	seqi	r4,r3,#9
  457  00001428  1480001c	bnez	r4,L3_LF2
  458  0000142c  54000000	nop; delay slot nop
  459  00001430  304300ff	andi	r3,r2,#0x00ff
  460  00001434  6064000a	seqi	r4,r3,#10
  461  00001438  1480000c	bnez	r4,L3_LF2
  462  0000143c  54000000	nop; delay slot nop
  463  00001440  08000008	j	L2_LF2
  464  00001444  54000000	nop; delay slot nop
  465  00001448          	L3_LF2:
  466  00001448  20010001	addi	r1,r0,#1
  467  0000144c          	L2_LF2:
  468  0000144c  08000004	j	L1_LF2
  469  00001450  54000000	nop; delay slot nop
  470  00001454          	L1_LF2:
  471  00001454  8fa20000	lw	r2,0(r29)
  472  00001458  8fa30004	lw	r3,4(r29)
  473  0000145c  8fa40008	lw	r4,8(r29)
  474  00001460  8fdffff8	lw	r31,-8(r30)
  475  00001464  001ee820	add	r29,r0,r30
  476  00001468  8fdefffc	lw	r30,-4(r30)
  477  0000146c  4be00000	jr	r31
  478  00001470  54000000	nop
  479  00001474          	.endproc _isspace
  480  00001474          	.align 2
  481  00001474          	.proc _isxdigit
  482  00001474          	.global _isxdigit
  483  00001474          	_isxdigit:
  484                      ;  Function 'isxdigit'; 0 bytes of locals, 3 regs to save.
  485  00001474  afbefffc	sw	-4(r29),r30; push fp
  486  00001478  001df020	add	r30,r0,r29; fp = sp
  487  0000147c  afbffff8	sw	-8(r29),r31; push ret addr
  488  00001480  2fbd0018	subui	r29,r29,#24; alloc local storage
  489  00001484  afa20000	sw	0(r29),r2
  490  00001488  afa30004	sw	4(r29),r3
  491  0000148c  afa40008	sw	8(r29),r4
  492  00001490  83c20003	lb	r2,3(r30)
  493  00001494  20010000	addi	r1,r0,#0
  494  00001498  304300ff	andi	r3,r2,#0x00ff
  495  0000149c  6c64002f	sgtui	r4,r3,#47
  496  000014a0  1080001c	beqz	r4,L7_LF2
  497  000014a4  54000000	nop; delay slot nop
  498  000014a8  304300ff	andi	r3,r2,#0x00ff
  499  000014ac  70640039	sleui	r4,r3,#57
  500  000014b0  1480005c	bnez	r4,L6_LF2
  501  000014b4  54000000	nop; delay slot nop
  502  000014b8  08000004	j	L7_LF2
  503  000014bc  54000000	nop; delay slot nop
  504  000014c0          	L7_LF2:
  505  000014c0  304300ff	andi	r3,r2,#0x00ff
  506  000014c4  6c640060	sgtui	r4,r3,#96
  507  000014c8  1080001c	beqz	r4,L8_LF2
  508  000014cc  54000000	nop; delay slot nop
  509  000014d0  304300ff	andi	r3,r2,#0x00ff
  510  000014d4  70640066	sleui	r4,r3,#102
  511  000014d8  14800034	bnez	r4,L6_LF2
  512  000014dc  54000000	nop; delay slot nop
  513  000014e0  08000004	j	L8_LF2
  514  000014e4  54000000	nop; delay slot nop
  515  000014e8          	L8_LF2:
  516  000014e8  304300ff	andi	r3,r2,#0x00ff
  517  000014ec  6c640040	sgtui	r4,r3,#64
  518  000014f0  10800020	beqz	r4,L5_LF2
  519  000014f4  54000000	nop; delay slot nop
  520  000014f8  304300ff	andi	r3,r2,#0x00ff
  521  000014fc  70640041	sleui	r4,r3,#65
  522  00001500  1480000c	bnez	r4,L6_LF2
  523  00001504  54000000	nop; delay slot nop
  524  00001508  08000008	j	L5_LF2
  525  0000150c  54000000	nop; delay slot nop
  526  00001510          	L6_LF2:
  527  00001510  20010001	addi	r1,r0,#1
  528  00001514          	L5_LF2:
  529  00001514  08000004	j	L4_LF2
  530  00001518  54000000	nop; delay slot nop
  531  0000151c          	L4_LF2:
  532  0000151c  8fa20000	lw	r2,0(r29)
  533  00001520  8fa30004	lw	r3,4(r29)
  534  00001524  8fa40008	lw	r4,8(r29)
  535  00001528  8fdffff8	lw	r31,-8(r30)
  536  0000152c  001ee820	add	r29,r0,r30
  537  00001530  8fdefffc	lw	r30,-4(r30)
  538  00001534  4be00000	jr	r31
  539  00001538  54000000	nop
  540  0000153c          	.endproc _isxdigit
  541  0000153c          	.align 2
  542  0000153c          	.proc _dstrcpy
  543  0000153c          	.global _dstrcpy
  544  0000153c          	_dstrcpy:
  545                      ;  Function 'dstrcpy'; 8 bytes of locals, 2 regs to save.
  546  0000153c  afbefffc	sw	-4(r29),r30; push fp
  547  00001540  001df020	add	r30,r0,r29; fp = sp
  548  00001544  afbffff8	sw	-8(r29),r31; push ret addr
  549  00001548  2fbd0018	subui	r29,r29,#24; alloc local storage
  550  0000154c  afa20000	sw	0(r29),r2
  551  00001550  afa30004	sw	4(r29),r3
  552  00001554  8fc10000	lw	r1,(r30)
  553  00001558  afc1fff4	sw	-12(r30),r1
  554  0000155c          	L10_LF2:
  555  0000155c  8fc10000	lw	r1,(r30)
  556  00001560  20220001	addi	r2,r1,#1
  557  00001564  afc20000	sw	(r30),r2
  558  00001568  8fc20004	lw	r2,4(r30)
  559  0000156c  20430001	addi	r3,r2,#1
  560  00001570  afc30004	sw	4(r30),r3
  561  00001574  80420000	lb	r2,(r2)
  562  00001578  a0220000	sb	(r1),r2
  563  0000157c  a3c2fff3	sb	-13(r30),r2
  564  00001580          	L12_LF2:
  565  00001580  93c1fff3	lbu	r1,-13(r30)
  566  00001584  64220000	snei	r2,r1,#0
  567  00001588  1440000c	bnez	r2,L13_LF2
  568  0000158c  54000000	nop; delay slot nop
  569  00001590  0800000c	j	L11_LF2
  570  00001594  54000000	nop; delay slot nop
  571  00001598          	L13_LF2:
  572  00001598  0bffffc0	j	L10_LF2
  573  0000159c  54000000	nop; delay slot nop
  574  000015a0          	L11_LF2:
  575  000015a0  8fc1fff4	lw	r1,-12(r30)
  576  000015a4  08000004	j	L9_LF2
  577  000015a8  54000000	nop; delay slot nop
  578  000015ac          	L9_LF2:
  579  000015ac  8fa20000	lw	r2,0(r29)
  580  000015b0  8fa30004	lw	r3,4(r29)
  581  000015b4  8fdffff8	lw	r31,-8(r30)
  582  000015b8  001ee820	add	r29,r0,r30
  583  000015bc  8fdefffc	lw	r30,-4(r30)
  584  000015c0  4be00000	jr	r31
  585  000015c4  54000000	nop
  586  000015c8          	.endproc _dstrcpy
  587  000015c8          	.align 2
  588  000015c8          	.proc _dstrncpy
  589  000015c8          	.global _dstrncpy
  590  000015c8          	_dstrncpy:
  591                      ;  Function 'dstrncpy'; 8 bytes of locals, 2 regs to save.
  592  000015c8  afbefffc	sw	-4(r29),r30; push fp
  593  000015cc  001df020	add	r30,r0,r29; fp = sp
  594  000015d0  afbffff8	sw	-8(r29),r31; push ret addr
  595  000015d4  2fbd0018	subui	r29,r29,#24; alloc local storage
  596  000015d8  afa20000	sw	0(r29),r2
  597  000015dc  afa30004	sw	4(r29),r3
  598  000015e0  8fc10000	lw	r1,(r30)
  599  000015e4  afc1fff4	sw	-12(r30),r1
  600  000015e8          	L15_LF2:
  601  000015e8  8fc10008	lw	r1,8(r30)
  602  000015ec  2022ffff	addi	r2,r1,#-1
  603  000015f0  afc20008	sw	8(r30),r2
  604  000015f4  70210000	slei	r1,r1,#0
  605  000015f8  1020000c	beqz	r1,L18_LF2
  606  000015fc  54000000	nop; delay slot nop
  607  00001600  08000048	j	L16_LF2
  608  00001604  54000000	nop; delay slot nop
  609  00001608          	L18_LF2:
  610  00001608  8fc10000	lw	r1,(r30)
  611  0000160c  20220001	addi	r2,r1,#1
  612  00001610  afc20000	sw	(r30),r2
  613  00001614  8fc20004	lw	r2,4(r30)
  614  00001618  20430001	addi	r3,r2,#1
  615  0000161c  afc30004	sw	4(r30),r3
  616  00001620  80420000	lb	r2,(r2)
  617  00001624  a0220000	sb	(r1),r2
  618  00001628  a3c2fff3	sb	-13(r30),r2
  619  0000162c          	L17_LF2:
  620  0000162c  93c1fff3	lbu	r1,-13(r30)
  621  00001630  64220000	snei	r2,r1,#0
  622  00001634  1440000c	bnez	r2,L19_LF2
  623  00001638  54000000	nop; delay slot nop
  624  0000163c  0800000c	j	L16_LF2
  625  00001640  54000000	nop; delay slot nop
  626  00001644          	L19_LF2:
  627  00001644  0bffffa0	j	L15_LF2
  628  00001648  54000000	nop; delay slot nop
  629  0000164c          	L16_LF2:
  630  0000164c  8fc1fff4	lw	r1,-12(r30)
  631  00001650  08000004	j	L14_LF2
  632  00001654  54000000	nop; delay slot nop
  633  00001658          	L14_LF2:
  634  00001658  8fa20000	lw	r2,0(r29)
  635  0000165c  8fa30004	lw	r3,4(r29)
  636  00001660  8fdffff8	lw	r31,-8(r30)
  637  00001664  001ee820	add	r29,r0,r30
  638  00001668  8fdefffc	lw	r30,-4(r30)
  639  0000166c  4be00000	jr	r31
  640  00001670  54000000	nop
  641  00001674          	.endproc _dstrncpy
  642  00001674          	.align 2
  643  00001674          	.proc _dstrcat
  644  00001674          	.global _dstrcat
  645  00001674          	_dstrcat:
  646                      ;  Function 'dstrcat'; 8 bytes of locals, 1 regs to save.
  647  00001674  afbefffc	sw	-4(r29),r30; push fp
  648  00001678  001df020	add	r30,r0,r29; fp = sp
  649  0000167c  afbffff8	sw	-8(r29),r31; push ret addr
  650  00001680  2fbd0018	subui	r29,r29,#24; alloc local storage
  651  00001684  afa20000	sw	0(r29),r2
  652  00001688  8fc10000	lw	r1,(r30)
  653  0000168c  afc1fff4	sw	-12(r30),r1
  654  00001690          	L21_LF2:
  655  00001690  8fc10000	lw	r1,(r30)
  656  00001694  90220000	lbu	r2,(r1)
  657  00001698  64410000	snei	r1,r2,#0
  658  0000169c  1420000c	bnez	r1,L23_LF2
  659  000016a0  54000000	nop; delay slot nop
  660  000016a4  0800001c	j	L22_LF2
  661  000016a8  54000000	nop; delay slot nop
  662  000016ac          	L23_LF2:
  663  000016ac  8fc20000	lw	r2,(r30)
  664  000016b0  20410001	addi	r1,r2,#1
  665  000016b4  00011020	add	r2,r0,r1
  666  000016b8  afc20000	sw	(r30),r2
  667  000016bc  0bffffd0	j	L21_LF2
  668  000016c0  54000000	nop; delay slot nop
  669  000016c4          	L22_LF2:
  670  000016c4  23bdfff8	addi	r29,r29,#-8
  671  000016c8  001d0820	add	r1,r0,r29
  672  000016cc  8fc20000	lw	r2,(r30)
  673  000016d0  ac220000	sw	(r1),r2
  674  000016d4  8fc20004	lw	r2,4(r30)
  675  000016d8  ac220004	sw	4(r1),r2
  676  000016dc  0ffffe5c	jal	_dstrcpy
  677  000016e0  54000000	nop; delay slot nop
  678  000016e4  23bd0008	addi	r29,r29,#8
  679  000016e8  8fc1fff4	lw	r1,-12(r30)
  680  000016ec  08000004	j	L20_LF2
  681  000016f0  54000000	nop; delay slot nop
  682  000016f4          	L20_LF2:
  683  000016f4  8fa20000	lw	r2,0(r29)
  684  000016f8  8fdffff8	lw	r31,-8(r30)
  685  000016fc  001ee820	add	r29,r0,r30
  686  00001700  8fdefffc	lw	r30,-4(r30)
  687  00001704  4be00000	jr	r31
  688  00001708  54000000	nop
  689  0000170c          	.endproc _dstrcat
  690  0000170c          	.align 2
  691  0000170c          	.proc _dstrncmp
  692  0000170c          	.global _dstrncmp
  693  0000170c          	_dstrncmp:
  694                      ;  Function 'dstrncmp'; 8 bytes of locals, 2 regs to save.
  695  0000170c  afbefffc	sw	-4(r29),r30; push fp
  696  00001710  001df020	add	r30,r0,r29; fp = sp
  697  00001714  afbffff8	sw	-8(r29),r31; push ret addr
  698  00001718  2fbd0018	subui	r29,r29,#24; alloc local storage
  699  0000171c  afa20000	sw	0(r29),r2
  700  00001720  afa30004	sw	4(r29),r3
  701  00001724  54000000	nop
  702  00001728  20010000	addi	r1,r0,#0
  703  0000172c  afc1fff4	sw	-12(r30),r1
  704  00001730          	L25_LF2:
  705  00001730  8fc1fff4	lw	r1,-12(r30)
  706  00001734  8fc20008	lw	r2,8(r30)
  707  00001738  0022082a	slt	r1,r1,r2
  708  0000173c  1420000c	bnez	r1,L28_LF2
  709  00001740  54000000	nop; delay slot nop
  710  00001744  08000088	j	L26_LF2
  711  00001748  54000000	nop; delay slot nop
  712  0000174c          	L28_LF2:
  713  0000174c  8fc10004	lw	r1,4(r30)
  714  00001750  90220000	lbu	r2,(r1)
  715  00001754  64410000	snei	r1,r2,#0
  716  00001758  14200018	bnez	r1,L29_LF2
  717  0000175c  54000000	nop; delay slot nop
  718  00001760  20010000	addi	r1,r0,#0
  719  00001764  080000d8	j	L24_LF2
  720  00001768  54000000	nop; delay slot nop
  721  0000176c  08000028	j	L30_LF2
  722  00001770  54000000	nop; delay slot nop
  723  00001774          	L29_LF2:
  724  00001774  8fc10000	lw	r1,(r30)
  725  00001778  8fc20004	lw	r2,4(r30)
  726  0000177c  90210000	lbu	r1,(r1)
  727  00001780  90420000	lbu	r2,(r2)
  728  00001784  00220829	sne	r1,r1,r2
  729  00001788  1020000c	beqz	r1,L30_LF2
  730  0000178c  54000000	nop; delay slot nop
  731  00001790  0800003c	j	L26_LF2
  732  00001794  54000000	nop; delay slot nop
  733  00001798          	L31_LF2:
  734  00001798          	L30_LF2:
  735  00001798  8fc20000	lw	r2,(r30)
  736  0000179c  20410001	addi	r1,r2,#1
  737  000017a0  00011020	add	r2,r0,r1
  738  000017a4  afc20000	sw	(r30),r2
  739  000017a8  8fc20004	lw	r2,4(r30)
  740  000017ac  20410001	addi	r1,r2,#1
  741  000017b0  00011020	add	r2,r0,r1
  742  000017b4  afc20004	sw	4(r30),r2
  743  000017b8          	L27_LF2:
  744  000017b8  8fc2fff4	lw	r2,-12(r30)
  745  000017bc  20410001	addi	r1,r2,#1
  746  000017c0  00011020	add	r2,r0,r1
  747  000017c4  afc2fff4	sw	-12(r30),r2
  748  000017c8  0bffff64	j	L25_LF2
  749  000017cc  54000000	nop; delay slot nop
  750  000017d0          	L26_LF2:
  751  000017d0  8fc1fff4	lw	r1,-12(r30)
  752  000017d4  8fc20008	lw	r2,8(r30)
  753  000017d8  00220828	seq	r1,r1,r2
  754  000017dc  10200018	beqz	r1,L32_LF2
  755  000017e0  54000000	nop; delay slot nop
  756  000017e4  20010000	addi	r1,r0,#0
  757  000017e8  08000054	j	L24_LF2
  758  000017ec  54000000	nop; delay slot nop
  759  000017f0  0800004c	j	L33_LF2
  760  000017f4  54000000	nop; delay slot nop
  761  000017f8          	L32_LF2:
  762  000017f8  8fc20000	lw	r2,(r30)
  763  000017fc  90410000	lbu	r1,(r2)
  764  00001800  8fc20004	lw	r2,4(r30)
  765  00001804  90430000	lbu	r3,(r2)
  766  00001808  00230822	sub	r1,r1,r3
  767  0000180c  74220000	sgei	r2,r1,#0
  768  00001810  10400020	beqz	r2,L34_LF2
  769  00001814  54000000	nop; delay slot nop
  770  00001818  8fc10000	lw	r1,(r30)
  771  0000181c  8fc20004	lw	r2,4(r30)
  772  00001820  90210000	lbu	r1,(r1)
  773  00001824  90420000	lbu	r2,(r2)
  774  00001828  00220829	sne	r1,r1,r2
  775  0000182c  08000008	j	L35_LF2
  776  00001830  54000000	nop; delay slot nop
  777  00001834          	L34_LF2:
  778  00001834  2001ffff	addi	r1,r0,#-1
  779  00001838          	L35_LF2:
  780  00001838  08000004	j	L24_LF2
  781  0000183c  54000000	nop; delay slot nop
  782  00001840          	L33_LF2:
  783  00001840          	L24_LF2:
  784  00001840  8fa20000	lw	r2,0(r29)
  785  00001844  8fa30004	lw	r3,4(r29)
  786  00001848  8fdffff8	lw	r31,-8(r30)
  787  0000184c  001ee820	add	r29,r0,r30
  788  00001850  8fdefffc	lw	r30,-4(r30)
  789  00001854  4be00000	jr	r31
  790  00001858  54000000	nop
  791  0000185c          	.endproc _dstrncmp
  792  0000185c          	.align 2
  793  0000185c          	.proc _dstrlen
  794  0000185c          	.global _dstrlen
  795  0000185c          	_dstrlen:
  796                      ;  Function 'dstrlen'; 8 bytes of locals, 1 regs to save.
  797  0000185c  afbefffc	sw	-4(r29),r30; push fp
  798  00001860  001df020	add	r30,r0,r29; fp = sp
  799  00001864  afbffff8	sw	-8(r29),r31; push ret addr
  800  00001868  2fbd0018	subui	r29,r29,#24; alloc local storage
  801  0000186c  afa20000	sw	0(r29),r2
  802  00001870  20010000	addi	r1,r0,#0
  803  00001874  afc1fff4	sw	-12(r30),r1
  804  00001878          	L37_LF2:
  805  00001878  8fc10000	lw	r1,(r30)
  806  0000187c  20220001	addi	r2,r1,#1
  807  00001880  afc20000	sw	(r30),r2
  808  00001884  90210000	lbu	r1,(r1)
  809  00001888  64220000	snei	r2,r1,#0
  810  0000188c  1440000c	bnez	r2,L39_LF2
  811  00001890  54000000	nop; delay slot nop
  812  00001894  0800001c	j	L38_LF2
  813  00001898  54000000	nop; delay slot nop
  814  0000189c          	L39_LF2:
  815  0000189c  8fc2fff4	lw	r2,-12(r30)
  816  000018a0  20410001	addi	r1,r2,#1
  817  000018a4  00011020	add	r2,r0,r1
  818  000018a8  afc2fff4	sw	-12(r30),r2
  819  000018ac  0bffffc8	j	L37_LF2
  820  000018b0  54000000	nop; delay slot nop
  821  000018b4          	L38_LF2:
  822  000018b4  8fc1fff4	lw	r1,-12(r30)
  823  000018b8  08000004	j	L36_LF2
  824  000018bc  54000000	nop; delay slot nop
  825  000018c0          	L36_LF2:
  826  000018c0  8fa20000	lw	r2,0(r29)
  827  000018c4  8fdffff8	lw	r31,-8(r30)
  828  000018c8  001ee820	add	r29,r0,r30
  829  000018cc  8fdefffc	lw	r30,-4(r30)
  830  000018d0  4be00000	jr	r31
  831  000018d4  54000000	nop
  832  000018d8          	.endproc _dstrlen
  833  000018d8          	.align 2
  834  000018d8          	.proc _dstrstr
  835  000018d8          	.global _dstrstr
  836  000018d8          	_dstrstr:
  837                      ;  Function 'dstrstr'; 8 bytes of locals, 1 regs to save.
  838  000018d8  afbefffc	sw	-4(r29),r30; push fp
  839  000018dc  001df020	add	r30,r0,r29; fp = sp
  840  000018e0  afbffff8	sw	-8(r29),r31; push ret addr
  841  000018e4  2fbd0018	subui	r29,r29,#24; alloc local storage
  842  000018e8  afa20000	sw	0(r29),r2
  843  000018ec  23bdfff8	addi	r29,r29,#-8
  844  000018f0  001d0820	add	r1,r0,r29
  845  000018f4  8fc20004	lw	r2,4(r30)
  846  000018f8  ac220000	sw	(r1),r2
  847  000018fc  0fffff5c	jal	_dstrlen
  848  00001900  54000000	nop; delay slot nop
  849  00001904  23bd0008	addi	r29,r29,#8
  850  00001908  afc1fff4	sw	-12(r30),r1
  851  0000190c          	L41_LF2:
  852  0000190c  8fc10000	lw	r1,(r30)
  853  00001910  90220000	lbu	r2,(r1)
  854  00001914  64410000	snei	r1,r2,#0
  855  00001918  1420000c	bnez	r1,L43_LF2
  856  0000191c  54000000	nop; delay slot nop
  857  00001920  08000060	j	L42_LF2
  858  00001924  54000000	nop; delay slot nop
  859  00001928          	L43_LF2:
  860  00001928  23bdfff0	addi	r29,r29,#-16
  861  0000192c  001d0820	add	r1,r0,r29
  862  00001930  8fc20000	lw	r2,(r30)
  863  00001934  ac220000	sw	(r1),r2
  864  00001938  8fc20004	lw	r2,4(r30)
  865  0000193c  ac220004	sw	4(r1),r2
  866  00001940  8fc2fff4	lw	r2,-12(r30)
  867  00001944  ac220008	sw	8(r1),r2
  868  00001948  0ffffdc0	jal	_dstrncmp
  869  0000194c  54000000	nop; delay slot nop
  870  00001950  23bd0010	addi	r29,r29,#16
  871  00001954  64220000	snei	r2,r1,#0
  872  00001958  14400010	bnez	r2,L44_LF2
  873  0000195c  54000000	nop; delay slot nop
  874  00001960  8fc10000	lw	r1,(r30)
  875  00001964  08000028	j	L40_LF2
  876  00001968  54000000	nop; delay slot nop
  877  0000196c          	L44_LF2:
  878  0000196c  8fc20000	lw	r2,(r30)
  879  00001970  20410001	addi	r1,r2,#1
  880  00001974  00011020	add	r2,r0,r1
  881  00001978  afc20000	sw	(r30),r2
  882  0000197c  0bffff8c	j	L41_LF2
  883  00001980  54000000	nop; delay slot nop
  884  00001984          	L42_LF2:
  885  00001984  20010000	addi	r1,r0,#0
  886  00001988  08000004	j	L40_LF2
  887  0000198c  54000000	nop; delay slot nop
  888  00001990          	L40_LF2:
  889  00001990  8fa20000	lw	r2,0(r29)
  890  00001994  8fdffff8	lw	r31,-8(r30)
  891  00001998  001ee820	add	r29,r0,r30
  892  0000199c  8fdefffc	lw	r30,-4(r30)
  893  000019a0  4be00000	jr	r31
  894  000019a4  54000000	nop
  895  000019a8          	.endproc _dstrstr
  896  000019a8          	.align 2
  897  000019a8          	.proc _dmindex
  898  000019a8          	.global _dmindex
  899  000019a8          	_dmindex:
  900                      ;  Function 'dmindex'; 8 bytes of locals, 1 regs to save.
  901  000019a8  afbefffc	sw	-4(r29),r30; push fp
  902  000019ac  001df020	add	r30,r0,r29; fp = sp
  903  000019b0  afbffff8	sw	-8(r29),r31; push ret addr
  904  000019b4  2fbd0018	subui	r29,r29,#24; alloc local storage
  905  000019b8  afa20000	sw	0(r29),r2
  906  000019bc  54000000	nop
  907  000019c0          	L46_LF2:
  908  000019c0  8fc10000	lw	r1,(r30)
  909  000019c4  90220000	lbu	r2,(r1)
  910  000019c8  64410000	snei	r1,r2,#0
  911  000019cc  1420000c	bnez	r1,L48_LF2
  912  000019d0  54000000	nop; delay slot nop
  913  000019d4  08000070	j	L47_LF2
  914  000019d8  54000000	nop; delay slot nop
  915  000019dc          	L48_LF2:
  916  000019dc  8fc10004	lw	r1,4(r30)
  917  000019e0  afc1fff4	sw	-12(r30),r1
  918  000019e4          	L49_LF2:
  919  000019e4  8fc1fff4	lw	r1,-12(r30)
  920  000019e8  90220000	lbu	r2,(r1)
  921  000019ec  64410000	snei	r1,r2,#0
  922  000019f0  1420000c	bnez	r1,L52_LF2
  923  000019f4  54000000	nop; delay slot nop
  924  000019f8  08000044	j	L50_LF2
  925  000019fc  54000000	nop; delay slot nop
  926  00001a00          	L52_LF2:
  927  00001a00  8fc10000	lw	r1,(r30)
  928  00001a04  8fc2fff4	lw	r2,-12(r30)
  929  00001a08  90210000	lbu	r1,(r1)
  930  00001a0c  90420000	lbu	r2,(r2)
  931  00001a10  00220828	seq	r1,r1,r2
  932  00001a14  10200010	beqz	r1,L51_LF2
  933  00001a18  54000000	nop; delay slot nop
  934  00001a1c  8fc10000	lw	r1,(r30)
  935  00001a20  08000030	j	L45_LF2
  936  00001a24  54000000	nop; delay slot nop
  937  00001a28          	L53_LF2:
  938  00001a28          	L51_LF2:
  939  00001a28  8fc2fff4	lw	r2,-12(r30)
  940  00001a2c  20410001	addi	r1,r2,#1
  941  00001a30  00011020	add	r2,r0,r1
  942  00001a34  afc2fff4	sw	-12(r30),r2
  943  00001a38  0bffffa8	j	L49_LF2
  944  00001a3c  54000000	nop; delay slot nop
  945  00001a40          	L50_LF2:
  946  00001a40  0bffff7c	j	L46_LF2
  947  00001a44  54000000	nop; delay slot nop
  948  00001a48          	L47_LF2:
  949  00001a48  20010000	addi	r1,r0,#0
  950  00001a4c  08000004	j	L45_LF2
  951  00001a50  54000000	nop; delay slot nop
  952  00001a54          	L45_LF2:
  953  00001a54  8fa20000	lw	r2,0(r29)
  954  00001a58  8fdffff8	lw	r31,-8(r30)
  955  00001a5c  001ee820	add	r29,r0,r30
  956  00001a60  8fdefffc	lw	r30,-4(r30)
  957  00001a64  4be00000	jr	r31
  958  00001a68  54000000	nop
  959  00001a6c          	.endproc _dmindex
  960  00001a6c          	.align 2
  961  00001a6c          	.proc _dindex
  962  00001a6c          	.global _dindex
  963  00001a6c          	_dindex:
  964                      ;  Function 'dindex'; 0 bytes of locals, 1 regs to save.
  965  00001a6c  afbefffc	sw	-4(r29),r30; push fp
  966  00001a70  001df020	add	r30,r0,r29; fp = sp
  967  00001a74  afbffff8	sw	-8(r29),r31; push ret addr
  968  00001a78  2fbd0010	subui	r29,r29,#16; alloc local storage
  969  00001a7c  afa20000	sw	0(r29),r2
  970  00001a80  54000000	nop
  971  00001a84          	L55_LF2:
  972  00001a84  8fc10000	lw	r1,(r30)
  973  00001a88  90220000	lbu	r2,(r1)
  974  00001a8c  64410000	snei	r1,r2,#0
  975  00001a90  1420000c	bnez	r1,L57_LF2
  976  00001a94  54000000	nop; delay slot nop
  977  00001a98  08000040	j	L56_LF2
  978  00001a9c  54000000	nop; delay slot nop
  979  00001aa0          	L57_LF2:
  980  00001aa0  8fc10000	lw	r1,(r30)
  981  00001aa4  90220000	lbu	r2,(r1)
  982  00001aa8  8fc10004	lw	r1,4(r30)
  983  00001aac  00411028	seq	r2,r2,r1
  984  00001ab0  10400010	beqz	r2,L58_LF2
  985  00001ab4  54000000	nop; delay slot nop
  986  00001ab8  8fc10000	lw	r1,(r30)
  987  00001abc  08000028	j	L54_LF2
  988  00001ac0  54000000	nop; delay slot nop
  989  00001ac4          	L58_LF2:
  990  00001ac4  8fc20000	lw	r2,(r30)
  991  00001ac8  20410001	addi	r1,r2,#1
  992  00001acc  00011020	add	r2,r0,r1
  993  00001ad0  afc20000	sw	(r30),r2
  994  00001ad4  0bffffac	j	L55_LF2
  995  00001ad8  54000000	nop; delay slot nop
  996  00001adc          	L56_LF2:
  997  00001adc  20010000	addi	r1,r0,#0
  998  00001ae0  08000004	j	L54_LF2
  999  00001ae4  54000000	nop; delay slot nop
 1000  00001ae8          	L54_LF2:
 1001  00001ae8  8fa20000	lw	r2,0(r29)
 1002  00001aec  8fdffff8	lw	r31,-8(r30)
 1003  00001af0  001ee820	add	r29,r0,r30
 1004  00001af4  8fdefffc	lw	r30,-4(r30)
 1005  00001af8  4be00000	jr	r31
 1006  00001afc  54000000	nop
 1007  00001b00          	.endproc _dindex
 1008  00001b00          	.align 2
 1009  00001b00          	.proc _ditoa
 1010  00001b00          	.global _ditoa
 1011  00001b00          	_ditoa:
 1012                      ;  Function 'ditoa'; 8 bytes of locals, 2 regs to save.
 1013  00001b00  afbefffc	sw	-4(r29),r30; push fp
 1014  00001b04  001df020	add	r30,r0,r29; fp = sp
 1015  00001b08  afbffff8	sw	-8(r29),r31; push ret addr
 1016  00001b0c  2fbd0018	subui	r29,r29,#24; alloc local storage
 1017  00001b10  afa20000	sw	0(r29),r2
 1018  00001b14  afa30004	sw	4(r29),r3
 1019  00001b18  8fc10000	lw	r1,(r30)
 1020  00001b1c  68220000	slti	r2,r1,#0
 1021  00001b20  1040002c	beqz	r2,L60_LF2
 1022  00001b24  54000000	nop; delay slot nop
 1023  00001b28  8fc10004	lw	r1,4(r30)
 1024  00001b2c  20220001	addi	r2,r1,#1
 1025  00001b30  afc20004	sw	4(r30),r2
 1026  00001b34  2002002d	addi	r2,r0,(#0x2d)&0xff
 1027  00001b38  a0220000	sb	(r1),r2
 1028  00001b3c  8fc10000	lw	r1,(r30)
 1029  00001b40  00011022	sub	r2,r0,r1
 1030  00001b44  afc20000	sw	(r30),r2
 1031  00001b48  08000118	j	L61_LF2
 1032  00001b4c  54000000	nop; delay slot nop
 1033  00001b50          	L60_LF2:
 1034  00001b50  8fc10000	lw	r1,(r30)
 1035  00001b54  64220000	snei	r2,r1,#0
 1036  00001b58  14400020	bnez	r2,L62_LF2
 1037  00001b5c  54000000	nop; delay slot nop
 1038  00001b60  8fc10004	lw	r1,4(r30)
 1039  00001b64  20220001	addi	r2,r1,#1
 1040  00001b68  afc20004	sw	4(r30),r2
 1041  00001b6c  20020030	addi	r2,r0,(#0x30)&0xff
 1042  00001b70  a0220000	sb	(r1),r2
 1043  00001b74  080000ec	j	L61_LF2
 1044  00001b78  54000000	nop; delay slot nop
 1045  00001b7c          	L62_LF2:
 1046  00001b7c  20010001	addi	r1,r0,#1
 1047  00001b80  afc1fff4	sw	-12(r30),r1
 1048  00001b84          	L64_LF2:
 1049  00001b84  8fc1fff4	lw	r1,-12(r30)
 1050  00001b88  8fc20000	lw	r2,(r30)
 1051  00001b8c  0022082c	sle	r1,r1,r2
 1052  00001b90  1420000c	bnez	r1,L66_LF2
 1053  00001b94  54000000	nop; delay slot nop
 1054  00001b98  08000024	j	L65_LF2
 1055  00001b9c  54000000	nop; delay slot nop
 1056  00001ba0          	L67_LF2:
 1057  00001ba0          	L66_LF2:
 1058  00001ba0  8fc1fff4	lw	r1,-12(r30)
 1059  00001ba4  00011820	add	r3,r0,r1
 1060  00001ba8  50620002	slli	r2,r3,#0x2
 1061  00001bac  00411020	add	r2,r2,r1
 1062  00001bb0  50410001	slli	r1,r2,#0x1
 1063  00001bb4  afc1fff4	sw	-12(r30),r1
 1064  00001bb8  0bffffc8	j	L64_LF2
 1065  00001bbc  54000000	nop; delay slot nop
 1066  00001bc0          	L65_LF2:
 1067  00001bc0  54000000	nop
 1068  00001bc4          	L68_LF2:
 1069  00001bc4  8fc1fff4	lw	r1,-12(r30)
 1070  00001bc8  2002000a	addi	r2,r0,#10
 1071  00001bcc  00200035	movi2fp	f0,r1
 1072  00001bd0  00400835	movi2fp	f1,r2
 1073  00001bd4  0401000f	div	f0,f0,f1
 1074  00001bd8  00000834	movfp2i	r1,f0
 1075  00001bdc  afc1fff4	sw	-12(r30),r1
 1076  00001be0  8fc10004	lw	r1,4(r30)
 1077  00001be4  20220001	addi	r2,r1,#1
 1078  00001be8  afc20004	sw	4(r30),r2
 1079  00001bec  8fc20000	lw	r2,(r30)
 1080  00001bf0  8fc3fff4	lw	r3,-12(r30)
 1081  00001bf4  00400035	movi2fp	f0,r2
 1082  00001bf8  00600835	movi2fp	f1,r3
 1083  00001bfc  0401000f	div	f0,f0,f1
 1084  00001c00  00001034	movfp2i	r2,f0
 1085  00001c04  00021820	add	r3,r0,r2
 1086  00001c08  20620030	addi	r2,r3,#48
 1087  00001c0c  a0220000	sb	(r1),r2
 1088  00001c10  8fc10000	lw	r1,(r30)
 1089  00001c14  8fc3fff4	lw	r3,-12(r30)
 1090  00001c18  00200035	movi2fp	f0,r1
 1091  00001c1c  00600835	movi2fp	f1,r3
 1092  00001c20  0401000f	div	f0,f0,f1
 1093  00001c24  00001034	movfp2i	r2,f0
 1094  00001c28  8fc3fff4	lw	r3,-12(r30)
 1095  00001c2c  00400035	movi2fp	f0,r2
 1096  00001c30  00600835	movi2fp	f1,r3
 1097  00001c34  0401000e	mult	f0,f0,f1
 1098  00001c38  00001034	movfp2i	r2,f0
 1099  00001c3c  00220822	sub	r1,r1,r2
 1100  00001c40  afc10000	sw	(r30),r1
 1101  00001c44          	L70_LF2:
 1102  00001c44  8fc1fff4	lw	r1,-12(r30)
 1103  00001c48  6c220001	sgti	r2,r1,#1
 1104  00001c4c  1440000c	bnez	r2,L71_LF2
 1105  00001c50  54000000	nop; delay slot nop
 1106  00001c54  0800000c	j	L61_LF2
 1107  00001c58  54000000	nop; delay slot nop
 1108  00001c5c          	L71_LF2:
 1109  00001c5c  0bffff64	j	L68_LF2
 1110  00001c60  54000000	nop; delay slot nop
 1111  00001c64          	L69_LF2:
 1112  00001c64          	L63_LF2:
 1113  00001c64          	L61_LF2:
 1114  00001c64  8fc10004	lw	r1,4(r30)
 1115  00001c68  20020000	addi	r2,r0,(#0x0)&0xff
 1116  00001c6c  a0220000	sb	(r1),r2
 1117  00001c70          	L59_LF2:
 1118  00001c70  8fa20000	lw	r2,0(r29)
 1119  00001c74  8fa30004	lw	r3,4(r29)
 1120  00001c78  8fdffff8	lw	r31,-8(r30)
 1121  00001c7c  001ee820	add	r29,r0,r30
 1122  00001c80  8fdefffc	lw	r30,-4(r30)
 1123  00001c84  4be00000	jr	r31
 1124  00001c88  54000000	nop
 1125  00001c8c          	.endproc _ditoa
 1126  00001c8c          	.align 2
 1127  00001c8c          	.proc _dstrtol
 1128  00001c8c          	.global _dstrtol
 1129  00001c8c          	_dstrtol:
 1130                      ;  Function 'dstrtol'; 16 bytes of locals, 1 regs to save.
 1131  00001c8c  afbefffc	sw	-4(r29),r30; push fp
 1132  00001c90  001df020	add	r30,r0,r29; fp = sp
 1133  00001c94  afbffff8	sw	-8(r29),r31; push ret addr
 1134  00001c98  2fbd0020	subui	r29,r29,#32; alloc local storage
 1135  00001c9c  afa20000	sw	0(r29),r2
 1136  00001ca0  20010000	addi	r1,r0,#0
 1137  00001ca4  afc1fff4	sw	-12(r30),r1
 1138  00001ca8          	L73_LF2:
 1139  00001ca8  8fc10000	lw	r1,(r30)
 1140  00001cac  90220000	lbu	r2,(r1)
 1141  00001cb0  60410020	seqi	r1,r2,#32
 1142  00001cb4  14200034	bnez	r1,L75_LF2
 1143  00001cb8  54000000	nop; delay slot nop
 1144  00001cbc  8fc10000	lw	r1,(r30)
 1145  00001cc0  90220000	lbu	r2,(r1)
 1146  00001cc4  60410009	seqi	r1,r2,#9
 1147  00001cc8  14200020	bnez	r1,L75_LF2
 1148  00001ccc  54000000	nop; delay slot nop
 1149  00001cd0  8fc10000	lw	r1,(r30)
 1150  00001cd4  90220000	lbu	r2,(r1)
 1151  00001cd8  6041000a	seqi	r1,r2,#10
 1152  00001cdc  1420000c	bnez	r1,L75_LF2
 1153  00001ce0  54000000	nop; delay slot nop
 1154  00001ce4  0800001c	j	L74_LF2
 1155  00001ce8  54000000	nop; delay slot nop
 1156  00001cec          	L75_LF2:
 1157  00001cec  8fc20000	lw	r2,(r30)
 1158  00001cf0  20410001	addi	r1,r2,#1
 1159  00001cf4  00011020	add	r2,r0,r1
 1160  00001cf8  afc20000	sw	(r30),r2
 1161  00001cfc  0bffffa8	j	L73_LF2
 1162  00001d00  54000000	nop; delay slot nop
 1163  00001d04          	L74_LF2:
 1164  00001d04  8fc10004	lw	r1,4(r30)
 1165  00001d08  64220000	snei	r2,r1,#0
 1166  00001d0c  10400010	beqz	r2,L76_LF2
 1167  00001d10  54000000	nop; delay slot nop
 1168  00001d14  8fc10004	lw	r1,4(r30)
 1169  00001d18  8fc20000	lw	r2,(r30)
 1170  00001d1c  ac220000	sw	(r1),r2
 1171  00001d20          	L76_LF2:
 1172  00001d20  8fc10000	lw	r1,(r30)
 1173  00001d24  90220000	lbu	r2,(r1)
 1174  00001d28  64410000	snei	r1,r2,#0
 1175  00001d2c  14200010	bnez	r1,L77_LF2
 1176  00001d30  54000000	nop; delay slot nop
 1177  00001d34  8fc1fff4	lw	r1,-12(r30)
 1178  00001d38  08000294	j	L72_LF2
 1179  00001d3c  54000000	nop; delay slot nop
 1180  00001d40          	L77_LF2:
 1181  00001d40  8fc10000	lw	r1,(r30)
 1182  00001d44  90220000	lbu	r2,(r1)
 1183  00001d48  6041002d	seqi	r1,r2,#45
 1184  00001d4c  10200024	beqz	r1,L78_LF2
 1185  00001d50  54000000	nop; delay slot nop
 1186  00001d54  2001ffff	addi	r1,r0,#-1
 1187  00001d58  afc1ffec	sw	-20(r30),r1
 1188  00001d5c  8fc20000	lw	r2,(r30)
 1189  00001d60  20410001	addi	r1,r2,#1
 1190  00001d64  00011020	add	r2,r0,r1
 1191  00001d68  afc20000	sw	(r30),r2
 1192  00001d6c  0800000c	j	L79_LF2
 1193  00001d70  54000000	nop; delay slot nop
 1194  00001d74          	L78_LF2:
 1195  00001d74  20010001	addi	r1,r0,#1
 1196  00001d78  afc1ffec	sw	-20(r30),r1
 1197  00001d7c          	L79_LF2:
 1198  00001d7c  8fc10008	lw	r1,8(r30)
 1199  00001d80  64220000	snei	r2,r1,#0
 1200  00001d84  14400090	bnez	r2,L80_LF2
 1201  00001d88  54000000	nop; delay slot nop
 1202  00001d8c  8fc10000	lw	r1,(r30)
 1203  00001d90  90220000	lbu	r2,(r1)
 1204  00001d94  60410030	seqi	r1,r2,#48
 1205  00001d98  10200074	beqz	r1,L81_LF2
 1206  00001d9c  54000000	nop; delay slot nop
 1207  00001da0  8fc20000	lw	r2,(r30)
 1208  00001da4  20410001	addi	r1,r2,#1
 1209  00001da8  00011020	add	r2,r0,r1
 1210  00001dac  afc20000	sw	(r30),r2
 1211  00001db0  8fc10000	lw	r1,(r30)
 1212  00001db4  90220000	lbu	r2,(r1)
 1213  00001db8  60410078	seqi	r1,r2,#120
 1214  00001dbc  14200020	bnez	r1,L83_LF2
 1215  00001dc0  54000000	nop; delay slot nop
 1216  00001dc4  8fc10000	lw	r1,(r30)
 1217  00001dc8  90220000	lbu	r2,(r1)
 1218  00001dcc  60410058	seqi	r1,r2,#88
 1219  00001dd0  1420000c	bnez	r1,L83_LF2
 1220  00001dd4  54000000	nop; delay slot nop
 1221  00001dd8  08000024	j	L82_LF2
 1222  00001ddc  54000000	nop; delay slot nop
 1223  00001de0          	L83_LF2:
 1224  00001de0  20010010	addi	r1,r0,#16
 1225  00001de4  afc10008	sw	8(r30),r1
 1226  00001de8  8fc20000	lw	r2,(r30)
 1227  00001dec  20410001	addi	r1,r2,#1
 1228  00001df0  00011020	add	r2,r0,r1
 1229  00001df4  afc20000	sw	(r30),r2
 1230  00001df8  0800000c	j	L84_LF2
 1231  00001dfc  54000000	nop; delay slot nop
 1232  00001e00          	L82_LF2:
 1233  00001e00  20010008	addi	r1,r0,#8
 1234  00001e04  afc10008	sw	8(r30),r1
 1235  00001e08          	L84_LF2:
 1236  00001e08  0800000c	j	L80_LF2
 1237  00001e0c  54000000	nop; delay slot nop
 1238  00001e10          	L81_LF2:
 1239  00001e10  2001000a	addi	r1,r0,#10
 1240  00001e14  afc10008	sw	8(r30),r1
 1241  00001e18          	L85_LF2:
 1242  00001e18          	L80_LF2:
 1243  00001e18  8fc10008	lw	r1,8(r30)
 1244  00001e1c  70220000	slei	r2,r1,#0
 1245  00001e20  1440001c	bnez	r2,L87_LF2
 1246  00001e24  54000000	nop; delay slot nop
 1247  00001e28  8fc10008	lw	r1,8(r30)
 1248  00001e2c  6c220010	sgti	r2,r1,#16
 1249  00001e30  1440000c	bnez	r2,L87_LF2
 1250  00001e34  54000000	nop; delay slot nop
 1251  00001e38  08000010	j	L86_LF2
 1252  00001e3c  54000000	nop; delay slot nop
 1253  00001e40          	L87_LF2:
 1254  00001e40  8fc1fff4	lw	r1,-12(r30)
 1255  00001e44  08000188	j	L72_LF2
 1256  00001e48  54000000	nop; delay slot nop
 1257  00001e4c          	L86_LF2:
 1258  00001e4c  54000000	nop
 1259  00001e50          	L88_LF2:
 1260  00001e50  8fc10000	lw	r1,(r30)
 1261  00001e54  90220000	lbu	r2,(r1)
 1262  00001e58  6c41002f	sgtui	r1,r2,#47
 1263  00001e5c  10200030	beqz	r1,L91_LF2
 1264  00001e60  54000000	nop; delay slot nop
 1265  00001e64  8fc10000	lw	r1,(r30)
 1266  00001e68  90220000	lbu	r2,(r1)
 1267  00001e6c  70410039	sleui	r1,r2,#57
 1268  00001e70  1020001c	beqz	r1,L91_LF2
 1269  00001e74  54000000	nop; delay slot nop
 1270  00001e78  8fc10000	lw	r1,(r30)
 1271  00001e7c  90220000	lbu	r2,(r1)
 1272  00001e80  2041ffd0	addi	r1,r2,#-48
 1273  00001e84  afc1fff0	sw	-16(r30),r1
 1274  00001e88  0800008c	j	L92_LF2
 1275  00001e8c  54000000	nop; delay slot nop
 1276  00001e90          	L91_LF2:
 1277  00001e90  8fc10000	lw	r1,(r30)
 1278  00001e94  90220000	lbu	r2,(r1)
 1279  00001e98  6c410060	sgtui	r1,r2,#96
 1280  00001e9c  10200030	beqz	r1,L93_LF2
 1281  00001ea0  54000000	nop; delay slot nop
 1282  00001ea4  8fc10000	lw	r1,(r30)
 1283  00001ea8  90220000	lbu	r2,(r1)
 1284  00001eac  7041007a	sleui	r1,r2,#122
 1285  00001eb0  1020001c	beqz	r1,L93_LF2
 1286  00001eb4  54000000	nop; delay slot nop
 1287  00001eb8  8fc10000	lw	r1,(r30)
 1288  00001ebc  90220000	lbu	r2,(r1)
 1289  00001ec0  2041ffa9	addi	r1,r2,#-87
 1290  00001ec4  afc1fff0	sw	-16(r30),r1
 1291  00001ec8  0800004c	j	L92_LF2
 1292  00001ecc  54000000	nop; delay slot nop
 1293  00001ed0          	L93_LF2:
 1294  00001ed0  8fc10000	lw	r1,(r30)
 1295  00001ed4  90220000	lbu	r2,(r1)
 1296  00001ed8  6c410040	sgtui	r1,r2,#64
 1297  00001edc  10200030	beqz	r1,L95_LF2
 1298  00001ee0  54000000	nop; delay slot nop
 1299  00001ee4  8fc10000	lw	r1,(r30)
 1300  00001ee8  90220000	lbu	r2,(r1)
 1301  00001eec  7041005a	sleui	r1,r2,#90
 1302  00001ef0  1020001c	beqz	r1,L95_LF2
 1303  00001ef4  54000000	nop; delay slot nop
 1304  00001ef8  8fc10000	lw	r1,(r30)
 1305  00001efc  90220000	lbu	r2,(r1)
 1306  00001f00  2041ffc9	addi	r1,r2,#-55
 1307  00001f04  afc1fff0	sw	-16(r30),r1
 1308  00001f08  0800000c	j	L92_LF2
 1309  00001f0c  54000000	nop; delay slot nop
 1310  00001f10          	L95_LF2:
 1311  00001f10  200103e8	addi	r1,r0,#1000
 1312  00001f14  afc1fff0	sw	-16(r30),r1
 1313  00001f18          	L96_LF2:
 1314  00001f18          	L94_LF2:
 1315  00001f18          	L92_LF2:
 1316  00001f18  8fc1fff0	lw	r1,-16(r30)
 1317  00001f1c  8fc20008	lw	r2,8(r30)
 1318  00001f20  0022082a	slt	r1,r1,r2
 1319  00001f24  10200040	beqz	r1,L90_LF2
 1320  00001f28  54000000	nop; delay slot nop
 1321  00001f2c  8fc1fff4	lw	r1,-12(r30)
 1322  00001f30  8fc20008	lw	r2,8(r30)
 1323  00001f34  00200035	movi2fp	f0,r1
 1324  00001f38  00400835	movi2fp	f1,r2
 1325  00001f3c  0401000e	mult	f0,f0,f1
 1326  00001f40  00000834	movfp2i	r1,f0
 1327  00001f44  afc1fff4	sw	-12(r30),r1
 1328  00001f48  8fc1fff4	lw	r1,-12(r30)
 1329  00001f4c  8fc2fff0	lw	r2,-16(r30)
 1330  00001f50  00220820	add	r1,r1,r2
 1331  00001f54  afc1fff4	sw	-12(r30),r1
 1332  00001f58  8fc20000	lw	r2,(r30)
 1333  00001f5c  20410001	addi	r1,r2,#1
 1334  00001f60  00011020	add	r2,r0,r1
 1335  00001f64  afc20000	sw	(r30),r2
 1336  00001f68          	L97_LF2:
 1337  00001f68          	L90_LF2:
 1338  00001f68  8fc1fff0	lw	r1,-16(r30)
 1339  00001f6c  8fc20008	lw	r2,8(r30)
 1340  00001f70  0022082a	slt	r1,r1,r2
 1341  00001f74  1420000c	bnez	r1,L98_LF2
 1342  00001f78  54000000	nop; delay slot nop
 1343  00001f7c  0800000c	j	L89_LF2
 1344  00001f80  54000000	nop; delay slot nop
 1345  00001f84          	L98_LF2:
 1346  00001f84  0bfffec8	j	L88_LF2
 1347  00001f88  54000000	nop; delay slot nop
 1348  00001f8c          	L89_LF2:
 1349  00001f8c  8fc10004	lw	r1,4(r30)
 1350  00001f90  64220000	snei	r2,r1,#0
 1351  00001f94  10400010	beqz	r2,L99_LF2
 1352  00001f98  54000000	nop; delay slot nop
 1353  00001f9c  8fc10004	lw	r1,4(r30)
 1354  00001fa0  8fc20000	lw	r2,(r30)
 1355  00001fa4  ac220000	sw	(r1),r2
 1356  00001fa8          	L99_LF2:
 1357  00001fa8  8fc1fff4	lw	r1,-12(r30)
 1358  00001fac  8fc2ffec	lw	r2,-20(r30)
 1359  00001fb0  00200035	movi2fp	f0,r1
 1360  00001fb4  00400835	movi2fp	f1,r2
 1361  00001fb8  0401000e	mult	f0,f0,f1
 1362  00001fbc  00000834	movfp2i	r1,f0
 1363  00001fc0  afc1fff4	sw	-12(r30),r1
 1364  00001fc4  8fc1fff4	lw	r1,-12(r30)
 1365  00001fc8  08000004	j	L72_LF2
 1366  00001fcc  54000000	nop; delay slot nop
 1367  00001fd0          	L72_LF2:
 1368  00001fd0  8fa20000	lw	r2,0(r29)
 1369  00001fd4  8fdffff8	lw	r31,-8(r30)
 1370  00001fd8  001ee820	add	r29,r0,r30
 1371  00001fdc  8fdefffc	lw	r30,-4(r30)
 1372  00001fe0  4be00000	jr	r31
 1373  00001fe4  54000000	nop
 1374  00001fe8          	.endproc _dstrtol
 1375  00001fe8          	.align 2
 1376  00001fe8          	.proc _bcopy
 1377  00001fe8          	.global _bcopy
 1378  00001fe8          	_bcopy:
 1379                      ;  Function 'bcopy'; 0 bytes of locals, 2 regs to save.
 1380  00001fe8  afbefffc	sw	-4(r29),r30; push fp
 1381  00001fec  001df020	add	r30,r0,r29; fp = sp
 1382  00001ff0  afbffff8	sw	-8(r29),r31; push ret addr
 1383  00001ff4  2fbd0010	subui	r29,r29,#16; alloc local storage
 1384  00001ff8  afa20000	sw	0(r29),r2
 1385  00001ffc  afa30004	sw	4(r29),r3
 1386  00002000  54000000	nop
 1387  00002004          	L101_LF2:
 1388  00002004  8fc10008	lw	r1,8(r30)
 1389  00002008  2022ffff	addi	r2,r1,#-1
 1390  0000200c  afc20008	sw	8(r30),r2
 1391  00002010  6c210000	sgti	r1,r1,#0
 1392  00002014  1420000c	bnez	r1,L103_LF2
 1393  00002018  54000000	nop; delay slot nop
 1394  0000201c  0800002c	j	L102_LF2
 1395  00002020  54000000	nop; delay slot nop
 1396  00002024          	L103_LF2:
 1397  00002024  8fc10004	lw	r1,4(r30)
 1398  00002028  20220001	addi	r2,r1,#1
 1399  0000202c  afc20004	sw	4(r30),r2
 1400  00002030  8fc20000	lw	r2,(r30)
 1401  00002034  20430001	addi	r3,r2,#1
 1402  00002038  afc30000	sw	(r30),r3
 1403  0000203c  80420000	lb	r2,(r2)
 1404  00002040  a0220000	sb	(r1),r2
 1405  00002044  0bffffbc	j	L101_LF2
 1406  00002048  54000000	nop; delay slot nop
 1407  0000204c          	L102_LF2:
 1408  0000204c          	L100_LF2:
 1409  0000204c  8fa20000	lw	r2,0(r29)
 1410  00002050  8fa30004	lw	r3,4(r29)
 1411  00002054  8fdffff8	lw	r31,-8(r30)
 1412  00002058  001ee820	add	r29,r0,r30
 1413  0000205c  8fdefffc	lw	r30,-4(r30)
 1414  00002060  4be00000	jr	r31
 1415  00002064  54000000	nop
 1416  00002068          	.endproc _bcopy
 1417  00002068          	.align 2
 1418  00002068          	.proc _bzero
 1419  00002068          	.global _bzero
 1420  00002068          	_bzero:
 1421                      ;  Function 'bzero'; 0 bytes of locals, 1 regs to save.
 1422  00002068  afbefffc	sw	-4(r29),r30; push fp
 1423  0000206c  001df020	add	r30,r0,r29; fp = sp
 1424  00002070  afbffff8	sw	-8(r29),r31; push ret addr
 1425  00002074  2fbd0010	subui	r29,r29,#16; alloc local storage
 1426  00002078  afa20000	sw	0(r29),r2
 1427  0000207c  54000000	nop
 1428  00002080          	L105_LF2:
 1429  00002080  8fc10004	lw	r1,4(r30)
 1430  00002084  2022ffff	addi	r2,r1,#-1
 1431  00002088  afc20004	sw	4(r30),r2
 1432  0000208c  6c210000	sgti	r1,r1,#0
 1433  00002090  1420000c	bnez	r1,L107_LF2
 1434  00002094  54000000	nop; delay slot nop
 1435  00002098  08000020	j	L106_LF2
 1436  0000209c  54000000	nop; delay slot nop
 1437  000020a0          	L107_LF2:
 1438  000020a0  8fc10000	lw	r1,(r30)
 1439  000020a4  20220001	addi	r2,r1,#1
 1440  000020a8  afc20000	sw	(r30),r2
 1441  000020ac  20020000	addi	r2,r0,(#0x0)&0xff
 1442  000020b0  a0220000	sb	(r1),r2
 1443  000020b4  0bffffc8	j	L105_LF2
 1444  000020b8  54000000	nop; delay slot nop
 1445  000020bc          	L106_LF2:
 1446  000020bc          	L104_LF2:
 1447  000020bc  8fa20000	lw	r2,0(r29)
 1448  000020c0  8fdffff8	lw	r31,-8(r30)
 1449  000020c4  001ee820	add	r29,r0,r30
 1450  000020c8  8fdefffc	lw	r30,-4(r30)
 1451  000020cc  4be00000	jr	r31
 1452  000020d0  54000000	nop
 1453  000020d4          	.endproc _bzero
 1454  000020d4          	.align 2
 1455  000020d4          	.proc _min
 1456  000020d4          	.global _min
 1457  000020d4          	_min:
 1458                      ;  Function 'min'; 0 bytes of locals, 2 regs to save.
 1459  000020d4  afbefffc	sw	-4(r29),r30; push fp
 1460  000020d8  001df020	add	r30,r0,r29; fp = sp
 1461  000020dc  afbffff8	sw	-8(r29),r31; push ret addr
 1462  000020e0  2fbd0010	subui	r29,r29,#16; alloc local storage
 1463  000020e4  afa20000	sw	0(r29),r2
 1464  000020e8  afa30004	sw	4(r29),r3
 1465  000020ec  8fc10000	lw	r1,(r30)
 1466  000020f0  8fc20004	lw	r2,4(r30)
 1467  000020f4  0022182c	sle	r3,r1,r2
 1468  000020f8  14600008	bnez	r3,L109_LF2
 1469  000020fc  54000000	nop; delay slot nop
 1470  00002100  8fc10004	lw	r1,4(r30)
 1471  00002104          	L109_LF2:
 1472  00002104  08000004	j	L108_LF2
 1473  00002108  54000000	nop; delay slot nop
 1474  0000210c          	L108_LF2:
 1475  0000210c  8fa20000	lw	r2,0(r29)
 1476  00002110  8fa30004	lw	r3,4(r29)
 1477  00002114  8fdffff8	lw	r31,-8(r30)
 1478  00002118  001ee820	add	r29,r0,r30
 1479  0000211c  8fdefffc	lw	r30,-4(r30)
 1480  00002120  4be00000	jr	r31
 1481  00002124  54000000	nop
 1482  00002128          	.endproc _min
 1483                      ;;; Ethan L. Miller, 1999.  Released to the public domain
 1484                      ;;;
 1485                      ;;; Most of the traps are called in files from libtraps.
 1488  00002128          	.align 2
 1489  00002128          	.proc _exit
 1490  00002128          	.global _exit
 1491  00002128          	_exit:
 1492  00002128  44000300	trap	#0x300
 1493  0000212c  4be00000	jr	r31
 1494  00002130  54000000	nop
 1495  00002134          	.endproc _exit
 1497                      ; for the benefit of gcc.
 1498  00002134          	.proc ___main
 1499  00002134          	.global ___main
 1500  00002134          	___main:
 1501  00002134  4be00000	jr	r31
 1502  00002138  54000000	nop
 1503  0000213c          	.endproc ___main
 1504  0000213c          	.text
 1505  0000213c          	.global _etext
 1506  0000213c          	_etext:
 1507  0000213c          	.align 3
 1508  00002140          	.data
 1509  00003112          	.global _edata
 1510  00003112          	_edata:
