 line   address	contents
    1                      ; Linked by DLX-LD.
    2                      ; MemSize 24576
    3                      ; Data size: 297
    4                      ; Text size: 4584
    5                      ; Stack size: 8192
    6  00000000          	.text 0x1000
    7  00001000          	.data 0x3000
    8                      ; Compiled by GCC
    9  00003000          	.text
   10  00001000          	.align 2
   11  00001000          	.proc _isspace
   12  00001000          	.global _isspace
   13  00001000          	_isspace:
   14                      ;  Function 'isspace'; 0 bytes of locals, 1 regs to save.
   15  00001000  afbefffc	sw	-4(r29),r30; push fp
   16  00001004  001df020	add	r30,r0,r29; fp = sp
   17  00001008  afbffff8	sw	-8(r29),r31; push ret addr
   18  0000100c  2fbd0010	subui	r29,r29,#16; alloc local storage
   19  00001010  afa20000	sw	0(r29),r2
   20  00001014  83c20003	lb	r2,3(r30)
   21  00001018  201f0000	addi	r31,r0,#0
   22  0000101c  304100ff	andi	r1,r2,#0x00ff
   23  00001020  60210020	seqi	r1,r1,#32
   24  00001024  14200018	bnez	r1,L6_LF0
   25  00001028  54000000	nop; not filled.
   26  0000102c  2041fff7	addi	r1,r2,#-9
   27  00001030  302100ff	andi	r1,r1,#0x00ff
   28  00001034  70210001	sleui	r1,r1,#1
   29  00001038  10200008	beqz	r1,L5_LF0
   30  0000103c  54000000	nop; not filled.
   31  00001040          	L6_LF0:
   32  00001040  201f0001	addi	r31,r0,#1
   33  00001044          	L5_LF0:
   34  00001044  001f0820	add	r1,r0,r31
   35  00001048  8fa20000	lw	r2,0(r29)
   36  0000104c  8fdffff8	lw	r31,-8(r30)
   37  00001050  001ee820	add	r29,r0,r30
   38  00001054  8fdefffc	lw	r30,-4(r30)
   39  00001058  4be00000	jr	r31
   40  0000105c  54000000	nop
   41  00001060          	.endproc _isspace
   42  00001060          	.align 2
   43  00001060          	.proc _isxdigit
   44  00001060          	.global _isxdigit
   45  00001060          	_isxdigit:
   46                      ;  Function 'isxdigit'; 0 bytes of locals, 1 regs to save.
   47  00001060  afbefffc	sw	-4(r29),r30; push fp
   48  00001064  001df020	add	r30,r0,r29; fp = sp
   49  00001068  afbffff8	sw	-8(r29),r31; push ret addr
   50  0000106c  2fbd0010	subui	r29,r29,#16; alloc local storage
   51  00001070  afa20000	sw	0(r29),r2
   52  00001074  83df0003	lb	r31,3(r30)
   53  00001078  20020000	addi	r2,r0,#0
   54  0000107c  23e1ffd0	addi	r1,r31,#-48
   55  00001080  302100ff	andi	r1,r1,#0x00ff
   56  00001084  70210009	sleui	r1,r1,#9
   57  00001088  14200028	bnez	r1,L12_LF0
   58  0000108c  54000000	nop; not filled.
   59  00001090  23e1ff9f	addi	r1,r31,#-97
   60  00001094  302100ff	andi	r1,r1,#0x00ff
   61  00001098  70210005	sleui	r1,r1,#5
   62  0000109c  14200014	bnez	r1,L12_LF0
   63  000010a0  54000000	nop; not filled.
   64  000010a4  33e100ff	andi	r1,r31,#0x00ff
   65  000010a8  64210041	snei	r1,r1,#65
   66  000010ac  14200008	bnez	r1,L11_LF0
   67  000010b0  54000000	nop; not filled.
   68  000010b4          	L12_LF0:
   69  000010b4  20020001	addi	r2,r0,#1
   70  000010b8          	L11_LF0:
   71  000010b8  00020820	add	r1,r0,r2
   72  000010bc  8fa20000	lw	r2,0(r29)
   73  000010c0  8fdffff8	lw	r31,-8(r30)
   74  000010c4  001ee820	add	r29,r0,r30
   75  000010c8  8fdefffc	lw	r30,-4(r30)
   76  000010cc  4be00000	jr	r31
   77  000010d0  54000000	nop
   78  000010d4          	.endproc _isxdigit
   79  000010d4          	.data
   80  00003000          	.align 2
   81  00003000          	LC0_LF0:
   82  00003000  55736167	.ascii "Usage: \000"
   82  00003004  653a2000	
   83  00003008          	.align 2
   84  00003008          	LC1_LF0:
   85  00003008  203c6861	.ascii " <handle_to_shared_memory_page> <handle_to_page_mapped_semaphore> <han"
   85  0000300c  6e646c65	
   85  00003010  5f746f5f	
   85  00003014  73686172	
   85  00003018  65645f6d	
   85  0000301c  656d6f72	
   85  00003020  795f7061	
   85  00003024  67653e20	
   85  00003028  3c68616e	
   85  0000302c  646c655f	
   85  00003030  746f5f70	
   85  00003034  6167655f	
   85  00003038  6d617070	
   85  0000303c  65645f73	
   85  00003040  656d6170	
   85  00003044  686f7265	
   85  00003048  3e203c68	
   85  0000304c  616e    	
   86  0000304e  646c655f	.ascii "dle_to_page_mapped_lock>\n\000"
   86  00003052  746f5f70	
   86  00003056  6167655f	
   86  0000305a  6d617070	
   86  0000305e  65645f6c	
   86  00003062  6f636b3e	
   86  00003066  0a00    	
   87  00003068          	.align 2
   88  00003068          	LC2_LF0:
   89  00003068  436f756c	.ascii "Could not map the virtual address to the memory in \000"
   89  0000306c  64206e6f	
   89  00003070  74206d61	
   89  00003074  70207468	
   89  00003078  65207669	
   89  0000307c  72747561	
   89  00003080  6c206164	
   89  00003084  64726573	
   89  00003088  7320746f	
   89  0000308c  20746865	
   89  00003090  206d656d	
   89  00003094  6f727920	
   89  00003098  696e2000	
   90  0000309c          	.align 2
   91  0000309c          	LC3_LF0:
   92  0000309c  2c206578	.ascii ", exiting...\n\000"
   92  000030a0  6974696e	
   92  000030a4  672e2e2e	
   92  000030a8  0a00    	
   93  000030aa          	.align 2
   94  000030ac          	LC4_LF0:
   95  000030ac  636f6e73	.ascii "consumer: My PID is %d\n\000"
   95  000030b0  756d6572	
   95  000030b4  3a204d79	
   95  000030b8  20504944	
   95  000030bc  20697320	
   95  000030c0  25640a00	
   96  000030c4          	.align 2
   97  000030c4          	LC5_LF0:
   98  000030c4  436f6e73	.ascii "Consumer %d removed: %c\n\000"
   98  000030c8  756d6572	
   98  000030cc  20256420	
   98  000030d0  72656d6f	
   98  000030d4  7665643a	
   98  000030d8  2025630a	
   98  000030dc  00      	
   99  000030dd          	.align 2
  100  000030e0          	LC6_LF0:
  101  000030e0  636f6e73	.ascii "consumer: PID %d is complete.\n\000"
  101  000030e4  756d6572	
  101  000030e8  3a205049	
  101  000030ec  44202564	
  101  000030f0  20697320	
  101  000030f4  636f6d70	
  101  000030f8  6c657465	
  101  000030fc  2e0a00  	
  102  000030ff          	.align 2
  103  00003100          	LC7_LF0:
  104  00003100  42616420	.ascii "Bad semaphore s_procs_completed (%d) in \000"
  104  00003104  73656d61	
  104  00003108  70686f72	
  104  0000310c  6520735f	
  104  00003110  70726f63	
  104  00003114  735f636f	
  104  00003118  6d706c65	
  104  0000311c  74656420	
  104  00003120  28256429	
  104  00003124  20696e20	
  104  00003128  00      	
  105  00003129          	.text
  106  000010d4          	.align 2
  107  000010d4          	.proc _main
  108  000010d4          	.global _main
  109  000010d4          	_main:
  110                      ;  Function 'main'; 0 bytes of locals, 0 regs to save.
  111  000010d4  afbefffc	sw	-4(r29),r30; push fp
  112  000010d8  001df020	add	r30,r0,r29; fp = sp
  113  000010dc  afbffff8	sw	-8(r29),r31; push ret addr
  114  000010e0  2fbd0008	subui	r29,r29,#8; alloc local storage
  115  000010e4  8fc20000	lw	r2,(r30)
  116  000010e8  8fc70004	lw	r7,4(r30)
  117  000010ec  0c0010f0	jal	___main
  118  000010f0  54000000	nop; not filled.
  119  000010f4  20060000	addi	r6,r0,#0
  120  000010f8  64410004	snei	r1,r2,#4
  121  000010fc  1020004c	beqz	r1,L14_LF0
  122  00001100  54000000	nop; not filled.
  123  00001104  23bdfff8	addi	r29,r29,#-8
  124  00001108  3c0a0000	lhi	r10,((LC0_LF0)>>16)&0xffff
  125  0000110c  254a3000	addui	r10,r10,(LC0_LF0)&0xffff
  126  00001110  afaa0000	sw	(r29),r10
  127  00001114  0c0002c0	jal	_Printf
  128  00001118  54000000	nop; not filled.
  129  0000111c  8cea0000	lw	r10,(r7)
  130  00001120  afaa0000	sw	(r29),r10
  131  00001124  0c0002b0	jal	_Printf
  132  00001128  54000000	nop; not filled.
  133  0000112c  3c0a0000	lhi	r10,((LC1_LF0)>>16)&0xffff
  134  00001130  254a3008	addui	r10,r10,(LC1_LF0)&0xffff
  135  00001134  afaa0000	sw	(r29),r10
  136  00001138  0c00029c	jal	_Printf
  137  0000113c  54000000	nop; not filled.
  138  00001140  0c000348	jal	_Exit
  139  00001144  54000000	nop; not filled.
  140  00001148  23bd0008	addi	r29,r29,#8
  141  0000114c          	L14_LF0:
  142  0000114c  23bdfff0	addi	r29,r29,#-16
  143  00001150  8cea0004	lw	r10,4(r7)
  144  00001154  afaa0000	sw	(r29),r10
  145  00001158  200a0000	addi	r10,r0,#0
  146  0000115c  afaa0004	sw	4(r29),r10
  147  00001160  200a000a	addi	r10,r0,#10
  148  00001164  afaa0008	sw	8(r29),r10
  149  00001168  0c000bcc	jal	_dstrtol
  150  0000116c  54000000	nop; not filled.
  151  00001170  00011020	add	r2,r0,r1
  152  00001174  8cea0008	lw	r10,8(r7)
  153  00001178  afaa0000	sw	(r29),r10
  154  0000117c  200a0000	addi	r10,r0,#0
  155  00001180  afaa0004	sw	4(r29),r10
  156  00001184  200a000a	addi	r10,r0,#10
  157  00001188  afaa0008	sw	8(r29),r10
  158  0000118c  0c000ba8	jal	_dstrtol
  159  00001190  54000000	nop; not filled.
  160  00001194  00014820	add	r9,r0,r1
  161  00001198  8cea000c	lw	r10,12(r7)
  162  0000119c  afaa0000	sw	(r29),r10
  163  000011a0  200a0000	addi	r10,r0,#0
  164  000011a4  afaa0004	sw	4(r29),r10
  165  000011a8  200a000a	addi	r10,r0,#10
  166  000011ac  afaa0008	sw	8(r29),r10
  167  000011b0  0c000b84	jal	_dstrtol
  168  000011b4  54000000	nop; not filled.
  169  000011b8  00012820	add	r5,r0,r1
  170  000011bc  afa20000	sw	(r29),r2
  171  000011c0  0c000244	jal	_shmat
  172  000011c4  54000000	nop; not filled.
  173  000011c8  00012020	add	r4,r0,r1
  174  000011cc  23bd0010	addi	r29,r29,#16
  175  000011d0  64810000	snei	r1,r4,#0
  176  000011d4  1420004c	bnez	r1,L15_LF0
  177  000011d8  54000000	nop; not filled.
  178  000011dc  23bdfff8	addi	r29,r29,#-8
  179  000011e0  3c0a0000	lhi	r10,((LC2_LF0)>>16)&0xffff
  180  000011e4  254a3068	addui	r10,r10,(LC2_LF0)&0xffff
  181  000011e8  afaa0000	sw	(r29),r10
  182  000011ec  0c0001e8	jal	_Printf
  183  000011f0  54000000	nop; not filled.
  184  000011f4  8cea0000	lw	r10,(r7)
  185  000011f8  afaa0000	sw	(r29),r10
  186  000011fc  0c0001d8	jal	_Printf
  187  00001200  54000000	nop; not filled.
  188  00001204  3c0a0000	lhi	r10,((LC3_LF0)>>16)&0xffff
  189  00001208  254a309c	addui	r10,r10,(LC3_LF0)&0xffff
  190  0000120c  afaa0000	sw	(r29),r10
  191  00001210  0c0001c4	jal	_Printf
  192  00001214  54000000	nop; not filled.
  193  00001218  0c000270	jal	_Exit
  194  0000121c  54000000	nop; not filled.
  195  00001220  23bd0008	addi	r29,r29,#8
  196  00001224          	L15_LF0:
  197  00001224  0c0001bc	jal	_getpid
  198  00001228  54000000	nop; not filled.
  199  0000122c  23bdfff8	addi	r29,r29,#-8
  200  00001230  3c0a0000	lhi	r10,((LC4_LF0)>>16)&0xffff
  201  00001234  254a30ac	addui	r10,r10,(LC4_LF0)&0xffff
  202  00001238  afaa0000	sw	(r29),r10
  203  0000123c  afa10004	sw	4(r29),r1
  204  00001240  0c000194	jal	_Printf
  205  00001244  54000000	nop; not filled.
  206  00001248  23bd0008	addi	r29,r29,#8
  207  0000124c  20080005	addi	r8,r0,#5
  208  00001250          	L18_LF0:
  209  00001250  23bdfff8	addi	r29,r29,#-8
  210  00001254  afa50000	sw	(r29),r5
  211  00001258  0c0001e8	jal	_lock_acquire
  212  0000125c  54000000	nop; not filled.
  213  00001260  8c820000	lw	r2,(r4)
  214  00001264  8c810004	lw	r1,4(r4)
  215  00001268  23bd0008	addi	r29,r29,#8
  216  0000126c  00410829	sne	r1,r2,r1
  217  00001270  10200068	beqz	r1,L19_LF0
  218  00001274  54000000	nop; not filled.
  219  00001278  0c000168	jal	_getpid
  220  0000127c  54000000	nop; not filled.
  221  00001280  23bdfff0	addi	r29,r29,#-16
  222  00001284  3c0a0000	lhi	r10,((LC5_LF0)>>16)&0xffff
  223  00001288  254a30c4	addui	r10,r10,(LC5_LF0)&0xffff
  224  0000128c  afaa0000	sw	(r29),r10
  225  00001290  afa10004	sw	4(r29),r1
  226  00001294  8c810004	lw	r1,4(r4)
  227  00001298  00810820	add	r1,r4,r1
  228  0000129c  90210008	lbu	r1,8(r1)
  229  000012a0  afa10008	sw	8(r29),r1
  230  000012a4  0c000130	jal	_Printf
  231  000012a8  54000000	nop; not filled.
  232  000012ac  8c810004	lw	r1,4(r4)
  233  000012b0  20230001	addi	r3,r1,#1
  234  000012b4  00600035	movi2fp	f0,r3
  235  000012b8  01000835	movi2fp	f1,r8
  236  000012bc  0401000f	div	f0,f0,f1
  237  000012c0  00001034	movfp2i	r2,f0
  238  000012c4  50410002	slli	r1,r2,#0x2
  239  000012c8  00220820	add	r1,r1,r2
  240  000012cc  00610822	sub	r1,r3,r1
  241  000012d0  ac810004	sw	4(r4),r1
  242  000012d4  20c60001	addi	r6,r6,#1
  243  000012d8  23bd0010	addi	r29,r29,#16
  244  000012dc          	L19_LF0:
  245  000012dc  23bdfff8	addi	r29,r29,#-8
  246  000012e0  afa50000	sw	(r29),r5
  247  000012e4  0c000168	jal	_lock_release
  248  000012e8  54000000	nop; not filled.
  249  000012ec  23bd0008	addi	r29,r29,#8
  250  000012f0  68c1000a	sltui	r1,r6,#10
  251  000012f4  1420ff58	bnez	r1,L18_LF0
  252  000012f8  54000000	nop; not filled.
  253  000012fc  0c0000e4	jal	_getpid
  254  00001300  54000000	nop; not filled.
  255  00001304  23bdfff8	addi	r29,r29,#-8
  256  00001308  3c0a0000	lhi	r10,((LC6_LF0)>>16)&0xffff
  257  0000130c  254a30e0	addui	r10,r10,(LC6_LF0)&0xffff
  258  00001310  afaa0000	sw	(r29),r10
  259  00001314  afa10004	sw	4(r29),r1
  260  00001318  0c0000bc	jal	_Printf
  261  0000131c  54000000	nop; not filled.
  262  00001320  afa90000	sw	(r29),r9
  263  00001324  0c000104	jal	_sem_signal
  264  00001328  54000000	nop; not filled.
  265  0000132c  23bd0008	addi	r29,r29,#8
  266  00001330  64210001	snei	r1,r1,#1
  267  00001334  10200050	beqz	r1,L21_LF0
  268  00001338  54000000	nop; not filled.
  269  0000133c  23bdfff8	addi	r29,r29,#-8
  270  00001340  3c0a0000	lhi	r10,((LC7_LF0)>>16)&0xffff
  271  00001344  254a3100	addui	r10,r10,(LC7_LF0)&0xffff
  272  00001348  afaa0000	sw	(r29),r10
  273  0000134c  afa90004	sw	4(r29),r9
  274  00001350  0c000084	jal	_Printf
  275  00001354  54000000	nop; not filled.
  276  00001358  8ce70000	lw	r7,(r7)
  277  0000135c  afa70000	sw	(r29),r7
  278  00001360  0c000074	jal	_Printf
  279  00001364  54000000	nop; not filled.
  280  00001368  3c0a0000	lhi	r10,((LC3_LF0)>>16)&0xffff
  281  0000136c  254a309c	addui	r10,r10,(LC3_LF0)&0xffff
  282  00001370  afaa0000	sw	(r29),r10
  283  00001374  0c000060	jal	_Printf
  284  00001378  54000000	nop; not filled.
  285  0000137c  0c00010c	jal	_Exit
  286  00001380  54000000	nop; not filled.
  287  00001384  23bd0008	addi	r29,r29,#8
  288  00001388          	L21_LF0:
  289  00001388  0c000e48	jal	_exit
  290  0000138c  54000000	nop
  291  00001390          	.endproc _main
  292                      ;;;
  293                      ;;; Stub functions for DLX traps.
  294                      ;;;
  295                      ;;; Ethan L. Miller, 1999.  Released to the public domain.
  296                      ;;;
  297                      ;;; The traps such as Open and Close
  298                      ;;; (note the capital letters) are for use by user programs.  The traps
  299                      ;;; with names such as open and close (lower case) are for use by the OS.
  300                      ;;;
  303  00001390          	.align 2
  305                      ;;; The following are the traps to be used by user-level programs
  306                      ;;;
  308  00001390          	.align 2
  309  00001390          	.proc _Open
  310  00001390          	.global _Open
  311  00001390          	_Open:
  312                      ;;; Note that trap #0x213 actually causes a trap vector in the OS of
  313                      ;;; 0x1213.  The same is true for other user traps.  Thus, a user trap
  314                      ;;; with trap #0x240 will result in a trap vector of 0x1240 in the OS.
  315  00001390  44000213	trap	#0x213
  316  00001394  4be00000	jr	r31
  317  00001398  54000000	nop
  318  0000139c          	.endproc _Open
  320  0000139c          	.proc _Close
  321  0000139c          	.global _Close
  322  0000139c          	_Close:
  323  0000139c  44000214	trap	#0x214
  324  000013a0  4be00000	jr	r31
  325  000013a4  54000000	nop
  326  000013a8          	.endproc _Close
  328  000013a8          	.proc _Read
  329  000013a8          	.global _Read
  330  000013a8          	_Read:
  331  000013a8  44000210	trap	#0x210
  332  000013ac  4be00000	jr	r31
  333  000013b0  54000000	nop
  334  000013b4          	.endproc _Read
  336  000013b4          	.proc _Write
  337  000013b4          	.global _Write
  338  000013b4          	_Write:
  339  000013b4  44000211	trap	#0x211
  340  000013b8  4be00000	jr	r31
  341  000013bc  54000000	nop
  342  000013c0          	.endproc _Write
  344  000013c0          	.proc _Lseek
  345  000013c0          	.global _Lseek
  346  000013c0          	_Lseek:
  347  000013c0  44000212	trap	#0x212
  348  000013c4  4be00000	jr	r31
  349  000013c8  54000000	nop
  350  000013cc          	.endproc _Lseek
  352  000013cc          	.proc _Putchar
  353  000013cc          	.global _Putchar
  354  000013cc          	_Putchar:
  355  000013cc  44000280	trap	#0x280
  356  000013d0  4be00000	jr	r31
  357  000013d4  54000000	nop
  358  000013d8          	.endproc _Putchar
  360  000013d8          	.proc _Printf
  361  000013d8          	.global _Printf
  362  000013d8          	_Printf:
  363  000013d8  44000201	trap	#0x201
  364  000013dc  4be00000	jr	r31
  365  000013e0  54000000	nop
  366  000013e4          	.endproc _Printf
  368  000013e4          	.proc _getpid
  369  000013e4          	.global _getpid
  370  000013e4          	_getpid:
  371  000013e4  44000431	trap	#0x431
  372  000013e8  4be00000	jr	r31
  373  000013ec  54000000	nop
  374  000013f0          	.endproc _getpid
  376  000013f0          	.proc _process_create
  377  000013f0          	.global _process_create
  378  000013f0          	_process_create:
  379  000013f0  44000432	trap	#0x432
  380  000013f4  4be00000	jr	r31
  381  000013f8  54000000	nop
  382  000013fc          	.endproc _process_create
  384  000013fc          	.proc _shmget
  385  000013fc          	.global _shmget
  386  000013fc          	_shmget:
  387  000013fc  44000440	trap	#0x440
  388  00001400  4be00000	jr	r31
  389  00001404  54000000	nop
  390  00001408          	.endproc _shmget
  392  00001408          	.proc _shmat
  393  00001408          	.global _shmat
  394  00001408          	_shmat:
  395  00001408  44000441	trap	#0x441
  396  0000140c  4be00000	jr	r31
  397  00001410  54000000	nop
  398  00001414          	.endproc _shmat
  400  00001414          	.proc _sem_create
  401  00001414          	.global _sem_create
  402  00001414          	_sem_create:
  403  00001414  44000450	trap	#0x450
  404  00001418  4be00000	jr	r31
  405  0000141c  54000000	nop
  406  00001420          	.endproc _sem_create
  408  00001420          	.proc _sem_wait
  409  00001420          	.global _sem_wait
  410  00001420          	_sem_wait:
  411  00001420  44000451	trap	#0x451
  412  00001424  4be00000	jr	r31
  413  00001428  54000000	nop
  414  0000142c          	.endproc _sem_wait
  416  0000142c          	.proc _sem_signal
  417  0000142c          	.global _sem_signal
  418  0000142c          	_sem_signal:
  419  0000142c  44000452	trap	#0x452
  420  00001430  4be00000	jr	r31
  421  00001434  54000000	nop
  422  00001438          	.endproc _sem_signal
  424  00001438          	.proc _lock_create
  425  00001438          	.global _lock_create
  426  00001438          	_lock_create:
  427  00001438  44000453	trap	#0x453
  428  0000143c  4be00000	jr	r31
  429  00001440  54000000	nop
  430  00001444          	.endproc _lock_create
  432  00001444          	.proc _lock_acquire
  433  00001444          	.global _lock_acquire
  434  00001444          	_lock_acquire:
  435  00001444  44000454	trap	#0x454
  436  00001448  4be00000	jr	r31
  437  0000144c  54000000	nop
  438  00001450          	.endproc _lock_acquire
  440  00001450          	.proc _lock_release
  441  00001450          	.global _lock_release
  442  00001450          	_lock_release:
  443  00001450  44000455	trap	#0x455
  444  00001454  4be00000	jr	r31
  445  00001458  54000000	nop
  446  0000145c          	.endproc _lock_release
  448  0000145c          	.proc _cond_create
  449  0000145c          	.global _cond_create
  450  0000145c          	_cond_create:
  451  0000145c  44000456	trap	#0x456
  452  00001460  4be00000	jr	r31
  453  00001464  54000000	nop
  454  00001468          	.endproc _cond_create
  456  00001468          	.proc _cond_wait
  457  00001468          	.global _cond_wait
  458  00001468          	_cond_wait:
  459  00001468  44000457	trap	#0x457
  460  0000146c  4be00000	jr	r31
  461  00001470  54000000	nop
  462  00001474          	.endproc _cond_wait
  464  00001474          	.proc _cond_signal
  465  00001474          	.global _cond_signal
  466  00001474          	_cond_signal:
  467  00001474  44000458	trap	#0x458
  468  00001478  4be00000	jr	r31
  469  0000147c  54000000	nop
  470  00001480          	.endproc _cond_signal
  472  00001480          	.proc _cond_broadcast
  473  00001480          	.global _cond_broadcast
  474  00001480          	_cond_broadcast:
  475  00001480  44000455	trap	#0x455
  476  00001484  4be00000	jr	r31
  477  00001488  54000000	nop
  478  0000148c          	.endproc _cond_broadcast
  480  0000148c          	.proc _Exit
  481  0000148c          	.global _Exit
  482  0000148c          	_Exit:
  483  0000148c  44000500	trap	#0x500
  484  00001490  4be00000	jr	r31
  485  00001494  54000000	nop
  486  00001498          	.endproc _Exit
  487                      ; Compiled by GCC
  489  00001498          	.align 2
  490  00001498          	.proc _isspace
  491  00001498          	.global _isspace
  492  00001498          	_isspace:
  493                      ;  Function 'isspace'; 0 bytes of locals, 3 regs to save.
  494  00001498  afbefffc	sw	-4(r29),r30; push fp
  495  0000149c  001df020	add	r30,r0,r29; fp = sp
  496  000014a0  afbffff8	sw	-8(r29),r31; push ret addr
  497  000014a4  2fbd0018	subui	r29,r29,#24; alloc local storage
  498  000014a8  afa20000	sw	0(r29),r2
  499  000014ac  afa30004	sw	4(r29),r3
  500  000014b0  afa40008	sw	8(r29),r4
  501  000014b4  83c20003	lb	r2,3(r30)
  502  000014b8  20010000	addi	r1,r0,#0
  503  000014bc  304300ff	andi	r3,r2,#0x00ff
  504  000014c0  60640020	seqi	r4,r3,#32
  505  000014c4  1480002c	bnez	r4,L3_LF2
  506  000014c8  54000000	nop; delay slot nop
  507  000014cc  304300ff	andi	r3,r2,#0x00ff
  508  000014d0  60640009	seqi	r4,r3,#9
  509  000014d4  1480001c	bnez	r4,L3_LF2
  510  000014d8  54000000	nop; delay slot nop
  511  000014dc  304300ff	andi	r3,r2,#0x00ff
  512  000014e0  6064000a	seqi	r4,r3,#10
  513  000014e4  1480000c	bnez	r4,L3_LF2
  514  000014e8  54000000	nop; delay slot nop
  515  000014ec  08000008	j	L2_LF2
  516  000014f0  54000000	nop; delay slot nop
  517  000014f4          	L3_LF2:
  518  000014f4  20010001	addi	r1,r0,#1
  519  000014f8          	L2_LF2:
  520  000014f8  08000004	j	L1_LF2
  521  000014fc  54000000	nop; delay slot nop
  522  00001500          	L1_LF2:
  523  00001500  8fa20000	lw	r2,0(r29)
  524  00001504  8fa30004	lw	r3,4(r29)
  525  00001508  8fa40008	lw	r4,8(r29)
  526  0000150c  8fdffff8	lw	r31,-8(r30)
  527  00001510  001ee820	add	r29,r0,r30
  528  00001514  8fdefffc	lw	r30,-4(r30)
  529  00001518  4be00000	jr	r31
  530  0000151c  54000000	nop
  531  00001520          	.endproc _isspace
  532  00001520          	.align 2
  533  00001520          	.proc _isxdigit
  534  00001520          	.global _isxdigit
  535  00001520          	_isxdigit:
  536                      ;  Function 'isxdigit'; 0 bytes of locals, 3 regs to save.
  537  00001520  afbefffc	sw	-4(r29),r30; push fp
  538  00001524  001df020	add	r30,r0,r29; fp = sp
  539  00001528  afbffff8	sw	-8(r29),r31; push ret addr
  540  0000152c  2fbd0018	subui	r29,r29,#24; alloc local storage
  541  00001530  afa20000	sw	0(r29),r2
  542  00001534  afa30004	sw	4(r29),r3
  543  00001538  afa40008	sw	8(r29),r4
  544  0000153c  83c20003	lb	r2,3(r30)
  545  00001540  20010000	addi	r1,r0,#0
  546  00001544  304300ff	andi	r3,r2,#0x00ff
  547  00001548  6c64002f	sgtui	r4,r3,#47
  548  0000154c  1080001c	beqz	r4,L7_LF2
  549  00001550  54000000	nop; delay slot nop
  550  00001554  304300ff	andi	r3,r2,#0x00ff
  551  00001558  70640039	sleui	r4,r3,#57
  552  0000155c  1480005c	bnez	r4,L6_LF2
  553  00001560  54000000	nop; delay slot nop
  554  00001564  08000004	j	L7_LF2
  555  00001568  54000000	nop; delay slot nop
  556  0000156c          	L7_LF2:
  557  0000156c  304300ff	andi	r3,r2,#0x00ff
  558  00001570  6c640060	sgtui	r4,r3,#96
  559  00001574  1080001c	beqz	r4,L8_LF2
  560  00001578  54000000	nop; delay slot nop
  561  0000157c  304300ff	andi	r3,r2,#0x00ff
  562  00001580  70640066	sleui	r4,r3,#102
  563  00001584  14800034	bnez	r4,L6_LF2
  564  00001588  54000000	nop; delay slot nop
  565  0000158c  08000004	j	L8_LF2
  566  00001590  54000000	nop; delay slot nop
  567  00001594          	L8_LF2:
  568  00001594  304300ff	andi	r3,r2,#0x00ff
  569  00001598  6c640040	sgtui	r4,r3,#64
  570  0000159c  10800020	beqz	r4,L5_LF2
  571  000015a0  54000000	nop; delay slot nop
  572  000015a4  304300ff	andi	r3,r2,#0x00ff
  573  000015a8  70640041	sleui	r4,r3,#65
  574  000015ac  1480000c	bnez	r4,L6_LF2
  575  000015b0  54000000	nop; delay slot nop
  576  000015b4  08000008	j	L5_LF2
  577  000015b8  54000000	nop; delay slot nop
  578  000015bc          	L6_LF2:
  579  000015bc  20010001	addi	r1,r0,#1
  580  000015c0          	L5_LF2:
  581  000015c0  08000004	j	L4_LF2
  582  000015c4  54000000	nop; delay slot nop
  583  000015c8          	L4_LF2:
  584  000015c8  8fa20000	lw	r2,0(r29)
  585  000015cc  8fa30004	lw	r3,4(r29)
  586  000015d0  8fa40008	lw	r4,8(r29)
  587  000015d4  8fdffff8	lw	r31,-8(r30)
  588  000015d8  001ee820	add	r29,r0,r30
  589  000015dc  8fdefffc	lw	r30,-4(r30)
  590  000015e0  4be00000	jr	r31
  591  000015e4  54000000	nop
  592  000015e8          	.endproc _isxdigit
  593  000015e8          	.align 2
  594  000015e8          	.proc _dstrcpy
  595  000015e8          	.global _dstrcpy
  596  000015e8          	_dstrcpy:
  597                      ;  Function 'dstrcpy'; 8 bytes of locals, 2 regs to save.
  598  000015e8  afbefffc	sw	-4(r29),r30; push fp
  599  000015ec  001df020	add	r30,r0,r29; fp = sp
  600  000015f0  afbffff8	sw	-8(r29),r31; push ret addr
  601  000015f4  2fbd0018	subui	r29,r29,#24; alloc local storage
  602  000015f8  afa20000	sw	0(r29),r2
  603  000015fc  afa30004	sw	4(r29),r3
  604  00001600  8fc10000	lw	r1,(r30)
  605  00001604  afc1fff4	sw	-12(r30),r1
  606  00001608          	L10_LF2:
  607  00001608  8fc10000	lw	r1,(r30)
  608  0000160c  20220001	addi	r2,r1,#1
  609  00001610  afc20000	sw	(r30),r2
  610  00001614  8fc20004	lw	r2,4(r30)
  611  00001618  20430001	addi	r3,r2,#1
  612  0000161c  afc30004	sw	4(r30),r3
  613  00001620  80420000	lb	r2,(r2)
  614  00001624  a0220000	sb	(r1),r2
  615  00001628  a3c2fff3	sb	-13(r30),r2
  616  0000162c          	L12_LF2:
  617  0000162c  93c1fff3	lbu	r1,-13(r30)
  618  00001630  64220000	snei	r2,r1,#0
  619  00001634  1440000c	bnez	r2,L13_LF2
  620  00001638  54000000	nop; delay slot nop
  621  0000163c  0800000c	j	L11_LF2
  622  00001640  54000000	nop; delay slot nop
  623  00001644          	L13_LF2:
  624  00001644  0bffffc0	j	L10_LF2
  625  00001648  54000000	nop; delay slot nop
  626  0000164c          	L11_LF2:
  627  0000164c  8fc1fff4	lw	r1,-12(r30)
  628  00001650  08000004	j	L9_LF2
  629  00001654  54000000	nop; delay slot nop
  630  00001658          	L9_LF2:
  631  00001658  8fa20000	lw	r2,0(r29)
  632  0000165c  8fa30004	lw	r3,4(r29)
  633  00001660  8fdffff8	lw	r31,-8(r30)
  634  00001664  001ee820	add	r29,r0,r30
  635  00001668  8fdefffc	lw	r30,-4(r30)
  636  0000166c  4be00000	jr	r31
  637  00001670  54000000	nop
  638  00001674          	.endproc _dstrcpy
  639  00001674          	.align 2
  640  00001674          	.proc _dstrncpy
  641  00001674          	.global _dstrncpy
  642  00001674          	_dstrncpy:
  643                      ;  Function 'dstrncpy'; 8 bytes of locals, 2 regs to save.
  644  00001674  afbefffc	sw	-4(r29),r30; push fp
  645  00001678  001df020	add	r30,r0,r29; fp = sp
  646  0000167c  afbffff8	sw	-8(r29),r31; push ret addr
  647  00001680  2fbd0018	subui	r29,r29,#24; alloc local storage
  648  00001684  afa20000	sw	0(r29),r2
  649  00001688  afa30004	sw	4(r29),r3
  650  0000168c  8fc10000	lw	r1,(r30)
  651  00001690  afc1fff4	sw	-12(r30),r1
  652  00001694          	L15_LF2:
  653  00001694  8fc10008	lw	r1,8(r30)
  654  00001698  2022ffff	addi	r2,r1,#-1
  655  0000169c  afc20008	sw	8(r30),r2
  656  000016a0  70210000	slei	r1,r1,#0
  657  000016a4  1020000c	beqz	r1,L18_LF2
  658  000016a8  54000000	nop; delay slot nop
  659  000016ac  08000048	j	L16_LF2
  660  000016b0  54000000	nop; delay slot nop
  661  000016b4          	L18_LF2:
  662  000016b4  8fc10000	lw	r1,(r30)
  663  000016b8  20220001	addi	r2,r1,#1
  664  000016bc  afc20000	sw	(r30),r2
  665  000016c0  8fc20004	lw	r2,4(r30)
  666  000016c4  20430001	addi	r3,r2,#1
  667  000016c8  afc30004	sw	4(r30),r3
  668  000016cc  80420000	lb	r2,(r2)
  669  000016d0  a0220000	sb	(r1),r2
  670  000016d4  a3c2fff3	sb	-13(r30),r2
  671  000016d8          	L17_LF2:
  672  000016d8  93c1fff3	lbu	r1,-13(r30)
  673  000016dc  64220000	snei	r2,r1,#0
  674  000016e0  1440000c	bnez	r2,L19_LF2
  675  000016e4  54000000	nop; delay slot nop
  676  000016e8  0800000c	j	L16_LF2
  677  000016ec  54000000	nop; delay slot nop
  678  000016f0          	L19_LF2:
  679  000016f0  0bffffa0	j	L15_LF2
  680  000016f4  54000000	nop; delay slot nop
  681  000016f8          	L16_LF2:
  682  000016f8  8fc1fff4	lw	r1,-12(r30)
  683  000016fc  08000004	j	L14_LF2
  684  00001700  54000000	nop; delay slot nop
  685  00001704          	L14_LF2:
  686  00001704  8fa20000	lw	r2,0(r29)
  687  00001708  8fa30004	lw	r3,4(r29)
  688  0000170c  8fdffff8	lw	r31,-8(r30)
  689  00001710  001ee820	add	r29,r0,r30
  690  00001714  8fdefffc	lw	r30,-4(r30)
  691  00001718  4be00000	jr	r31
  692  0000171c  54000000	nop
  693  00001720          	.endproc _dstrncpy
  694  00001720          	.align 2
  695  00001720          	.proc _dstrcat
  696  00001720          	.global _dstrcat
  697  00001720          	_dstrcat:
  698                      ;  Function 'dstrcat'; 8 bytes of locals, 1 regs to save.
  699  00001720  afbefffc	sw	-4(r29),r30; push fp
  700  00001724  001df020	add	r30,r0,r29; fp = sp
  701  00001728  afbffff8	sw	-8(r29),r31; push ret addr
  702  0000172c  2fbd0018	subui	r29,r29,#24; alloc local storage
  703  00001730  afa20000	sw	0(r29),r2
  704  00001734  8fc10000	lw	r1,(r30)
  705  00001738  afc1fff4	sw	-12(r30),r1
  706  0000173c          	L21_LF2:
  707  0000173c  8fc10000	lw	r1,(r30)
  708  00001740  90220000	lbu	r2,(r1)
  709  00001744  64410000	snei	r1,r2,#0
  710  00001748  1420000c	bnez	r1,L23_LF2
  711  0000174c  54000000	nop; delay slot nop
  712  00001750  0800001c	j	L22_LF2
  713  00001754  54000000	nop; delay slot nop
  714  00001758          	L23_LF2:
  715  00001758  8fc20000	lw	r2,(r30)
  716  0000175c  20410001	addi	r1,r2,#1
  717  00001760  00011020	add	r2,r0,r1
  718  00001764  afc20000	sw	(r30),r2
  719  00001768  0bffffd0	j	L21_LF2
  720  0000176c  54000000	nop; delay slot nop
  721  00001770          	L22_LF2:
  722  00001770  23bdfff8	addi	r29,r29,#-8
  723  00001774  001d0820	add	r1,r0,r29
  724  00001778  8fc20000	lw	r2,(r30)
  725  0000177c  ac220000	sw	(r1),r2
  726  00001780  8fc20004	lw	r2,4(r30)
  727  00001784  ac220004	sw	4(r1),r2
  728  00001788  0ffffe5c	jal	_dstrcpy
  729  0000178c  54000000	nop; delay slot nop
  730  00001790  23bd0008	addi	r29,r29,#8
  731  00001794  8fc1fff4	lw	r1,-12(r30)
  732  00001798  08000004	j	L20_LF2
  733  0000179c  54000000	nop; delay slot nop
  734  000017a0          	L20_LF2:
  735  000017a0  8fa20000	lw	r2,0(r29)
  736  000017a4  8fdffff8	lw	r31,-8(r30)
  737  000017a8  001ee820	add	r29,r0,r30
  738  000017ac  8fdefffc	lw	r30,-4(r30)
  739  000017b0  4be00000	jr	r31
  740  000017b4  54000000	nop
  741  000017b8          	.endproc _dstrcat
  742  000017b8          	.align 2
  743  000017b8          	.proc _dstrncmp
  744  000017b8          	.global _dstrncmp
  745  000017b8          	_dstrncmp:
  746                      ;  Function 'dstrncmp'; 8 bytes of locals, 2 regs to save.
  747  000017b8  afbefffc	sw	-4(r29),r30; push fp
  748  000017bc  001df020	add	r30,r0,r29; fp = sp
  749  000017c0  afbffff8	sw	-8(r29),r31; push ret addr
  750  000017c4  2fbd0018	subui	r29,r29,#24; alloc local storage
  751  000017c8  afa20000	sw	0(r29),r2
  752  000017cc  afa30004	sw	4(r29),r3
  753  000017d0  54000000	nop
  754  000017d4  20010000	addi	r1,r0,#0
  755  000017d8  afc1fff4	sw	-12(r30),r1
  756  000017dc          	L25_LF2:
  757  000017dc  8fc1fff4	lw	r1,-12(r30)
  758  000017e0  8fc20008	lw	r2,8(r30)
  759  000017e4  0022082a	slt	r1,r1,r2
  760  000017e8  1420000c	bnez	r1,L28_LF2
  761  000017ec  54000000	nop; delay slot nop
  762  000017f0  08000088	j	L26_LF2
  763  000017f4  54000000	nop; delay slot nop
  764  000017f8          	L28_LF2:
  765  000017f8  8fc10004	lw	r1,4(r30)
  766  000017fc  90220000	lbu	r2,(r1)
  767  00001800  64410000	snei	r1,r2,#0
  768  00001804  14200018	bnez	r1,L29_LF2
  769  00001808  54000000	nop; delay slot nop
  770  0000180c  20010000	addi	r1,r0,#0
  771  00001810  080000d8	j	L24_LF2
  772  00001814  54000000	nop; delay slot nop
  773  00001818  08000028	j	L30_LF2
  774  0000181c  54000000	nop; delay slot nop
  775  00001820          	L29_LF2:
  776  00001820  8fc10000	lw	r1,(r30)
  777  00001824  8fc20004	lw	r2,4(r30)
  778  00001828  90210000	lbu	r1,(r1)
  779  0000182c  90420000	lbu	r2,(r2)
  780  00001830  00220829	sne	r1,r1,r2
  781  00001834  1020000c	beqz	r1,L30_LF2
  782  00001838  54000000	nop; delay slot nop
  783  0000183c  0800003c	j	L26_LF2
  784  00001840  54000000	nop; delay slot nop
  785  00001844          	L31_LF2:
  786  00001844          	L30_LF2:
  787  00001844  8fc20000	lw	r2,(r30)
  788  00001848  20410001	addi	r1,r2,#1
  789  0000184c  00011020	add	r2,r0,r1
  790  00001850  afc20000	sw	(r30),r2
  791  00001854  8fc20004	lw	r2,4(r30)
  792  00001858  20410001	addi	r1,r2,#1
  793  0000185c  00011020	add	r2,r0,r1
  794  00001860  afc20004	sw	4(r30),r2
  795  00001864          	L27_LF2:
  796  00001864  8fc2fff4	lw	r2,-12(r30)
  797  00001868  20410001	addi	r1,r2,#1
  798  0000186c  00011020	add	r2,r0,r1
  799  00001870  afc2fff4	sw	-12(r30),r2
  800  00001874  0bffff64	j	L25_LF2
  801  00001878  54000000	nop; delay slot nop
  802  0000187c          	L26_LF2:
  803  0000187c  8fc1fff4	lw	r1,-12(r30)
  804  00001880  8fc20008	lw	r2,8(r30)
  805  00001884  00220828	seq	r1,r1,r2
  806  00001888  10200018	beqz	r1,L32_LF2
  807  0000188c  54000000	nop; delay slot nop
  808  00001890  20010000	addi	r1,r0,#0
  809  00001894  08000054	j	L24_LF2
  810  00001898  54000000	nop; delay slot nop
  811  0000189c  0800004c	j	L33_LF2
  812  000018a0  54000000	nop; delay slot nop
  813  000018a4          	L32_LF2:
  814  000018a4  8fc20000	lw	r2,(r30)
  815  000018a8  90410000	lbu	r1,(r2)
  816  000018ac  8fc20004	lw	r2,4(r30)
  817  000018b0  90430000	lbu	r3,(r2)
  818  000018b4  00230822	sub	r1,r1,r3
  819  000018b8  74220000	sgei	r2,r1,#0
  820  000018bc  10400020	beqz	r2,L34_LF2
  821  000018c0  54000000	nop; delay slot nop
  822  000018c4  8fc10000	lw	r1,(r30)
  823  000018c8  8fc20004	lw	r2,4(r30)
  824  000018cc  90210000	lbu	r1,(r1)
  825  000018d0  90420000	lbu	r2,(r2)
  826  000018d4  00220829	sne	r1,r1,r2
  827  000018d8  08000008	j	L35_LF2
  828  000018dc  54000000	nop; delay slot nop
  829  000018e0          	L34_LF2:
  830  000018e0  2001ffff	addi	r1,r0,#-1
  831  000018e4          	L35_LF2:
  832  000018e4  08000004	j	L24_LF2
  833  000018e8  54000000	nop; delay slot nop
  834  000018ec          	L33_LF2:
  835  000018ec          	L24_LF2:
  836  000018ec  8fa20000	lw	r2,0(r29)
  837  000018f0  8fa30004	lw	r3,4(r29)
  838  000018f4  8fdffff8	lw	r31,-8(r30)
  839  000018f8  001ee820	add	r29,r0,r30
  840  000018fc  8fdefffc	lw	r30,-4(r30)
  841  00001900  4be00000	jr	r31
  842  00001904  54000000	nop
  843  00001908          	.endproc _dstrncmp
  844  00001908          	.align 2
  845  00001908          	.proc _dstrlen
  846  00001908          	.global _dstrlen
  847  00001908          	_dstrlen:
  848                      ;  Function 'dstrlen'; 8 bytes of locals, 1 regs to save.
  849  00001908  afbefffc	sw	-4(r29),r30; push fp
  850  0000190c  001df020	add	r30,r0,r29; fp = sp
  851  00001910  afbffff8	sw	-8(r29),r31; push ret addr
  852  00001914  2fbd0018	subui	r29,r29,#24; alloc local storage
  853  00001918  afa20000	sw	0(r29),r2
  854  0000191c  20010000	addi	r1,r0,#0
  855  00001920  afc1fff4	sw	-12(r30),r1
  856  00001924          	L37_LF2:
  857  00001924  8fc10000	lw	r1,(r30)
  858  00001928  20220001	addi	r2,r1,#1
  859  0000192c  afc20000	sw	(r30),r2
  860  00001930  90210000	lbu	r1,(r1)
  861  00001934  64220000	snei	r2,r1,#0
  862  00001938  1440000c	bnez	r2,L39_LF2
  863  0000193c  54000000	nop; delay slot nop
  864  00001940  0800001c	j	L38_LF2
  865  00001944  54000000	nop; delay slot nop
  866  00001948          	L39_LF2:
  867  00001948  8fc2fff4	lw	r2,-12(r30)
  868  0000194c  20410001	addi	r1,r2,#1
  869  00001950  00011020	add	r2,r0,r1
  870  00001954  afc2fff4	sw	-12(r30),r2
  871  00001958  0bffffc8	j	L37_LF2
  872  0000195c  54000000	nop; delay slot nop
  873  00001960          	L38_LF2:
  874  00001960  8fc1fff4	lw	r1,-12(r30)
  875  00001964  08000004	j	L36_LF2
  876  00001968  54000000	nop; delay slot nop
  877  0000196c          	L36_LF2:
  878  0000196c  8fa20000	lw	r2,0(r29)
  879  00001970  8fdffff8	lw	r31,-8(r30)
  880  00001974  001ee820	add	r29,r0,r30
  881  00001978  8fdefffc	lw	r30,-4(r30)
  882  0000197c  4be00000	jr	r31
  883  00001980  54000000	nop
  884  00001984          	.endproc _dstrlen
  885  00001984          	.align 2
  886  00001984          	.proc _dstrstr
  887  00001984          	.global _dstrstr
  888  00001984          	_dstrstr:
  889                      ;  Function 'dstrstr'; 8 bytes of locals, 1 regs to save.
  890  00001984  afbefffc	sw	-4(r29),r30; push fp
  891  00001988  001df020	add	r30,r0,r29; fp = sp
  892  0000198c  afbffff8	sw	-8(r29),r31; push ret addr
  893  00001990  2fbd0018	subui	r29,r29,#24; alloc local storage
  894  00001994  afa20000	sw	0(r29),r2
  895  00001998  23bdfff8	addi	r29,r29,#-8
  896  0000199c  001d0820	add	r1,r0,r29
  897  000019a0  8fc20004	lw	r2,4(r30)
  898  000019a4  ac220000	sw	(r1),r2
  899  000019a8  0fffff5c	jal	_dstrlen
  900  000019ac  54000000	nop; delay slot nop
  901  000019b0  23bd0008	addi	r29,r29,#8
  902  000019b4  afc1fff4	sw	-12(r30),r1
  903  000019b8          	L41_LF2:
  904  000019b8  8fc10000	lw	r1,(r30)
  905  000019bc  90220000	lbu	r2,(r1)
  906  000019c0  64410000	snei	r1,r2,#0
  907  000019c4  1420000c	bnez	r1,L43_LF2
  908  000019c8  54000000	nop; delay slot nop
  909  000019cc  08000060	j	L42_LF2
  910  000019d0  54000000	nop; delay slot nop
  911  000019d4          	L43_LF2:
  912  000019d4  23bdfff0	addi	r29,r29,#-16
  913  000019d8  001d0820	add	r1,r0,r29
  914  000019dc  8fc20000	lw	r2,(r30)
  915  000019e0  ac220000	sw	(r1),r2
  916  000019e4  8fc20004	lw	r2,4(r30)
  917  000019e8  ac220004	sw	4(r1),r2
  918  000019ec  8fc2fff4	lw	r2,-12(r30)
  919  000019f0  ac220008	sw	8(r1),r2
  920  000019f4  0ffffdc0	jal	_dstrncmp
  921  000019f8  54000000	nop; delay slot nop
  922  000019fc  23bd0010	addi	r29,r29,#16
  923  00001a00  64220000	snei	r2,r1,#0
  924  00001a04  14400010	bnez	r2,L44_LF2
  925  00001a08  54000000	nop; delay slot nop
  926  00001a0c  8fc10000	lw	r1,(r30)
  927  00001a10  08000028	j	L40_LF2
  928  00001a14  54000000	nop; delay slot nop
  929  00001a18          	L44_LF2:
  930  00001a18  8fc20000	lw	r2,(r30)
  931  00001a1c  20410001	addi	r1,r2,#1
  932  00001a20  00011020	add	r2,r0,r1
  933  00001a24  afc20000	sw	(r30),r2
  934  00001a28  0bffff8c	j	L41_LF2
  935  00001a2c  54000000	nop; delay slot nop
  936  00001a30          	L42_LF2:
  937  00001a30  20010000	addi	r1,r0,#0
  938  00001a34  08000004	j	L40_LF2
  939  00001a38  54000000	nop; delay slot nop
  940  00001a3c          	L40_LF2:
  941  00001a3c  8fa20000	lw	r2,0(r29)
  942  00001a40  8fdffff8	lw	r31,-8(r30)
  943  00001a44  001ee820	add	r29,r0,r30
  944  00001a48  8fdefffc	lw	r30,-4(r30)
  945  00001a4c  4be00000	jr	r31
  946  00001a50  54000000	nop
  947  00001a54          	.endproc _dstrstr
  948  00001a54          	.align 2
  949  00001a54          	.proc _dmindex
  950  00001a54          	.global _dmindex
  951  00001a54          	_dmindex:
  952                      ;  Function 'dmindex'; 8 bytes of locals, 1 regs to save.
  953  00001a54  afbefffc	sw	-4(r29),r30; push fp
  954  00001a58  001df020	add	r30,r0,r29; fp = sp
  955  00001a5c  afbffff8	sw	-8(r29),r31; push ret addr
  956  00001a60  2fbd0018	subui	r29,r29,#24; alloc local storage
  957  00001a64  afa20000	sw	0(r29),r2
  958  00001a68  54000000	nop
  959  00001a6c          	L46_LF2:
  960  00001a6c  8fc10000	lw	r1,(r30)
  961  00001a70  90220000	lbu	r2,(r1)
  962  00001a74  64410000	snei	r1,r2,#0
  963  00001a78  1420000c	bnez	r1,L48_LF2
  964  00001a7c  54000000	nop; delay slot nop
  965  00001a80  08000070	j	L47_LF2
  966  00001a84  54000000	nop; delay slot nop
  967  00001a88          	L48_LF2:
  968  00001a88  8fc10004	lw	r1,4(r30)
  969  00001a8c  afc1fff4	sw	-12(r30),r1
  970  00001a90          	L49_LF2:
  971  00001a90  8fc1fff4	lw	r1,-12(r30)
  972  00001a94  90220000	lbu	r2,(r1)
  973  00001a98  64410000	snei	r1,r2,#0
  974  00001a9c  1420000c	bnez	r1,L52_LF2
  975  00001aa0  54000000	nop; delay slot nop
  976  00001aa4  08000044	j	L50_LF2
  977  00001aa8  54000000	nop; delay slot nop
  978  00001aac          	L52_LF2:
  979  00001aac  8fc10000	lw	r1,(r30)
  980  00001ab0  8fc2fff4	lw	r2,-12(r30)
  981  00001ab4  90210000	lbu	r1,(r1)
  982  00001ab8  90420000	lbu	r2,(r2)
  983  00001abc  00220828	seq	r1,r1,r2
  984  00001ac0  10200010	beqz	r1,L51_LF2
  985  00001ac4  54000000	nop; delay slot nop
  986  00001ac8  8fc10000	lw	r1,(r30)
  987  00001acc  08000030	j	L45_LF2
  988  00001ad0  54000000	nop; delay slot nop
  989  00001ad4          	L53_LF2:
  990  00001ad4          	L51_LF2:
  991  00001ad4  8fc2fff4	lw	r2,-12(r30)
  992  00001ad8  20410001	addi	r1,r2,#1
  993  00001adc  00011020	add	r2,r0,r1
  994  00001ae0  afc2fff4	sw	-12(r30),r2
  995  00001ae4  0bffffa8	j	L49_LF2
  996  00001ae8  54000000	nop; delay slot nop
  997  00001aec          	L50_LF2:
  998  00001aec  0bffff7c	j	L46_LF2
  999  00001af0  54000000	nop; delay slot nop
 1000  00001af4          	L47_LF2:
 1001  00001af4  20010000	addi	r1,r0,#0
 1002  00001af8  08000004	j	L45_LF2
 1003  00001afc  54000000	nop; delay slot nop
 1004  00001b00          	L45_LF2:
 1005  00001b00  8fa20000	lw	r2,0(r29)
 1006  00001b04  8fdffff8	lw	r31,-8(r30)
 1007  00001b08  001ee820	add	r29,r0,r30
 1008  00001b0c  8fdefffc	lw	r30,-4(r30)
 1009  00001b10  4be00000	jr	r31
 1010  00001b14  54000000	nop
 1011  00001b18          	.endproc _dmindex
 1012  00001b18          	.align 2
 1013  00001b18          	.proc _dindex
 1014  00001b18          	.global _dindex
 1015  00001b18          	_dindex:
 1016                      ;  Function 'dindex'; 0 bytes of locals, 1 regs to save.
 1017  00001b18  afbefffc	sw	-4(r29),r30; push fp
 1018  00001b1c  001df020	add	r30,r0,r29; fp = sp
 1019  00001b20  afbffff8	sw	-8(r29),r31; push ret addr
 1020  00001b24  2fbd0010	subui	r29,r29,#16; alloc local storage
 1021  00001b28  afa20000	sw	0(r29),r2
 1022  00001b2c  54000000	nop
 1023  00001b30          	L55_LF2:
 1024  00001b30  8fc10000	lw	r1,(r30)
 1025  00001b34  90220000	lbu	r2,(r1)
 1026  00001b38  64410000	snei	r1,r2,#0
 1027  00001b3c  1420000c	bnez	r1,L57_LF2
 1028  00001b40  54000000	nop; delay slot nop
 1029  00001b44  08000040	j	L56_LF2
 1030  00001b48  54000000	nop; delay slot nop
 1031  00001b4c          	L57_LF2:
 1032  00001b4c  8fc10000	lw	r1,(r30)
 1033  00001b50  90220000	lbu	r2,(r1)
 1034  00001b54  8fc10004	lw	r1,4(r30)
 1035  00001b58  00411028	seq	r2,r2,r1
 1036  00001b5c  10400010	beqz	r2,L58_LF2
 1037  00001b60  54000000	nop; delay slot nop
 1038  00001b64  8fc10000	lw	r1,(r30)
 1039  00001b68  08000028	j	L54_LF2
 1040  00001b6c  54000000	nop; delay slot nop
 1041  00001b70          	L58_LF2:
 1042  00001b70  8fc20000	lw	r2,(r30)
 1043  00001b74  20410001	addi	r1,r2,#1
 1044  00001b78  00011020	add	r2,r0,r1
 1045  00001b7c  afc20000	sw	(r30),r2
 1046  00001b80  0bffffac	j	L55_LF2
 1047  00001b84  54000000	nop; delay slot nop
 1048  00001b88          	L56_LF2:
 1049  00001b88  20010000	addi	r1,r0,#0
 1050  00001b8c  08000004	j	L54_LF2
 1051  00001b90  54000000	nop; delay slot nop
 1052  00001b94          	L54_LF2:
 1053  00001b94  8fa20000	lw	r2,0(r29)
 1054  00001b98  8fdffff8	lw	r31,-8(r30)
 1055  00001b9c  001ee820	add	r29,r0,r30
 1056  00001ba0  8fdefffc	lw	r30,-4(r30)
 1057  00001ba4  4be00000	jr	r31
 1058  00001ba8  54000000	nop
 1059  00001bac          	.endproc _dindex
 1060  00001bac          	.align 2
 1061  00001bac          	.proc _ditoa
 1062  00001bac          	.global _ditoa
 1063  00001bac          	_ditoa:
 1064                      ;  Function 'ditoa'; 8 bytes of locals, 2 regs to save.
 1065  00001bac  afbefffc	sw	-4(r29),r30; push fp
 1066  00001bb0  001df020	add	r30,r0,r29; fp = sp
 1067  00001bb4  afbffff8	sw	-8(r29),r31; push ret addr
 1068  00001bb8  2fbd0018	subui	r29,r29,#24; alloc local storage
 1069  00001bbc  afa20000	sw	0(r29),r2
 1070  00001bc0  afa30004	sw	4(r29),r3
 1071  00001bc4  8fc10000	lw	r1,(r30)
 1072  00001bc8  68220000	slti	r2,r1,#0
 1073  00001bcc  1040002c	beqz	r2,L60_LF2
 1074  00001bd0  54000000	nop; delay slot nop
 1075  00001bd4  8fc10004	lw	r1,4(r30)
 1076  00001bd8  20220001	addi	r2,r1,#1
 1077  00001bdc  afc20004	sw	4(r30),r2
 1078  00001be0  2002002d	addi	r2,r0,(#0x2d)&0xff
 1079  00001be4  a0220000	sb	(r1),r2
 1080  00001be8  8fc10000	lw	r1,(r30)
 1081  00001bec  00011022	sub	r2,r0,r1
 1082  00001bf0  afc20000	sw	(r30),r2
 1083  00001bf4  08000118	j	L61_LF2
 1084  00001bf8  54000000	nop; delay slot nop
 1085  00001bfc          	L60_LF2:
 1086  00001bfc  8fc10000	lw	r1,(r30)
 1087  00001c00  64220000	snei	r2,r1,#0
 1088  00001c04  14400020	bnez	r2,L62_LF2
 1089  00001c08  54000000	nop; delay slot nop
 1090  00001c0c  8fc10004	lw	r1,4(r30)
 1091  00001c10  20220001	addi	r2,r1,#1
 1092  00001c14  afc20004	sw	4(r30),r2
 1093  00001c18  20020030	addi	r2,r0,(#0x30)&0xff
 1094  00001c1c  a0220000	sb	(r1),r2
 1095  00001c20  080000ec	j	L61_LF2
 1096  00001c24  54000000	nop; delay slot nop
 1097  00001c28          	L62_LF2:
 1098  00001c28  20010001	addi	r1,r0,#1
 1099  00001c2c  afc1fff4	sw	-12(r30),r1
 1100  00001c30          	L64_LF2:
 1101  00001c30  8fc1fff4	lw	r1,-12(r30)
 1102  00001c34  8fc20000	lw	r2,(r30)
 1103  00001c38  0022082c	sle	r1,r1,r2
 1104  00001c3c  1420000c	bnez	r1,L66_LF2
 1105  00001c40  54000000	nop; delay slot nop
 1106  00001c44  08000024	j	L65_LF2
 1107  00001c48  54000000	nop; delay slot nop
 1108  00001c4c          	L67_LF2:
 1109  00001c4c          	L66_LF2:
 1110  00001c4c  8fc1fff4	lw	r1,-12(r30)
 1111  00001c50  00011820	add	r3,r0,r1
 1112  00001c54  50620002	slli	r2,r3,#0x2
 1113  00001c58  00411020	add	r2,r2,r1
 1114  00001c5c  50410001	slli	r1,r2,#0x1
 1115  00001c60  afc1fff4	sw	-12(r30),r1
 1116  00001c64  0bffffc8	j	L64_LF2
 1117  00001c68  54000000	nop; delay slot nop
 1118  00001c6c          	L65_LF2:
 1119  00001c6c  54000000	nop
 1120  00001c70          	L68_LF2:
 1121  00001c70  8fc1fff4	lw	r1,-12(r30)
 1122  00001c74  2002000a	addi	r2,r0,#10
 1123  00001c78  00200035	movi2fp	f0,r1
 1124  00001c7c  00400835	movi2fp	f1,r2
 1125  00001c80  0401000f	div	f0,f0,f1
 1126  00001c84  00000834	movfp2i	r1,f0
 1127  00001c88  afc1fff4	sw	-12(r30),r1
 1128  00001c8c  8fc10004	lw	r1,4(r30)
 1129  00001c90  20220001	addi	r2,r1,#1
 1130  00001c94  afc20004	sw	4(r30),r2
 1131  00001c98  8fc20000	lw	r2,(r30)
 1132  00001c9c  8fc3fff4	lw	r3,-12(r30)
 1133  00001ca0  00400035	movi2fp	f0,r2
 1134  00001ca4  00600835	movi2fp	f1,r3
 1135  00001ca8  0401000f	div	f0,f0,f1
 1136  00001cac  00001034	movfp2i	r2,f0
 1137  00001cb0  00021820	add	r3,r0,r2
 1138  00001cb4  20620030	addi	r2,r3,#48
 1139  00001cb8  a0220000	sb	(r1),r2
 1140  00001cbc  8fc10000	lw	r1,(r30)
 1141  00001cc0  8fc3fff4	lw	r3,-12(r30)
 1142  00001cc4  00200035	movi2fp	f0,r1
 1143  00001cc8  00600835	movi2fp	f1,r3
 1144  00001ccc  0401000f	div	f0,f0,f1
 1145  00001cd0  00001034	movfp2i	r2,f0
 1146  00001cd4  8fc3fff4	lw	r3,-12(r30)
 1147  00001cd8  00400035	movi2fp	f0,r2
 1148  00001cdc  00600835	movi2fp	f1,r3
 1149  00001ce0  0401000e	mult	f0,f0,f1
 1150  00001ce4  00001034	movfp2i	r2,f0
 1151  00001ce8  00220822	sub	r1,r1,r2
 1152  00001cec  afc10000	sw	(r30),r1
 1153  00001cf0          	L70_LF2:
 1154  00001cf0  8fc1fff4	lw	r1,-12(r30)
 1155  00001cf4  6c220001	sgti	r2,r1,#1
 1156  00001cf8  1440000c	bnez	r2,L71_LF2
 1157  00001cfc  54000000	nop; delay slot nop
 1158  00001d00  0800000c	j	L61_LF2
 1159  00001d04  54000000	nop; delay slot nop
 1160  00001d08          	L71_LF2:
 1161  00001d08  0bffff64	j	L68_LF2
 1162  00001d0c  54000000	nop; delay slot nop
 1163  00001d10          	L69_LF2:
 1164  00001d10          	L63_LF2:
 1165  00001d10          	L61_LF2:
 1166  00001d10  8fc10004	lw	r1,4(r30)
 1167  00001d14  20020000	addi	r2,r0,(#0x0)&0xff
 1168  00001d18  a0220000	sb	(r1),r2
 1169  00001d1c          	L59_LF2:
 1170  00001d1c  8fa20000	lw	r2,0(r29)
 1171  00001d20  8fa30004	lw	r3,4(r29)
 1172  00001d24  8fdffff8	lw	r31,-8(r30)
 1173  00001d28  001ee820	add	r29,r0,r30
 1174  00001d2c  8fdefffc	lw	r30,-4(r30)
 1175  00001d30  4be00000	jr	r31
 1176  00001d34  54000000	nop
 1177  00001d38          	.endproc _ditoa
 1178  00001d38          	.align 2
 1179  00001d38          	.proc _dstrtol
 1180  00001d38          	.global _dstrtol
 1181  00001d38          	_dstrtol:
 1182                      ;  Function 'dstrtol'; 16 bytes of locals, 1 regs to save.
 1183  00001d38  afbefffc	sw	-4(r29),r30; push fp
 1184  00001d3c  001df020	add	r30,r0,r29; fp = sp
 1185  00001d40  afbffff8	sw	-8(r29),r31; push ret addr
 1186  00001d44  2fbd0020	subui	r29,r29,#32; alloc local storage
 1187  00001d48  afa20000	sw	0(r29),r2
 1188  00001d4c  20010000	addi	r1,r0,#0
 1189  00001d50  afc1fff4	sw	-12(r30),r1
 1190  00001d54          	L73_LF2:
 1191  00001d54  8fc10000	lw	r1,(r30)
 1192  00001d58  90220000	lbu	r2,(r1)
 1193  00001d5c  60410020	seqi	r1,r2,#32
 1194  00001d60  14200034	bnez	r1,L75_LF2
 1195  00001d64  54000000	nop; delay slot nop
 1196  00001d68  8fc10000	lw	r1,(r30)
 1197  00001d6c  90220000	lbu	r2,(r1)
 1198  00001d70  60410009	seqi	r1,r2,#9
 1199  00001d74  14200020	bnez	r1,L75_LF2
 1200  00001d78  54000000	nop; delay slot nop
 1201  00001d7c  8fc10000	lw	r1,(r30)
 1202  00001d80  90220000	lbu	r2,(r1)
 1203  00001d84  6041000a	seqi	r1,r2,#10
 1204  00001d88  1420000c	bnez	r1,L75_LF2
 1205  00001d8c  54000000	nop; delay slot nop
 1206  00001d90  0800001c	j	L74_LF2
 1207  00001d94  54000000	nop; delay slot nop
 1208  00001d98          	L75_LF2:
 1209  00001d98  8fc20000	lw	r2,(r30)
 1210  00001d9c  20410001	addi	r1,r2,#1
 1211  00001da0  00011020	add	r2,r0,r1
 1212  00001da4  afc20000	sw	(r30),r2
 1213  00001da8  0bffffa8	j	L73_LF2
 1214  00001dac  54000000	nop; delay slot nop
 1215  00001db0          	L74_LF2:
 1216  00001db0  8fc10004	lw	r1,4(r30)
 1217  00001db4  64220000	snei	r2,r1,#0
 1218  00001db8  10400010	beqz	r2,L76_LF2
 1219  00001dbc  54000000	nop; delay slot nop
 1220  00001dc0  8fc10004	lw	r1,4(r30)
 1221  00001dc4  8fc20000	lw	r2,(r30)
 1222  00001dc8  ac220000	sw	(r1),r2
 1223  00001dcc          	L76_LF2:
 1224  00001dcc  8fc10000	lw	r1,(r30)
 1225  00001dd0  90220000	lbu	r2,(r1)
 1226  00001dd4  64410000	snei	r1,r2,#0
 1227  00001dd8  14200010	bnez	r1,L77_LF2
 1228  00001ddc  54000000	nop; delay slot nop
 1229  00001de0  8fc1fff4	lw	r1,-12(r30)
 1230  00001de4  08000294	j	L72_LF2
 1231  00001de8  54000000	nop; delay slot nop
 1232  00001dec          	L77_LF2:
 1233  00001dec  8fc10000	lw	r1,(r30)
 1234  00001df0  90220000	lbu	r2,(r1)
 1235  00001df4  6041002d	seqi	r1,r2,#45
 1236  00001df8  10200024	beqz	r1,L78_LF2
 1237  00001dfc  54000000	nop; delay slot nop
 1238  00001e00  2001ffff	addi	r1,r0,#-1
 1239  00001e04  afc1ffec	sw	-20(r30),r1
 1240  00001e08  8fc20000	lw	r2,(r30)
 1241  00001e0c  20410001	addi	r1,r2,#1
 1242  00001e10  00011020	add	r2,r0,r1
 1243  00001e14  afc20000	sw	(r30),r2
 1244  00001e18  0800000c	j	L79_LF2
 1245  00001e1c  54000000	nop; delay slot nop
 1246  00001e20          	L78_LF2:
 1247  00001e20  20010001	addi	r1,r0,#1
 1248  00001e24  afc1ffec	sw	-20(r30),r1
 1249  00001e28          	L79_LF2:
 1250  00001e28  8fc10008	lw	r1,8(r30)
 1251  00001e2c  64220000	snei	r2,r1,#0
 1252  00001e30  14400090	bnez	r2,L80_LF2
 1253  00001e34  54000000	nop; delay slot nop
 1254  00001e38  8fc10000	lw	r1,(r30)
 1255  00001e3c  90220000	lbu	r2,(r1)
 1256  00001e40  60410030	seqi	r1,r2,#48
 1257  00001e44  10200074	beqz	r1,L81_LF2
 1258  00001e48  54000000	nop; delay slot nop
 1259  00001e4c  8fc20000	lw	r2,(r30)
 1260  00001e50  20410001	addi	r1,r2,#1
 1261  00001e54  00011020	add	r2,r0,r1
 1262  00001e58  afc20000	sw	(r30),r2
 1263  00001e5c  8fc10000	lw	r1,(r30)
 1264  00001e60  90220000	lbu	r2,(r1)
 1265  00001e64  60410078	seqi	r1,r2,#120
 1266  00001e68  14200020	bnez	r1,L83_LF2
 1267  00001e6c  54000000	nop; delay slot nop
 1268  00001e70  8fc10000	lw	r1,(r30)
 1269  00001e74  90220000	lbu	r2,(r1)
 1270  00001e78  60410058	seqi	r1,r2,#88
 1271  00001e7c  1420000c	bnez	r1,L83_LF2
 1272  00001e80  54000000	nop; delay slot nop
 1273  00001e84  08000024	j	L82_LF2
 1274  00001e88  54000000	nop; delay slot nop
 1275  00001e8c          	L83_LF2:
 1276  00001e8c  20010010	addi	r1,r0,#16
 1277  00001e90  afc10008	sw	8(r30),r1
 1278  00001e94  8fc20000	lw	r2,(r30)
 1279  00001e98  20410001	addi	r1,r2,#1
 1280  00001e9c  00011020	add	r2,r0,r1
 1281  00001ea0  afc20000	sw	(r30),r2
 1282  00001ea4  0800000c	j	L84_LF2
 1283  00001ea8  54000000	nop; delay slot nop
 1284  00001eac          	L82_LF2:
 1285  00001eac  20010008	addi	r1,r0,#8
 1286  00001eb0  afc10008	sw	8(r30),r1
 1287  00001eb4          	L84_LF2:
 1288  00001eb4  0800000c	j	L80_LF2
 1289  00001eb8  54000000	nop; delay slot nop
 1290  00001ebc          	L81_LF2:
 1291  00001ebc  2001000a	addi	r1,r0,#10
 1292  00001ec0  afc10008	sw	8(r30),r1
 1293  00001ec4          	L85_LF2:
 1294  00001ec4          	L80_LF2:
 1295  00001ec4  8fc10008	lw	r1,8(r30)
 1296  00001ec8  70220000	slei	r2,r1,#0
 1297  00001ecc  1440001c	bnez	r2,L87_LF2
 1298  00001ed0  54000000	nop; delay slot nop
 1299  00001ed4  8fc10008	lw	r1,8(r30)
 1300  00001ed8  6c220010	sgti	r2,r1,#16
 1301  00001edc  1440000c	bnez	r2,L87_LF2
 1302  00001ee0  54000000	nop; delay slot nop
 1303  00001ee4  08000010	j	L86_LF2
 1304  00001ee8  54000000	nop; delay slot nop
 1305  00001eec          	L87_LF2:
 1306  00001eec  8fc1fff4	lw	r1,-12(r30)
 1307  00001ef0  08000188	j	L72_LF2
 1308  00001ef4  54000000	nop; delay slot nop
 1309  00001ef8          	L86_LF2:
 1310  00001ef8  54000000	nop
 1311  00001efc          	L88_LF2:
 1312  00001efc  8fc10000	lw	r1,(r30)
 1313  00001f00  90220000	lbu	r2,(r1)
 1314  00001f04  6c41002f	sgtui	r1,r2,#47
 1315  00001f08  10200030	beqz	r1,L91_LF2
 1316  00001f0c  54000000	nop; delay slot nop
 1317  00001f10  8fc10000	lw	r1,(r30)
 1318  00001f14  90220000	lbu	r2,(r1)
 1319  00001f18  70410039	sleui	r1,r2,#57
 1320  00001f1c  1020001c	beqz	r1,L91_LF2
 1321  00001f20  54000000	nop; delay slot nop
 1322  00001f24  8fc10000	lw	r1,(r30)
 1323  00001f28  90220000	lbu	r2,(r1)
 1324  00001f2c  2041ffd0	addi	r1,r2,#-48
 1325  00001f30  afc1fff0	sw	-16(r30),r1
 1326  00001f34  0800008c	j	L92_LF2
 1327  00001f38  54000000	nop; delay slot nop
 1328  00001f3c          	L91_LF2:
 1329  00001f3c  8fc10000	lw	r1,(r30)
 1330  00001f40  90220000	lbu	r2,(r1)
 1331  00001f44  6c410060	sgtui	r1,r2,#96
 1332  00001f48  10200030	beqz	r1,L93_LF2
 1333  00001f4c  54000000	nop; delay slot nop
 1334  00001f50  8fc10000	lw	r1,(r30)
 1335  00001f54  90220000	lbu	r2,(r1)
 1336  00001f58  7041007a	sleui	r1,r2,#122
 1337  00001f5c  1020001c	beqz	r1,L93_LF2
 1338  00001f60  54000000	nop; delay slot nop
 1339  00001f64  8fc10000	lw	r1,(r30)
 1340  00001f68  90220000	lbu	r2,(r1)
 1341  00001f6c  2041ffa9	addi	r1,r2,#-87
 1342  00001f70  afc1fff0	sw	-16(r30),r1
 1343  00001f74  0800004c	j	L92_LF2
 1344  00001f78  54000000	nop; delay slot nop
 1345  00001f7c          	L93_LF2:
 1346  00001f7c  8fc10000	lw	r1,(r30)
 1347  00001f80  90220000	lbu	r2,(r1)
 1348  00001f84  6c410040	sgtui	r1,r2,#64
 1349  00001f88  10200030	beqz	r1,L95_LF2
 1350  00001f8c  54000000	nop; delay slot nop
 1351  00001f90  8fc10000	lw	r1,(r30)
 1352  00001f94  90220000	lbu	r2,(r1)
 1353  00001f98  7041005a	sleui	r1,r2,#90
 1354  00001f9c  1020001c	beqz	r1,L95_LF2
 1355  00001fa0  54000000	nop; delay slot nop
 1356  00001fa4  8fc10000	lw	r1,(r30)
 1357  00001fa8  90220000	lbu	r2,(r1)
 1358  00001fac  2041ffc9	addi	r1,r2,#-55
 1359  00001fb0  afc1fff0	sw	-16(r30),r1
 1360  00001fb4  0800000c	j	L92_LF2
 1361  00001fb8  54000000	nop; delay slot nop
 1362  00001fbc          	L95_LF2:
 1363  00001fbc  200103e8	addi	r1,r0,#1000
 1364  00001fc0  afc1fff0	sw	-16(r30),r1
 1365  00001fc4          	L96_LF2:
 1366  00001fc4          	L94_LF2:
 1367  00001fc4          	L92_LF2:
 1368  00001fc4  8fc1fff0	lw	r1,-16(r30)
 1369  00001fc8  8fc20008	lw	r2,8(r30)
 1370  00001fcc  0022082a	slt	r1,r1,r2
 1371  00001fd0  10200040	beqz	r1,L90_LF2
 1372  00001fd4  54000000	nop; delay slot nop
 1373  00001fd8  8fc1fff4	lw	r1,-12(r30)
 1374  00001fdc  8fc20008	lw	r2,8(r30)
 1375  00001fe0  00200035	movi2fp	f0,r1
 1376  00001fe4  00400835	movi2fp	f1,r2
 1377  00001fe8  0401000e	mult	f0,f0,f1
 1378  00001fec  00000834	movfp2i	r1,f0
 1379  00001ff0  afc1fff4	sw	-12(r30),r1
 1380  00001ff4  8fc1fff4	lw	r1,-12(r30)
 1381  00001ff8  8fc2fff0	lw	r2,-16(r30)
 1382  00001ffc  00220820	add	r1,r1,r2
 1383  00002000  afc1fff4	sw	-12(r30),r1
 1384  00002004  8fc20000	lw	r2,(r30)
 1385  00002008  20410001	addi	r1,r2,#1
 1386  0000200c  00011020	add	r2,r0,r1
 1387  00002010  afc20000	sw	(r30),r2
 1388  00002014          	L97_LF2:
 1389  00002014          	L90_LF2:
 1390  00002014  8fc1fff0	lw	r1,-16(r30)
 1391  00002018  8fc20008	lw	r2,8(r30)
 1392  0000201c  0022082a	slt	r1,r1,r2
 1393  00002020  1420000c	bnez	r1,L98_LF2
 1394  00002024  54000000	nop; delay slot nop
 1395  00002028  0800000c	j	L89_LF2
 1396  0000202c  54000000	nop; delay slot nop
 1397  00002030          	L98_LF2:
 1398  00002030  0bfffec8	j	L88_LF2
 1399  00002034  54000000	nop; delay slot nop
 1400  00002038          	L89_LF2:
 1401  00002038  8fc10004	lw	r1,4(r30)
 1402  0000203c  64220000	snei	r2,r1,#0
 1403  00002040  10400010	beqz	r2,L99_LF2
 1404  00002044  54000000	nop; delay slot nop
 1405  00002048  8fc10004	lw	r1,4(r30)
 1406  0000204c  8fc20000	lw	r2,(r30)
 1407  00002050  ac220000	sw	(r1),r2
 1408  00002054          	L99_LF2:
 1409  00002054  8fc1fff4	lw	r1,-12(r30)
 1410  00002058  8fc2ffec	lw	r2,-20(r30)
 1411  0000205c  00200035	movi2fp	f0,r1
 1412  00002060  00400835	movi2fp	f1,r2
 1413  00002064  0401000e	mult	f0,f0,f1
 1414  00002068  00000834	movfp2i	r1,f0
 1415  0000206c  afc1fff4	sw	-12(r30),r1
 1416  00002070  8fc1fff4	lw	r1,-12(r30)
 1417  00002074  08000004	j	L72_LF2
 1418  00002078  54000000	nop; delay slot nop
 1419  0000207c          	L72_LF2:
 1420  0000207c  8fa20000	lw	r2,0(r29)
 1421  00002080  8fdffff8	lw	r31,-8(r30)
 1422  00002084  001ee820	add	r29,r0,r30
 1423  00002088  8fdefffc	lw	r30,-4(r30)
 1424  0000208c  4be00000	jr	r31
 1425  00002090  54000000	nop
 1426  00002094          	.endproc _dstrtol
 1427  00002094          	.align 2
 1428  00002094          	.proc _bcopy
 1429  00002094          	.global _bcopy
 1430  00002094          	_bcopy:
 1431                      ;  Function 'bcopy'; 0 bytes of locals, 2 regs to save.
 1432  00002094  afbefffc	sw	-4(r29),r30; push fp
 1433  00002098  001df020	add	r30,r0,r29; fp = sp
 1434  0000209c  afbffff8	sw	-8(r29),r31; push ret addr
 1435  000020a0  2fbd0010	subui	r29,r29,#16; alloc local storage
 1436  000020a4  afa20000	sw	0(r29),r2
 1437  000020a8  afa30004	sw	4(r29),r3
 1438  000020ac  54000000	nop
 1439  000020b0          	L101_LF2:
 1440  000020b0  8fc10008	lw	r1,8(r30)
 1441  000020b4  2022ffff	addi	r2,r1,#-1
 1442  000020b8  afc20008	sw	8(r30),r2
 1443  000020bc  6c210000	sgti	r1,r1,#0
 1444  000020c0  1420000c	bnez	r1,L103_LF2
 1445  000020c4  54000000	nop; delay slot nop
 1446  000020c8  0800002c	j	L102_LF2
 1447  000020cc  54000000	nop; delay slot nop
 1448  000020d0          	L103_LF2:
 1449  000020d0  8fc10004	lw	r1,4(r30)
 1450  000020d4  20220001	addi	r2,r1,#1
 1451  000020d8  afc20004	sw	4(r30),r2
 1452  000020dc  8fc20000	lw	r2,(r30)
 1453  000020e0  20430001	addi	r3,r2,#1
 1454  000020e4  afc30000	sw	(r30),r3
 1455  000020e8  80420000	lb	r2,(r2)
 1456  000020ec  a0220000	sb	(r1),r2
 1457  000020f0  0bffffbc	j	L101_LF2
 1458  000020f4  54000000	nop; delay slot nop
 1459  000020f8          	L102_LF2:
 1460  000020f8          	L100_LF2:
 1461  000020f8  8fa20000	lw	r2,0(r29)
 1462  000020fc  8fa30004	lw	r3,4(r29)
 1463  00002100  8fdffff8	lw	r31,-8(r30)
 1464  00002104  001ee820	add	r29,r0,r30
 1465  00002108  8fdefffc	lw	r30,-4(r30)
 1466  0000210c  4be00000	jr	r31
 1467  00002110  54000000	nop
 1468  00002114          	.endproc _bcopy
 1469  00002114          	.align 2
 1470  00002114          	.proc _bzero
 1471  00002114          	.global _bzero
 1472  00002114          	_bzero:
 1473                      ;  Function 'bzero'; 0 bytes of locals, 1 regs to save.
 1474  00002114  afbefffc	sw	-4(r29),r30; push fp
 1475  00002118  001df020	add	r30,r0,r29; fp = sp
 1476  0000211c  afbffff8	sw	-8(r29),r31; push ret addr
 1477  00002120  2fbd0010	subui	r29,r29,#16; alloc local storage
 1478  00002124  afa20000	sw	0(r29),r2
 1479  00002128  54000000	nop
 1480  0000212c          	L105_LF2:
 1481  0000212c  8fc10004	lw	r1,4(r30)
 1482  00002130  2022ffff	addi	r2,r1,#-1
 1483  00002134  afc20004	sw	4(r30),r2
 1484  00002138  6c210000	sgti	r1,r1,#0
 1485  0000213c  1420000c	bnez	r1,L107_LF2
 1486  00002140  54000000	nop; delay slot nop
 1487  00002144  08000020	j	L106_LF2
 1488  00002148  54000000	nop; delay slot nop
 1489  0000214c          	L107_LF2:
 1490  0000214c  8fc10000	lw	r1,(r30)
 1491  00002150  20220001	addi	r2,r1,#1
 1492  00002154  afc20000	sw	(r30),r2
 1493  00002158  20020000	addi	r2,r0,(#0x0)&0xff
 1494  0000215c  a0220000	sb	(r1),r2
 1495  00002160  0bffffc8	j	L105_LF2
 1496  00002164  54000000	nop; delay slot nop
 1497  00002168          	L106_LF2:
 1498  00002168          	L104_LF2:
 1499  00002168  8fa20000	lw	r2,0(r29)
 1500  0000216c  8fdffff8	lw	r31,-8(r30)
 1501  00002170  001ee820	add	r29,r0,r30
 1502  00002174  8fdefffc	lw	r30,-4(r30)
 1503  00002178  4be00000	jr	r31
 1504  0000217c  54000000	nop
 1505  00002180          	.endproc _bzero
 1506  00002180          	.align 2
 1507  00002180          	.proc _min
 1508  00002180          	.global _min
 1509  00002180          	_min:
 1510                      ;  Function 'min'; 0 bytes of locals, 2 regs to save.
 1511  00002180  afbefffc	sw	-4(r29),r30; push fp
 1512  00002184  001df020	add	r30,r0,r29; fp = sp
 1513  00002188  afbffff8	sw	-8(r29),r31; push ret addr
 1514  0000218c  2fbd0010	subui	r29,r29,#16; alloc local storage
 1515  00002190  afa20000	sw	0(r29),r2
 1516  00002194  afa30004	sw	4(r29),r3
 1517  00002198  8fc10000	lw	r1,(r30)
 1518  0000219c  8fc20004	lw	r2,4(r30)
 1519  000021a0  0022182c	sle	r3,r1,r2
 1520  000021a4  14600008	bnez	r3,L109_LF2
 1521  000021a8  54000000	nop; delay slot nop
 1522  000021ac  8fc10004	lw	r1,4(r30)
 1523  000021b0          	L109_LF2:
 1524  000021b0  08000004	j	L108_LF2
 1525  000021b4  54000000	nop; delay slot nop
 1526  000021b8          	L108_LF2:
 1527  000021b8  8fa20000	lw	r2,0(r29)
 1528  000021bc  8fa30004	lw	r3,4(r29)
 1529  000021c0  8fdffff8	lw	r31,-8(r30)
 1530  000021c4  001ee820	add	r29,r0,r30
 1531  000021c8  8fdefffc	lw	r30,-4(r30)
 1532  000021cc  4be00000	jr	r31
 1533  000021d0  54000000	nop
 1534  000021d4          	.endproc _min
 1535                      ;;; Ethan L. Miller, 1999.  Released to the public domain
 1536                      ;;;
 1537                      ;;; Most of the traps are called in files from libtraps.
 1540  000021d4          	.align 2
 1541  000021d4          	.proc _exit
 1542  000021d4          	.global _exit
 1543  000021d4          	_exit:
 1544  000021d4  44000300	trap	#0x300
 1545  000021d8  4be00000	jr	r31
 1546  000021dc  54000000	nop
 1547  000021e0          	.endproc _exit
 1549                      ; for the benefit of gcc.
 1550  000021e0          	.proc ___main
 1551  000021e0          	.global ___main
 1552  000021e0          	___main:
 1553  000021e0  4be00000	jr	r31
 1554  000021e4  54000000	nop
 1555  000021e8          	.endproc ___main
 1556  000021e8          	.text
 1557  000021e8          	.global _etext
 1558  000021e8          	_etext:
 1559  000021e8          	.align 3
 1560  000021e8          	.data
 1561  00003129          	.global _edata
 1562  00003129          	_edata:
