 line   address	contents
    1                      ; Linked by DLX-LD.
    2                      ; MemSize 24576
    3                      ; Data size: 309
    4                      ; Text size: 4724
    5                      ; Stack size: 8192
    6  00000000          	.text 0x1000
    7  00001000          	.data 0x3000
    8                      ; Compiled by GCC
    9  00003000          	.text
   10  00001000          	.align 2
   11  00001000          	.proc _isspace
   12  00001000          	.global _isspace
   13  00001000          	_isspace:
   14                      ;  Function 'isspace'; 0 bytes of locals, 1 regs to save.
   15  00001000  afbefffc	sw	-4(r29),r30; push fp
   16  00001004  001df020	add	r30,r0,r29; fp = sp
   17  00001008  afbffff8	sw	-8(r29),r31; push ret addr
   18  0000100c  2fbd0010	subui	r29,r29,#16; alloc local storage
   19  00001010  afa20000	sw	0(r29),r2
   20  00001014  83c20003	lb	r2,3(r30)
   21  00001018  201f0000	addi	r31,r0,#0
   22  0000101c  304100ff	andi	r1,r2,#0x00ff
   23  00001020  60210020	seqi	r1,r1,#32
   24  00001024  14200018	bnez	r1,L6_LF0
   25  00001028  54000000	nop; not filled.
   26  0000102c  2041fff7	addi	r1,r2,#-9
   27  00001030  302100ff	andi	r1,r1,#0x00ff
   28  00001034  70210001	sleui	r1,r1,#1
   29  00001038  10200008	beqz	r1,L5_LF0
   30  0000103c  54000000	nop; not filled.
   31  00001040          	L6_LF0:
   32  00001040  201f0001	addi	r31,r0,#1
   33  00001044          	L5_LF0:
   34  00001044  001f0820	add	r1,r0,r31
   35  00001048  8fa20000	lw	r2,0(r29)
   36  0000104c  8fdffff8	lw	r31,-8(r30)
   37  00001050  001ee820	add	r29,r0,r30
   38  00001054  8fdefffc	lw	r30,-4(r30)
   39  00001058  4be00000	jr	r31
   40  0000105c  54000000	nop
   41  00001060          	.endproc _isspace
   42  00001060          	.align 2
   43  00001060          	.proc _isxdigit
   44  00001060          	.global _isxdigit
   45  00001060          	_isxdigit:
   46                      ;  Function 'isxdigit'; 0 bytes of locals, 1 regs to save.
   47  00001060  afbefffc	sw	-4(r29),r30; push fp
   48  00001064  001df020	add	r30,r0,r29; fp = sp
   49  00001068  afbffff8	sw	-8(r29),r31; push ret addr
   50  0000106c  2fbd0010	subui	r29,r29,#16; alloc local storage
   51  00001070  afa20000	sw	0(r29),r2
   52  00001074  83df0003	lb	r31,3(r30)
   53  00001078  20020000	addi	r2,r0,#0
   54  0000107c  23e1ffd0	addi	r1,r31,#-48
   55  00001080  302100ff	andi	r1,r1,#0x00ff
   56  00001084  70210009	sleui	r1,r1,#9
   57  00001088  14200028	bnez	r1,L12_LF0
   58  0000108c  54000000	nop; not filled.
   59  00001090  23e1ff9f	addi	r1,r31,#-97
   60  00001094  302100ff	andi	r1,r1,#0x00ff
   61  00001098  70210005	sleui	r1,r1,#5
   62  0000109c  14200014	bnez	r1,L12_LF0
   63  000010a0  54000000	nop; not filled.
   64  000010a4  33e100ff	andi	r1,r31,#0x00ff
   65  000010a8  64210041	snei	r1,r1,#65
   66  000010ac  14200008	bnez	r1,L11_LF0
   67  000010b0  54000000	nop; not filled.
   68  000010b4          	L12_LF0:
   69  000010b4  20020001	addi	r2,r0,#1
   70  000010b8          	L11_LF0:
   71  000010b8  00020820	add	r1,r0,r2
   72  000010bc  8fa20000	lw	r2,0(r29)
   73  000010c0  8fdffff8	lw	r31,-8(r30)
   74  000010c4  001ee820	add	r29,r0,r30
   75  000010c8  8fdefffc	lw	r30,-4(r30)
   76  000010cc  4be00000	jr	r31
   77  000010d0  54000000	nop
   78  000010d4          	.endproc _isxdigit
   79  000010d4          	.data
   80  00003000          	.align 2
   81  00003000          	LC0_LF0:
   82  00003000  48656c6c	.ascii "HelloWorld\000"
   82  00003004  6f576f72	
   82  00003008  6c6400  	
   83  0000300b          	.align 2
   84  0000300c          	LC1_LF0:
   85  0000300c  55736167	.ascii "Usage: \000"
   85  00003010  653a2000	
   86  00003014          	.align 2
   87  00003014          	LC2_LF0:
   88  00003014  203c6861	.ascii " <handle_to_shared_memory_page> <handle_to_page_mapped_semaphore> <han"
   88  00003018  6e646c65	
   88  0000301c  5f746f5f	
   88  00003020  73686172	
   88  00003024  65645f6d	
   88  00003028  656d6f72	
   88  0000302c  795f7061	
   88  00003030  67653e20	
   88  00003034  3c68616e	
   88  00003038  646c655f	
   88  0000303c  746f5f70	
   88  00003040  6167655f	
   88  00003044  6d617070	
   88  00003048  65645f73	
   88  0000304c  656d6170	
   88  00003050  686f7265	
   88  00003054  3e203c68	
   88  00003058  616e    	
   89  0000305a  646c655f	.ascii "dle_to_page_mapped_lock>\n\000"
   89  0000305e  746f5f70	
   89  00003062  6167655f	
   89  00003066  6d617070	
   89  0000306a  65645f6c	
   89  0000306e  6f636b3e	
   89  00003072  0a00    	
   90  00003074          	.align 2
   91  00003074          	LC3_LF0:
   92  00003074  436f756c	.ascii "Could not map the virtual address to the memory in \000"
   92  00003078  64206e6f	
   92  0000307c  74206d61	
   92  00003080  70207468	
   92  00003084  65207669	
   92  00003088  72747561	
   92  0000308c  6c206164	
   92  00003090  64726573	
   92  00003094  7320746f	
   92  00003098  20746865	
   92  0000309c  206d656d	
   92  000030a0  6f727920	
   92  000030a4  696e2000	
   93  000030a8          	.align 2
   94  000030a8          	LC4_LF0:
   95  000030a8  2c206578	.ascii ", exiting...\n\000"
   95  000030ac  6974696e	
   95  000030b0  672e2e2e	
   95  000030b4  0a00    	
   96  000030b6          	.align 2
   97  000030b8          	LC5_LF0:
   98  000030b8  70726f64	.ascii "producer: My PID is %d\n\000"
   98  000030bc  75636572	
   98  000030c0  3a204d79	
   98  000030c4  20504944	
   98  000030c8  20697320	
   98  000030cc  25640a00	
   99  000030d0          	.align 2
  100  000030d0          	LC6_LF0:
  101  000030d0  70726f64	.ascii "producer %d inserted: %c\n\000"
  101  000030d4  75636572	
  101  000030d8  20256420	
  101  000030dc  696e7365	
  101  000030e0  72746564	
  101  000030e4  3a202563	
  101  000030e8  0a00    	
  102  000030ea          	.align 2
  103  000030ec          	LC7_LF0:
  104  000030ec  70726f64	.ascii "producer: PID %d is complete.\n\000"
  104  000030f0  75636572	
  104  000030f4  3a205049	
  104  000030f8  44202564	
  104  000030fc  20697320	
  104  00003100  636f6d70	
  104  00003104  6c657465	
  104  00003108  2e0a00  	
  105  0000310b          	.align 2
  106  0000310c          	LC8_LF0:
  107  0000310c  42616420	.ascii "Bad semaphore s_procs_completed (%d) in \000"
  107  00003110  73656d61	
  107  00003114  70686f72	
  107  00003118  6520735f	
  107  0000311c  70726f63	
  107  00003120  735f636f	
  107  00003124  6d706c65	
  107  00003128  74656420	
  107  0000312c  28256429	
  107  00003130  20696e20	
  107  00003134  00      	
  108  00003135          	.text
  109  000010d4          	.align 2
  110  000010d4          	.proc _main
  111  000010d4          	.global _main
  112  000010d4          	_main:
  113                      ;  Function 'main'; 16 bytes of locals, 0 regs to save.
  114  000010d4  afbefffc	sw	-4(r29),r30; push fp
  115  000010d8  001df020	add	r30,r0,r29; fp = sp
  116  000010dc  afbffff8	sw	-8(r29),r31; push ret addr
  117  000010e0  2fbd0018	subui	r29,r29,#24; alloc local storage
  118  000010e4  8fc20000	lw	r2,(r30)
  119  000010e8  8fc90004	lw	r9,4(r30)
  120  000010ec  0c00117c	jal	___main
  121  000010f0  54000000	nop; not filled.
  122  000010f4  3c010000	lhi	r1,((LC0_LF0)>>16)&0xffff
  123  000010f8  24213000	addui	r1,r1,(LC0_LF0)&0xffff
  124  000010fc  802b0000	lb	r11,(r1)
  125  00001100  a3cbffe8	sb	-24(r30),r11
  126  00001104  802b0001	lb	r11,1(r1)
  127  00001108  a3cbffe9	sb	-23(r30),r11
  128  0000110c  802b0002	lb	r11,2(r1)
  129  00001110  a3cbffea	sb	-22(r30),r11
  130  00001114  802b0003	lb	r11,3(r1)
  131  00001118  a3cbffeb	sb	-21(r30),r11
  132  0000111c  802b0004	lb	r11,4(r1)
  133  00001120  a3cbffec	sb	-20(r30),r11
  134  00001124  802b0005	lb	r11,5(r1)
  135  00001128  a3cbffed	sb	-19(r30),r11
  136  0000112c  802b0006	lb	r11,6(r1)
  137  00001130  a3cbffee	sb	-18(r30),r11
  138  00001134  802b0007	lb	r11,7(r1)
  139  00001138  a3cbffef	sb	-17(r30),r11
  140  0000113c  802b0008	lb	r11,8(r1)
  141  00001140  a3cbfff0	sb	-16(r30),r11
  142  00001144  802b0009	lb	r11,9(r1)
  143  00001148  a3cbfff1	sb	-15(r30),r11
  144  0000114c  8021000a	lb	r1,10(r1)
  145  00001150  a3c1fff2	sb	-14(r30),r1
  146  00001154  20070000	addi	r7,r0,#0
  147  00001158  64410004	snei	r1,r2,#4
  148  0000115c  1020004c	beqz	r1,L14_LF0
  149  00001160  54000000	nop; not filled.
  150  00001164  23bdfff8	addi	r29,r29,#-8
  151  00001168  3c0b0000	lhi	r11,((LC1_LF0)>>16)&0xffff
  152  0000116c  256b300c	addui	r11,r11,(LC1_LF0)&0xffff
  153  00001170  afab0000	sw	(r29),r11
  154  00001174  0c0002ec	jal	_Printf
  155  00001178  54000000	nop; not filled.
  156  0000117c  8d2b0000	lw	r11,(r9)
  157  00001180  afab0000	sw	(r29),r11
  158  00001184  0c0002dc	jal	_Printf
  159  00001188  54000000	nop; not filled.
  160  0000118c  3c0b0000	lhi	r11,((LC2_LF0)>>16)&0xffff
  161  00001190  256b3014	addui	r11,r11,(LC2_LF0)&0xffff
  162  00001194  afab0000	sw	(r29),r11
  163  00001198  0c0002c8	jal	_Printf
  164  0000119c  54000000	nop; not filled.
  165  000011a0  0c000374	jal	_Exit
  166  000011a4  54000000	nop; not filled.
  167  000011a8  23bd0008	addi	r29,r29,#8
  168  000011ac          	L14_LF0:
  169  000011ac  23bdfff0	addi	r29,r29,#-16
  170  000011b0  8d2b0004	lw	r11,4(r9)
  171  000011b4  afab0000	sw	(r29),r11
  172  000011b8  200b0000	addi	r11,r0,#0
  173  000011bc  afab0004	sw	4(r29),r11
  174  000011c0  200b000a	addi	r11,r0,#10
  175  000011c4  afab0008	sw	8(r29),r11
  176  000011c8  0c000bf8	jal	_dstrtol
  177  000011cc  54000000	nop; not filled.
  178  000011d0  00011020	add	r2,r0,r1
  179  000011d4  8d2b0008	lw	r11,8(r9)
  180  000011d8  afab0000	sw	(r29),r11
  181  000011dc  200b0000	addi	r11,r0,#0
  182  000011e0  afab0004	sw	4(r29),r11
  183  000011e4  200b000a	addi	r11,r0,#10
  184  000011e8  afab0008	sw	8(r29),r11
  185  000011ec  0c000bd4	jal	_dstrtol
  186  000011f0  54000000	nop; not filled.
  187  000011f4  00015020	add	r10,r0,r1
  188  000011f8  8d2b000c	lw	r11,12(r9)
  189  000011fc  afab0000	sw	(r29),r11
  190  00001200  200b0000	addi	r11,r0,#0
  191  00001204  afab0004	sw	4(r29),r11
  192  00001208  200b000a	addi	r11,r0,#10
  193  0000120c  afab0008	sw	8(r29),r11
  194  00001210  0c000bb0	jal	_dstrtol
  195  00001214  54000000	nop; not filled.
  196  00001218  00013020	add	r6,r0,r1
  197  0000121c  afa20000	sw	(r29),r2
  198  00001220  0c000270	jal	_shmat
  199  00001224  54000000	nop; not filled.
  200  00001228  00012820	add	r5,r0,r1
  201  0000122c  23bd0010	addi	r29,r29,#16
  202  00001230  64a10000	snei	r1,r5,#0
  203  00001234  1420004c	bnez	r1,L15_LF0
  204  00001238  54000000	nop; not filled.
  205  0000123c  23bdfff8	addi	r29,r29,#-8
  206  00001240  3c0b0000	lhi	r11,((LC3_LF0)>>16)&0xffff
  207  00001244  256b3074	addui	r11,r11,(LC3_LF0)&0xffff
  208  00001248  afab0000	sw	(r29),r11
  209  0000124c  0c000214	jal	_Printf
  210  00001250  54000000	nop; not filled.
  211  00001254  8d2b0000	lw	r11,(r9)
  212  00001258  afab0000	sw	(r29),r11
  213  0000125c  0c000204	jal	_Printf
  214  00001260  54000000	nop; not filled.
  215  00001264  3c0b0000	lhi	r11,((LC4_LF0)>>16)&0xffff
  216  00001268  256b30a8	addui	r11,r11,(LC4_LF0)&0xffff
  217  0000126c  afab0000	sw	(r29),r11
  218  00001270  0c0001f0	jal	_Printf
  219  00001274  54000000	nop; not filled.
  220  00001278  0c00029c	jal	_Exit
  221  0000127c  54000000	nop; not filled.
  222  00001280  23bd0008	addi	r29,r29,#8
  223  00001284          	L15_LF0:
  224  00001284  0c0001e8	jal	_getpid
  225  00001288  54000000	nop; not filled.
  226  0000128c  23bdfff8	addi	r29,r29,#-8
  227  00001290  3c0b0000	lhi	r11,((LC5_LF0)>>16)&0xffff
  228  00001294  256b30b8	addui	r11,r11,(LC5_LF0)&0xffff
  229  00001298  afab0000	sw	(r29),r11
  230  0000129c  afa10004	sw	4(r29),r1
  231  000012a0  0c0001c0	jal	_Printf
  232  000012a4  54000000	nop; not filled.
  233  000012a8  23bd0008	addi	r29,r29,#8
  234  000012ac  20080005	addi	r8,r0,#5
  235  000012b0  23c4ffe8	addi	r4,r30,#-24
  236  000012b4          	L18_LF0:
  237  000012b4  23bdfff8	addi	r29,r29,#-8
  238  000012b8  afa60000	sw	(r29),r6
  239  000012bc  0c000210	jal	_lock_acquire
  240  000012c0  54000000	nop; not filled.
  241  000012c4  8ca10000	lw	r1,(r5)
  242  000012c8  20230001	addi	r3,r1,#1
  243  000012cc  00600035	movi2fp	f0,r3
  244  000012d0  01000835	movi2fp	f1,r8
  245  000012d4  0401000f	div	f0,f0,f1
  246  000012d8  00001034	movfp2i	r2,f0
  247  000012dc  50410002	slli	r1,r2,#0x2
  248  000012e0  00220820	add	r1,r1,r2
  249  000012e4  00611022	sub	r2,r3,r1
  250  000012e8  8ca10004	lw	r1,4(r5)
  251  000012ec  23bd0008	addi	r29,r29,#8
  252  000012f0  00410829	sne	r1,r2,r1
  253  000012f4  10200070	beqz	r1,L19_LF0
  254  000012f8  54000000	nop; not filled.
  255  000012fc  0c000170	jal	_getpid
  256  00001300  54000000	nop; not filled.
  257  00001304  23bdfff0	addi	r29,r29,#-16
  258  00001308  3c0b0000	lhi	r11,((LC6_LF0)>>16)&0xffff
  259  0000130c  256b30d0	addui	r11,r11,(LC6_LF0)&0xffff
  260  00001310  afab0000	sw	(r29),r11
  261  00001314  afa10004	sw	4(r29),r1
  262  00001318  90810000	lbu	r1,(r4)
  263  0000131c  afa10008	sw	8(r29),r1
  264  00001320  0c000140	jal	_Printf
  265  00001324  54000000	nop; not filled.
  266  00001328  8ca10000	lw	r1,(r5)
  267  0000132c  20230001	addi	r3,r1,#1
  268  00001330  00600035	movi2fp	f0,r3
  269  00001334  01000835	movi2fp	f1,r8
  270  00001338  0401000f	div	f0,f0,f1
  271  0000133c  00001034	movfp2i	r2,f0
  272  00001340  50410002	slli	r1,r2,#0x2
  273  00001344  00220820	add	r1,r1,r2
  274  00001348  00610822	sub	r1,r3,r1
  275  0000134c  aca10000	sw	(r5),r1
  276  00001350  00a10820	add	r1,r5,r1
  277  00001354  808b0000	lb	r11,(r4)
  278  00001358  a02b0008	sb	8(r1),r11
  279  0000135c  20840001	addi	r4,r4,#1
  280  00001360  20e70001	addi	r7,r7,#1
  281  00001364  23bd0010	addi	r29,r29,#16
  282  00001368          	L19_LF0:
  283  00001368  23bdfff8	addi	r29,r29,#-8
  284  0000136c  afa60000	sw	(r29),r6
  285  00001370  0c000168	jal	_lock_release
  286  00001374  54000000	nop; not filled.
  287  00001378  23bd0008	addi	r29,r29,#8
  288  0000137c  68e1000a	sltui	r1,r7,#10
  289  00001380  1420ff30	bnez	r1,L18_LF0
  290  00001384  54000000	nop; not filled.
  291  00001388  0c0000e4	jal	_getpid
  292  0000138c  54000000	nop; not filled.
  293  00001390  23bdfff8	addi	r29,r29,#-8
  294  00001394  3c0b0000	lhi	r11,((LC7_LF0)>>16)&0xffff
  295  00001398  256b30ec	addui	r11,r11,(LC7_LF0)&0xffff
  296  0000139c  afab0000	sw	(r29),r11
  297  000013a0  afa10004	sw	4(r29),r1
  298  000013a4  0c0000bc	jal	_Printf
  299  000013a8  54000000	nop; not filled.
  300  000013ac  afaa0000	sw	(r29),r10
  301  000013b0  0c000104	jal	_sem_signal
  302  000013b4  54000000	nop; not filled.
  303  000013b8  23bd0008	addi	r29,r29,#8
  304  000013bc  64210001	snei	r1,r1,#1
  305  000013c0  10200050	beqz	r1,L21_LF0
  306  000013c4  54000000	nop; not filled.
  307  000013c8  23bdfff8	addi	r29,r29,#-8
  308  000013cc  3c0b0000	lhi	r11,((LC8_LF0)>>16)&0xffff
  309  000013d0  256b310c	addui	r11,r11,(LC8_LF0)&0xffff
  310  000013d4  afab0000	sw	(r29),r11
  311  000013d8  afaa0004	sw	4(r29),r10
  312  000013dc  0c000084	jal	_Printf
  313  000013e0  54000000	nop; not filled.
  314  000013e4  8d290000	lw	r9,(r9)
  315  000013e8  afa90000	sw	(r29),r9
  316  000013ec  0c000074	jal	_Printf
  317  000013f0  54000000	nop; not filled.
  318  000013f4  3c0b0000	lhi	r11,((LC4_LF0)>>16)&0xffff
  319  000013f8  256b30a8	addui	r11,r11,(LC4_LF0)&0xffff
  320  000013fc  afab0000	sw	(r29),r11
  321  00001400  0c000060	jal	_Printf
  322  00001404  54000000	nop; not filled.
  323  00001408  0c00010c	jal	_Exit
  324  0000140c  54000000	nop; not filled.
  325  00001410  23bd0008	addi	r29,r29,#8
  326  00001414          	L21_LF0:
  327  00001414  0c000e48	jal	_exit
  328  00001418  54000000	nop
  329  0000141c          	.endproc _main
  330                      ;;;
  331                      ;;; Stub functions for DLX traps.
  332                      ;;;
  333                      ;;; Ethan L. Miller, 1999.  Released to the public domain.
  334                      ;;;
  335                      ;;; The traps such as Open and Close
  336                      ;;; (note the capital letters) are for use by user programs.  The traps
  337                      ;;; with names such as open and close (lower case) are for use by the OS.
  338                      ;;;
  341  0000141c          	.align 2
  343                      ;;; The following are the traps to be used by user-level programs
  344                      ;;;
  346  0000141c          	.align 2
  347  0000141c          	.proc _Open
  348  0000141c          	.global _Open
  349  0000141c          	_Open:
  350                      ;;; Note that trap #0x213 actually causes a trap vector in the OS of
  351                      ;;; 0x1213.  The same is true for other user traps.  Thus, a user trap
  352                      ;;; with trap #0x240 will result in a trap vector of 0x1240 in the OS.
  353  0000141c  44000213	trap	#0x213
  354  00001420  4be00000	jr	r31
  355  00001424  54000000	nop
  356  00001428          	.endproc _Open
  358  00001428          	.proc _Close
  359  00001428          	.global _Close
  360  00001428          	_Close:
  361  00001428  44000214	trap	#0x214
  362  0000142c  4be00000	jr	r31
  363  00001430  54000000	nop
  364  00001434          	.endproc _Close
  366  00001434          	.proc _Read
  367  00001434          	.global _Read
  368  00001434          	_Read:
  369  00001434  44000210	trap	#0x210
  370  00001438  4be00000	jr	r31
  371  0000143c  54000000	nop
  372  00001440          	.endproc _Read
  374  00001440          	.proc _Write
  375  00001440          	.global _Write
  376  00001440          	_Write:
  377  00001440  44000211	trap	#0x211
  378  00001444  4be00000	jr	r31
  379  00001448  54000000	nop
  380  0000144c          	.endproc _Write
  382  0000144c          	.proc _Lseek
  383  0000144c          	.global _Lseek
  384  0000144c          	_Lseek:
  385  0000144c  44000212	trap	#0x212
  386  00001450  4be00000	jr	r31
  387  00001454  54000000	nop
  388  00001458          	.endproc _Lseek
  390  00001458          	.proc _Putchar
  391  00001458          	.global _Putchar
  392  00001458          	_Putchar:
  393  00001458  44000280	trap	#0x280
  394  0000145c  4be00000	jr	r31
  395  00001460  54000000	nop
  396  00001464          	.endproc _Putchar
  398  00001464          	.proc _Printf
  399  00001464          	.global _Printf
  400  00001464          	_Printf:
  401  00001464  44000201	trap	#0x201
  402  00001468  4be00000	jr	r31
  403  0000146c  54000000	nop
  404  00001470          	.endproc _Printf
  406  00001470          	.proc _getpid
  407  00001470          	.global _getpid
  408  00001470          	_getpid:
  409  00001470  44000431	trap	#0x431
  410  00001474  4be00000	jr	r31
  411  00001478  54000000	nop
  412  0000147c          	.endproc _getpid
  414  0000147c          	.proc _process_create
  415  0000147c          	.global _process_create
  416  0000147c          	_process_create:
  417  0000147c  44000432	trap	#0x432
  418  00001480  4be00000	jr	r31
  419  00001484  54000000	nop
  420  00001488          	.endproc _process_create
  422  00001488          	.proc _shmget
  423  00001488          	.global _shmget
  424  00001488          	_shmget:
  425  00001488  44000440	trap	#0x440
  426  0000148c  4be00000	jr	r31
  427  00001490  54000000	nop
  428  00001494          	.endproc _shmget
  430  00001494          	.proc _shmat
  431  00001494          	.global _shmat
  432  00001494          	_shmat:
  433  00001494  44000441	trap	#0x441
  434  00001498  4be00000	jr	r31
  435  0000149c  54000000	nop
  436  000014a0          	.endproc _shmat
  438  000014a0          	.proc _sem_create
  439  000014a0          	.global _sem_create
  440  000014a0          	_sem_create:
  441  000014a0  44000450	trap	#0x450
  442  000014a4  4be00000	jr	r31
  443  000014a8  54000000	nop
  444  000014ac          	.endproc _sem_create
  446  000014ac          	.proc _sem_wait
  447  000014ac          	.global _sem_wait
  448  000014ac          	_sem_wait:
  449  000014ac  44000451	trap	#0x451
  450  000014b0  4be00000	jr	r31
  451  000014b4  54000000	nop
  452  000014b8          	.endproc _sem_wait
  454  000014b8          	.proc _sem_signal
  455  000014b8          	.global _sem_signal
  456  000014b8          	_sem_signal:
  457  000014b8  44000452	trap	#0x452
  458  000014bc  4be00000	jr	r31
  459  000014c0  54000000	nop
  460  000014c4          	.endproc _sem_signal
  462  000014c4          	.proc _lock_create
  463  000014c4          	.global _lock_create
  464  000014c4          	_lock_create:
  465  000014c4  44000453	trap	#0x453
  466  000014c8  4be00000	jr	r31
  467  000014cc  54000000	nop
  468  000014d0          	.endproc _lock_create
  470  000014d0          	.proc _lock_acquire
  471  000014d0          	.global _lock_acquire
  472  000014d0          	_lock_acquire:
  473  000014d0  44000454	trap	#0x454
  474  000014d4  4be00000	jr	r31
  475  000014d8  54000000	nop
  476  000014dc          	.endproc _lock_acquire
  478  000014dc          	.proc _lock_release
  479  000014dc          	.global _lock_release
  480  000014dc          	_lock_release:
  481  000014dc  44000455	trap	#0x455
  482  000014e0  4be00000	jr	r31
  483  000014e4  54000000	nop
  484  000014e8          	.endproc _lock_release
  486  000014e8          	.proc _cond_create
  487  000014e8          	.global _cond_create
  488  000014e8          	_cond_create:
  489  000014e8  44000456	trap	#0x456
  490  000014ec  4be00000	jr	r31
  491  000014f0  54000000	nop
  492  000014f4          	.endproc _cond_create
  494  000014f4          	.proc _cond_wait
  495  000014f4          	.global _cond_wait
  496  000014f4          	_cond_wait:
  497  000014f4  44000457	trap	#0x457
  498  000014f8  4be00000	jr	r31
  499  000014fc  54000000	nop
  500  00001500          	.endproc _cond_wait
  502  00001500          	.proc _cond_signal
  503  00001500          	.global _cond_signal
  504  00001500          	_cond_signal:
  505  00001500  44000458	trap	#0x458
  506  00001504  4be00000	jr	r31
  507  00001508  54000000	nop
  508  0000150c          	.endproc _cond_signal
  510  0000150c          	.proc _cond_broadcast
  511  0000150c          	.global _cond_broadcast
  512  0000150c          	_cond_broadcast:
  513  0000150c  44000455	trap	#0x455
  514  00001510  4be00000	jr	r31
  515  00001514  54000000	nop
  516  00001518          	.endproc _cond_broadcast
  518  00001518          	.proc _Exit
  519  00001518          	.global _Exit
  520  00001518          	_Exit:
  521  00001518  44000500	trap	#0x500
  522  0000151c  4be00000	jr	r31
  523  00001520  54000000	nop
  524  00001524          	.endproc _Exit
  525                      ; Compiled by GCC
  527  00001524          	.align 2
  528  00001524          	.proc _isspace
  529  00001524          	.global _isspace
  530  00001524          	_isspace:
  531                      ;  Function 'isspace'; 0 bytes of locals, 3 regs to save.
  532  00001524  afbefffc	sw	-4(r29),r30; push fp
  533  00001528  001df020	add	r30,r0,r29; fp = sp
  534  0000152c  afbffff8	sw	-8(r29),r31; push ret addr
  535  00001530  2fbd0018	subui	r29,r29,#24; alloc local storage
  536  00001534  afa20000	sw	0(r29),r2
  537  00001538  afa30004	sw	4(r29),r3
  538  0000153c  afa40008	sw	8(r29),r4
  539  00001540  83c20003	lb	r2,3(r30)
  540  00001544  20010000	addi	r1,r0,#0
  541  00001548  304300ff	andi	r3,r2,#0x00ff
  542  0000154c  60640020	seqi	r4,r3,#32
  543  00001550  1480002c	bnez	r4,L3_LF2
  544  00001554  54000000	nop; delay slot nop
  545  00001558  304300ff	andi	r3,r2,#0x00ff
  546  0000155c  60640009	seqi	r4,r3,#9
  547  00001560  1480001c	bnez	r4,L3_LF2
  548  00001564  54000000	nop; delay slot nop
  549  00001568  304300ff	andi	r3,r2,#0x00ff
  550  0000156c  6064000a	seqi	r4,r3,#10
  551  00001570  1480000c	bnez	r4,L3_LF2
  552  00001574  54000000	nop; delay slot nop
  553  00001578  08000008	j	L2_LF2
  554  0000157c  54000000	nop; delay slot nop
  555  00001580          	L3_LF2:
  556  00001580  20010001	addi	r1,r0,#1
  557  00001584          	L2_LF2:
  558  00001584  08000004	j	L1_LF2
  559  00001588  54000000	nop; delay slot nop
  560  0000158c          	L1_LF2:
  561  0000158c  8fa20000	lw	r2,0(r29)
  562  00001590  8fa30004	lw	r3,4(r29)
  563  00001594  8fa40008	lw	r4,8(r29)
  564  00001598  8fdffff8	lw	r31,-8(r30)
  565  0000159c  001ee820	add	r29,r0,r30
  566  000015a0  8fdefffc	lw	r30,-4(r30)
  567  000015a4  4be00000	jr	r31
  568  000015a8  54000000	nop
  569  000015ac          	.endproc _isspace
  570  000015ac          	.align 2
  571  000015ac          	.proc _isxdigit
  572  000015ac          	.global _isxdigit
  573  000015ac          	_isxdigit:
  574                      ;  Function 'isxdigit'; 0 bytes of locals, 3 regs to save.
  575  000015ac  afbefffc	sw	-4(r29),r30; push fp
  576  000015b0  001df020	add	r30,r0,r29; fp = sp
  577  000015b4  afbffff8	sw	-8(r29),r31; push ret addr
  578  000015b8  2fbd0018	subui	r29,r29,#24; alloc local storage
  579  000015bc  afa20000	sw	0(r29),r2
  580  000015c0  afa30004	sw	4(r29),r3
  581  000015c4  afa40008	sw	8(r29),r4
  582  000015c8  83c20003	lb	r2,3(r30)
  583  000015cc  20010000	addi	r1,r0,#0
  584  000015d0  304300ff	andi	r3,r2,#0x00ff
  585  000015d4  6c64002f	sgtui	r4,r3,#47
  586  000015d8  1080001c	beqz	r4,L7_LF2
  587  000015dc  54000000	nop; delay slot nop
  588  000015e0  304300ff	andi	r3,r2,#0x00ff
  589  000015e4  70640039	sleui	r4,r3,#57
  590  000015e8  1480005c	bnez	r4,L6_LF2
  591  000015ec  54000000	nop; delay slot nop
  592  000015f0  08000004	j	L7_LF2
  593  000015f4  54000000	nop; delay slot nop
  594  000015f8          	L7_LF2:
  595  000015f8  304300ff	andi	r3,r2,#0x00ff
  596  000015fc  6c640060	sgtui	r4,r3,#96
  597  00001600  1080001c	beqz	r4,L8_LF2
  598  00001604  54000000	nop; delay slot nop
  599  00001608  304300ff	andi	r3,r2,#0x00ff
  600  0000160c  70640066	sleui	r4,r3,#102
  601  00001610  14800034	bnez	r4,L6_LF2
  602  00001614  54000000	nop; delay slot nop
  603  00001618  08000004	j	L8_LF2
  604  0000161c  54000000	nop; delay slot nop
  605  00001620          	L8_LF2:
  606  00001620  304300ff	andi	r3,r2,#0x00ff
  607  00001624  6c640040	sgtui	r4,r3,#64
  608  00001628  10800020	beqz	r4,L5_LF2
  609  0000162c  54000000	nop; delay slot nop
  610  00001630  304300ff	andi	r3,r2,#0x00ff
  611  00001634  70640041	sleui	r4,r3,#65
  612  00001638  1480000c	bnez	r4,L6_LF2
  613  0000163c  54000000	nop; delay slot nop
  614  00001640  08000008	j	L5_LF2
  615  00001644  54000000	nop; delay slot nop
  616  00001648          	L6_LF2:
  617  00001648  20010001	addi	r1,r0,#1
  618  0000164c          	L5_LF2:
  619  0000164c  08000004	j	L4_LF2
  620  00001650  54000000	nop; delay slot nop
  621  00001654          	L4_LF2:
  622  00001654  8fa20000	lw	r2,0(r29)
  623  00001658  8fa30004	lw	r3,4(r29)
  624  0000165c  8fa40008	lw	r4,8(r29)
  625  00001660  8fdffff8	lw	r31,-8(r30)
  626  00001664  001ee820	add	r29,r0,r30
  627  00001668  8fdefffc	lw	r30,-4(r30)
  628  0000166c  4be00000	jr	r31
  629  00001670  54000000	nop
  630  00001674          	.endproc _isxdigit
  631  00001674          	.align 2
  632  00001674          	.proc _dstrcpy
  633  00001674          	.global _dstrcpy
  634  00001674          	_dstrcpy:
  635                      ;  Function 'dstrcpy'; 8 bytes of locals, 2 regs to save.
  636  00001674  afbefffc	sw	-4(r29),r30; push fp
  637  00001678  001df020	add	r30,r0,r29; fp = sp
  638  0000167c  afbffff8	sw	-8(r29),r31; push ret addr
  639  00001680  2fbd0018	subui	r29,r29,#24; alloc local storage
  640  00001684  afa20000	sw	0(r29),r2
  641  00001688  afa30004	sw	4(r29),r3
  642  0000168c  8fc10000	lw	r1,(r30)
  643  00001690  afc1fff4	sw	-12(r30),r1
  644  00001694          	L10_LF2:
  645  00001694  8fc10000	lw	r1,(r30)
  646  00001698  20220001	addi	r2,r1,#1
  647  0000169c  afc20000	sw	(r30),r2
  648  000016a0  8fc20004	lw	r2,4(r30)
  649  000016a4  20430001	addi	r3,r2,#1
  650  000016a8  afc30004	sw	4(r30),r3
  651  000016ac  80420000	lb	r2,(r2)
  652  000016b0  a0220000	sb	(r1),r2
  653  000016b4  a3c2fff3	sb	-13(r30),r2
  654  000016b8          	L12_LF2:
  655  000016b8  93c1fff3	lbu	r1,-13(r30)
  656  000016bc  64220000	snei	r2,r1,#0
  657  000016c0  1440000c	bnez	r2,L13_LF2
  658  000016c4  54000000	nop; delay slot nop
  659  000016c8  0800000c	j	L11_LF2
  660  000016cc  54000000	nop; delay slot nop
  661  000016d0          	L13_LF2:
  662  000016d0  0bffffc0	j	L10_LF2
  663  000016d4  54000000	nop; delay slot nop
  664  000016d8          	L11_LF2:
  665  000016d8  8fc1fff4	lw	r1,-12(r30)
  666  000016dc  08000004	j	L9_LF2
  667  000016e0  54000000	nop; delay slot nop
  668  000016e4          	L9_LF2:
  669  000016e4  8fa20000	lw	r2,0(r29)
  670  000016e8  8fa30004	lw	r3,4(r29)
  671  000016ec  8fdffff8	lw	r31,-8(r30)
  672  000016f0  001ee820	add	r29,r0,r30
  673  000016f4  8fdefffc	lw	r30,-4(r30)
  674  000016f8  4be00000	jr	r31
  675  000016fc  54000000	nop
  676  00001700          	.endproc _dstrcpy
  677  00001700          	.align 2
  678  00001700          	.proc _dstrncpy
  679  00001700          	.global _dstrncpy
  680  00001700          	_dstrncpy:
  681                      ;  Function 'dstrncpy'; 8 bytes of locals, 2 regs to save.
  682  00001700  afbefffc	sw	-4(r29),r30; push fp
  683  00001704  001df020	add	r30,r0,r29; fp = sp
  684  00001708  afbffff8	sw	-8(r29),r31; push ret addr
  685  0000170c  2fbd0018	subui	r29,r29,#24; alloc local storage
  686  00001710  afa20000	sw	0(r29),r2
  687  00001714  afa30004	sw	4(r29),r3
  688  00001718  8fc10000	lw	r1,(r30)
  689  0000171c  afc1fff4	sw	-12(r30),r1
  690  00001720          	L15_LF2:
  691  00001720  8fc10008	lw	r1,8(r30)
  692  00001724  2022ffff	addi	r2,r1,#-1
  693  00001728  afc20008	sw	8(r30),r2
  694  0000172c  70210000	slei	r1,r1,#0
  695  00001730  1020000c	beqz	r1,L18_LF2
  696  00001734  54000000	nop; delay slot nop
  697  00001738  08000048	j	L16_LF2
  698  0000173c  54000000	nop; delay slot nop
  699  00001740          	L18_LF2:
  700  00001740  8fc10000	lw	r1,(r30)
  701  00001744  20220001	addi	r2,r1,#1
  702  00001748  afc20000	sw	(r30),r2
  703  0000174c  8fc20004	lw	r2,4(r30)
  704  00001750  20430001	addi	r3,r2,#1
  705  00001754  afc30004	sw	4(r30),r3
  706  00001758  80420000	lb	r2,(r2)
  707  0000175c  a0220000	sb	(r1),r2
  708  00001760  a3c2fff3	sb	-13(r30),r2
  709  00001764          	L17_LF2:
  710  00001764  93c1fff3	lbu	r1,-13(r30)
  711  00001768  64220000	snei	r2,r1,#0
  712  0000176c  1440000c	bnez	r2,L19_LF2
  713  00001770  54000000	nop; delay slot nop
  714  00001774  0800000c	j	L16_LF2
  715  00001778  54000000	nop; delay slot nop
  716  0000177c          	L19_LF2:
  717  0000177c  0bffffa0	j	L15_LF2
  718  00001780  54000000	nop; delay slot nop
  719  00001784          	L16_LF2:
  720  00001784  8fc1fff4	lw	r1,-12(r30)
  721  00001788  08000004	j	L14_LF2
  722  0000178c  54000000	nop; delay slot nop
  723  00001790          	L14_LF2:
  724  00001790  8fa20000	lw	r2,0(r29)
  725  00001794  8fa30004	lw	r3,4(r29)
  726  00001798  8fdffff8	lw	r31,-8(r30)
  727  0000179c  001ee820	add	r29,r0,r30
  728  000017a0  8fdefffc	lw	r30,-4(r30)
  729  000017a4  4be00000	jr	r31
  730  000017a8  54000000	nop
  731  000017ac          	.endproc _dstrncpy
  732  000017ac          	.align 2
  733  000017ac          	.proc _dstrcat
  734  000017ac          	.global _dstrcat
  735  000017ac          	_dstrcat:
  736                      ;  Function 'dstrcat'; 8 bytes of locals, 1 regs to save.
  737  000017ac  afbefffc	sw	-4(r29),r30; push fp
  738  000017b0  001df020	add	r30,r0,r29; fp = sp
  739  000017b4  afbffff8	sw	-8(r29),r31; push ret addr
  740  000017b8  2fbd0018	subui	r29,r29,#24; alloc local storage
  741  000017bc  afa20000	sw	0(r29),r2
  742  000017c0  8fc10000	lw	r1,(r30)
  743  000017c4  afc1fff4	sw	-12(r30),r1
  744  000017c8          	L21_LF2:
  745  000017c8  8fc10000	lw	r1,(r30)
  746  000017cc  90220000	lbu	r2,(r1)
  747  000017d0  64410000	snei	r1,r2,#0
  748  000017d4  1420000c	bnez	r1,L23_LF2
  749  000017d8  54000000	nop; delay slot nop
  750  000017dc  0800001c	j	L22_LF2
  751  000017e0  54000000	nop; delay slot nop
  752  000017e4          	L23_LF2:
  753  000017e4  8fc20000	lw	r2,(r30)
  754  000017e8  20410001	addi	r1,r2,#1
  755  000017ec  00011020	add	r2,r0,r1
  756  000017f0  afc20000	sw	(r30),r2
  757  000017f4  0bffffd0	j	L21_LF2
  758  000017f8  54000000	nop; delay slot nop
  759  000017fc          	L22_LF2:
  760  000017fc  23bdfff8	addi	r29,r29,#-8
  761  00001800  001d0820	add	r1,r0,r29
  762  00001804  8fc20000	lw	r2,(r30)
  763  00001808  ac220000	sw	(r1),r2
  764  0000180c  8fc20004	lw	r2,4(r30)
  765  00001810  ac220004	sw	4(r1),r2
  766  00001814  0ffffe5c	jal	_dstrcpy
  767  00001818  54000000	nop; delay slot nop
  768  0000181c  23bd0008	addi	r29,r29,#8
  769  00001820  8fc1fff4	lw	r1,-12(r30)
  770  00001824  08000004	j	L20_LF2
  771  00001828  54000000	nop; delay slot nop
  772  0000182c          	L20_LF2:
  773  0000182c  8fa20000	lw	r2,0(r29)
  774  00001830  8fdffff8	lw	r31,-8(r30)
  775  00001834  001ee820	add	r29,r0,r30
  776  00001838  8fdefffc	lw	r30,-4(r30)
  777  0000183c  4be00000	jr	r31
  778  00001840  54000000	nop
  779  00001844          	.endproc _dstrcat
  780  00001844          	.align 2
  781  00001844          	.proc _dstrncmp
  782  00001844          	.global _dstrncmp
  783  00001844          	_dstrncmp:
  784                      ;  Function 'dstrncmp'; 8 bytes of locals, 2 regs to save.
  785  00001844  afbefffc	sw	-4(r29),r30; push fp
  786  00001848  001df020	add	r30,r0,r29; fp = sp
  787  0000184c  afbffff8	sw	-8(r29),r31; push ret addr
  788  00001850  2fbd0018	subui	r29,r29,#24; alloc local storage
  789  00001854  afa20000	sw	0(r29),r2
  790  00001858  afa30004	sw	4(r29),r3
  791  0000185c  54000000	nop
  792  00001860  20010000	addi	r1,r0,#0
  793  00001864  afc1fff4	sw	-12(r30),r1
  794  00001868          	L25_LF2:
  795  00001868  8fc1fff4	lw	r1,-12(r30)
  796  0000186c  8fc20008	lw	r2,8(r30)
  797  00001870  0022082a	slt	r1,r1,r2
  798  00001874  1420000c	bnez	r1,L28_LF2
  799  00001878  54000000	nop; delay slot nop
  800  0000187c  08000088	j	L26_LF2
  801  00001880  54000000	nop; delay slot nop
  802  00001884          	L28_LF2:
  803  00001884  8fc10004	lw	r1,4(r30)
  804  00001888  90220000	lbu	r2,(r1)
  805  0000188c  64410000	snei	r1,r2,#0
  806  00001890  14200018	bnez	r1,L29_LF2
  807  00001894  54000000	nop; delay slot nop
  808  00001898  20010000	addi	r1,r0,#0
  809  0000189c  080000d8	j	L24_LF2
  810  000018a0  54000000	nop; delay slot nop
  811  000018a4  08000028	j	L30_LF2
  812  000018a8  54000000	nop; delay slot nop
  813  000018ac          	L29_LF2:
  814  000018ac  8fc10000	lw	r1,(r30)
  815  000018b0  8fc20004	lw	r2,4(r30)
  816  000018b4  90210000	lbu	r1,(r1)
  817  000018b8  90420000	lbu	r2,(r2)
  818  000018bc  00220829	sne	r1,r1,r2
  819  000018c0  1020000c	beqz	r1,L30_LF2
  820  000018c4  54000000	nop; delay slot nop
  821  000018c8  0800003c	j	L26_LF2
  822  000018cc  54000000	nop; delay slot nop
  823  000018d0          	L31_LF2:
  824  000018d0          	L30_LF2:
  825  000018d0  8fc20000	lw	r2,(r30)
  826  000018d4  20410001	addi	r1,r2,#1
  827  000018d8  00011020	add	r2,r0,r1
  828  000018dc  afc20000	sw	(r30),r2
  829  000018e0  8fc20004	lw	r2,4(r30)
  830  000018e4  20410001	addi	r1,r2,#1
  831  000018e8  00011020	add	r2,r0,r1
  832  000018ec  afc20004	sw	4(r30),r2
  833  000018f0          	L27_LF2:
  834  000018f0  8fc2fff4	lw	r2,-12(r30)
  835  000018f4  20410001	addi	r1,r2,#1
  836  000018f8  00011020	add	r2,r0,r1
  837  000018fc  afc2fff4	sw	-12(r30),r2
  838  00001900  0bffff64	j	L25_LF2
  839  00001904  54000000	nop; delay slot nop
  840  00001908          	L26_LF2:
  841  00001908  8fc1fff4	lw	r1,-12(r30)
  842  0000190c  8fc20008	lw	r2,8(r30)
  843  00001910  00220828	seq	r1,r1,r2
  844  00001914  10200018	beqz	r1,L32_LF2
  845  00001918  54000000	nop; delay slot nop
  846  0000191c  20010000	addi	r1,r0,#0
  847  00001920  08000054	j	L24_LF2
  848  00001924  54000000	nop; delay slot nop
  849  00001928  0800004c	j	L33_LF2
  850  0000192c  54000000	nop; delay slot nop
  851  00001930          	L32_LF2:
  852  00001930  8fc20000	lw	r2,(r30)
  853  00001934  90410000	lbu	r1,(r2)
  854  00001938  8fc20004	lw	r2,4(r30)
  855  0000193c  90430000	lbu	r3,(r2)
  856  00001940  00230822	sub	r1,r1,r3
  857  00001944  74220000	sgei	r2,r1,#0
  858  00001948  10400020	beqz	r2,L34_LF2
  859  0000194c  54000000	nop; delay slot nop
  860  00001950  8fc10000	lw	r1,(r30)
  861  00001954  8fc20004	lw	r2,4(r30)
  862  00001958  90210000	lbu	r1,(r1)
  863  0000195c  90420000	lbu	r2,(r2)
  864  00001960  00220829	sne	r1,r1,r2
  865  00001964  08000008	j	L35_LF2
  866  00001968  54000000	nop; delay slot nop
  867  0000196c          	L34_LF2:
  868  0000196c  2001ffff	addi	r1,r0,#-1
  869  00001970          	L35_LF2:
  870  00001970  08000004	j	L24_LF2
  871  00001974  54000000	nop; delay slot nop
  872  00001978          	L33_LF2:
  873  00001978          	L24_LF2:
  874  00001978  8fa20000	lw	r2,0(r29)
  875  0000197c  8fa30004	lw	r3,4(r29)
  876  00001980  8fdffff8	lw	r31,-8(r30)
  877  00001984  001ee820	add	r29,r0,r30
  878  00001988  8fdefffc	lw	r30,-4(r30)
  879  0000198c  4be00000	jr	r31
  880  00001990  54000000	nop
  881  00001994          	.endproc _dstrncmp
  882  00001994          	.align 2
  883  00001994          	.proc _dstrlen
  884  00001994          	.global _dstrlen
  885  00001994          	_dstrlen:
  886                      ;  Function 'dstrlen'; 8 bytes of locals, 1 regs to save.
  887  00001994  afbefffc	sw	-4(r29),r30; push fp
  888  00001998  001df020	add	r30,r0,r29; fp = sp
  889  0000199c  afbffff8	sw	-8(r29),r31; push ret addr
  890  000019a0  2fbd0018	subui	r29,r29,#24; alloc local storage
  891  000019a4  afa20000	sw	0(r29),r2
  892  000019a8  20010000	addi	r1,r0,#0
  893  000019ac  afc1fff4	sw	-12(r30),r1
  894  000019b0          	L37_LF2:
  895  000019b0  8fc10000	lw	r1,(r30)
  896  000019b4  20220001	addi	r2,r1,#1
  897  000019b8  afc20000	sw	(r30),r2
  898  000019bc  90210000	lbu	r1,(r1)
  899  000019c0  64220000	snei	r2,r1,#0
  900  000019c4  1440000c	bnez	r2,L39_LF2
  901  000019c8  54000000	nop; delay slot nop
  902  000019cc  0800001c	j	L38_LF2
  903  000019d0  54000000	nop; delay slot nop
  904  000019d4          	L39_LF2:
  905  000019d4  8fc2fff4	lw	r2,-12(r30)
  906  000019d8  20410001	addi	r1,r2,#1
  907  000019dc  00011020	add	r2,r0,r1
  908  000019e0  afc2fff4	sw	-12(r30),r2
  909  000019e4  0bffffc8	j	L37_LF2
  910  000019e8  54000000	nop; delay slot nop
  911  000019ec          	L38_LF2:
  912  000019ec  8fc1fff4	lw	r1,-12(r30)
  913  000019f0  08000004	j	L36_LF2
  914  000019f4  54000000	nop; delay slot nop
  915  000019f8          	L36_LF2:
  916  000019f8  8fa20000	lw	r2,0(r29)
  917  000019fc  8fdffff8	lw	r31,-8(r30)
  918  00001a00  001ee820	add	r29,r0,r30
  919  00001a04  8fdefffc	lw	r30,-4(r30)
  920  00001a08  4be00000	jr	r31
  921  00001a0c  54000000	nop
  922  00001a10          	.endproc _dstrlen
  923  00001a10          	.align 2
  924  00001a10          	.proc _dstrstr
  925  00001a10          	.global _dstrstr
  926  00001a10          	_dstrstr:
  927                      ;  Function 'dstrstr'; 8 bytes of locals, 1 regs to save.
  928  00001a10  afbefffc	sw	-4(r29),r30; push fp
  929  00001a14  001df020	add	r30,r0,r29; fp = sp
  930  00001a18  afbffff8	sw	-8(r29),r31; push ret addr
  931  00001a1c  2fbd0018	subui	r29,r29,#24; alloc local storage
  932  00001a20  afa20000	sw	0(r29),r2
  933  00001a24  23bdfff8	addi	r29,r29,#-8
  934  00001a28  001d0820	add	r1,r0,r29
  935  00001a2c  8fc20004	lw	r2,4(r30)
  936  00001a30  ac220000	sw	(r1),r2
  937  00001a34  0fffff5c	jal	_dstrlen
  938  00001a38  54000000	nop; delay slot nop
  939  00001a3c  23bd0008	addi	r29,r29,#8
  940  00001a40  afc1fff4	sw	-12(r30),r1
  941  00001a44          	L41_LF2:
  942  00001a44  8fc10000	lw	r1,(r30)
  943  00001a48  90220000	lbu	r2,(r1)
  944  00001a4c  64410000	snei	r1,r2,#0
  945  00001a50  1420000c	bnez	r1,L43_LF2
  946  00001a54  54000000	nop; delay slot nop
  947  00001a58  08000060	j	L42_LF2
  948  00001a5c  54000000	nop; delay slot nop
  949  00001a60          	L43_LF2:
  950  00001a60  23bdfff0	addi	r29,r29,#-16
  951  00001a64  001d0820	add	r1,r0,r29
  952  00001a68  8fc20000	lw	r2,(r30)
  953  00001a6c  ac220000	sw	(r1),r2
  954  00001a70  8fc20004	lw	r2,4(r30)
  955  00001a74  ac220004	sw	4(r1),r2
  956  00001a78  8fc2fff4	lw	r2,-12(r30)
  957  00001a7c  ac220008	sw	8(r1),r2
  958  00001a80  0ffffdc0	jal	_dstrncmp
  959  00001a84  54000000	nop; delay slot nop
  960  00001a88  23bd0010	addi	r29,r29,#16
  961  00001a8c  64220000	snei	r2,r1,#0
  962  00001a90  14400010	bnez	r2,L44_LF2
  963  00001a94  54000000	nop; delay slot nop
  964  00001a98  8fc10000	lw	r1,(r30)
  965  00001a9c  08000028	j	L40_LF2
  966  00001aa0  54000000	nop; delay slot nop
  967  00001aa4          	L44_LF2:
  968  00001aa4  8fc20000	lw	r2,(r30)
  969  00001aa8  20410001	addi	r1,r2,#1
  970  00001aac  00011020	add	r2,r0,r1
  971  00001ab0  afc20000	sw	(r30),r2
  972  00001ab4  0bffff8c	j	L41_LF2
  973  00001ab8  54000000	nop; delay slot nop
  974  00001abc          	L42_LF2:
  975  00001abc  20010000	addi	r1,r0,#0
  976  00001ac0  08000004	j	L40_LF2
  977  00001ac4  54000000	nop; delay slot nop
  978  00001ac8          	L40_LF2:
  979  00001ac8  8fa20000	lw	r2,0(r29)
  980  00001acc  8fdffff8	lw	r31,-8(r30)
  981  00001ad0  001ee820	add	r29,r0,r30
  982  00001ad4  8fdefffc	lw	r30,-4(r30)
  983  00001ad8  4be00000	jr	r31
  984  00001adc  54000000	nop
  985  00001ae0          	.endproc _dstrstr
  986  00001ae0          	.align 2
  987  00001ae0          	.proc _dmindex
  988  00001ae0          	.global _dmindex
  989  00001ae0          	_dmindex:
  990                      ;  Function 'dmindex'; 8 bytes of locals, 1 regs to save.
  991  00001ae0  afbefffc	sw	-4(r29),r30; push fp
  992  00001ae4  001df020	add	r30,r0,r29; fp = sp
  993  00001ae8  afbffff8	sw	-8(r29),r31; push ret addr
  994  00001aec  2fbd0018	subui	r29,r29,#24; alloc local storage
  995  00001af0  afa20000	sw	0(r29),r2
  996  00001af4  54000000	nop
  997  00001af8          	L46_LF2:
  998  00001af8  8fc10000	lw	r1,(r30)
  999  00001afc  90220000	lbu	r2,(r1)
 1000  00001b00  64410000	snei	r1,r2,#0
 1001  00001b04  1420000c	bnez	r1,L48_LF2
 1002  00001b08  54000000	nop; delay slot nop
 1003  00001b0c  08000070	j	L47_LF2
 1004  00001b10  54000000	nop; delay slot nop
 1005  00001b14          	L48_LF2:
 1006  00001b14  8fc10004	lw	r1,4(r30)
 1007  00001b18  afc1fff4	sw	-12(r30),r1
 1008  00001b1c          	L49_LF2:
 1009  00001b1c  8fc1fff4	lw	r1,-12(r30)
 1010  00001b20  90220000	lbu	r2,(r1)
 1011  00001b24  64410000	snei	r1,r2,#0
 1012  00001b28  1420000c	bnez	r1,L52_LF2
 1013  00001b2c  54000000	nop; delay slot nop
 1014  00001b30  08000044	j	L50_LF2
 1015  00001b34  54000000	nop; delay slot nop
 1016  00001b38          	L52_LF2:
 1017  00001b38  8fc10000	lw	r1,(r30)
 1018  00001b3c  8fc2fff4	lw	r2,-12(r30)
 1019  00001b40  90210000	lbu	r1,(r1)
 1020  00001b44  90420000	lbu	r2,(r2)
 1021  00001b48  00220828	seq	r1,r1,r2
 1022  00001b4c  10200010	beqz	r1,L51_LF2
 1023  00001b50  54000000	nop; delay slot nop
 1024  00001b54  8fc10000	lw	r1,(r30)
 1025  00001b58  08000030	j	L45_LF2
 1026  00001b5c  54000000	nop; delay slot nop
 1027  00001b60          	L53_LF2:
 1028  00001b60          	L51_LF2:
 1029  00001b60  8fc2fff4	lw	r2,-12(r30)
 1030  00001b64  20410001	addi	r1,r2,#1
 1031  00001b68  00011020	add	r2,r0,r1
 1032  00001b6c  afc2fff4	sw	-12(r30),r2
 1033  00001b70  0bffffa8	j	L49_LF2
 1034  00001b74  54000000	nop; delay slot nop
 1035  00001b78          	L50_LF2:
 1036  00001b78  0bffff7c	j	L46_LF2
 1037  00001b7c  54000000	nop; delay slot nop
 1038  00001b80          	L47_LF2:
 1039  00001b80  20010000	addi	r1,r0,#0
 1040  00001b84  08000004	j	L45_LF2
 1041  00001b88  54000000	nop; delay slot nop
 1042  00001b8c          	L45_LF2:
 1043  00001b8c  8fa20000	lw	r2,0(r29)
 1044  00001b90  8fdffff8	lw	r31,-8(r30)
 1045  00001b94  001ee820	add	r29,r0,r30
 1046  00001b98  8fdefffc	lw	r30,-4(r30)
 1047  00001b9c  4be00000	jr	r31
 1048  00001ba0  54000000	nop
 1049  00001ba4          	.endproc _dmindex
 1050  00001ba4          	.align 2
 1051  00001ba4          	.proc _dindex
 1052  00001ba4          	.global _dindex
 1053  00001ba4          	_dindex:
 1054                      ;  Function 'dindex'; 0 bytes of locals, 1 regs to save.
 1055  00001ba4  afbefffc	sw	-4(r29),r30; push fp
 1056  00001ba8  001df020	add	r30,r0,r29; fp = sp
 1057  00001bac  afbffff8	sw	-8(r29),r31; push ret addr
 1058  00001bb0  2fbd0010	subui	r29,r29,#16; alloc local storage
 1059  00001bb4  afa20000	sw	0(r29),r2
 1060  00001bb8  54000000	nop
 1061  00001bbc          	L55_LF2:
 1062  00001bbc  8fc10000	lw	r1,(r30)
 1063  00001bc0  90220000	lbu	r2,(r1)
 1064  00001bc4  64410000	snei	r1,r2,#0
 1065  00001bc8  1420000c	bnez	r1,L57_LF2
 1066  00001bcc  54000000	nop; delay slot nop
 1067  00001bd0  08000040	j	L56_LF2
 1068  00001bd4  54000000	nop; delay slot nop
 1069  00001bd8          	L57_LF2:
 1070  00001bd8  8fc10000	lw	r1,(r30)
 1071  00001bdc  90220000	lbu	r2,(r1)
 1072  00001be0  8fc10004	lw	r1,4(r30)
 1073  00001be4  00411028	seq	r2,r2,r1
 1074  00001be8  10400010	beqz	r2,L58_LF2
 1075  00001bec  54000000	nop; delay slot nop
 1076  00001bf0  8fc10000	lw	r1,(r30)
 1077  00001bf4  08000028	j	L54_LF2
 1078  00001bf8  54000000	nop; delay slot nop
 1079  00001bfc          	L58_LF2:
 1080  00001bfc  8fc20000	lw	r2,(r30)
 1081  00001c00  20410001	addi	r1,r2,#1
 1082  00001c04  00011020	add	r2,r0,r1
 1083  00001c08  afc20000	sw	(r30),r2
 1084  00001c0c  0bffffac	j	L55_LF2
 1085  00001c10  54000000	nop; delay slot nop
 1086  00001c14          	L56_LF2:
 1087  00001c14  20010000	addi	r1,r0,#0
 1088  00001c18  08000004	j	L54_LF2
 1089  00001c1c  54000000	nop; delay slot nop
 1090  00001c20          	L54_LF2:
 1091  00001c20  8fa20000	lw	r2,0(r29)
 1092  00001c24  8fdffff8	lw	r31,-8(r30)
 1093  00001c28  001ee820	add	r29,r0,r30
 1094  00001c2c  8fdefffc	lw	r30,-4(r30)
 1095  00001c30  4be00000	jr	r31
 1096  00001c34  54000000	nop
 1097  00001c38          	.endproc _dindex
 1098  00001c38          	.align 2
 1099  00001c38          	.proc _ditoa
 1100  00001c38          	.global _ditoa
 1101  00001c38          	_ditoa:
 1102                      ;  Function 'ditoa'; 8 bytes of locals, 2 regs to save.
 1103  00001c38  afbefffc	sw	-4(r29),r30; push fp
 1104  00001c3c  001df020	add	r30,r0,r29; fp = sp
 1105  00001c40  afbffff8	sw	-8(r29),r31; push ret addr
 1106  00001c44  2fbd0018	subui	r29,r29,#24; alloc local storage
 1107  00001c48  afa20000	sw	0(r29),r2
 1108  00001c4c  afa30004	sw	4(r29),r3
 1109  00001c50  8fc10000	lw	r1,(r30)
 1110  00001c54  68220000	slti	r2,r1,#0
 1111  00001c58  1040002c	beqz	r2,L60_LF2
 1112  00001c5c  54000000	nop; delay slot nop
 1113  00001c60  8fc10004	lw	r1,4(r30)
 1114  00001c64  20220001	addi	r2,r1,#1
 1115  00001c68  afc20004	sw	4(r30),r2
 1116  00001c6c  2002002d	addi	r2,r0,(#0x2d)&0xff
 1117  00001c70  a0220000	sb	(r1),r2
 1118  00001c74  8fc10000	lw	r1,(r30)
 1119  00001c78  00011022	sub	r2,r0,r1
 1120  00001c7c  afc20000	sw	(r30),r2
 1121  00001c80  08000118	j	L61_LF2
 1122  00001c84  54000000	nop; delay slot nop
 1123  00001c88          	L60_LF2:
 1124  00001c88  8fc10000	lw	r1,(r30)
 1125  00001c8c  64220000	snei	r2,r1,#0
 1126  00001c90  14400020	bnez	r2,L62_LF2
 1127  00001c94  54000000	nop; delay slot nop
 1128  00001c98  8fc10004	lw	r1,4(r30)
 1129  00001c9c  20220001	addi	r2,r1,#1
 1130  00001ca0  afc20004	sw	4(r30),r2
 1131  00001ca4  20020030	addi	r2,r0,(#0x30)&0xff
 1132  00001ca8  a0220000	sb	(r1),r2
 1133  00001cac  080000ec	j	L61_LF2
 1134  00001cb0  54000000	nop; delay slot nop
 1135  00001cb4          	L62_LF2:
 1136  00001cb4  20010001	addi	r1,r0,#1
 1137  00001cb8  afc1fff4	sw	-12(r30),r1
 1138  00001cbc          	L64_LF2:
 1139  00001cbc  8fc1fff4	lw	r1,-12(r30)
 1140  00001cc0  8fc20000	lw	r2,(r30)
 1141  00001cc4  0022082c	sle	r1,r1,r2
 1142  00001cc8  1420000c	bnez	r1,L66_LF2
 1143  00001ccc  54000000	nop; delay slot nop
 1144  00001cd0  08000024	j	L65_LF2
 1145  00001cd4  54000000	nop; delay slot nop
 1146  00001cd8          	L67_LF2:
 1147  00001cd8          	L66_LF2:
 1148  00001cd8  8fc1fff4	lw	r1,-12(r30)
 1149  00001cdc  00011820	add	r3,r0,r1
 1150  00001ce0  50620002	slli	r2,r3,#0x2
 1151  00001ce4  00411020	add	r2,r2,r1
 1152  00001ce8  50410001	slli	r1,r2,#0x1
 1153  00001cec  afc1fff4	sw	-12(r30),r1
 1154  00001cf0  0bffffc8	j	L64_LF2
 1155  00001cf4  54000000	nop; delay slot nop
 1156  00001cf8          	L65_LF2:
 1157  00001cf8  54000000	nop
 1158  00001cfc          	L68_LF2:
 1159  00001cfc  8fc1fff4	lw	r1,-12(r30)
 1160  00001d00  2002000a	addi	r2,r0,#10
 1161  00001d04  00200035	movi2fp	f0,r1
 1162  00001d08  00400835	movi2fp	f1,r2
 1163  00001d0c  0401000f	div	f0,f0,f1
 1164  00001d10  00000834	movfp2i	r1,f0
 1165  00001d14  afc1fff4	sw	-12(r30),r1
 1166  00001d18  8fc10004	lw	r1,4(r30)
 1167  00001d1c  20220001	addi	r2,r1,#1
 1168  00001d20  afc20004	sw	4(r30),r2
 1169  00001d24  8fc20000	lw	r2,(r30)
 1170  00001d28  8fc3fff4	lw	r3,-12(r30)
 1171  00001d2c  00400035	movi2fp	f0,r2
 1172  00001d30  00600835	movi2fp	f1,r3
 1173  00001d34  0401000f	div	f0,f0,f1
 1174  00001d38  00001034	movfp2i	r2,f0
 1175  00001d3c  00021820	add	r3,r0,r2
 1176  00001d40  20620030	addi	r2,r3,#48
 1177  00001d44  a0220000	sb	(r1),r2
 1178  00001d48  8fc10000	lw	r1,(r30)
 1179  00001d4c  8fc3fff4	lw	r3,-12(r30)
 1180  00001d50  00200035	movi2fp	f0,r1
 1181  00001d54  00600835	movi2fp	f1,r3
 1182  00001d58  0401000f	div	f0,f0,f1
 1183  00001d5c  00001034	movfp2i	r2,f0
 1184  00001d60  8fc3fff4	lw	r3,-12(r30)
 1185  00001d64  00400035	movi2fp	f0,r2
 1186  00001d68  00600835	movi2fp	f1,r3
 1187  00001d6c  0401000e	mult	f0,f0,f1
 1188  00001d70  00001034	movfp2i	r2,f0
 1189  00001d74  00220822	sub	r1,r1,r2
 1190  00001d78  afc10000	sw	(r30),r1
 1191  00001d7c          	L70_LF2:
 1192  00001d7c  8fc1fff4	lw	r1,-12(r30)
 1193  00001d80  6c220001	sgti	r2,r1,#1
 1194  00001d84  1440000c	bnez	r2,L71_LF2
 1195  00001d88  54000000	nop; delay slot nop
 1196  00001d8c  0800000c	j	L61_LF2
 1197  00001d90  54000000	nop; delay slot nop
 1198  00001d94          	L71_LF2:
 1199  00001d94  0bffff64	j	L68_LF2
 1200  00001d98  54000000	nop; delay slot nop
 1201  00001d9c          	L69_LF2:
 1202  00001d9c          	L63_LF2:
 1203  00001d9c          	L61_LF2:
 1204  00001d9c  8fc10004	lw	r1,4(r30)
 1205  00001da0  20020000	addi	r2,r0,(#0x0)&0xff
 1206  00001da4  a0220000	sb	(r1),r2
 1207  00001da8          	L59_LF2:
 1208  00001da8  8fa20000	lw	r2,0(r29)
 1209  00001dac  8fa30004	lw	r3,4(r29)
 1210  00001db0  8fdffff8	lw	r31,-8(r30)
 1211  00001db4  001ee820	add	r29,r0,r30
 1212  00001db8  8fdefffc	lw	r30,-4(r30)
 1213  00001dbc  4be00000	jr	r31
 1214  00001dc0  54000000	nop
 1215  00001dc4          	.endproc _ditoa
 1216  00001dc4          	.align 2
 1217  00001dc4          	.proc _dstrtol
 1218  00001dc4          	.global _dstrtol
 1219  00001dc4          	_dstrtol:
 1220                      ;  Function 'dstrtol'; 16 bytes of locals, 1 regs to save.
 1221  00001dc4  afbefffc	sw	-4(r29),r30; push fp
 1222  00001dc8  001df020	add	r30,r0,r29; fp = sp
 1223  00001dcc  afbffff8	sw	-8(r29),r31; push ret addr
 1224  00001dd0  2fbd0020	subui	r29,r29,#32; alloc local storage
 1225  00001dd4  afa20000	sw	0(r29),r2
 1226  00001dd8  20010000	addi	r1,r0,#0
 1227  00001ddc  afc1fff4	sw	-12(r30),r1
 1228  00001de0          	L73_LF2:
 1229  00001de0  8fc10000	lw	r1,(r30)
 1230  00001de4  90220000	lbu	r2,(r1)
 1231  00001de8  60410020	seqi	r1,r2,#32
 1232  00001dec  14200034	bnez	r1,L75_LF2
 1233  00001df0  54000000	nop; delay slot nop
 1234  00001df4  8fc10000	lw	r1,(r30)
 1235  00001df8  90220000	lbu	r2,(r1)
 1236  00001dfc  60410009	seqi	r1,r2,#9
 1237  00001e00  14200020	bnez	r1,L75_LF2
 1238  00001e04  54000000	nop; delay slot nop
 1239  00001e08  8fc10000	lw	r1,(r30)
 1240  00001e0c  90220000	lbu	r2,(r1)
 1241  00001e10  6041000a	seqi	r1,r2,#10
 1242  00001e14  1420000c	bnez	r1,L75_LF2
 1243  00001e18  54000000	nop; delay slot nop
 1244  00001e1c  0800001c	j	L74_LF2
 1245  00001e20  54000000	nop; delay slot nop
 1246  00001e24          	L75_LF2:
 1247  00001e24  8fc20000	lw	r2,(r30)
 1248  00001e28  20410001	addi	r1,r2,#1
 1249  00001e2c  00011020	add	r2,r0,r1
 1250  00001e30  afc20000	sw	(r30),r2
 1251  00001e34  0bffffa8	j	L73_LF2
 1252  00001e38  54000000	nop; delay slot nop
 1253  00001e3c          	L74_LF2:
 1254  00001e3c  8fc10004	lw	r1,4(r30)
 1255  00001e40  64220000	snei	r2,r1,#0
 1256  00001e44  10400010	beqz	r2,L76_LF2
 1257  00001e48  54000000	nop; delay slot nop
 1258  00001e4c  8fc10004	lw	r1,4(r30)
 1259  00001e50  8fc20000	lw	r2,(r30)
 1260  00001e54  ac220000	sw	(r1),r2
 1261  00001e58          	L76_LF2:
 1262  00001e58  8fc10000	lw	r1,(r30)
 1263  00001e5c  90220000	lbu	r2,(r1)
 1264  00001e60  64410000	snei	r1,r2,#0
 1265  00001e64  14200010	bnez	r1,L77_LF2
 1266  00001e68  54000000	nop; delay slot nop
 1267  00001e6c  8fc1fff4	lw	r1,-12(r30)
 1268  00001e70  08000294	j	L72_LF2
 1269  00001e74  54000000	nop; delay slot nop
 1270  00001e78          	L77_LF2:
 1271  00001e78  8fc10000	lw	r1,(r30)
 1272  00001e7c  90220000	lbu	r2,(r1)
 1273  00001e80  6041002d	seqi	r1,r2,#45
 1274  00001e84  10200024	beqz	r1,L78_LF2
 1275  00001e88  54000000	nop; delay slot nop
 1276  00001e8c  2001ffff	addi	r1,r0,#-1
 1277  00001e90  afc1ffec	sw	-20(r30),r1
 1278  00001e94  8fc20000	lw	r2,(r30)
 1279  00001e98  20410001	addi	r1,r2,#1
 1280  00001e9c  00011020	add	r2,r0,r1
 1281  00001ea0  afc20000	sw	(r30),r2
 1282  00001ea4  0800000c	j	L79_LF2
 1283  00001ea8  54000000	nop; delay slot nop
 1284  00001eac          	L78_LF2:
 1285  00001eac  20010001	addi	r1,r0,#1
 1286  00001eb0  afc1ffec	sw	-20(r30),r1
 1287  00001eb4          	L79_LF2:
 1288  00001eb4  8fc10008	lw	r1,8(r30)
 1289  00001eb8  64220000	snei	r2,r1,#0
 1290  00001ebc  14400090	bnez	r2,L80_LF2
 1291  00001ec0  54000000	nop; delay slot nop
 1292  00001ec4  8fc10000	lw	r1,(r30)
 1293  00001ec8  90220000	lbu	r2,(r1)
 1294  00001ecc  60410030	seqi	r1,r2,#48
 1295  00001ed0  10200074	beqz	r1,L81_LF2
 1296  00001ed4  54000000	nop; delay slot nop
 1297  00001ed8  8fc20000	lw	r2,(r30)
 1298  00001edc  20410001	addi	r1,r2,#1
 1299  00001ee0  00011020	add	r2,r0,r1
 1300  00001ee4  afc20000	sw	(r30),r2
 1301  00001ee8  8fc10000	lw	r1,(r30)
 1302  00001eec  90220000	lbu	r2,(r1)
 1303  00001ef0  60410078	seqi	r1,r2,#120
 1304  00001ef4  14200020	bnez	r1,L83_LF2
 1305  00001ef8  54000000	nop; delay slot nop
 1306  00001efc  8fc10000	lw	r1,(r30)
 1307  00001f00  90220000	lbu	r2,(r1)
 1308  00001f04  60410058	seqi	r1,r2,#88
 1309  00001f08  1420000c	bnez	r1,L83_LF2
 1310  00001f0c  54000000	nop; delay slot nop
 1311  00001f10  08000024	j	L82_LF2
 1312  00001f14  54000000	nop; delay slot nop
 1313  00001f18          	L83_LF2:
 1314  00001f18  20010010	addi	r1,r0,#16
 1315  00001f1c  afc10008	sw	8(r30),r1
 1316  00001f20  8fc20000	lw	r2,(r30)
 1317  00001f24  20410001	addi	r1,r2,#1
 1318  00001f28  00011020	add	r2,r0,r1
 1319  00001f2c  afc20000	sw	(r30),r2
 1320  00001f30  0800000c	j	L84_LF2
 1321  00001f34  54000000	nop; delay slot nop
 1322  00001f38          	L82_LF2:
 1323  00001f38  20010008	addi	r1,r0,#8
 1324  00001f3c  afc10008	sw	8(r30),r1
 1325  00001f40          	L84_LF2:
 1326  00001f40  0800000c	j	L80_LF2
 1327  00001f44  54000000	nop; delay slot nop
 1328  00001f48          	L81_LF2:
 1329  00001f48  2001000a	addi	r1,r0,#10
 1330  00001f4c  afc10008	sw	8(r30),r1
 1331  00001f50          	L85_LF2:
 1332  00001f50          	L80_LF2:
 1333  00001f50  8fc10008	lw	r1,8(r30)
 1334  00001f54  70220000	slei	r2,r1,#0
 1335  00001f58  1440001c	bnez	r2,L87_LF2
 1336  00001f5c  54000000	nop; delay slot nop
 1337  00001f60  8fc10008	lw	r1,8(r30)
 1338  00001f64  6c220010	sgti	r2,r1,#16
 1339  00001f68  1440000c	bnez	r2,L87_LF2
 1340  00001f6c  54000000	nop; delay slot nop
 1341  00001f70  08000010	j	L86_LF2
 1342  00001f74  54000000	nop; delay slot nop
 1343  00001f78          	L87_LF2:
 1344  00001f78  8fc1fff4	lw	r1,-12(r30)
 1345  00001f7c  08000188	j	L72_LF2
 1346  00001f80  54000000	nop; delay slot nop
 1347  00001f84          	L86_LF2:
 1348  00001f84  54000000	nop
 1349  00001f88          	L88_LF2:
 1350  00001f88  8fc10000	lw	r1,(r30)
 1351  00001f8c  90220000	lbu	r2,(r1)
 1352  00001f90  6c41002f	sgtui	r1,r2,#47
 1353  00001f94  10200030	beqz	r1,L91_LF2
 1354  00001f98  54000000	nop; delay slot nop
 1355  00001f9c  8fc10000	lw	r1,(r30)
 1356  00001fa0  90220000	lbu	r2,(r1)
 1357  00001fa4  70410039	sleui	r1,r2,#57
 1358  00001fa8  1020001c	beqz	r1,L91_LF2
 1359  00001fac  54000000	nop; delay slot nop
 1360  00001fb0  8fc10000	lw	r1,(r30)
 1361  00001fb4  90220000	lbu	r2,(r1)
 1362  00001fb8  2041ffd0	addi	r1,r2,#-48
 1363  00001fbc  afc1fff0	sw	-16(r30),r1
 1364  00001fc0  0800008c	j	L92_LF2
 1365  00001fc4  54000000	nop; delay slot nop
 1366  00001fc8          	L91_LF2:
 1367  00001fc8  8fc10000	lw	r1,(r30)
 1368  00001fcc  90220000	lbu	r2,(r1)
 1369  00001fd0  6c410060	sgtui	r1,r2,#96
 1370  00001fd4  10200030	beqz	r1,L93_LF2
 1371  00001fd8  54000000	nop; delay slot nop
 1372  00001fdc  8fc10000	lw	r1,(r30)
 1373  00001fe0  90220000	lbu	r2,(r1)
 1374  00001fe4  7041007a	sleui	r1,r2,#122
 1375  00001fe8  1020001c	beqz	r1,L93_LF2
 1376  00001fec  54000000	nop; delay slot nop
 1377  00001ff0  8fc10000	lw	r1,(r30)
 1378  00001ff4  90220000	lbu	r2,(r1)
 1379  00001ff8  2041ffa9	addi	r1,r2,#-87
 1380  00001ffc  afc1fff0	sw	-16(r30),r1
 1381  00002000  0800004c	j	L92_LF2
 1382  00002004  54000000	nop; delay slot nop
 1383  00002008          	L93_LF2:
 1384  00002008  8fc10000	lw	r1,(r30)
 1385  0000200c  90220000	lbu	r2,(r1)
 1386  00002010  6c410040	sgtui	r1,r2,#64
 1387  00002014  10200030	beqz	r1,L95_LF2
 1388  00002018  54000000	nop; delay slot nop
 1389  0000201c  8fc10000	lw	r1,(r30)
 1390  00002020  90220000	lbu	r2,(r1)
 1391  00002024  7041005a	sleui	r1,r2,#90
 1392  00002028  1020001c	beqz	r1,L95_LF2
 1393  0000202c  54000000	nop; delay slot nop
 1394  00002030  8fc10000	lw	r1,(r30)
 1395  00002034  90220000	lbu	r2,(r1)
 1396  00002038  2041ffc9	addi	r1,r2,#-55
 1397  0000203c  afc1fff0	sw	-16(r30),r1
 1398  00002040  0800000c	j	L92_LF2
 1399  00002044  54000000	nop; delay slot nop
 1400  00002048          	L95_LF2:
 1401  00002048  200103e8	addi	r1,r0,#1000
 1402  0000204c  afc1fff0	sw	-16(r30),r1
 1403  00002050          	L96_LF2:
 1404  00002050          	L94_LF2:
 1405  00002050          	L92_LF2:
 1406  00002050  8fc1fff0	lw	r1,-16(r30)
 1407  00002054  8fc20008	lw	r2,8(r30)
 1408  00002058  0022082a	slt	r1,r1,r2
 1409  0000205c  10200040	beqz	r1,L90_LF2
 1410  00002060  54000000	nop; delay slot nop
 1411  00002064  8fc1fff4	lw	r1,-12(r30)
 1412  00002068  8fc20008	lw	r2,8(r30)
 1413  0000206c  00200035	movi2fp	f0,r1
 1414  00002070  00400835	movi2fp	f1,r2
 1415  00002074  0401000e	mult	f0,f0,f1
 1416  00002078  00000834	movfp2i	r1,f0
 1417  0000207c  afc1fff4	sw	-12(r30),r1
 1418  00002080  8fc1fff4	lw	r1,-12(r30)
 1419  00002084  8fc2fff0	lw	r2,-16(r30)
 1420  00002088  00220820	add	r1,r1,r2
 1421  0000208c  afc1fff4	sw	-12(r30),r1
 1422  00002090  8fc20000	lw	r2,(r30)
 1423  00002094  20410001	addi	r1,r2,#1
 1424  00002098  00011020	add	r2,r0,r1
 1425  0000209c  afc20000	sw	(r30),r2
 1426  000020a0          	L97_LF2:
 1427  000020a0          	L90_LF2:
 1428  000020a0  8fc1fff0	lw	r1,-16(r30)
 1429  000020a4  8fc20008	lw	r2,8(r30)
 1430  000020a8  0022082a	slt	r1,r1,r2
 1431  000020ac  1420000c	bnez	r1,L98_LF2
 1432  000020b0  54000000	nop; delay slot nop
 1433  000020b4  0800000c	j	L89_LF2
 1434  000020b8  54000000	nop; delay slot nop
 1435  000020bc          	L98_LF2:
 1436  000020bc  0bfffec8	j	L88_LF2
 1437  000020c0  54000000	nop; delay slot nop
 1438  000020c4          	L89_LF2:
 1439  000020c4  8fc10004	lw	r1,4(r30)
 1440  000020c8  64220000	snei	r2,r1,#0
 1441  000020cc  10400010	beqz	r2,L99_LF2
 1442  000020d0  54000000	nop; delay slot nop
 1443  000020d4  8fc10004	lw	r1,4(r30)
 1444  000020d8  8fc20000	lw	r2,(r30)
 1445  000020dc  ac220000	sw	(r1),r2
 1446  000020e0          	L99_LF2:
 1447  000020e0  8fc1fff4	lw	r1,-12(r30)
 1448  000020e4  8fc2ffec	lw	r2,-20(r30)
 1449  000020e8  00200035	movi2fp	f0,r1
 1450  000020ec  00400835	movi2fp	f1,r2
 1451  000020f0  0401000e	mult	f0,f0,f1
 1452  000020f4  00000834	movfp2i	r1,f0
 1453  000020f8  afc1fff4	sw	-12(r30),r1
 1454  000020fc  8fc1fff4	lw	r1,-12(r30)
 1455  00002100  08000004	j	L72_LF2
 1456  00002104  54000000	nop; delay slot nop
 1457  00002108          	L72_LF2:
 1458  00002108  8fa20000	lw	r2,0(r29)
 1459  0000210c  8fdffff8	lw	r31,-8(r30)
 1460  00002110  001ee820	add	r29,r0,r30
 1461  00002114  8fdefffc	lw	r30,-4(r30)
 1462  00002118  4be00000	jr	r31
 1463  0000211c  54000000	nop
 1464  00002120          	.endproc _dstrtol
 1465  00002120          	.align 2
 1466  00002120          	.proc _bcopy
 1467  00002120          	.global _bcopy
 1468  00002120          	_bcopy:
 1469                      ;  Function 'bcopy'; 0 bytes of locals, 2 regs to save.
 1470  00002120  afbefffc	sw	-4(r29),r30; push fp
 1471  00002124  001df020	add	r30,r0,r29; fp = sp
 1472  00002128  afbffff8	sw	-8(r29),r31; push ret addr
 1473  0000212c  2fbd0010	subui	r29,r29,#16; alloc local storage
 1474  00002130  afa20000	sw	0(r29),r2
 1475  00002134  afa30004	sw	4(r29),r3
 1476  00002138  54000000	nop
 1477  0000213c          	L101_LF2:
 1478  0000213c  8fc10008	lw	r1,8(r30)
 1479  00002140  2022ffff	addi	r2,r1,#-1
 1480  00002144  afc20008	sw	8(r30),r2
 1481  00002148  6c210000	sgti	r1,r1,#0
 1482  0000214c  1420000c	bnez	r1,L103_LF2
 1483  00002150  54000000	nop; delay slot nop
 1484  00002154  0800002c	j	L102_LF2
 1485  00002158  54000000	nop; delay slot nop
 1486  0000215c          	L103_LF2:
 1487  0000215c  8fc10004	lw	r1,4(r30)
 1488  00002160  20220001	addi	r2,r1,#1
 1489  00002164  afc20004	sw	4(r30),r2
 1490  00002168  8fc20000	lw	r2,(r30)
 1491  0000216c  20430001	addi	r3,r2,#1
 1492  00002170  afc30000	sw	(r30),r3
 1493  00002174  80420000	lb	r2,(r2)
 1494  00002178  a0220000	sb	(r1),r2
 1495  0000217c  0bffffbc	j	L101_LF2
 1496  00002180  54000000	nop; delay slot nop
 1497  00002184          	L102_LF2:
 1498  00002184          	L100_LF2:
 1499  00002184  8fa20000	lw	r2,0(r29)
 1500  00002188  8fa30004	lw	r3,4(r29)
 1501  0000218c  8fdffff8	lw	r31,-8(r30)
 1502  00002190  001ee820	add	r29,r0,r30
 1503  00002194  8fdefffc	lw	r30,-4(r30)
 1504  00002198  4be00000	jr	r31
 1505  0000219c  54000000	nop
 1506  000021a0          	.endproc _bcopy
 1507  000021a0          	.align 2
 1508  000021a0          	.proc _bzero
 1509  000021a0          	.global _bzero
 1510  000021a0          	_bzero:
 1511                      ;  Function 'bzero'; 0 bytes of locals, 1 regs to save.
 1512  000021a0  afbefffc	sw	-4(r29),r30; push fp
 1513  000021a4  001df020	add	r30,r0,r29; fp = sp
 1514  000021a8  afbffff8	sw	-8(r29),r31; push ret addr
 1515  000021ac  2fbd0010	subui	r29,r29,#16; alloc local storage
 1516  000021b0  afa20000	sw	0(r29),r2
 1517  000021b4  54000000	nop
 1518  000021b8          	L105_LF2:
 1519  000021b8  8fc10004	lw	r1,4(r30)
 1520  000021bc  2022ffff	addi	r2,r1,#-1
 1521  000021c0  afc20004	sw	4(r30),r2
 1522  000021c4  6c210000	sgti	r1,r1,#0
 1523  000021c8  1420000c	bnez	r1,L107_LF2
 1524  000021cc  54000000	nop; delay slot nop
 1525  000021d0  08000020	j	L106_LF2
 1526  000021d4  54000000	nop; delay slot nop
 1527  000021d8          	L107_LF2:
 1528  000021d8  8fc10000	lw	r1,(r30)
 1529  000021dc  20220001	addi	r2,r1,#1
 1530  000021e0  afc20000	sw	(r30),r2
 1531  000021e4  20020000	addi	r2,r0,(#0x0)&0xff
 1532  000021e8  a0220000	sb	(r1),r2
 1533  000021ec  0bffffc8	j	L105_LF2
 1534  000021f0  54000000	nop; delay slot nop
 1535  000021f4          	L106_LF2:
 1536  000021f4          	L104_LF2:
 1537  000021f4  8fa20000	lw	r2,0(r29)
 1538  000021f8  8fdffff8	lw	r31,-8(r30)
 1539  000021fc  001ee820	add	r29,r0,r30
 1540  00002200  8fdefffc	lw	r30,-4(r30)
 1541  00002204  4be00000	jr	r31
 1542  00002208  54000000	nop
 1543  0000220c          	.endproc _bzero
 1544  0000220c          	.align 2
 1545  0000220c          	.proc _min
 1546  0000220c          	.global _min
 1547  0000220c          	_min:
 1548                      ;  Function 'min'; 0 bytes of locals, 2 regs to save.
 1549  0000220c  afbefffc	sw	-4(r29),r30; push fp
 1550  00002210  001df020	add	r30,r0,r29; fp = sp
 1551  00002214  afbffff8	sw	-8(r29),r31; push ret addr
 1552  00002218  2fbd0010	subui	r29,r29,#16; alloc local storage
 1553  0000221c  afa20000	sw	0(r29),r2
 1554  00002220  afa30004	sw	4(r29),r3
 1555  00002224  8fc10000	lw	r1,(r30)
 1556  00002228  8fc20004	lw	r2,4(r30)
 1557  0000222c  0022182c	sle	r3,r1,r2
 1558  00002230  14600008	bnez	r3,L109_LF2
 1559  00002234  54000000	nop; delay slot nop
 1560  00002238  8fc10004	lw	r1,4(r30)
 1561  0000223c          	L109_LF2:
 1562  0000223c  08000004	j	L108_LF2
 1563  00002240  54000000	nop; delay slot nop
 1564  00002244          	L108_LF2:
 1565  00002244  8fa20000	lw	r2,0(r29)
 1566  00002248  8fa30004	lw	r3,4(r29)
 1567  0000224c  8fdffff8	lw	r31,-8(r30)
 1568  00002250  001ee820	add	r29,r0,r30
 1569  00002254  8fdefffc	lw	r30,-4(r30)
 1570  00002258  4be00000	jr	r31
 1571  0000225c  54000000	nop
 1572  00002260          	.endproc _min
 1573                      ;;; Ethan L. Miller, 1999.  Released to the public domain
 1574                      ;;;
 1575                      ;;; Most of the traps are called in files from libtraps.
 1578  00002260          	.align 2
 1579  00002260          	.proc _exit
 1580  00002260          	.global _exit
 1581  00002260          	_exit:
 1582  00002260  44000300	trap	#0x300
 1583  00002264  4be00000	jr	r31
 1584  00002268  54000000	nop
 1585  0000226c          	.endproc _exit
 1587                      ; for the benefit of gcc.
 1588  0000226c          	.proc ___main
 1589  0000226c          	.global ___main
 1590  0000226c          	___main:
 1591  0000226c  4be00000	jr	r31
 1592  00002270  54000000	nop
 1593  00002274          	.endproc ___main
 1594  00002274          	.text
 1595  00002274          	.global _etext
 1596  00002274          	_etext:
 1597  00002274          	.align 3
 1598  00002278          	.data
 1599  00003135          	.global _edata
 1600  00003135          	_edata:
