 line   address	contents
    1                      ; Linked by DLX-LD.
    2                      ; MemSize 24576
    3                      ; Data size: 434
    4                      ; Text size: 4992
    5                      ; Stack size: 8192
    6  00000000          	.text 0x1000
    7  00001000          	.data 0x3000
    8                      ; Compiled by GCC
    9  00003000          	.text
   10  00001000          	.align 2
   11  00001000          	.proc _isspace
   12  00001000          	.global _isspace
   13  00001000          	_isspace:
   14                      ;  Function 'isspace'; 0 bytes of locals, 1 regs to save.
   15  00001000  afbefffc	sw	-4(r29),r30; push fp
   16  00001004  001df020	add	r30,r0,r29; fp = sp
   17  00001008  afbffff8	sw	-8(r29),r31; push ret addr
   18  0000100c  2fbd0010	subui	r29,r29,#16; alloc local storage
   19  00001010  afa20000	sw	0(r29),r2
   20  00001014  83c20003	lb	r2,3(r30)
   21  00001018  201f0000	addi	r31,r0,#0
   22  0000101c  304100ff	andi	r1,r2,#0x00ff
   23  00001020  60210020	seqi	r1,r1,#32
   24  00001024  14200018	bnez	r1,L6_LF0
   25  00001028  54000000	nop; not filled.
   26  0000102c  2041fff7	addi	r1,r2,#-9
   27  00001030  302100ff	andi	r1,r1,#0x00ff
   28  00001034  70210001	sleui	r1,r1,#1
   29  00001038  10200008	beqz	r1,L5_LF0
   30  0000103c  54000000	nop; not filled.
   31  00001040          	L6_LF0:
   32  00001040  201f0001	addi	r31,r0,#1
   33  00001044          	L5_LF0:
   34  00001044  001f0820	add	r1,r0,r31
   35  00001048  8fa20000	lw	r2,0(r29)
   36  0000104c  8fdffff8	lw	r31,-8(r30)
   37  00001050  001ee820	add	r29,r0,r30
   38  00001054  8fdefffc	lw	r30,-4(r30)
   39  00001058  4be00000	jr	r31
   40  0000105c  54000000	nop
   41  00001060          	.endproc _isspace
   42  00001060          	.align 2
   43  00001060          	.proc _isxdigit
   44  00001060          	.global _isxdigit
   45  00001060          	_isxdigit:
   46                      ;  Function 'isxdigit'; 0 bytes of locals, 1 regs to save.
   47  00001060  afbefffc	sw	-4(r29),r30; push fp
   48  00001064  001df020	add	r30,r0,r29; fp = sp
   49  00001068  afbffff8	sw	-8(r29),r31; push ret addr
   50  0000106c  2fbd0010	subui	r29,r29,#16; alloc local storage
   51  00001070  afa20000	sw	0(r29),r2
   52  00001074  83df0003	lb	r31,3(r30)
   53  00001078  20020000	addi	r2,r0,#0
   54  0000107c  23e1ffd0	addi	r1,r31,#-48
   55  00001080  302100ff	andi	r1,r1,#0x00ff
   56  00001084  70210009	sleui	r1,r1,#9
   57  00001088  14200028	bnez	r1,L12_LF0
   58  0000108c  54000000	nop; not filled.
   59  00001090  23e1ff9f	addi	r1,r31,#-97
   60  00001094  302100ff	andi	r1,r1,#0x00ff
   61  00001098  70210005	sleui	r1,r1,#5
   62  0000109c  14200014	bnez	r1,L12_LF0
   63  000010a0  54000000	nop; not filled.
   64  000010a4  33e100ff	andi	r1,r31,#0x00ff
   65  000010a8  64210041	snei	r1,r1,#65
   66  000010ac  14200008	bnez	r1,L11_LF0
   67  000010b0  54000000	nop; not filled.
   68  000010b4          	L12_LF0:
   69  000010b4  20020001	addi	r2,r0,#1
   70  000010b8          	L11_LF0:
   71  000010b8  00020820	add	r1,r0,r2
   72  000010bc  8fa20000	lw	r2,0(r29)
   73  000010c0  8fdffff8	lw	r31,-8(r30)
   74  000010c4  001ee820	add	r29,r0,r30
   75  000010c8  8fdefffc	lw	r30,-4(r30)
   76  000010cc  4be00000	jr	r31
   77  000010d0  54000000	nop
   78  000010d4          	.endproc _isxdigit
   79  000010d4          	.data
   80  00003000          	.align 2
   81  00003000          	LC0_LF0:
   82  00003000  55736167	.ascii "Usage: \000"
   82  00003004  653a2000	
   83  00003008          	.align 2
   84  00003008          	LC1_LF0:
   85  00003008  203c6e75	.ascii " <number of processes to create>\n\000"
   85  0000300c  6d626572	
   85  00003010  206f6620	
   85  00003014  70726f63	
   85  00003018  65737365	
   85  0000301c  7320746f	
   85  00003020  20637265	
   85  00003024  6174653e	
   85  00003028  0a00    	
   86  0000302a          	.align 2
   87  0000302c          	LC2_LF0:
   88  0000302c  43726561	.ascii "Creating %d processes\n\000"
   88  00003030  74696e67	
   88  00003034  20256420	
   88  00003038  70726f63	
   88  0000303c  65737365	
   88  00003040  730a00  	
   89  00003043          	.align 2
   90  00003044          	LC3_LF0:
   91  00003044  4552524f	.ascii "ERROR: could not allocate shared memory page in \000"
   91  00003048  523a2063	
   91  0000304c  6f756c64	
   91  00003050  206e6f74	
   91  00003054  20616c6c	
   91  00003058  6f636174	
   91  0000305c  65207368	
   91  00003060  61726564	
   91  00003064  206d656d	
   91  00003068  6f727920	
   91  0000306c  70616765	
   91  00003070  20696e20	
   91  00003074  00      	
   92  00003075          	.align 2
   93  00003078          	LC4_LF0:
   94  00003078  2c206578	.ascii ", exiting...\n\000"
   94  0000307c  6974696e	
   94  00003080  672e2e2e	
   94  00003084  0a00    	
   95  00003086          	.align 2
   96  00003088          	LC5_LF0:
   97  00003088  436f756c	.ascii "Could not map the shared page to virtual address in \000"
   97  0000308c  64206e6f	
   97  00003090  74206d61	
   97  00003094  70207468	
   97  00003098  65207368	
   97  0000309c  61726564	
   97  000030a0  20706167	
   97  000030a4  6520746f	
   97  000030a8  20766972	
   97  000030ac  7475616c	
   97  000030b0  20616464	
   97  000030b4  72657373	
   97  000030b8  20696e20	
   97  000030bc  00      	
   98  000030bd          	.align 2
   99  000030c0          	LC6_LF0:
  100  000030c0  2c206578	.ascii ", exiting..\n\000"
  100  000030c4  6974696e	
  100  000030c8  672e2e0a	
  100  000030cc  00      	
  101  000030cd          	.align 2
  102  000030d0          	LC7_LF0:
  103  000030d0  42616420	.ascii "Bad sem_create in \000"
  103  000030d4  73656d5f	
  103  000030d8  63726561	
  103  000030dc  74652069	
  103  000030e0  6e2000  	
  104  000030e3          	.align 2
  105  000030e4          	LC8_LF0:
  106  000030e4  0a00    	.ascii "\n\000"
  107  000030e6          	.align 2
  108  000030e8          	LC9_LF0:
  109  000030e8  70726f64	.ascii "producer.dlx.obj\000"
  109  000030ec  75636572	
  109  000030f0  2e646c78	
  109  000030f4  2e6f626a	
  109  000030f8  00      	
  110  000030f9          	.align 2
  111  000030fc          	LC10_LF0:
  112  000030fc  50726f63	.ascii "Process %d producer created\n\000"
  112  00003100  65737320	
  112  00003104  25642070	
  112  00003108  726f6475	
  112  0000310c  63657220	
  112  00003110  63726561	
  112  00003114  7465640a	
  112  00003118  00      	
  113  00003119          	.align 2
  114  0000311c          	LC11_LF0:
  115  0000311c  636f6e73	.ascii "consumer.dlx.obj\000"
  115  00003120  756d6572	
  115  00003124  2e646c78	
  115  00003128  2e6f626a	
  115  0000312c  00      	
  116  0000312d          	.align 2
  117  00003130          	LC12_LF0:
  118  00003130  50726f63	.ascii "Process %d consumer created\n\000"
  118  00003134  65737320	
  118  00003138  25642063	
  118  0000313c  6f6e7375	
  118  00003140  6d657220	
  118  00003144  63726561	
  118  00003148  7465640a	
  118  0000314c  00      	
  119  0000314d          	.align 2
  120  00003150          	LC13_LF0:
  121  00003150  42616420	.ascii "Bad semaphore s_procs_completed (%d) in \000"
  121  00003154  73656d61	
  121  00003158  70686f72	
  121  0000315c  6520735f	
  121  00003160  70726f63	
  121  00003164  735f636f	
  121  00003168  6d706c65	
  121  0000316c  74656420	
  121  00003170  28256429	
  121  00003174  20696e20	
  121  00003178  00      	
  122  00003179          	.align 2
  123  0000317c          	LC14_LF0:
  124  0000317c  416c6c20	.ascii "All other processes completed, exiting main process.\n\000"
  124  00003180  6f746865	
  124  00003184  72207072	
  124  00003188  6f636573	
  124  0000318c  73657320	
  124  00003190  636f6d70	
  124  00003194  6c657465	
  124  00003198  642c2065	
  124  0000319c  78697469	
  124  000031a0  6e67206d	
  124  000031a4  61696e20	
  124  000031a8  70726f63	
  124  000031ac  6573732e	
  124  000031b0  0a00    	
  125  000031b2          	.text
  126  000010d4          	.align 2
  127  000010d4          	.proc _main
  128  000010d4          	.global _main
  129  000010d4          	_main:
  130                      ;  Function 'main'; 80 bytes of locals, 0 regs to save.
  131  000010d4  afbefffc	sw	-4(r29),r30; push fp
  132  000010d8  001df020	add	r30,r0,r29; fp = sp
  133  000010dc  afbffff8	sw	-8(r29),r31; push ret addr
  134  000010e0  2fbd0058	subui	r29,r29,#88; alloc local storage
  135  000010e4  8fc20000	lw	r2,(r30)
  136  000010e8  8fcb0004	lw	r11,4(r30)
  137  000010ec  0c001288	jal	___main
  138  000010f0  54000000	nop; not filled.
  139  000010f4  64410002	snei	r1,r2,#2
  140  000010f8  1020004c	beqz	r1,L14_LF0
  141  000010fc  54000000	nop; not filled.
  142  00001100  23bdfff8	addi	r29,r29,#-8
  143  00001104  3c0c0000	lhi	r12,((LC0_LF0)>>16)&0xffff
  144  00001108  258c3000	addui	r12,r12,(LC0_LF0)&0xffff
  145  0000110c  afac0000	sw	(r29),r12
  146  00001110  0c00045c	jal	_Printf
  147  00001114  54000000	nop; not filled.
  148  00001118  8d6c0000	lw	r12,(r11)
  149  0000111c  afac0000	sw	(r29),r12
  150  00001120  0c00044c	jal	_Printf
  151  00001124  54000000	nop; not filled.
  152  00001128  3c0c0000	lhi	r12,((LC1_LF0)>>16)&0xffff
  153  0000112c  258c3008	addui	r12,r12,(LC1_LF0)&0xffff
  154  00001130  afac0000	sw	(r29),r12
  155  00001134  0c000438	jal	_Printf
  156  00001138  54000000	nop; not filled.
  157  0000113c  0c0004e4	jal	_Exit
  158  00001140  54000000	nop; not filled.
  159  00001144  23bd0008	addi	r29,r29,#8
  160  00001148          	L14_LF0:
  161  00001148  23bdfff0	addi	r29,r29,#-16
  162  0000114c  8d6c0004	lw	r12,4(r11)
  163  00001150  afac0000	sw	(r29),r12
  164  00001154  200c0000	addi	r12,r0,#0
  165  00001158  afac0004	sw	4(r29),r12
  166  0000115c  200c000a	addi	r12,r0,#10
  167  00001160  afac0008	sw	8(r29),r12
  168  00001164  0c000d68	jal	_dstrtol
  169  00001168  54000000	nop; not filled.
  170  0000116c  00013020	add	r6,r0,r1
  171  00001170  3c0c0000	lhi	r12,((LC2_LF0)>>16)&0xffff
  172  00001174  258c302c	addui	r12,r12,(LC2_LF0)&0xffff
  173  00001178  afac0000	sw	(r29),r12
  174  0000117c  50c10001	slli	r1,r6,#0x1
  175  00001180  afa10004	sw	4(r29),r1
  176  00001184  0c0003e8	jal	_Printf
  177  00001188  54000000	nop; not filled.
  178  0000118c  0c000404	jal	_shmget
  179  00001190  54000000	nop; not filled.
  180  00001194  00012820	add	r5,r0,r1
  181  00001198  23bd0010	addi	r29,r29,#16
  182  0000119c  64a10000	snei	r1,r5,#0
  183  000011a0  1420004c	bnez	r1,L15_LF0
  184  000011a4  54000000	nop; not filled.
  185  000011a8  23bdfff8	addi	r29,r29,#-8
  186  000011ac  3c0c0000	lhi	r12,((LC3_LF0)>>16)&0xffff
  187  000011b0  258c3044	addui	r12,r12,(LC3_LF0)&0xffff
  188  000011b4  afac0000	sw	(r29),r12
  189  000011b8  0c0003b4	jal	_Printf
  190  000011bc  54000000	nop; not filled.
  191  000011c0  8d6c0000	lw	r12,(r11)
  192  000011c4  afac0000	sw	(r29),r12
  193  000011c8  0c0003a4	jal	_Printf
  194  000011cc  54000000	nop; not filled.
  195  000011d0  3c0c0000	lhi	r12,((LC4_LF0)>>16)&0xffff
  196  000011d4  258c3078	addui	r12,r12,(LC4_LF0)&0xffff
  197  000011d8  afac0000	sw	(r29),r12
  198  000011dc  0c000390	jal	_Printf
  199  000011e0  54000000	nop; not filled.
  200  000011e4  0c00043c	jal	_Exit
  201  000011e8  54000000	nop; not filled.
  202  000011ec  23bd0008	addi	r29,r29,#8
  203  000011f0          	L15_LF0:
  204  000011f0  23bdfff8	addi	r29,r29,#-8
  205  000011f4  afa50000	sw	(r29),r5
  206  000011f8  0c0003a4	jal	_shmat
  207  000011fc  54000000	nop; not filled.
  208  00001200  00011020	add	r2,r0,r1
  209  00001204  23bd0008	addi	r29,r29,#8
  210  00001208  64410000	snei	r1,r2,#0
  211  0000120c  1420004c	bnez	r1,L16_LF0
  212  00001210  54000000	nop; not filled.
  213  00001214  23bdfff8	addi	r29,r29,#-8
  214  00001218  3c0c0000	lhi	r12,((LC5_LF0)>>16)&0xffff
  215  0000121c  258c3088	addui	r12,r12,(LC5_LF0)&0xffff
  216  00001220  afac0000	sw	(r29),r12
  217  00001224  0c000348	jal	_Printf
  218  00001228  54000000	nop; not filled.
  219  0000122c  8d6c0000	lw	r12,(r11)
  220  00001230  afac0000	sw	(r29),r12
  221  00001234  0c000338	jal	_Printf
  222  00001238  54000000	nop; not filled.
  223  0000123c  3c0c0000	lhi	r12,((LC6_LF0)>>16)&0xffff
  224  00001240  258c30c0	addui	r12,r12,(LC6_LF0)&0xffff
  225  00001244  afac0000	sw	(r29),r12
  226  00001248  0c000324	jal	_Printf
  227  0000124c  54000000	nop; not filled.
  228  00001250  0c0003d0	jal	_Exit
  229  00001254  54000000	nop; not filled.
  230  00001258  23bd0008	addi	r29,r29,#8
  231  0000125c          	L16_LF0:
  232  0000125c  200c0000	addi	r12,r0,#0
  233  00001260  ac4c0000	sw	(r2),r12
  234  00001264  ac4c0004	sw	4(r2),r12
  235  00001268  20430004	addi	r3,r2,#4
  236  0000126c          	L20_LF0:
  237  0000126c  200c0030	addi	r12,r0,(#0x30)&0xff
  238  00001270  a04c0008	sb	8(r2),r12
  239  00001274  20420001	addi	r2,r2,#1
  240  00001278  0043082c	sle	r1,r2,r3
  241  0000127c  1420ffec	bnez	r1,L20_LF0
  242  00001280  54000000	nop; not filled.
  243  00001284  23bdfff8	addi	r29,r29,#-8
  244  00001288  20010001	addi	r1,r0,#1
  245  0000128c  00260822	sub	r1,r1,r6
  246  00001290  afa10000	sw	(r29),r1
  247  00001294  0c000314	jal	_sem_create
  248  00001298  54000000	nop; not filled.
  249  0000129c  00015020	add	r10,r0,r1
  250  000012a0  23bd0008	addi	r29,r29,#8
  251  000012a4  6141ffff	seqi	r1,r10,#-1
  252  000012a8  1020004c	beqz	r1,L22_LF0
  253  000012ac  54000000	nop; not filled.
  254  000012b0  23bdfff8	addi	r29,r29,#-8
  255  000012b4  3c0c0000	lhi	r12,((LC7_LF0)>>16)&0xffff
  256  000012b8  258c30d0	addui	r12,r12,(LC7_LF0)&0xffff
  257  000012bc  afac0000	sw	(r29),r12
  258  000012c0  0c0002ac	jal	_Printf
  259  000012c4  54000000	nop; not filled.
  260  000012c8  8d6c0000	lw	r12,(r11)
  261  000012cc  afac0000	sw	(r29),r12
  262  000012d0  0c00029c	jal	_Printf
  263  000012d4  54000000	nop; not filled.
  264  000012d8  3c0c0000	lhi	r12,((LC8_LF0)>>16)&0xffff
  265  000012dc  258c30e4	addui	r12,r12,(LC8_LF0)&0xffff
  266  000012e0  afac0000	sw	(r29),r12
  267  000012e4  0c000288	jal	_Printf
  268  000012e8  54000000	nop; not filled.
  269  000012ec  0c000334	jal	_Exit
  270  000012f0  54000000	nop; not filled.
  271  000012f4  23bd0008	addi	r29,r29,#8
  272  000012f8          	L22_LF0:
  273  000012f8  0c0002d4	jal	_lock_create
  274  000012fc  54000000	nop; not filled.
  275  00001300  00011020	add	r2,r0,r1
  276  00001304  23bdfff8	addi	r29,r29,#-8
  277  00001308  afa20000	sw	(r29),r2
  278  0000130c  0c0002e4	jal	_cond_create
  279  00001310  54000000	nop; not filled.
  280  00001314  00011820	add	r3,r0,r1
  281  00001318  afa20000	sw	(r29),r2
  282  0000131c  0c0002d4	jal	_cond_create
  283  00001320  54000000	nop; not filled.
  284  00001324  00012020	add	r4,r0,r1
  285  00001328  afa50000	sw	(r29),r5
  286  0000132c  23c9ffe8	addi	r9,r30,#-24
  287  00001330  afa90004	sw	4(r29),r9
  288  00001334  0c000a0c	jal	_ditoa
  289  00001338  54000000	nop; not filled.
  290  0000133c  afaa0000	sw	(r29),r10
  291  00001340  23c8ffd8	addi	r8,r30,#-40
  292  00001344  afa80004	sw	4(r29),r8
  293  00001348  0c0009f8	jal	_ditoa
  294  0000134c  54000000	nop; not filled.
  295  00001350  afa20000	sw	(r29),r2
  296  00001354  23c7ffc8	addi	r7,r30,#-56
  297  00001358  afa70004	sw	4(r29),r7
  298  0000135c  0c0009e4	jal	_ditoa
  299  00001360  54000000	nop; not filled.
  300  00001364  afa30000	sw	(r29),r3
  301  00001368  23c5ffb8	addi	r5,r30,#-72
  302  0000136c  afa50004	sw	4(r29),r5
  303  00001370  0c0009d0	jal	_ditoa
  304  00001374  54000000	nop; not filled.
  305  00001378  afa40000	sw	(r29),r4
  306  0000137c  23c3ffa8	addi	r3,r30,#-88
  307  00001380  afa30004	sw	4(r29),r3
  308  00001384  0c0009bc	jal	_ditoa
  309  00001388  54000000	nop; not filled.
  310  0000138c  20020000	addi	r2,r0,#0
  311  00001390  23bd0008	addi	r29,r29,#8
  312  00001394  0046082a	slt	r1,r2,r6
  313  00001398  10200078	beqz	r1,L34_LF0
  314  0000139c  54000000	nop; not filled.
  315  000013a0  00052020	add	r4,r0,r5
  316  000013a4          	L26_LF0:
  317  000013a4  23bdffe0	addi	r29,r29,#-32
  318  000013a8  3c0c0000	lhi	r12,((LC9_LF0)>>16)&0xffff
  319  000013ac  258c30e8	addui	r12,r12,(LC9_LF0)&0xffff
  320  000013b0  afac0000	sw	(r29),r12
  321  000013b4  afa90004	sw	4(r29),r9
  322  000013b8  afa80008	sw	8(r29),r8
  323  000013bc  afa7000c	sw	12(r29),r7
  324  000013c0  afa40010	sw	16(r29),r4
  325  000013c4  afa30014	sw	20(r29),r3
  326  000013c8  200c0000	addi	r12,r0,#0
  327  000013cc  afac0018	sw	24(r29),r12
  328  000013d0  0c0001b4	jal	_process_create
  329  000013d4  54000000	nop; not filled.
  330  000013d8  23bd0020	addi	r29,r29,#32
  331  000013dc  23bdfff8	addi	r29,r29,#-8
  332  000013e0  3c0c0000	lhi	r12,((LC10_LF0)>>16)&0xffff
  333  000013e4  258c30fc	addui	r12,r12,(LC10_LF0)&0xffff
  334  000013e8  afac0000	sw	(r29),r12
  335  000013ec  afa20004	sw	4(r29),r2
  336  000013f0  0c00017c	jal	_Printf
  337  000013f4  54000000	nop; not filled.
  338  000013f8  23bd0008	addi	r29,r29,#8
  339  000013fc  20420001	addi	r2,r2,#1
  340  00001400  0046082a	slt	r1,r2,r6
  341  00001404  1420ff9c	bnez	r1,L26_LF0
  342  00001408  54000000	nop; not filled.
  343  0000140c  20020000	addi	r2,r0,#0
  344  00001410  0046082a	slt	r1,r2,r6
  345  00001414          	L34_LF0:
  346  00001414  10200080	beqz	r1,L29_LF0
  347  00001418  54000000	nop; not filled.
  348  0000141c  23c8ffe8	addi	r8,r30,#-24
  349  00001420  23c7ffd8	addi	r7,r30,#-40
  350  00001424  23c5ffc8	addi	r5,r30,#-56
  351  00001428  23c4ffb8	addi	r4,r30,#-72
  352  0000142c  23c3ffa8	addi	r3,r30,#-88
  353  00001430          	L31_LF0:
  354  00001430  23bdffe0	addi	r29,r29,#-32
  355  00001434  3c0c0000	lhi	r12,((LC11_LF0)>>16)&0xffff
  356  00001438  258c311c	addui	r12,r12,(LC11_LF0)&0xffff
  357  0000143c  afac0000	sw	(r29),r12
  358  00001440  afa80004	sw	4(r29),r8
  359  00001444  afa70008	sw	8(r29),r7
  360  00001448  afa5000c	sw	12(r29),r5
  361  0000144c  afa40010	sw	16(r29),r4
  362  00001450  afa30014	sw	20(r29),r3
  363  00001454  200c0000	addi	r12,r0,#0
  364  00001458  afac0018	sw	24(r29),r12
  365  0000145c  0c000128	jal	_process_create
  366  00001460  54000000	nop; not filled.
  367  00001464  23bd0020	addi	r29,r29,#32
  368  00001468  23bdfff8	addi	r29,r29,#-8
  369  0000146c  3c0c0000	lhi	r12,((LC12_LF0)>>16)&0xffff
  370  00001470  258c3130	addui	r12,r12,(LC12_LF0)&0xffff
  371  00001474  afac0000	sw	(r29),r12
  372  00001478  afa20004	sw	4(r29),r2
  373  0000147c  0c0000f0	jal	_Printf
  374  00001480  54000000	nop; not filled.
  375  00001484  23bd0008	addi	r29,r29,#8
  376  00001488  20420001	addi	r2,r2,#1
  377  0000148c  0046082a	slt	r1,r2,r6
  378  00001490  1420ff9c	bnez	r1,L31_LF0
  379  00001494  54000000	nop; not filled.
  380  00001498          	L29_LF0:
  381  00001498  23bdfff8	addi	r29,r29,#-8
  382  0000149c  afaa0000	sw	(r29),r10
  383  000014a0  0c000114	jal	_sem_wait
  384  000014a4  54000000	nop; not filled.
  385  000014a8  23bd0008	addi	r29,r29,#8
  386  000014ac  64210001	snei	r1,r1,#1
  387  000014b0  10200050	beqz	r1,L33_LF0
  388  000014b4  54000000	nop; not filled.
  389  000014b8  23bdfff8	addi	r29,r29,#-8
  390  000014bc  3c0c0000	lhi	r12,((LC13_LF0)>>16)&0xffff
  391  000014c0  258c3150	addui	r12,r12,(LC13_LF0)&0xffff
  392  000014c4  afac0000	sw	(r29),r12
  393  000014c8  afaa0004	sw	4(r29),r10
  394  000014cc  0c0000a0	jal	_Printf
  395  000014d0  54000000	nop; not filled.
  396  000014d4  8d6b0000	lw	r11,(r11)
  397  000014d8  afab0000	sw	(r29),r11
  398  000014dc  0c000090	jal	_Printf
  399  000014e0  54000000	nop; not filled.
  400  000014e4  3c0c0000	lhi	r12,((LC8_LF0)>>16)&0xffff
  401  000014e8  258c30e4	addui	r12,r12,(LC8_LF0)&0xffff
  402  000014ec  afac0000	sw	(r29),r12
  403  000014f0  0c00007c	jal	_Printf
  404  000014f4  54000000	nop; not filled.
  405  000014f8  0c000128	jal	_Exit
  406  000014fc  54000000	nop; not filled.
  407  00001500  23bd0008	addi	r29,r29,#8
  408  00001504          	L33_LF0:
  409  00001504  23bdfff8	addi	r29,r29,#-8
  410  00001508  3c0c0000	lhi	r12,((LC14_LF0)>>16)&0xffff
  411  0000150c  258c317c	addui	r12,r12,(LC14_LF0)&0xffff
  412  00001510  afac0000	sw	(r29),r12
  413  00001514  0c000058	jal	_Printf
  414  00001518  54000000	nop; not filled.
  415  0000151c  23bd0008	addi	r29,r29,#8
  416  00001520  0c000e48	jal	_exit
  417  00001524  54000000	nop
  418  00001528          	.endproc _main
  419                      ;;;
  420                      ;;; Stub functions for DLX traps.
  421                      ;;;
  422                      ;;; Ethan L. Miller, 1999.  Released to the public domain.
  423                      ;;;
  424                      ;;; The traps such as Open and Close
  425                      ;;; (note the capital letters) are for use by user programs.  The traps
  426                      ;;; with names such as open and close (lower case) are for use by the OS.
  427                      ;;;
  430  00001528          	.align 2
  432                      ;;; The following are the traps to be used by user-level programs
  433                      ;;;
  435  00001528          	.align 2
  436  00001528          	.proc _Open
  437  00001528          	.global _Open
  438  00001528          	_Open:
  439                      ;;; Note that trap #0x213 actually causes a trap vector in the OS of
  440                      ;;; 0x1213.  The same is true for other user traps.  Thus, a user trap
  441                      ;;; with trap #0x240 will result in a trap vector of 0x1240 in the OS.
  442  00001528  44000213	trap	#0x213
  443  0000152c  4be00000	jr	r31
  444  00001530  54000000	nop
  445  00001534          	.endproc _Open
  447  00001534          	.proc _Close
  448  00001534          	.global _Close
  449  00001534          	_Close:
  450  00001534  44000214	trap	#0x214
  451  00001538  4be00000	jr	r31
  452  0000153c  54000000	nop
  453  00001540          	.endproc _Close
  455  00001540          	.proc _Read
  456  00001540          	.global _Read
  457  00001540          	_Read:
  458  00001540  44000210	trap	#0x210
  459  00001544  4be00000	jr	r31
  460  00001548  54000000	nop
  461  0000154c          	.endproc _Read
  463  0000154c          	.proc _Write
  464  0000154c          	.global _Write
  465  0000154c          	_Write:
  466  0000154c  44000211	trap	#0x211
  467  00001550  4be00000	jr	r31
  468  00001554  54000000	nop
  469  00001558          	.endproc _Write
  471  00001558          	.proc _Lseek
  472  00001558          	.global _Lseek
  473  00001558          	_Lseek:
  474  00001558  44000212	trap	#0x212
  475  0000155c  4be00000	jr	r31
  476  00001560  54000000	nop
  477  00001564          	.endproc _Lseek
  479  00001564          	.proc _Putchar
  480  00001564          	.global _Putchar
  481  00001564          	_Putchar:
  482  00001564  44000280	trap	#0x280
  483  00001568  4be00000	jr	r31
  484  0000156c  54000000	nop
  485  00001570          	.endproc _Putchar
  487  00001570          	.proc _Printf
  488  00001570          	.global _Printf
  489  00001570          	_Printf:
  490  00001570  44000201	trap	#0x201
  491  00001574  4be00000	jr	r31
  492  00001578  54000000	nop
  493  0000157c          	.endproc _Printf
  495  0000157c          	.proc _getpid
  496  0000157c          	.global _getpid
  497  0000157c          	_getpid:
  498  0000157c  44000431	trap	#0x431
  499  00001580  4be00000	jr	r31
  500  00001584  54000000	nop
  501  00001588          	.endproc _getpid
  503  00001588          	.proc _process_create
  504  00001588          	.global _process_create
  505  00001588          	_process_create:
  506  00001588  44000432	trap	#0x432
  507  0000158c  4be00000	jr	r31
  508  00001590  54000000	nop
  509  00001594          	.endproc _process_create
  511  00001594          	.proc _shmget
  512  00001594          	.global _shmget
  513  00001594          	_shmget:
  514  00001594  44000440	trap	#0x440
  515  00001598  4be00000	jr	r31
  516  0000159c  54000000	nop
  517  000015a0          	.endproc _shmget
  519  000015a0          	.proc _shmat
  520  000015a0          	.global _shmat
  521  000015a0          	_shmat:
  522  000015a0  44000441	trap	#0x441
  523  000015a4  4be00000	jr	r31
  524  000015a8  54000000	nop
  525  000015ac          	.endproc _shmat
  527  000015ac          	.proc _sem_create
  528  000015ac          	.global _sem_create
  529  000015ac          	_sem_create:
  530  000015ac  44000450	trap	#0x450
  531  000015b0  4be00000	jr	r31
  532  000015b4  54000000	nop
  533  000015b8          	.endproc _sem_create
  535  000015b8          	.proc _sem_wait
  536  000015b8          	.global _sem_wait
  537  000015b8          	_sem_wait:
  538  000015b8  44000451	trap	#0x451
  539  000015bc  4be00000	jr	r31
  540  000015c0  54000000	nop
  541  000015c4          	.endproc _sem_wait
  543  000015c4          	.proc _sem_signal
  544  000015c4          	.global _sem_signal
  545  000015c4          	_sem_signal:
  546  000015c4  44000452	trap	#0x452
  547  000015c8  4be00000	jr	r31
  548  000015cc  54000000	nop
  549  000015d0          	.endproc _sem_signal
  551  000015d0          	.proc _lock_create
  552  000015d0          	.global _lock_create
  553  000015d0          	_lock_create:
  554  000015d0  44000453	trap	#0x453
  555  000015d4  4be00000	jr	r31
  556  000015d8  54000000	nop
  557  000015dc          	.endproc _lock_create
  559  000015dc          	.proc _lock_acquire
  560  000015dc          	.global _lock_acquire
  561  000015dc          	_lock_acquire:
  562  000015dc  44000454	trap	#0x454
  563  000015e0  4be00000	jr	r31
  564  000015e4  54000000	nop
  565  000015e8          	.endproc _lock_acquire
  567  000015e8          	.proc _lock_release
  568  000015e8          	.global _lock_release
  569  000015e8          	_lock_release:
  570  000015e8  44000455	trap	#0x455
  571  000015ec  4be00000	jr	r31
  572  000015f0  54000000	nop
  573  000015f4          	.endproc _lock_release
  575  000015f4          	.proc _cond_create
  576  000015f4          	.global _cond_create
  577  000015f4          	_cond_create:
  578  000015f4  44000456	trap	#0x456
  579  000015f8  4be00000	jr	r31
  580  000015fc  54000000	nop
  581  00001600          	.endproc _cond_create
  583  00001600          	.proc _cond_wait
  584  00001600          	.global _cond_wait
  585  00001600          	_cond_wait:
  586  00001600  44000457	trap	#0x457
  587  00001604  4be00000	jr	r31
  588  00001608  54000000	nop
  589  0000160c          	.endproc _cond_wait
  591  0000160c          	.proc _cond_signal
  592  0000160c          	.global _cond_signal
  593  0000160c          	_cond_signal:
  594  0000160c  44000458	trap	#0x458
  595  00001610  4be00000	jr	r31
  596  00001614  54000000	nop
  597  00001618          	.endproc _cond_signal
  599  00001618          	.proc _cond_broadcast
  600  00001618          	.global _cond_broadcast
  601  00001618          	_cond_broadcast:
  602  00001618  44000455	trap	#0x455
  603  0000161c  4be00000	jr	r31
  604  00001620  54000000	nop
  605  00001624          	.endproc _cond_broadcast
  607  00001624          	.proc _Exit
  608  00001624          	.global _Exit
  609  00001624          	_Exit:
  610  00001624  44000500	trap	#0x500
  611  00001628  4be00000	jr	r31
  612  0000162c  54000000	nop
  613  00001630          	.endproc _Exit
  614                      ; Compiled by GCC
  616  00001630          	.align 2
  617  00001630          	.proc _isspace
  618  00001630          	.global _isspace
  619  00001630          	_isspace:
  620                      ;  Function 'isspace'; 0 bytes of locals, 3 regs to save.
  621  00001630  afbefffc	sw	-4(r29),r30; push fp
  622  00001634  001df020	add	r30,r0,r29; fp = sp
  623  00001638  afbffff8	sw	-8(r29),r31; push ret addr
  624  0000163c  2fbd0018	subui	r29,r29,#24; alloc local storage
  625  00001640  afa20000	sw	0(r29),r2
  626  00001644  afa30004	sw	4(r29),r3
  627  00001648  afa40008	sw	8(r29),r4
  628  0000164c  83c20003	lb	r2,3(r30)
  629  00001650  20010000	addi	r1,r0,#0
  630  00001654  304300ff	andi	r3,r2,#0x00ff
  631  00001658  60640020	seqi	r4,r3,#32
  632  0000165c  1480002c	bnez	r4,L3_LF2
  633  00001660  54000000	nop; delay slot nop
  634  00001664  304300ff	andi	r3,r2,#0x00ff
  635  00001668  60640009	seqi	r4,r3,#9
  636  0000166c  1480001c	bnez	r4,L3_LF2
  637  00001670  54000000	nop; delay slot nop
  638  00001674  304300ff	andi	r3,r2,#0x00ff
  639  00001678  6064000a	seqi	r4,r3,#10
  640  0000167c  1480000c	bnez	r4,L3_LF2
  641  00001680  54000000	nop; delay slot nop
  642  00001684  08000008	j	L2_LF2
  643  00001688  54000000	nop; delay slot nop
  644  0000168c          	L3_LF2:
  645  0000168c  20010001	addi	r1,r0,#1
  646  00001690          	L2_LF2:
  647  00001690  08000004	j	L1_LF2
  648  00001694  54000000	nop; delay slot nop
  649  00001698          	L1_LF2:
  650  00001698  8fa20000	lw	r2,0(r29)
  651  0000169c  8fa30004	lw	r3,4(r29)
  652  000016a0  8fa40008	lw	r4,8(r29)
  653  000016a4  8fdffff8	lw	r31,-8(r30)
  654  000016a8  001ee820	add	r29,r0,r30
  655  000016ac  8fdefffc	lw	r30,-4(r30)
  656  000016b0  4be00000	jr	r31
  657  000016b4  54000000	nop
  658  000016b8          	.endproc _isspace
  659  000016b8          	.align 2
  660  000016b8          	.proc _isxdigit
  661  000016b8          	.global _isxdigit
  662  000016b8          	_isxdigit:
  663                      ;  Function 'isxdigit'; 0 bytes of locals, 3 regs to save.
  664  000016b8  afbefffc	sw	-4(r29),r30; push fp
  665  000016bc  001df020	add	r30,r0,r29; fp = sp
  666  000016c0  afbffff8	sw	-8(r29),r31; push ret addr
  667  000016c4  2fbd0018	subui	r29,r29,#24; alloc local storage
  668  000016c8  afa20000	sw	0(r29),r2
  669  000016cc  afa30004	sw	4(r29),r3
  670  000016d0  afa40008	sw	8(r29),r4
  671  000016d4  83c20003	lb	r2,3(r30)
  672  000016d8  20010000	addi	r1,r0,#0
  673  000016dc  304300ff	andi	r3,r2,#0x00ff
  674  000016e0  6c64002f	sgtui	r4,r3,#47
  675  000016e4  1080001c	beqz	r4,L7_LF2
  676  000016e8  54000000	nop; delay slot nop
  677  000016ec  304300ff	andi	r3,r2,#0x00ff
  678  000016f0  70640039	sleui	r4,r3,#57
  679  000016f4  1480005c	bnez	r4,L6_LF2
  680  000016f8  54000000	nop; delay slot nop
  681  000016fc  08000004	j	L7_LF2
  682  00001700  54000000	nop; delay slot nop
  683  00001704          	L7_LF2:
  684  00001704  304300ff	andi	r3,r2,#0x00ff
  685  00001708  6c640060	sgtui	r4,r3,#96
  686  0000170c  1080001c	beqz	r4,L8_LF2
  687  00001710  54000000	nop; delay slot nop
  688  00001714  304300ff	andi	r3,r2,#0x00ff
  689  00001718  70640066	sleui	r4,r3,#102
  690  0000171c  14800034	bnez	r4,L6_LF2
  691  00001720  54000000	nop; delay slot nop
  692  00001724  08000004	j	L8_LF2
  693  00001728  54000000	nop; delay slot nop
  694  0000172c          	L8_LF2:
  695  0000172c  304300ff	andi	r3,r2,#0x00ff
  696  00001730  6c640040	sgtui	r4,r3,#64
  697  00001734  10800020	beqz	r4,L5_LF2
  698  00001738  54000000	nop; delay slot nop
  699  0000173c  304300ff	andi	r3,r2,#0x00ff
  700  00001740  70640041	sleui	r4,r3,#65
  701  00001744  1480000c	bnez	r4,L6_LF2
  702  00001748  54000000	nop; delay slot nop
  703  0000174c  08000008	j	L5_LF2
  704  00001750  54000000	nop; delay slot nop
  705  00001754          	L6_LF2:
  706  00001754  20010001	addi	r1,r0,#1
  707  00001758          	L5_LF2:
  708  00001758  08000004	j	L4_LF2
  709  0000175c  54000000	nop; delay slot nop
  710  00001760          	L4_LF2:
  711  00001760  8fa20000	lw	r2,0(r29)
  712  00001764  8fa30004	lw	r3,4(r29)
  713  00001768  8fa40008	lw	r4,8(r29)
  714  0000176c  8fdffff8	lw	r31,-8(r30)
  715  00001770  001ee820	add	r29,r0,r30
  716  00001774  8fdefffc	lw	r30,-4(r30)
  717  00001778  4be00000	jr	r31
  718  0000177c  54000000	nop
  719  00001780          	.endproc _isxdigit
  720  00001780          	.align 2
  721  00001780          	.proc _dstrcpy
  722  00001780          	.global _dstrcpy
  723  00001780          	_dstrcpy:
  724                      ;  Function 'dstrcpy'; 8 bytes of locals, 2 regs to save.
  725  00001780  afbefffc	sw	-4(r29),r30; push fp
  726  00001784  001df020	add	r30,r0,r29; fp = sp
  727  00001788  afbffff8	sw	-8(r29),r31; push ret addr
  728  0000178c  2fbd0018	subui	r29,r29,#24; alloc local storage
  729  00001790  afa20000	sw	0(r29),r2
  730  00001794  afa30004	sw	4(r29),r3
  731  00001798  8fc10000	lw	r1,(r30)
  732  0000179c  afc1fff4	sw	-12(r30),r1
  733  000017a0          	L10_LF2:
  734  000017a0  8fc10000	lw	r1,(r30)
  735  000017a4  20220001	addi	r2,r1,#1
  736  000017a8  afc20000	sw	(r30),r2
  737  000017ac  8fc20004	lw	r2,4(r30)
  738  000017b0  20430001	addi	r3,r2,#1
  739  000017b4  afc30004	sw	4(r30),r3
  740  000017b8  80420000	lb	r2,(r2)
  741  000017bc  a0220000	sb	(r1),r2
  742  000017c0  a3c2fff3	sb	-13(r30),r2
  743  000017c4          	L12_LF2:
  744  000017c4  93c1fff3	lbu	r1,-13(r30)
  745  000017c8  64220000	snei	r2,r1,#0
  746  000017cc  1440000c	bnez	r2,L13_LF2
  747  000017d0  54000000	nop; delay slot nop
  748  000017d4  0800000c	j	L11_LF2
  749  000017d8  54000000	nop; delay slot nop
  750  000017dc          	L13_LF2:
  751  000017dc  0bffffc0	j	L10_LF2
  752  000017e0  54000000	nop; delay slot nop
  753  000017e4          	L11_LF2:
  754  000017e4  8fc1fff4	lw	r1,-12(r30)
  755  000017e8  08000004	j	L9_LF2
  756  000017ec  54000000	nop; delay slot nop
  757  000017f0          	L9_LF2:
  758  000017f0  8fa20000	lw	r2,0(r29)
  759  000017f4  8fa30004	lw	r3,4(r29)
  760  000017f8  8fdffff8	lw	r31,-8(r30)
  761  000017fc  001ee820	add	r29,r0,r30
  762  00001800  8fdefffc	lw	r30,-4(r30)
  763  00001804  4be00000	jr	r31
  764  00001808  54000000	nop
  765  0000180c          	.endproc _dstrcpy
  766  0000180c          	.align 2
  767  0000180c          	.proc _dstrncpy
  768  0000180c          	.global _dstrncpy
  769  0000180c          	_dstrncpy:
  770                      ;  Function 'dstrncpy'; 8 bytes of locals, 2 regs to save.
  771  0000180c  afbefffc	sw	-4(r29),r30; push fp
  772  00001810  001df020	add	r30,r0,r29; fp = sp
  773  00001814  afbffff8	sw	-8(r29),r31; push ret addr
  774  00001818  2fbd0018	subui	r29,r29,#24; alloc local storage
  775  0000181c  afa20000	sw	0(r29),r2
  776  00001820  afa30004	sw	4(r29),r3
  777  00001824  8fc10000	lw	r1,(r30)
  778  00001828  afc1fff4	sw	-12(r30),r1
  779  0000182c          	L15_LF2:
  780  0000182c  8fc10008	lw	r1,8(r30)
  781  00001830  2022ffff	addi	r2,r1,#-1
  782  00001834  afc20008	sw	8(r30),r2
  783  00001838  70210000	slei	r1,r1,#0
  784  0000183c  1020000c	beqz	r1,L18_LF2
  785  00001840  54000000	nop; delay slot nop
  786  00001844  08000048	j	L16_LF2
  787  00001848  54000000	nop; delay slot nop
  788  0000184c          	L18_LF2:
  789  0000184c  8fc10000	lw	r1,(r30)
  790  00001850  20220001	addi	r2,r1,#1
  791  00001854  afc20000	sw	(r30),r2
  792  00001858  8fc20004	lw	r2,4(r30)
  793  0000185c  20430001	addi	r3,r2,#1
  794  00001860  afc30004	sw	4(r30),r3
  795  00001864  80420000	lb	r2,(r2)
  796  00001868  a0220000	sb	(r1),r2
  797  0000186c  a3c2fff3	sb	-13(r30),r2
  798  00001870          	L17_LF2:
  799  00001870  93c1fff3	lbu	r1,-13(r30)
  800  00001874  64220000	snei	r2,r1,#0
  801  00001878  1440000c	bnez	r2,L19_LF2
  802  0000187c  54000000	nop; delay slot nop
  803  00001880  0800000c	j	L16_LF2
  804  00001884  54000000	nop; delay slot nop
  805  00001888          	L19_LF2:
  806  00001888  0bffffa0	j	L15_LF2
  807  0000188c  54000000	nop; delay slot nop
  808  00001890          	L16_LF2:
  809  00001890  8fc1fff4	lw	r1,-12(r30)
  810  00001894  08000004	j	L14_LF2
  811  00001898  54000000	nop; delay slot nop
  812  0000189c          	L14_LF2:
  813  0000189c  8fa20000	lw	r2,0(r29)
  814  000018a0  8fa30004	lw	r3,4(r29)
  815  000018a4  8fdffff8	lw	r31,-8(r30)
  816  000018a8  001ee820	add	r29,r0,r30
  817  000018ac  8fdefffc	lw	r30,-4(r30)
  818  000018b0  4be00000	jr	r31
  819  000018b4  54000000	nop
  820  000018b8          	.endproc _dstrncpy
  821  000018b8          	.align 2
  822  000018b8          	.proc _dstrcat
  823  000018b8          	.global _dstrcat
  824  000018b8          	_dstrcat:
  825                      ;  Function 'dstrcat'; 8 bytes of locals, 1 regs to save.
  826  000018b8  afbefffc	sw	-4(r29),r30; push fp
  827  000018bc  001df020	add	r30,r0,r29; fp = sp
  828  000018c0  afbffff8	sw	-8(r29),r31; push ret addr
  829  000018c4  2fbd0018	subui	r29,r29,#24; alloc local storage
  830  000018c8  afa20000	sw	0(r29),r2
  831  000018cc  8fc10000	lw	r1,(r30)
  832  000018d0  afc1fff4	sw	-12(r30),r1
  833  000018d4          	L21_LF2:
  834  000018d4  8fc10000	lw	r1,(r30)
  835  000018d8  90220000	lbu	r2,(r1)
  836  000018dc  64410000	snei	r1,r2,#0
  837  000018e0  1420000c	bnez	r1,L23_LF2
  838  000018e4  54000000	nop; delay slot nop
  839  000018e8  0800001c	j	L22_LF2
  840  000018ec  54000000	nop; delay slot nop
  841  000018f0          	L23_LF2:
  842  000018f0  8fc20000	lw	r2,(r30)
  843  000018f4  20410001	addi	r1,r2,#1
  844  000018f8  00011020	add	r2,r0,r1
  845  000018fc  afc20000	sw	(r30),r2
  846  00001900  0bffffd0	j	L21_LF2
  847  00001904  54000000	nop; delay slot nop
  848  00001908          	L22_LF2:
  849  00001908  23bdfff8	addi	r29,r29,#-8
  850  0000190c  001d0820	add	r1,r0,r29
  851  00001910  8fc20000	lw	r2,(r30)
  852  00001914  ac220000	sw	(r1),r2
  853  00001918  8fc20004	lw	r2,4(r30)
  854  0000191c  ac220004	sw	4(r1),r2
  855  00001920  0ffffe5c	jal	_dstrcpy
  856  00001924  54000000	nop; delay slot nop
  857  00001928  23bd0008	addi	r29,r29,#8
  858  0000192c  8fc1fff4	lw	r1,-12(r30)
  859  00001930  08000004	j	L20_LF2
  860  00001934  54000000	nop; delay slot nop
  861  00001938          	L20_LF2:
  862  00001938  8fa20000	lw	r2,0(r29)
  863  0000193c  8fdffff8	lw	r31,-8(r30)
  864  00001940  001ee820	add	r29,r0,r30
  865  00001944  8fdefffc	lw	r30,-4(r30)
  866  00001948  4be00000	jr	r31
  867  0000194c  54000000	nop
  868  00001950          	.endproc _dstrcat
  869  00001950          	.align 2
  870  00001950          	.proc _dstrncmp
  871  00001950          	.global _dstrncmp
  872  00001950          	_dstrncmp:
  873                      ;  Function 'dstrncmp'; 8 bytes of locals, 2 regs to save.
  874  00001950  afbefffc	sw	-4(r29),r30; push fp
  875  00001954  001df020	add	r30,r0,r29; fp = sp
  876  00001958  afbffff8	sw	-8(r29),r31; push ret addr
  877  0000195c  2fbd0018	subui	r29,r29,#24; alloc local storage
  878  00001960  afa20000	sw	0(r29),r2
  879  00001964  afa30004	sw	4(r29),r3
  880  00001968  54000000	nop
  881  0000196c  20010000	addi	r1,r0,#0
  882  00001970  afc1fff4	sw	-12(r30),r1
  883  00001974          	L25_LF2:
  884  00001974  8fc1fff4	lw	r1,-12(r30)
  885  00001978  8fc20008	lw	r2,8(r30)
  886  0000197c  0022082a	slt	r1,r1,r2
  887  00001980  1420000c	bnez	r1,L28_LF2
  888  00001984  54000000	nop; delay slot nop
  889  00001988  08000088	j	L26_LF2
  890  0000198c  54000000	nop; delay slot nop
  891  00001990          	L28_LF2:
  892  00001990  8fc10004	lw	r1,4(r30)
  893  00001994  90220000	lbu	r2,(r1)
  894  00001998  64410000	snei	r1,r2,#0
  895  0000199c  14200018	bnez	r1,L29_LF2
  896  000019a0  54000000	nop; delay slot nop
  897  000019a4  20010000	addi	r1,r0,#0
  898  000019a8  080000d8	j	L24_LF2
  899  000019ac  54000000	nop; delay slot nop
  900  000019b0  08000028	j	L30_LF2
  901  000019b4  54000000	nop; delay slot nop
  902  000019b8          	L29_LF2:
  903  000019b8  8fc10000	lw	r1,(r30)
  904  000019bc  8fc20004	lw	r2,4(r30)
  905  000019c0  90210000	lbu	r1,(r1)
  906  000019c4  90420000	lbu	r2,(r2)
  907  000019c8  00220829	sne	r1,r1,r2
  908  000019cc  1020000c	beqz	r1,L30_LF2
  909  000019d0  54000000	nop; delay slot nop
  910  000019d4  0800003c	j	L26_LF2
  911  000019d8  54000000	nop; delay slot nop
  912  000019dc          	L31_LF2:
  913  000019dc          	L30_LF2:
  914  000019dc  8fc20000	lw	r2,(r30)
  915  000019e0  20410001	addi	r1,r2,#1
  916  000019e4  00011020	add	r2,r0,r1
  917  000019e8  afc20000	sw	(r30),r2
  918  000019ec  8fc20004	lw	r2,4(r30)
  919  000019f0  20410001	addi	r1,r2,#1
  920  000019f4  00011020	add	r2,r0,r1
  921  000019f8  afc20004	sw	4(r30),r2
  922  000019fc          	L27_LF2:
  923  000019fc  8fc2fff4	lw	r2,-12(r30)
  924  00001a00  20410001	addi	r1,r2,#1
  925  00001a04  00011020	add	r2,r0,r1
  926  00001a08  afc2fff4	sw	-12(r30),r2
  927  00001a0c  0bffff64	j	L25_LF2
  928  00001a10  54000000	nop; delay slot nop
  929  00001a14          	L26_LF2:
  930  00001a14  8fc1fff4	lw	r1,-12(r30)
  931  00001a18  8fc20008	lw	r2,8(r30)
  932  00001a1c  00220828	seq	r1,r1,r2
  933  00001a20  10200018	beqz	r1,L32_LF2
  934  00001a24  54000000	nop; delay slot nop
  935  00001a28  20010000	addi	r1,r0,#0
  936  00001a2c  08000054	j	L24_LF2
  937  00001a30  54000000	nop; delay slot nop
  938  00001a34  0800004c	j	L33_LF2
  939  00001a38  54000000	nop; delay slot nop
  940  00001a3c          	L32_LF2:
  941  00001a3c  8fc20000	lw	r2,(r30)
  942  00001a40  90410000	lbu	r1,(r2)
  943  00001a44  8fc20004	lw	r2,4(r30)
  944  00001a48  90430000	lbu	r3,(r2)
  945  00001a4c  00230822	sub	r1,r1,r3
  946  00001a50  74220000	sgei	r2,r1,#0
  947  00001a54  10400020	beqz	r2,L34_LF2
  948  00001a58  54000000	nop; delay slot nop
  949  00001a5c  8fc10000	lw	r1,(r30)
  950  00001a60  8fc20004	lw	r2,4(r30)
  951  00001a64  90210000	lbu	r1,(r1)
  952  00001a68  90420000	lbu	r2,(r2)
  953  00001a6c  00220829	sne	r1,r1,r2
  954  00001a70  08000008	j	L35_LF2
  955  00001a74  54000000	nop; delay slot nop
  956  00001a78          	L34_LF2:
  957  00001a78  2001ffff	addi	r1,r0,#-1
  958  00001a7c          	L35_LF2:
  959  00001a7c  08000004	j	L24_LF2
  960  00001a80  54000000	nop; delay slot nop
  961  00001a84          	L33_LF2:
  962  00001a84          	L24_LF2:
  963  00001a84  8fa20000	lw	r2,0(r29)
  964  00001a88  8fa30004	lw	r3,4(r29)
  965  00001a8c  8fdffff8	lw	r31,-8(r30)
  966  00001a90  001ee820	add	r29,r0,r30
  967  00001a94  8fdefffc	lw	r30,-4(r30)
  968  00001a98  4be00000	jr	r31
  969  00001a9c  54000000	nop
  970  00001aa0          	.endproc _dstrncmp
  971  00001aa0          	.align 2
  972  00001aa0          	.proc _dstrlen
  973  00001aa0          	.global _dstrlen
  974  00001aa0          	_dstrlen:
  975                      ;  Function 'dstrlen'; 8 bytes of locals, 1 regs to save.
  976  00001aa0  afbefffc	sw	-4(r29),r30; push fp
  977  00001aa4  001df020	add	r30,r0,r29; fp = sp
  978  00001aa8  afbffff8	sw	-8(r29),r31; push ret addr
  979  00001aac  2fbd0018	subui	r29,r29,#24; alloc local storage
  980  00001ab0  afa20000	sw	0(r29),r2
  981  00001ab4  20010000	addi	r1,r0,#0
  982  00001ab8  afc1fff4	sw	-12(r30),r1
  983  00001abc          	L37_LF2:
  984  00001abc  8fc10000	lw	r1,(r30)
  985  00001ac0  20220001	addi	r2,r1,#1
  986  00001ac4  afc20000	sw	(r30),r2
  987  00001ac8  90210000	lbu	r1,(r1)
  988  00001acc  64220000	snei	r2,r1,#0
  989  00001ad0  1440000c	bnez	r2,L39_LF2
  990  00001ad4  54000000	nop; delay slot nop
  991  00001ad8  0800001c	j	L38_LF2
  992  00001adc  54000000	nop; delay slot nop
  993  00001ae0          	L39_LF2:
  994  00001ae0  8fc2fff4	lw	r2,-12(r30)
  995  00001ae4  20410001	addi	r1,r2,#1
  996  00001ae8  00011020	add	r2,r0,r1
  997  00001aec  afc2fff4	sw	-12(r30),r2
  998  00001af0  0bffffc8	j	L37_LF2
  999  00001af4  54000000	nop; delay slot nop
 1000  00001af8          	L38_LF2:
 1001  00001af8  8fc1fff4	lw	r1,-12(r30)
 1002  00001afc  08000004	j	L36_LF2
 1003  00001b00  54000000	nop; delay slot nop
 1004  00001b04          	L36_LF2:
 1005  00001b04  8fa20000	lw	r2,0(r29)
 1006  00001b08  8fdffff8	lw	r31,-8(r30)
 1007  00001b0c  001ee820	add	r29,r0,r30
 1008  00001b10  8fdefffc	lw	r30,-4(r30)
 1009  00001b14  4be00000	jr	r31
 1010  00001b18  54000000	nop
 1011  00001b1c          	.endproc _dstrlen
 1012  00001b1c          	.align 2
 1013  00001b1c          	.proc _dstrstr
 1014  00001b1c          	.global _dstrstr
 1015  00001b1c          	_dstrstr:
 1016                      ;  Function 'dstrstr'; 8 bytes of locals, 1 regs to save.
 1017  00001b1c  afbefffc	sw	-4(r29),r30; push fp
 1018  00001b20  001df020	add	r30,r0,r29; fp = sp
 1019  00001b24  afbffff8	sw	-8(r29),r31; push ret addr
 1020  00001b28  2fbd0018	subui	r29,r29,#24; alloc local storage
 1021  00001b2c  afa20000	sw	0(r29),r2
 1022  00001b30  23bdfff8	addi	r29,r29,#-8
 1023  00001b34  001d0820	add	r1,r0,r29
 1024  00001b38  8fc20004	lw	r2,4(r30)
 1025  00001b3c  ac220000	sw	(r1),r2
 1026  00001b40  0fffff5c	jal	_dstrlen
 1027  00001b44  54000000	nop; delay slot nop
 1028  00001b48  23bd0008	addi	r29,r29,#8
 1029  00001b4c  afc1fff4	sw	-12(r30),r1
 1030  00001b50          	L41_LF2:
 1031  00001b50  8fc10000	lw	r1,(r30)
 1032  00001b54  90220000	lbu	r2,(r1)
 1033  00001b58  64410000	snei	r1,r2,#0
 1034  00001b5c  1420000c	bnez	r1,L43_LF2
 1035  00001b60  54000000	nop; delay slot nop
 1036  00001b64  08000060	j	L42_LF2
 1037  00001b68  54000000	nop; delay slot nop
 1038  00001b6c          	L43_LF2:
 1039  00001b6c  23bdfff0	addi	r29,r29,#-16
 1040  00001b70  001d0820	add	r1,r0,r29
 1041  00001b74  8fc20000	lw	r2,(r30)
 1042  00001b78  ac220000	sw	(r1),r2
 1043  00001b7c  8fc20004	lw	r2,4(r30)
 1044  00001b80  ac220004	sw	4(r1),r2
 1045  00001b84  8fc2fff4	lw	r2,-12(r30)
 1046  00001b88  ac220008	sw	8(r1),r2
 1047  00001b8c  0ffffdc0	jal	_dstrncmp
 1048  00001b90  54000000	nop; delay slot nop
 1049  00001b94  23bd0010	addi	r29,r29,#16
 1050  00001b98  64220000	snei	r2,r1,#0
 1051  00001b9c  14400010	bnez	r2,L44_LF2
 1052  00001ba0  54000000	nop; delay slot nop
 1053  00001ba4  8fc10000	lw	r1,(r30)
 1054  00001ba8  08000028	j	L40_LF2
 1055  00001bac  54000000	nop; delay slot nop
 1056  00001bb0          	L44_LF2:
 1057  00001bb0  8fc20000	lw	r2,(r30)
 1058  00001bb4  20410001	addi	r1,r2,#1
 1059  00001bb8  00011020	add	r2,r0,r1
 1060  00001bbc  afc20000	sw	(r30),r2
 1061  00001bc0  0bffff8c	j	L41_LF2
 1062  00001bc4  54000000	nop; delay slot nop
 1063  00001bc8          	L42_LF2:
 1064  00001bc8  20010000	addi	r1,r0,#0
 1065  00001bcc  08000004	j	L40_LF2
 1066  00001bd0  54000000	nop; delay slot nop
 1067  00001bd4          	L40_LF2:
 1068  00001bd4  8fa20000	lw	r2,0(r29)
 1069  00001bd8  8fdffff8	lw	r31,-8(r30)
 1070  00001bdc  001ee820	add	r29,r0,r30
 1071  00001be0  8fdefffc	lw	r30,-4(r30)
 1072  00001be4  4be00000	jr	r31
 1073  00001be8  54000000	nop
 1074  00001bec          	.endproc _dstrstr
 1075  00001bec          	.align 2
 1076  00001bec          	.proc _dmindex
 1077  00001bec          	.global _dmindex
 1078  00001bec          	_dmindex:
 1079                      ;  Function 'dmindex'; 8 bytes of locals, 1 regs to save.
 1080  00001bec  afbefffc	sw	-4(r29),r30; push fp
 1081  00001bf0  001df020	add	r30,r0,r29; fp = sp
 1082  00001bf4  afbffff8	sw	-8(r29),r31; push ret addr
 1083  00001bf8  2fbd0018	subui	r29,r29,#24; alloc local storage
 1084  00001bfc  afa20000	sw	0(r29),r2
 1085  00001c00  54000000	nop
 1086  00001c04          	L46_LF2:
 1087  00001c04  8fc10000	lw	r1,(r30)
 1088  00001c08  90220000	lbu	r2,(r1)
 1089  00001c0c  64410000	snei	r1,r2,#0
 1090  00001c10  1420000c	bnez	r1,L48_LF2
 1091  00001c14  54000000	nop; delay slot nop
 1092  00001c18  08000070	j	L47_LF2
 1093  00001c1c  54000000	nop; delay slot nop
 1094  00001c20          	L48_LF2:
 1095  00001c20  8fc10004	lw	r1,4(r30)
 1096  00001c24  afc1fff4	sw	-12(r30),r1
 1097  00001c28          	L49_LF2:
 1098  00001c28  8fc1fff4	lw	r1,-12(r30)
 1099  00001c2c  90220000	lbu	r2,(r1)
 1100  00001c30  64410000	snei	r1,r2,#0
 1101  00001c34  1420000c	bnez	r1,L52_LF2
 1102  00001c38  54000000	nop; delay slot nop
 1103  00001c3c  08000044	j	L50_LF2
 1104  00001c40  54000000	nop; delay slot nop
 1105  00001c44          	L52_LF2:
 1106  00001c44  8fc10000	lw	r1,(r30)
 1107  00001c48  8fc2fff4	lw	r2,-12(r30)
 1108  00001c4c  90210000	lbu	r1,(r1)
 1109  00001c50  90420000	lbu	r2,(r2)
 1110  00001c54  00220828	seq	r1,r1,r2
 1111  00001c58  10200010	beqz	r1,L51_LF2
 1112  00001c5c  54000000	nop; delay slot nop
 1113  00001c60  8fc10000	lw	r1,(r30)
 1114  00001c64  08000030	j	L45_LF2
 1115  00001c68  54000000	nop; delay slot nop
 1116  00001c6c          	L53_LF2:
 1117  00001c6c          	L51_LF2:
 1118  00001c6c  8fc2fff4	lw	r2,-12(r30)
 1119  00001c70  20410001	addi	r1,r2,#1
 1120  00001c74  00011020	add	r2,r0,r1
 1121  00001c78  afc2fff4	sw	-12(r30),r2
 1122  00001c7c  0bffffa8	j	L49_LF2
 1123  00001c80  54000000	nop; delay slot nop
 1124  00001c84          	L50_LF2:
 1125  00001c84  0bffff7c	j	L46_LF2
 1126  00001c88  54000000	nop; delay slot nop
 1127  00001c8c          	L47_LF2:
 1128  00001c8c  20010000	addi	r1,r0,#0
 1129  00001c90  08000004	j	L45_LF2
 1130  00001c94  54000000	nop; delay slot nop
 1131  00001c98          	L45_LF2:
 1132  00001c98  8fa20000	lw	r2,0(r29)
 1133  00001c9c  8fdffff8	lw	r31,-8(r30)
 1134  00001ca0  001ee820	add	r29,r0,r30
 1135  00001ca4  8fdefffc	lw	r30,-4(r30)
 1136  00001ca8  4be00000	jr	r31
 1137  00001cac  54000000	nop
 1138  00001cb0          	.endproc _dmindex
 1139  00001cb0          	.align 2
 1140  00001cb0          	.proc _dindex
 1141  00001cb0          	.global _dindex
 1142  00001cb0          	_dindex:
 1143                      ;  Function 'dindex'; 0 bytes of locals, 1 regs to save.
 1144  00001cb0  afbefffc	sw	-4(r29),r30; push fp
 1145  00001cb4  001df020	add	r30,r0,r29; fp = sp
 1146  00001cb8  afbffff8	sw	-8(r29),r31; push ret addr
 1147  00001cbc  2fbd0010	subui	r29,r29,#16; alloc local storage
 1148  00001cc0  afa20000	sw	0(r29),r2
 1149  00001cc4  54000000	nop
 1150  00001cc8          	L55_LF2:
 1151  00001cc8  8fc10000	lw	r1,(r30)
 1152  00001ccc  90220000	lbu	r2,(r1)
 1153  00001cd0  64410000	snei	r1,r2,#0
 1154  00001cd4  1420000c	bnez	r1,L57_LF2
 1155  00001cd8  54000000	nop; delay slot nop
 1156  00001cdc  08000040	j	L56_LF2
 1157  00001ce0  54000000	nop; delay slot nop
 1158  00001ce4          	L57_LF2:
 1159  00001ce4  8fc10000	lw	r1,(r30)
 1160  00001ce8  90220000	lbu	r2,(r1)
 1161  00001cec  8fc10004	lw	r1,4(r30)
 1162  00001cf0  00411028	seq	r2,r2,r1
 1163  00001cf4  10400010	beqz	r2,L58_LF2
 1164  00001cf8  54000000	nop; delay slot nop
 1165  00001cfc  8fc10000	lw	r1,(r30)
 1166  00001d00  08000028	j	L54_LF2
 1167  00001d04  54000000	nop; delay slot nop
 1168  00001d08          	L58_LF2:
 1169  00001d08  8fc20000	lw	r2,(r30)
 1170  00001d0c  20410001	addi	r1,r2,#1
 1171  00001d10  00011020	add	r2,r0,r1
 1172  00001d14  afc20000	sw	(r30),r2
 1173  00001d18  0bffffac	j	L55_LF2
 1174  00001d1c  54000000	nop; delay slot nop
 1175  00001d20          	L56_LF2:
 1176  00001d20  20010000	addi	r1,r0,#0
 1177  00001d24  08000004	j	L54_LF2
 1178  00001d28  54000000	nop; delay slot nop
 1179  00001d2c          	L54_LF2:
 1180  00001d2c  8fa20000	lw	r2,0(r29)
 1181  00001d30  8fdffff8	lw	r31,-8(r30)
 1182  00001d34  001ee820	add	r29,r0,r30
 1183  00001d38  8fdefffc	lw	r30,-4(r30)
 1184  00001d3c  4be00000	jr	r31
 1185  00001d40  54000000	nop
 1186  00001d44          	.endproc _dindex
 1187  00001d44          	.align 2
 1188  00001d44          	.proc _ditoa
 1189  00001d44          	.global _ditoa
 1190  00001d44          	_ditoa:
 1191                      ;  Function 'ditoa'; 8 bytes of locals, 2 regs to save.
 1192  00001d44  afbefffc	sw	-4(r29),r30; push fp
 1193  00001d48  001df020	add	r30,r0,r29; fp = sp
 1194  00001d4c  afbffff8	sw	-8(r29),r31; push ret addr
 1195  00001d50  2fbd0018	subui	r29,r29,#24; alloc local storage
 1196  00001d54  afa20000	sw	0(r29),r2
 1197  00001d58  afa30004	sw	4(r29),r3
 1198  00001d5c  8fc10000	lw	r1,(r30)
 1199  00001d60  68220000	slti	r2,r1,#0
 1200  00001d64  1040002c	beqz	r2,L60_LF2
 1201  00001d68  54000000	nop; delay slot nop
 1202  00001d6c  8fc10004	lw	r1,4(r30)
 1203  00001d70  20220001	addi	r2,r1,#1
 1204  00001d74  afc20004	sw	4(r30),r2
 1205  00001d78  2002002d	addi	r2,r0,(#0x2d)&0xff
 1206  00001d7c  a0220000	sb	(r1),r2
 1207  00001d80  8fc10000	lw	r1,(r30)
 1208  00001d84  00011022	sub	r2,r0,r1
 1209  00001d88  afc20000	sw	(r30),r2
 1210  00001d8c  08000118	j	L61_LF2
 1211  00001d90  54000000	nop; delay slot nop
 1212  00001d94          	L60_LF2:
 1213  00001d94  8fc10000	lw	r1,(r30)
 1214  00001d98  64220000	snei	r2,r1,#0
 1215  00001d9c  14400020	bnez	r2,L62_LF2
 1216  00001da0  54000000	nop; delay slot nop
 1217  00001da4  8fc10004	lw	r1,4(r30)
 1218  00001da8  20220001	addi	r2,r1,#1
 1219  00001dac  afc20004	sw	4(r30),r2
 1220  00001db0  20020030	addi	r2,r0,(#0x30)&0xff
 1221  00001db4  a0220000	sb	(r1),r2
 1222  00001db8  080000ec	j	L61_LF2
 1223  00001dbc  54000000	nop; delay slot nop
 1224  00001dc0          	L62_LF2:
 1225  00001dc0  20010001	addi	r1,r0,#1
 1226  00001dc4  afc1fff4	sw	-12(r30),r1
 1227  00001dc8          	L64_LF2:
 1228  00001dc8  8fc1fff4	lw	r1,-12(r30)
 1229  00001dcc  8fc20000	lw	r2,(r30)
 1230  00001dd0  0022082c	sle	r1,r1,r2
 1231  00001dd4  1420000c	bnez	r1,L66_LF2
 1232  00001dd8  54000000	nop; delay slot nop
 1233  00001ddc  08000024	j	L65_LF2
 1234  00001de0  54000000	nop; delay slot nop
 1235  00001de4          	L67_LF2:
 1236  00001de4          	L66_LF2:
 1237  00001de4  8fc1fff4	lw	r1,-12(r30)
 1238  00001de8  00011820	add	r3,r0,r1
 1239  00001dec  50620002	slli	r2,r3,#0x2
 1240  00001df0  00411020	add	r2,r2,r1
 1241  00001df4  50410001	slli	r1,r2,#0x1
 1242  00001df8  afc1fff4	sw	-12(r30),r1
 1243  00001dfc  0bffffc8	j	L64_LF2
 1244  00001e00  54000000	nop; delay slot nop
 1245  00001e04          	L65_LF2:
 1246  00001e04  54000000	nop
 1247  00001e08          	L68_LF2:
 1248  00001e08  8fc1fff4	lw	r1,-12(r30)
 1249  00001e0c  2002000a	addi	r2,r0,#10
 1250  00001e10  00200035	movi2fp	f0,r1
 1251  00001e14  00400835	movi2fp	f1,r2
 1252  00001e18  0401000f	div	f0,f0,f1
 1253  00001e1c  00000834	movfp2i	r1,f0
 1254  00001e20  afc1fff4	sw	-12(r30),r1
 1255  00001e24  8fc10004	lw	r1,4(r30)
 1256  00001e28  20220001	addi	r2,r1,#1
 1257  00001e2c  afc20004	sw	4(r30),r2
 1258  00001e30  8fc20000	lw	r2,(r30)
 1259  00001e34  8fc3fff4	lw	r3,-12(r30)
 1260  00001e38  00400035	movi2fp	f0,r2
 1261  00001e3c  00600835	movi2fp	f1,r3
 1262  00001e40  0401000f	div	f0,f0,f1
 1263  00001e44  00001034	movfp2i	r2,f0
 1264  00001e48  00021820	add	r3,r0,r2
 1265  00001e4c  20620030	addi	r2,r3,#48
 1266  00001e50  a0220000	sb	(r1),r2
 1267  00001e54  8fc10000	lw	r1,(r30)
 1268  00001e58  8fc3fff4	lw	r3,-12(r30)
 1269  00001e5c  00200035	movi2fp	f0,r1
 1270  00001e60  00600835	movi2fp	f1,r3
 1271  00001e64  0401000f	div	f0,f0,f1
 1272  00001e68  00001034	movfp2i	r2,f0
 1273  00001e6c  8fc3fff4	lw	r3,-12(r30)
 1274  00001e70  00400035	movi2fp	f0,r2
 1275  00001e74  00600835	movi2fp	f1,r3
 1276  00001e78  0401000e	mult	f0,f0,f1
 1277  00001e7c  00001034	movfp2i	r2,f0
 1278  00001e80  00220822	sub	r1,r1,r2
 1279  00001e84  afc10000	sw	(r30),r1
 1280  00001e88          	L70_LF2:
 1281  00001e88  8fc1fff4	lw	r1,-12(r30)
 1282  00001e8c  6c220001	sgti	r2,r1,#1
 1283  00001e90  1440000c	bnez	r2,L71_LF2
 1284  00001e94  54000000	nop; delay slot nop
 1285  00001e98  0800000c	j	L61_LF2
 1286  00001e9c  54000000	nop; delay slot nop
 1287  00001ea0          	L71_LF2:
 1288  00001ea0  0bffff64	j	L68_LF2
 1289  00001ea4  54000000	nop; delay slot nop
 1290  00001ea8          	L69_LF2:
 1291  00001ea8          	L63_LF2:
 1292  00001ea8          	L61_LF2:
 1293  00001ea8  8fc10004	lw	r1,4(r30)
 1294  00001eac  20020000	addi	r2,r0,(#0x0)&0xff
 1295  00001eb0  a0220000	sb	(r1),r2
 1296  00001eb4          	L59_LF2:
 1297  00001eb4  8fa20000	lw	r2,0(r29)
 1298  00001eb8  8fa30004	lw	r3,4(r29)
 1299  00001ebc  8fdffff8	lw	r31,-8(r30)
 1300  00001ec0  001ee820	add	r29,r0,r30
 1301  00001ec4  8fdefffc	lw	r30,-4(r30)
 1302  00001ec8  4be00000	jr	r31
 1303  00001ecc  54000000	nop
 1304  00001ed0          	.endproc _ditoa
 1305  00001ed0          	.align 2
 1306  00001ed0          	.proc _dstrtol
 1307  00001ed0          	.global _dstrtol
 1308  00001ed0          	_dstrtol:
 1309                      ;  Function 'dstrtol'; 16 bytes of locals, 1 regs to save.
 1310  00001ed0  afbefffc	sw	-4(r29),r30; push fp
 1311  00001ed4  001df020	add	r30,r0,r29; fp = sp
 1312  00001ed8  afbffff8	sw	-8(r29),r31; push ret addr
 1313  00001edc  2fbd0020	subui	r29,r29,#32; alloc local storage
 1314  00001ee0  afa20000	sw	0(r29),r2
 1315  00001ee4  20010000	addi	r1,r0,#0
 1316  00001ee8  afc1fff4	sw	-12(r30),r1
 1317  00001eec          	L73_LF2:
 1318  00001eec  8fc10000	lw	r1,(r30)
 1319  00001ef0  90220000	lbu	r2,(r1)
 1320  00001ef4  60410020	seqi	r1,r2,#32
 1321  00001ef8  14200034	bnez	r1,L75_LF2
 1322  00001efc  54000000	nop; delay slot nop
 1323  00001f00  8fc10000	lw	r1,(r30)
 1324  00001f04  90220000	lbu	r2,(r1)
 1325  00001f08  60410009	seqi	r1,r2,#9
 1326  00001f0c  14200020	bnez	r1,L75_LF2
 1327  00001f10  54000000	nop; delay slot nop
 1328  00001f14  8fc10000	lw	r1,(r30)
 1329  00001f18  90220000	lbu	r2,(r1)
 1330  00001f1c  6041000a	seqi	r1,r2,#10
 1331  00001f20  1420000c	bnez	r1,L75_LF2
 1332  00001f24  54000000	nop; delay slot nop
 1333  00001f28  0800001c	j	L74_LF2
 1334  00001f2c  54000000	nop; delay slot nop
 1335  00001f30          	L75_LF2:
 1336  00001f30  8fc20000	lw	r2,(r30)
 1337  00001f34  20410001	addi	r1,r2,#1
 1338  00001f38  00011020	add	r2,r0,r1
 1339  00001f3c  afc20000	sw	(r30),r2
 1340  00001f40  0bffffa8	j	L73_LF2
 1341  00001f44  54000000	nop; delay slot nop
 1342  00001f48          	L74_LF2:
 1343  00001f48  8fc10004	lw	r1,4(r30)
 1344  00001f4c  64220000	snei	r2,r1,#0
 1345  00001f50  10400010	beqz	r2,L76_LF2
 1346  00001f54  54000000	nop; delay slot nop
 1347  00001f58  8fc10004	lw	r1,4(r30)
 1348  00001f5c  8fc20000	lw	r2,(r30)
 1349  00001f60  ac220000	sw	(r1),r2
 1350  00001f64          	L76_LF2:
 1351  00001f64  8fc10000	lw	r1,(r30)
 1352  00001f68  90220000	lbu	r2,(r1)
 1353  00001f6c  64410000	snei	r1,r2,#0
 1354  00001f70  14200010	bnez	r1,L77_LF2
 1355  00001f74  54000000	nop; delay slot nop
 1356  00001f78  8fc1fff4	lw	r1,-12(r30)
 1357  00001f7c  08000294	j	L72_LF2
 1358  00001f80  54000000	nop; delay slot nop
 1359  00001f84          	L77_LF2:
 1360  00001f84  8fc10000	lw	r1,(r30)
 1361  00001f88  90220000	lbu	r2,(r1)
 1362  00001f8c  6041002d	seqi	r1,r2,#45
 1363  00001f90  10200024	beqz	r1,L78_LF2
 1364  00001f94  54000000	nop; delay slot nop
 1365  00001f98  2001ffff	addi	r1,r0,#-1
 1366  00001f9c  afc1ffec	sw	-20(r30),r1
 1367  00001fa0  8fc20000	lw	r2,(r30)
 1368  00001fa4  20410001	addi	r1,r2,#1
 1369  00001fa8  00011020	add	r2,r0,r1
 1370  00001fac  afc20000	sw	(r30),r2
 1371  00001fb0  0800000c	j	L79_LF2
 1372  00001fb4  54000000	nop; delay slot nop
 1373  00001fb8          	L78_LF2:
 1374  00001fb8  20010001	addi	r1,r0,#1
 1375  00001fbc  afc1ffec	sw	-20(r30),r1
 1376  00001fc0          	L79_LF2:
 1377  00001fc0  8fc10008	lw	r1,8(r30)
 1378  00001fc4  64220000	snei	r2,r1,#0
 1379  00001fc8  14400090	bnez	r2,L80_LF2
 1380  00001fcc  54000000	nop; delay slot nop
 1381  00001fd0  8fc10000	lw	r1,(r30)
 1382  00001fd4  90220000	lbu	r2,(r1)
 1383  00001fd8  60410030	seqi	r1,r2,#48
 1384  00001fdc  10200074	beqz	r1,L81_LF2
 1385  00001fe0  54000000	nop; delay slot nop
 1386  00001fe4  8fc20000	lw	r2,(r30)
 1387  00001fe8  20410001	addi	r1,r2,#1
 1388  00001fec  00011020	add	r2,r0,r1
 1389  00001ff0  afc20000	sw	(r30),r2
 1390  00001ff4  8fc10000	lw	r1,(r30)
 1391  00001ff8  90220000	lbu	r2,(r1)
 1392  00001ffc  60410078	seqi	r1,r2,#120
 1393  00002000  14200020	bnez	r1,L83_LF2
 1394  00002004  54000000	nop; delay slot nop
 1395  00002008  8fc10000	lw	r1,(r30)
 1396  0000200c  90220000	lbu	r2,(r1)
 1397  00002010  60410058	seqi	r1,r2,#88
 1398  00002014  1420000c	bnez	r1,L83_LF2
 1399  00002018  54000000	nop; delay slot nop
 1400  0000201c  08000024	j	L82_LF2
 1401  00002020  54000000	nop; delay slot nop
 1402  00002024          	L83_LF2:
 1403  00002024  20010010	addi	r1,r0,#16
 1404  00002028  afc10008	sw	8(r30),r1
 1405  0000202c  8fc20000	lw	r2,(r30)
 1406  00002030  20410001	addi	r1,r2,#1
 1407  00002034  00011020	add	r2,r0,r1
 1408  00002038  afc20000	sw	(r30),r2
 1409  0000203c  0800000c	j	L84_LF2
 1410  00002040  54000000	nop; delay slot nop
 1411  00002044          	L82_LF2:
 1412  00002044  20010008	addi	r1,r0,#8
 1413  00002048  afc10008	sw	8(r30),r1
 1414  0000204c          	L84_LF2:
 1415  0000204c  0800000c	j	L80_LF2
 1416  00002050  54000000	nop; delay slot nop
 1417  00002054          	L81_LF2:
 1418  00002054  2001000a	addi	r1,r0,#10
 1419  00002058  afc10008	sw	8(r30),r1
 1420  0000205c          	L85_LF2:
 1421  0000205c          	L80_LF2:
 1422  0000205c  8fc10008	lw	r1,8(r30)
 1423  00002060  70220000	slei	r2,r1,#0
 1424  00002064  1440001c	bnez	r2,L87_LF2
 1425  00002068  54000000	nop; delay slot nop
 1426  0000206c  8fc10008	lw	r1,8(r30)
 1427  00002070  6c220010	sgti	r2,r1,#16
 1428  00002074  1440000c	bnez	r2,L87_LF2
 1429  00002078  54000000	nop; delay slot nop
 1430  0000207c  08000010	j	L86_LF2
 1431  00002080  54000000	nop; delay slot nop
 1432  00002084          	L87_LF2:
 1433  00002084  8fc1fff4	lw	r1,-12(r30)
 1434  00002088  08000188	j	L72_LF2
 1435  0000208c  54000000	nop; delay slot nop
 1436  00002090          	L86_LF2:
 1437  00002090  54000000	nop
 1438  00002094          	L88_LF2:
 1439  00002094  8fc10000	lw	r1,(r30)
 1440  00002098  90220000	lbu	r2,(r1)
 1441  0000209c  6c41002f	sgtui	r1,r2,#47
 1442  000020a0  10200030	beqz	r1,L91_LF2
 1443  000020a4  54000000	nop; delay slot nop
 1444  000020a8  8fc10000	lw	r1,(r30)
 1445  000020ac  90220000	lbu	r2,(r1)
 1446  000020b0  70410039	sleui	r1,r2,#57
 1447  000020b4  1020001c	beqz	r1,L91_LF2
 1448  000020b8  54000000	nop; delay slot nop
 1449  000020bc  8fc10000	lw	r1,(r30)
 1450  000020c0  90220000	lbu	r2,(r1)
 1451  000020c4  2041ffd0	addi	r1,r2,#-48
 1452  000020c8  afc1fff0	sw	-16(r30),r1
 1453  000020cc  0800008c	j	L92_LF2
 1454  000020d0  54000000	nop; delay slot nop
 1455  000020d4          	L91_LF2:
 1456  000020d4  8fc10000	lw	r1,(r30)
 1457  000020d8  90220000	lbu	r2,(r1)
 1458  000020dc  6c410060	sgtui	r1,r2,#96
 1459  000020e0  10200030	beqz	r1,L93_LF2
 1460  000020e4  54000000	nop; delay slot nop
 1461  000020e8  8fc10000	lw	r1,(r30)
 1462  000020ec  90220000	lbu	r2,(r1)
 1463  000020f0  7041007a	sleui	r1,r2,#122
 1464  000020f4  1020001c	beqz	r1,L93_LF2
 1465  000020f8  54000000	nop; delay slot nop
 1466  000020fc  8fc10000	lw	r1,(r30)
 1467  00002100  90220000	lbu	r2,(r1)
 1468  00002104  2041ffa9	addi	r1,r2,#-87
 1469  00002108  afc1fff0	sw	-16(r30),r1
 1470  0000210c  0800004c	j	L92_LF2
 1471  00002110  54000000	nop; delay slot nop
 1472  00002114          	L93_LF2:
 1473  00002114  8fc10000	lw	r1,(r30)
 1474  00002118  90220000	lbu	r2,(r1)
 1475  0000211c  6c410040	sgtui	r1,r2,#64
 1476  00002120  10200030	beqz	r1,L95_LF2
 1477  00002124  54000000	nop; delay slot nop
 1478  00002128  8fc10000	lw	r1,(r30)
 1479  0000212c  90220000	lbu	r2,(r1)
 1480  00002130  7041005a	sleui	r1,r2,#90
 1481  00002134  1020001c	beqz	r1,L95_LF2
 1482  00002138  54000000	nop; delay slot nop
 1483  0000213c  8fc10000	lw	r1,(r30)
 1484  00002140  90220000	lbu	r2,(r1)
 1485  00002144  2041ffc9	addi	r1,r2,#-55
 1486  00002148  afc1fff0	sw	-16(r30),r1
 1487  0000214c  0800000c	j	L92_LF2
 1488  00002150  54000000	nop; delay slot nop
 1489  00002154          	L95_LF2:
 1490  00002154  200103e8	addi	r1,r0,#1000
 1491  00002158  afc1fff0	sw	-16(r30),r1
 1492  0000215c          	L96_LF2:
 1493  0000215c          	L94_LF2:
 1494  0000215c          	L92_LF2:
 1495  0000215c  8fc1fff0	lw	r1,-16(r30)
 1496  00002160  8fc20008	lw	r2,8(r30)
 1497  00002164  0022082a	slt	r1,r1,r2
 1498  00002168  10200040	beqz	r1,L90_LF2
 1499  0000216c  54000000	nop; delay slot nop
 1500  00002170  8fc1fff4	lw	r1,-12(r30)
 1501  00002174  8fc20008	lw	r2,8(r30)
 1502  00002178  00200035	movi2fp	f0,r1
 1503  0000217c  00400835	movi2fp	f1,r2
 1504  00002180  0401000e	mult	f0,f0,f1
 1505  00002184  00000834	movfp2i	r1,f0
 1506  00002188  afc1fff4	sw	-12(r30),r1
 1507  0000218c  8fc1fff4	lw	r1,-12(r30)
 1508  00002190  8fc2fff0	lw	r2,-16(r30)
 1509  00002194  00220820	add	r1,r1,r2
 1510  00002198  afc1fff4	sw	-12(r30),r1
 1511  0000219c  8fc20000	lw	r2,(r30)
 1512  000021a0  20410001	addi	r1,r2,#1
 1513  000021a4  00011020	add	r2,r0,r1
 1514  000021a8  afc20000	sw	(r30),r2
 1515  000021ac          	L97_LF2:
 1516  000021ac          	L90_LF2:
 1517  000021ac  8fc1fff0	lw	r1,-16(r30)
 1518  000021b0  8fc20008	lw	r2,8(r30)
 1519  000021b4  0022082a	slt	r1,r1,r2
 1520  000021b8  1420000c	bnez	r1,L98_LF2
 1521  000021bc  54000000	nop; delay slot nop
 1522  000021c0  0800000c	j	L89_LF2
 1523  000021c4  54000000	nop; delay slot nop
 1524  000021c8          	L98_LF2:
 1525  000021c8  0bfffec8	j	L88_LF2
 1526  000021cc  54000000	nop; delay slot nop
 1527  000021d0          	L89_LF2:
 1528  000021d0  8fc10004	lw	r1,4(r30)
 1529  000021d4  64220000	snei	r2,r1,#0
 1530  000021d8  10400010	beqz	r2,L99_LF2
 1531  000021dc  54000000	nop; delay slot nop
 1532  000021e0  8fc10004	lw	r1,4(r30)
 1533  000021e4  8fc20000	lw	r2,(r30)
 1534  000021e8  ac220000	sw	(r1),r2
 1535  000021ec          	L99_LF2:
 1536  000021ec  8fc1fff4	lw	r1,-12(r30)
 1537  000021f0  8fc2ffec	lw	r2,-20(r30)
 1538  000021f4  00200035	movi2fp	f0,r1
 1539  000021f8  00400835	movi2fp	f1,r2
 1540  000021fc  0401000e	mult	f0,f0,f1
 1541  00002200  00000834	movfp2i	r1,f0
 1542  00002204  afc1fff4	sw	-12(r30),r1
 1543  00002208  8fc1fff4	lw	r1,-12(r30)
 1544  0000220c  08000004	j	L72_LF2
 1545  00002210  54000000	nop; delay slot nop
 1546  00002214          	L72_LF2:
 1547  00002214  8fa20000	lw	r2,0(r29)
 1548  00002218  8fdffff8	lw	r31,-8(r30)
 1549  0000221c  001ee820	add	r29,r0,r30
 1550  00002220  8fdefffc	lw	r30,-4(r30)
 1551  00002224  4be00000	jr	r31
 1552  00002228  54000000	nop
 1553  0000222c          	.endproc _dstrtol
 1554  0000222c          	.align 2
 1555  0000222c          	.proc _bcopy
 1556  0000222c          	.global _bcopy
 1557  0000222c          	_bcopy:
 1558                      ;  Function 'bcopy'; 0 bytes of locals, 2 regs to save.
 1559  0000222c  afbefffc	sw	-4(r29),r30; push fp
 1560  00002230  001df020	add	r30,r0,r29; fp = sp
 1561  00002234  afbffff8	sw	-8(r29),r31; push ret addr
 1562  00002238  2fbd0010	subui	r29,r29,#16; alloc local storage
 1563  0000223c  afa20000	sw	0(r29),r2
 1564  00002240  afa30004	sw	4(r29),r3
 1565  00002244  54000000	nop
 1566  00002248          	L101_LF2:
 1567  00002248  8fc10008	lw	r1,8(r30)
 1568  0000224c  2022ffff	addi	r2,r1,#-1
 1569  00002250  afc20008	sw	8(r30),r2
 1570  00002254  6c210000	sgti	r1,r1,#0
 1571  00002258  1420000c	bnez	r1,L103_LF2
 1572  0000225c  54000000	nop; delay slot nop
 1573  00002260  0800002c	j	L102_LF2
 1574  00002264  54000000	nop; delay slot nop
 1575  00002268          	L103_LF2:
 1576  00002268  8fc10004	lw	r1,4(r30)
 1577  0000226c  20220001	addi	r2,r1,#1
 1578  00002270  afc20004	sw	4(r30),r2
 1579  00002274  8fc20000	lw	r2,(r30)
 1580  00002278  20430001	addi	r3,r2,#1
 1581  0000227c  afc30000	sw	(r30),r3
 1582  00002280  80420000	lb	r2,(r2)
 1583  00002284  a0220000	sb	(r1),r2
 1584  00002288  0bffffbc	j	L101_LF2
 1585  0000228c  54000000	nop; delay slot nop
 1586  00002290          	L102_LF2:
 1587  00002290          	L100_LF2:
 1588  00002290  8fa20000	lw	r2,0(r29)
 1589  00002294  8fa30004	lw	r3,4(r29)
 1590  00002298  8fdffff8	lw	r31,-8(r30)
 1591  0000229c  001ee820	add	r29,r0,r30
 1592  000022a0  8fdefffc	lw	r30,-4(r30)
 1593  000022a4  4be00000	jr	r31
 1594  000022a8  54000000	nop
 1595  000022ac          	.endproc _bcopy
 1596  000022ac          	.align 2
 1597  000022ac          	.proc _bzero
 1598  000022ac          	.global _bzero
 1599  000022ac          	_bzero:
 1600                      ;  Function 'bzero'; 0 bytes of locals, 1 regs to save.
 1601  000022ac  afbefffc	sw	-4(r29),r30; push fp
 1602  000022b0  001df020	add	r30,r0,r29; fp = sp
 1603  000022b4  afbffff8	sw	-8(r29),r31; push ret addr
 1604  000022b8  2fbd0010	subui	r29,r29,#16; alloc local storage
 1605  000022bc  afa20000	sw	0(r29),r2
 1606  000022c0  54000000	nop
 1607  000022c4          	L105_LF2:
 1608  000022c4  8fc10004	lw	r1,4(r30)
 1609  000022c8  2022ffff	addi	r2,r1,#-1
 1610  000022cc  afc20004	sw	4(r30),r2
 1611  000022d0  6c210000	sgti	r1,r1,#0
 1612  000022d4  1420000c	bnez	r1,L107_LF2
 1613  000022d8  54000000	nop; delay slot nop
 1614  000022dc  08000020	j	L106_LF2
 1615  000022e0  54000000	nop; delay slot nop
 1616  000022e4          	L107_LF2:
 1617  000022e4  8fc10000	lw	r1,(r30)
 1618  000022e8  20220001	addi	r2,r1,#1
 1619  000022ec  afc20000	sw	(r30),r2
 1620  000022f0  20020000	addi	r2,r0,(#0x0)&0xff
 1621  000022f4  a0220000	sb	(r1),r2
 1622  000022f8  0bffffc8	j	L105_LF2
 1623  000022fc  54000000	nop; delay slot nop
 1624  00002300          	L106_LF2:
 1625  00002300          	L104_LF2:
 1626  00002300  8fa20000	lw	r2,0(r29)
 1627  00002304  8fdffff8	lw	r31,-8(r30)
 1628  00002308  001ee820	add	r29,r0,r30
 1629  0000230c  8fdefffc	lw	r30,-4(r30)
 1630  00002310  4be00000	jr	r31
 1631  00002314  54000000	nop
 1632  00002318          	.endproc _bzero
 1633  00002318          	.align 2
 1634  00002318          	.proc _min
 1635  00002318          	.global _min
 1636  00002318          	_min:
 1637                      ;  Function 'min'; 0 bytes of locals, 2 regs to save.
 1638  00002318  afbefffc	sw	-4(r29),r30; push fp
 1639  0000231c  001df020	add	r30,r0,r29; fp = sp
 1640  00002320  afbffff8	sw	-8(r29),r31; push ret addr
 1641  00002324  2fbd0010	subui	r29,r29,#16; alloc local storage
 1642  00002328  afa20000	sw	0(r29),r2
 1643  0000232c  afa30004	sw	4(r29),r3
 1644  00002330  8fc10000	lw	r1,(r30)
 1645  00002334  8fc20004	lw	r2,4(r30)
 1646  00002338  0022182c	sle	r3,r1,r2
 1647  0000233c  14600008	bnez	r3,L109_LF2
 1648  00002340  54000000	nop; delay slot nop
 1649  00002344  8fc10004	lw	r1,4(r30)
 1650  00002348          	L109_LF2:
 1651  00002348  08000004	j	L108_LF2
 1652  0000234c  54000000	nop; delay slot nop
 1653  00002350          	L108_LF2:
 1654  00002350  8fa20000	lw	r2,0(r29)
 1655  00002354  8fa30004	lw	r3,4(r29)
 1656  00002358  8fdffff8	lw	r31,-8(r30)
 1657  0000235c  001ee820	add	r29,r0,r30
 1658  00002360  8fdefffc	lw	r30,-4(r30)
 1659  00002364  4be00000	jr	r31
 1660  00002368  54000000	nop
 1661  0000236c          	.endproc _min
 1662                      ;;; Ethan L. Miller, 1999.  Released to the public domain
 1663                      ;;;
 1664                      ;;; Most of the traps are called in files from libtraps.
 1667  0000236c          	.align 2
 1668  0000236c          	.proc _exit
 1669  0000236c          	.global _exit
 1670  0000236c          	_exit:
 1671  0000236c  44000300	trap	#0x300
 1672  00002370  4be00000	jr	r31
 1673  00002374  54000000	nop
 1674  00002378          	.endproc _exit
 1676                      ; for the benefit of gcc.
 1677  00002378          	.proc ___main
 1678  00002378          	.global ___main
 1679  00002378          	___main:
 1680  00002378  4be00000	jr	r31
 1681  0000237c  54000000	nop
 1682  00002380          	.endproc ___main
 1683  00002380          	.text
 1684  00002380          	.global _etext
 1685  00002380          	_etext:
 1686  00002380          	.align 3
 1687  00002380          	.data
 1688  000031b2          	.global _edata
 1689  000031b2          	_edata:
