 line   address	contents
    1                      ; Linked by DLX-LD.
    2                      ; MemSize 24576
    3                      ; Data size: 322
    4                      ; Text size: 5428
    5                      ; Stack size: 8192
    6  00000000          	.text 0x1000
    7  00001000          	.data 0x3000
    8                      ; Compiled by GCC
    9  00003000          	.text
   10  00001000          	.align 2
   11  00001000          	.proc _isspace
   12  00001000          	.global _isspace
   13  00001000          	_isspace:
   14                      ;  Function 'isspace'; 0 bytes of locals, 1 regs to save.
   15  00001000  afbefffc	sw	-4(r29),r30; push fp
   16  00001004  001df020	add	r30,r0,r29; fp = sp
   17  00001008  afbffff8	sw	-8(r29),r31; push ret addr
   18  0000100c  2fbd0010	subui	r29,r29,#16; alloc local storage
   19  00001010  afa20000	sw	0(r29),r2
   20  00001014  83c20003	lb	r2,3(r30)
   21  00001018  201f0000	addi	r31,r0,#0
   22  0000101c  304100ff	andi	r1,r2,#0x00ff
   23  00001020  60210020	seqi	r1,r1,#32
   24  00001024  14200018	bnez	r1,L6_LF0
   25  00001028  54000000	nop; not filled.
   26  0000102c  2041fff7	addi	r1,r2,#-9
   27  00001030  302100ff	andi	r1,r1,#0x00ff
   28  00001034  70210001	sleui	r1,r1,#1
   29  00001038  10200008	beqz	r1,L5_LF0
   30  0000103c  54000000	nop; not filled.
   31  00001040          	L6_LF0:
   32  00001040  201f0001	addi	r31,r0,#1
   33  00001044          	L5_LF0:
   34  00001044  001f0820	add	r1,r0,r31
   35  00001048  8fa20000	lw	r2,0(r29)
   36  0000104c  8fdffff8	lw	r31,-8(r30)
   37  00001050  001ee820	add	r29,r0,r30
   38  00001054  8fdefffc	lw	r30,-4(r30)
   39  00001058  4be00000	jr	r31
   40  0000105c  54000000	nop
   41  00001060          	.endproc _isspace
   42  00001060          	.align 2
   43  00001060          	.proc _isxdigit
   44  00001060          	.global _isxdigit
   45  00001060          	_isxdigit:
   46                      ;  Function 'isxdigit'; 0 bytes of locals, 1 regs to save.
   47  00001060  afbefffc	sw	-4(r29),r30; push fp
   48  00001064  001df020	add	r30,r0,r29; fp = sp
   49  00001068  afbffff8	sw	-8(r29),r31; push ret addr
   50  0000106c  2fbd0010	subui	r29,r29,#16; alloc local storage
   51  00001070  afa20000	sw	0(r29),r2
   52  00001074  83df0003	lb	r31,3(r30)
   53  00001078  20020000	addi	r2,r0,#0
   54  0000107c  23e1ffd0	addi	r1,r31,#-48
   55  00001080  302100ff	andi	r1,r1,#0x00ff
   56  00001084  70210009	sleui	r1,r1,#9
   57  00001088  14200028	bnez	r1,L12_LF0
   58  0000108c  54000000	nop; not filled.
   59  00001090  23e1ff9f	addi	r1,r31,#-97
   60  00001094  302100ff	andi	r1,r1,#0x00ff
   61  00001098  70210005	sleui	r1,r1,#5
   62  0000109c  14200014	bnez	r1,L12_LF0
   63  000010a0  54000000	nop; not filled.
   64  000010a4  33e100ff	andi	r1,r31,#0x00ff
   65  000010a8  64210041	snei	r1,r1,#65
   66  000010ac  14200008	bnez	r1,L11_LF0
   67  000010b0  54000000	nop; not filled.
   68  000010b4          	L12_LF0:
   69  000010b4  20020001	addi	r2,r0,#1
   70  000010b8          	L11_LF0:
   71  000010b8  00020820	add	r1,r0,r2
   72  000010bc  8fa20000	lw	r2,0(r29)
   73  000010c0  8fdffff8	lw	r31,-8(r30)
   74  000010c4  001ee820	add	r29,r0,r30
   75  000010c8  8fdefffc	lw	r30,-4(r30)
   76  000010cc  4be00000	jr	r31
   77  000010d0  54000000	nop
   78  000010d4          	.endproc _isxdigit
   79  000010d4          	.data
   80  00003000          	.align 2
   81  00003000          	LC0_LF0:
   82  00003000  55736167	.ascii "Usage: \000"
   82  00003004  653a2000	
   83  00003008          	.align 2
   84  00003008          	LC1_LF0:
   85  00003008  203c6e75	.ascii " <number of H20 molecules> <number of SO4 molecules>\n\000"
   85  0000300c  6d626572	
   85  00003010  206f6620	
   85  00003014  48323020	
   85  00003018  6d6f6c65	
   85  0000301c  63756c65	
   85  00003020  733e203c	
   85  00003024  6e756d62	
   85  00003028  6572206f	
   85  0000302c  6620534f	
   85  00003030  34206d6f	
   85  00003034  6c656375	
   85  00003038  6c65733e	
   85  0000303c  0a00    	
   86  0000303e          	.align 2
   87  00003040          	LC2_LF0:
   88  00003040  43726561	.ascii "Creating 5 processes\n\000"
   88  00003044  74696e67	
   88  00003048  20352070	
   88  0000304c  726f6365	
   88  00003050  73736573	
   88  00003054  0a00    	
   89  00003056          	.align 2
   90  00003058          	LC3_LF0:
   91  00003058  42616420	.ascii "Bad sem_create in \000"
   91  0000305c  73656d5f	
   91  00003060  63726561	
   91  00003064  74652069	
   91  00003068  6e2000  	
   92  0000306b          	.align 2
   93  0000306c          	LC4_LF0:
   94  0000306c  0a00    	.ascii "\n\000"
   95  0000306e          	.align 2
   96  00003070          	LC5_LF0:
   97  00003070  68326f5f	.ascii "h2o_injection.dlx.obj\000"
   97  00003074  696e6a65	
   97  00003078  6374696f	
   97  0000307c  6e2e646c	
   97  00003080  782e6f62	
   97  00003084  6a00    	
   98  00003086          	.align 2
   99  00003088          	LC6_LF0:
  100  00003088  736f345f	.ascii "so4_injection.dlx.obj\000"
  100  0000308c  696e6a65	
  100  00003090  6374696f	
  100  00003094  6e2e646c	
  100  00003098  782e6f62	
  100  0000309c  6a00    	
  101  0000309e          	.align 2
  102  000030a0          	LC7_LF0:
  103  000030a0  68326f5f	.ascii "h2o_split.dlx.obj\000"
  103  000030a4  73706c69	
  103  000030a8  742e646c	
  103  000030ac  782e6f62	
  103  000030b0  6a00    	
  104  000030b2          	.align 2
  105  000030b4          	LC8_LF0:
  106  000030b4  736f345f	.ascii "so4_split.dlx.obj\000"
  106  000030b8  73706c69	
  106  000030bc  742e646c	
  106  000030c0  782e6f62	
  106  000030c4  6a00    	
  107  000030c6          	.align 2
  108  000030c8          	LC9_LF0:
  109  000030c8  6832736f	.ascii "h2so4_produce.dlx.obj\000"
  109  000030cc  345f7072	
  109  000030d0  6f647563	
  109  000030d4  652e646c	
  109  000030d8  782e6f62	
  109  000030dc  6a00    	
  110  000030de          	.align 2
  111  000030e0          	LC10_LF0:
  112  000030e0  42616420	.ascii "Bad semaphore s_procs_completed (%d) in \000"
  112  000030e4  73656d61	
  112  000030e8  70686f72	
  112  000030ec  6520735f	
  112  000030f0  70726f63	
  112  000030f4  735f636f	
  112  000030f8  6d706c65	
  112  000030fc  74656420	
  112  00003100  28256429	
  112  00003104  20696e20	
  112  00003108  00      	
  113  00003109          	.align 2
  114  0000310c          	LC11_LF0:
  115  0000310c  416c6c20	.ascii "All other processes completed, exiting main process.\n\000"
  115  00003110  6f746865	
  115  00003114  72207072	
  115  00003118  6f636573	
  115  0000311c  73657320	
  115  00003120  636f6d70	
  115  00003124  6c657465	
  115  00003128  642c2065	
  115  0000312c  78697469	
  115  00003130  6e67206d	
  115  00003134  61696e20	
  115  00003138  70726f63	
  115  0000313c  6573732e	
  115  00003140  0a00    	
  116  00003142          	.text
  117  000010d4          	.align 2
  118  000010d4          	.proc _main
  119  000010d4          	.global _main
  120  000010d4          	_main:
  121                      ;  Function 'main'; 176 bytes of locals, 0 regs to save.
  122  000010d4  afbefffc	sw	-4(r29),r30; push fp
  123  000010d8  001df020	add	r30,r0,r29; fp = sp
  124  000010dc  afbffff8	sw	-8(r29),r31; push ret addr
  125  000010e0  2fbd00b8	subui	r29,r29,#184; alloc local storage
  126  000010e4  8fc20000	lw	r2,(r30)
  127  000010e8  8fcd0004	lw	r13,4(r30)
  128  000010ec  0c00143c	jal	___main
  129  000010f0  54000000	nop; not filled.
  130  000010f4  64410003	snei	r1,r2,#3
  131  000010f8  1020004c	beqz	r1,L14_LF0
  132  000010fc  54000000	nop; not filled.
  133  00001100  23bdfff8	addi	r29,r29,#-8
  134  00001104  3c100000	lhi	r16,((LC0_LF0)>>16)&0xffff
  135  00001108  26103000	addui	r16,r16,(LC0_LF0)&0xffff
  136  0000110c  afb00000	sw	(r29),r16
  137  00001110  0c000610	jal	_Printf
  138  00001114  54000000	nop; not filled.
  139  00001118  8db00000	lw	r16,(r13)
  140  0000111c  afb00000	sw	(r29),r16
  141  00001120  0c000600	jal	_Printf
  142  00001124  54000000	nop; not filled.
  143  00001128  3c100000	lhi	r16,((LC1_LF0)>>16)&0xffff
  144  0000112c  26103008	addui	r16,r16,(LC1_LF0)&0xffff
  145  00001130  afb00000	sw	(r29),r16
  146  00001134  0c0005ec	jal	_Printf
  147  00001138  54000000	nop; not filled.
  148  0000113c  0c000698	jal	_Exit
  149  00001140  54000000	nop; not filled.
  150  00001144  23bd0008	addi	r29,r29,#8
  151  00001148          	L14_LF0:
  152  00001148  23bdfff0	addi	r29,r29,#-16
  153  0000114c  8db00004	lw	r16,4(r13)
  154  00001150  afb00000	sw	(r29),r16
  155  00001154  20100000	addi	r16,r0,#0
  156  00001158  afb00004	sw	4(r29),r16
  157  0000115c  2010000a	addi	r16,r0,#10
  158  00001160  afb00008	sw	8(r29),r16
  159  00001164  0c000f1c	jal	_dstrtol
  160  00001168  54000000	nop; not filled.
  161  0000116c  00017020	add	r14,r0,r1
  162  00001170  8db00008	lw	r16,8(r13)
  163  00001174  afb00000	sw	(r29),r16
  164  00001178  20100000	addi	r16,r0,#0
  165  0000117c  afb00004	sw	4(r29),r16
  166  00001180  2010000a	addi	r16,r0,#10
  167  00001184  afb00008	sw	8(r29),r16
  168  00001188  0c000ef8	jal	_dstrtol
  169  0000118c  54000000	nop; not filled.
  170  00001190  00011820	add	r3,r0,r1
  171  00001194  3c100000	lhi	r16,((LC2_LF0)>>16)&0xffff
  172  00001198  26103040	addui	r16,r16,(LC2_LF0)&0xffff
  173  0000119c  afb00000	sw	(r29),r16
  174  000011a0  0c000580	jal	_Printf
  175  000011a4  54000000	nop; not filled.
  176  000011a8  59c1001f	srli	r1,r14,#0x1f
  177  000011ac  01c10820	add	r1,r14,r1
  178  000011b0  5c2a0001	srai	r10,r1,#0x1
  179  000011b4  23bd0010	addi	r29,r29,#16
  180  000011b8  51420001	slli	r2,r10,#0x1
  181  000011bc  0043082a	slt	r1,r2,r3
  182  000011c0  00036020	add	r12,r0,r3
  183  000011c4  10200008	beqz	r1,L15_LF0
  184  000011c8  54000000	nop; not filled.
  185  000011cc  00026020	add	r12,r0,r2
  186  000011d0          	L15_LF0:
  187  000011d0  23bdfff8	addi	r29,r29,#-8
  188  000011d4  2010fffc	addi	r16,r0,#-4
  189  000011d8  afb00000	sw	(r29),r16
  190  000011dc  0c000580	jal	_sem_create
  191  000011e0  54000000	nop; not filled.
  192  000011e4  00017820	add	r15,r0,r1
  193  000011e8  23bd0008	addi	r29,r29,#8
  194  000011ec  61e1ffff	seqi	r1,r15,#-1
  195  000011f0  1020004c	beqz	r1,L17_LF0
  196  000011f4  54000000	nop; not filled.
  197  000011f8  23bdfff8	addi	r29,r29,#-8
  198  000011fc  3c100000	lhi	r16,((LC3_LF0)>>16)&0xffff
  199  00001200  26103058	addui	r16,r16,(LC3_LF0)&0xffff
  200  00001204  afb00000	sw	(r29),r16
  201  00001208  0c000518	jal	_Printf
  202  0000120c  54000000	nop; not filled.
  203  00001210  8db00000	lw	r16,(r13)
  204  00001214  afb00000	sw	(r29),r16
  205  00001218  0c000508	jal	_Printf
  206  0000121c  54000000	nop; not filled.
  207  00001220  3c100000	lhi	r16,((LC4_LF0)>>16)&0xffff
  208  00001224  2610306c	addui	r16,r16,(LC4_LF0)&0xffff
  209  00001228  afb00000	sw	(r29),r16
  210  0000122c  0c0004f4	jal	_Printf
  211  00001230  54000000	nop; not filled.
  212  00001234  0c0005a0	jal	_Exit
  213  00001238  54000000	nop; not filled.
  214  0000123c  23bd0008	addi	r29,r29,#8
  215  00001240          	L17_LF0:
  216  00001240  23bdfff8	addi	r29,r29,#-8
  217  00001244  20100000	addi	r16,r0,#0
  218  00001248  afb00000	sw	(r29),r16
  219  0000124c  0c000510	jal	_sem_create
  220  00001250  54000000	nop; not filled.
  221  00001254  00013020	add	r6,r0,r1
  222  00001258  23bd0008	addi	r29,r29,#8
  223  0000125c  60c1ffff	seqi	r1,r6,#-1
  224  00001260  1020004c	beqz	r1,L18_LF0
  225  00001264  54000000	nop; not filled.
  226  00001268  23bdfff8	addi	r29,r29,#-8
  227  0000126c  3c100000	lhi	r16,((LC3_LF0)>>16)&0xffff
  228  00001270  26103058	addui	r16,r16,(LC3_LF0)&0xffff
  229  00001274  afb00000	sw	(r29),r16
  230  00001278  0c0004a8	jal	_Printf
  231  0000127c  54000000	nop; not filled.
  232  00001280  8db00000	lw	r16,(r13)
  233  00001284  afb00000	sw	(r29),r16
  234  00001288  0c000498	jal	_Printf
  235  0000128c  54000000	nop; not filled.
  236  00001290  3c100000	lhi	r16,((LC4_LF0)>>16)&0xffff
  237  00001294  2610306c	addui	r16,r16,(LC4_LF0)&0xffff
  238  00001298  afb00000	sw	(r29),r16
  239  0000129c  0c000484	jal	_Printf
  240  000012a0  54000000	nop; not filled.
  241  000012a4  0c000530	jal	_Exit
  242  000012a8  54000000	nop; not filled.
  243  000012ac  23bd0008	addi	r29,r29,#8
  244  000012b0          	L18_LF0:
  245  000012b0  23bdfff8	addi	r29,r29,#-8
  246  000012b4  20100000	addi	r16,r0,#0
  247  000012b8  afb00000	sw	(r29),r16
  248  000012bc  0c0004a0	jal	_sem_create
  249  000012c0  54000000	nop; not filled.
  250  000012c4  00013820	add	r7,r0,r1
  251  000012c8  23bd0008	addi	r29,r29,#8
  252  000012cc  60e1ffff	seqi	r1,r7,#-1
  253  000012d0  1020004c	beqz	r1,L19_LF0
  254  000012d4  54000000	nop; not filled.
  255  000012d8  23bdfff8	addi	r29,r29,#-8
  256  000012dc  3c100000	lhi	r16,((LC3_LF0)>>16)&0xffff
  257  000012e0  26103058	addui	r16,r16,(LC3_LF0)&0xffff
  258  000012e4  afb00000	sw	(r29),r16
  259  000012e8  0c000438	jal	_Printf
  260  000012ec  54000000	nop; not filled.
  261  000012f0  8db00000	lw	r16,(r13)
  262  000012f4  afb00000	sw	(r29),r16
  263  000012f8  0c000428	jal	_Printf
  264  000012fc  54000000	nop; not filled.
  265  00001300  3c100000	lhi	r16,((LC4_LF0)>>16)&0xffff
  266  00001304  2610306c	addui	r16,r16,(LC4_LF0)&0xffff
  267  00001308  afb00000	sw	(r29),r16
  268  0000130c  0c000414	jal	_Printf
  269  00001310  54000000	nop; not filled.
  270  00001314  0c0004c0	jal	_Exit
  271  00001318  54000000	nop; not filled.
  272  0000131c  23bd0008	addi	r29,r29,#8
  273  00001320          	L19_LF0:
  274  00001320  23bdfff8	addi	r29,r29,#-8
  275  00001324  20100000	addi	r16,r0,#0
  276  00001328  afb00000	sw	(r29),r16
  277  0000132c  0c000430	jal	_sem_create
  278  00001330  54000000	nop; not filled.
  279  00001334  00014020	add	r8,r0,r1
  280  00001338  23bd0008	addi	r29,r29,#8
  281  0000133c  6101ffff	seqi	r1,r8,#-1
  282  00001340  1020004c	beqz	r1,L20_LF0
  283  00001344  54000000	nop; not filled.
  284  00001348  23bdfff8	addi	r29,r29,#-8
  285  0000134c  3c100000	lhi	r16,((LC3_LF0)>>16)&0xffff
  286  00001350  26103058	addui	r16,r16,(LC3_LF0)&0xffff
  287  00001354  afb00000	sw	(r29),r16
  288  00001358  0c0003c8	jal	_Printf
  289  0000135c  54000000	nop; not filled.
  290  00001360  8db00000	lw	r16,(r13)
  291  00001364  afb00000	sw	(r29),r16
  292  00001368  0c0003b8	jal	_Printf
  293  0000136c  54000000	nop; not filled.
  294  00001370  3c100000	lhi	r16,((LC4_LF0)>>16)&0xffff
  295  00001374  2610306c	addui	r16,r16,(LC4_LF0)&0xffff
  296  00001378  afb00000	sw	(r29),r16
  297  0000137c  0c0003a4	jal	_Printf
  298  00001380  54000000	nop; not filled.
  299  00001384  0c000450	jal	_Exit
  300  00001388  54000000	nop; not filled.
  301  0000138c  23bd0008	addi	r29,r29,#8
  302  00001390          	L20_LF0:
  303  00001390  23bdfff8	addi	r29,r29,#-8
  304  00001394  20100000	addi	r16,r0,#0
  305  00001398  afb00000	sw	(r29),r16
  306  0000139c  0c0003c0	jal	_sem_create
  307  000013a0  54000000	nop; not filled.
  308  000013a4  00012820	add	r5,r0,r1
  309  000013a8  23bd0008	addi	r29,r29,#8
  310  000013ac  60a1ffff	seqi	r1,r5,#-1
  311  000013b0  1020004c	beqz	r1,L21_LF0
  312  000013b4  54000000	nop; not filled.
  313  000013b8  23bdfff8	addi	r29,r29,#-8
  314  000013bc  3c100000	lhi	r16,((LC3_LF0)>>16)&0xffff
  315  000013c0  26103058	addui	r16,r16,(LC3_LF0)&0xffff
  316  000013c4  afb00000	sw	(r29),r16
  317  000013c8  0c000358	jal	_Printf
  318  000013cc  54000000	nop; not filled.
  319  000013d0  8db00000	lw	r16,(r13)
  320  000013d4  afb00000	sw	(r29),r16
  321  000013d8  0c000348	jal	_Printf
  322  000013dc  54000000	nop; not filled.
  323  000013e0  3c100000	lhi	r16,((LC4_LF0)>>16)&0xffff
  324  000013e4  2610306c	addui	r16,r16,(LC4_LF0)&0xffff
  325  000013e8  afb00000	sw	(r29),r16
  326  000013ec  0c000334	jal	_Printf
  327  000013f0  54000000	nop; not filled.
  328  000013f4  0c0003e0	jal	_Exit
  329  000013f8  54000000	nop; not filled.
  330  000013fc  23bd0008	addi	r29,r29,#8
  331  00001400          	L21_LF0:
  332  00001400  23bdfff8	addi	r29,r29,#-8
  333  00001404  20100000	addi	r16,r0,#0
  334  00001408  afb00000	sw	(r29),r16
  335  0000140c  0c000350	jal	_sem_create
  336  00001410  54000000	nop; not filled.
  337  00001414  00011020	add	r2,r0,r1
  338  00001418  23bd0008	addi	r29,r29,#8
  339  0000141c  6041ffff	seqi	r1,r2,#-1
  340  00001420  1020004c	beqz	r1,L22_LF0
  341  00001424  54000000	nop; not filled.
  342  00001428  23bdfff8	addi	r29,r29,#-8
  343  0000142c  3c100000	lhi	r16,((LC3_LF0)>>16)&0xffff
  344  00001430  26103058	addui	r16,r16,(LC3_LF0)&0xffff
  345  00001434  afb00000	sw	(r29),r16
  346  00001438  0c0002e8	jal	_Printf
  347  0000143c  54000000	nop; not filled.
  348  00001440  8db00000	lw	r16,(r13)
  349  00001444  afb00000	sw	(r29),r16
  350  00001448  0c0002d8	jal	_Printf
  351  0000144c  54000000	nop; not filled.
  352  00001450  3c100000	lhi	r16,((LC4_LF0)>>16)&0xffff
  353  00001454  2610306c	addui	r16,r16,(LC4_LF0)&0xffff
  354  00001458  afb00000	sw	(r29),r16
  355  0000145c  0c0002c4	jal	_Printf
  356  00001460  54000000	nop; not filled.
  357  00001464  0c000370	jal	_Exit
  358  00001468  54000000	nop; not filled.
  359  0000146c  23bd0008	addi	r29,r29,#8
  360  00001470          	L22_LF0:
  361  00001470  23bdfff8	addi	r29,r29,#-8
  362  00001474  afaf0000	sw	(r29),r15
  363  00001478  23c4ffe8	addi	r4,r30,#-24
  364  0000147c  afa40004	sw	4(r29),r4
  365  00001480  0c000a74	jal	_ditoa
  366  00001484  54000000	nop; not filled.
  367  00001488  afa60000	sw	(r29),r6
  368  0000148c  23c6ffd8	addi	r6,r30,#-40
  369  00001490  afa60004	sw	4(r29),r6
  370  00001494  0c000a60	jal	_ditoa
  371  00001498  54000000	nop; not filled.
  372  0000149c  afa70000	sw	(r29),r7
  373  000014a0  23c7ffc8	addi	r7,r30,#-56
  374  000014a4  afa70004	sw	4(r29),r7
  375  000014a8  0c000a4c	jal	_ditoa
  376  000014ac  54000000	nop; not filled.
  377  000014b0  afa80000	sw	(r29),r8
  378  000014b4  23c9ffb8	addi	r9,r30,#-72
  379  000014b8  afa90004	sw	4(r29),r9
  380  000014bc  0c000a38	jal	_ditoa
  381  000014c0  54000000	nop; not filled.
  382  000014c4  afa50000	sw	(r29),r5
  383  000014c8  23c5ffa8	addi	r5,r30,#-88
  384  000014cc  afa50004	sw	4(r29),r5
  385  000014d0  0c000a24	jal	_ditoa
  386  000014d4  54000000	nop; not filled.
  387  000014d8  afa20000	sw	(r29),r2
  388  000014dc  23c8ff98	addi	r8,r30,#-104
  389  000014e0  afa80004	sw	4(r29),r8
  390  000014e4  0c000a10	jal	_ditoa
  391  000014e8  54000000	nop; not filled.
  392  000014ec  afaa0000	sw	(r29),r10
  393  000014f0  23caff68	addi	r10,r30,#-152
  394  000014f4  afaa0004	sw	4(r29),r10
  395  000014f8  0c0009fc	jal	_ditoa
  396  000014fc  54000000	nop; not filled.
  397  00001500  afa30000	sw	(r29),r3
  398  00001504  23cbff58	addi	r11,r30,#-168
  399  00001508  afab0004	sw	4(r29),r11
  400  0000150c  0c0009e8	jal	_ditoa
  401  00001510  54000000	nop; not filled.
  402  00001514  afac0000	sw	(r29),r12
  403  00001518  23ccff48	addi	r12,r30,#-184
  404  0000151c  afac0004	sw	4(r29),r12
  405  00001520  0c0009d4	jal	_ditoa
  406  00001524  54000000	nop; not filled.
  407  00001528  afae0000	sw	(r29),r14
  408  0000152c  23c2ff88	addi	r2,r30,#-120
  409  00001530  afa20004	sw	4(r29),r2
  410  00001534  0c0009c0	jal	_ditoa
  411  00001538  54000000	nop; not filled.
  412  0000153c  afa30000	sw	(r29),r3
  413  00001540  23c3ff78	addi	r3,r30,#-136
  414  00001544  afa30004	sw	4(r29),r3
  415  00001548  0c0009ac	jal	_ditoa
  416  0000154c  54000000	nop; not filled.
  417  00001550  23bdfff0	addi	r29,r29,#-16
  418  00001554  3c100000	lhi	r16,((LC5_LF0)>>16)&0xffff
  419  00001558  26103070	addui	r16,r16,(LC5_LF0)&0xffff
  420  0000155c  afb00000	sw	(r29),r16
  421  00001560  afa40004	sw	4(r29),r4
  422  00001564  afa60008	sw	8(r29),r6
  423  00001568  afa2000c	sw	12(r29),r2
  424  0000156c  20100000	addi	r16,r0,#0
  425  00001570  afb00010	sw	16(r29),r16
  426  00001574  0c0001c4	jal	_process_create
  427  00001578  54000000	nop; not filled.
  428  0000157c  3c100000	lhi	r16,((LC6_LF0)>>16)&0xffff
  429  00001580  26103088	addui	r16,r16,(LC6_LF0)&0xffff
  430  00001584  afb00000	sw	(r29),r16
  431  00001588  afa40004	sw	4(r29),r4
  432  0000158c  afa70008	sw	8(r29),r7
  433  00001590  afa3000c	sw	12(r29),r3
  434  00001594  20100000	addi	r16,r0,#0
  435  00001598  afb00010	sw	16(r29),r16
  436  0000159c  0c00019c	jal	_process_create
  437  000015a0  54000000	nop; not filled.
  438  000015a4  23bdfff8	addi	r29,r29,#-8
  439  000015a8  3c100000	lhi	r16,((LC7_LF0)>>16)&0xffff
  440  000015ac  261030a0	addui	r16,r16,(LC7_LF0)&0xffff
  441  000015b0  afb00000	sw	(r29),r16
  442  000015b4  afa40004	sw	4(r29),r4
  443  000015b8  afa60008	sw	8(r29),r6
  444  000015bc  afa9000c	sw	12(r29),r9
  445  000015c0  afa50010	sw	16(r29),r5
  446  000015c4  afaa0014	sw	20(r29),r10
  447  000015c8  20100000	addi	r16,r0,#0
  448  000015cc  afb00018	sw	24(r29),r16
  449  000015d0  0c000168	jal	_process_create
  450  000015d4  54000000	nop; not filled.
  451  000015d8  23bd0020	addi	r29,r29,#32
  452  000015dc  23bdffe0	addi	r29,r29,#-32
  453  000015e0  3c100000	lhi	r16,((LC8_LF0)>>16)&0xffff
  454  000015e4  261030b4	addui	r16,r16,(LC8_LF0)&0xffff
  455  000015e8  afb00000	sw	(r29),r16
  456  000015ec  afa40004	sw	4(r29),r4
  457  000015f0  afa70008	sw	8(r29),r7
  458  000015f4  afa8000c	sw	12(r29),r8
  459  000015f8  afa50010	sw	16(r29),r5
  460  000015fc  afab0014	sw	20(r29),r11
  461  00001600  20100000	addi	r16,r0,#0
  462  00001604  afb00018	sw	24(r29),r16
  463  00001608  0c000130	jal	_process_create
  464  0000160c  54000000	nop; not filled.
  465  00001610  23bd0020	addi	r29,r29,#32
  466  00001614  23bdffe0	addi	r29,r29,#-32
  467  00001618  3c100000	lhi	r16,((LC9_LF0)>>16)&0xffff
  468  0000161c  261030c8	addui	r16,r16,(LC9_LF0)&0xffff
  469  00001620  afb00000	sw	(r29),r16
  470  00001624  afa40004	sw	4(r29),r4
  471  00001628  afa90008	sw	8(r29),r9
  472  0000162c  afa5000c	sw	12(r29),r5
  473  00001630  afa80010	sw	16(r29),r8
  474  00001634  afac0014	sw	20(r29),r12
  475  00001638  20100000	addi	r16,r0,#0
  476  0000163c  afb00018	sw	24(r29),r16
  477  00001640  0c0000f8	jal	_process_create
  478  00001644  54000000	nop; not filled.
  479  00001648  23bd0020	addi	r29,r29,#32
  480  0000164c  23bdfff8	addi	r29,r29,#-8
  481  00001650  afaf0000	sw	(r29),r15
  482  00001654  0c000114	jal	_sem_wait
  483  00001658  54000000	nop; not filled.
  484  0000165c  23bd0008	addi	r29,r29,#8
  485  00001660  64210001	snei	r1,r1,#1
  486  00001664  10200050	beqz	r1,L23_LF0
  487  00001668  54000000	nop; not filled.
  488  0000166c  23bdfff8	addi	r29,r29,#-8
  489  00001670  3c100000	lhi	r16,((LC10_LF0)>>16)&0xffff
  490  00001674  261030e0	addui	r16,r16,(LC10_LF0)&0xffff
  491  00001678  afb00000	sw	(r29),r16
  492  0000167c  afaf0004	sw	4(r29),r15
  493  00001680  0c0000a0	jal	_Printf
  494  00001684  54000000	nop; not filled.
  495  00001688  8dad0000	lw	r13,(r13)
  496  0000168c  afad0000	sw	(r29),r13
  497  00001690  0c000090	jal	_Printf
  498  00001694  54000000	nop; not filled.
  499  00001698  3c100000	lhi	r16,((LC4_LF0)>>16)&0xffff
  500  0000169c  2610306c	addui	r16,r16,(LC4_LF0)&0xffff
  501  000016a0  afb00000	sw	(r29),r16
  502  000016a4  0c00007c	jal	_Printf
  503  000016a8  54000000	nop; not filled.
  504  000016ac  0c000128	jal	_Exit
  505  000016b0  54000000	nop; not filled.
  506  000016b4  23bd0008	addi	r29,r29,#8
  507  000016b8          	L23_LF0:
  508  000016b8  23bdfff8	addi	r29,r29,#-8
  509  000016bc  3c100000	lhi	r16,((LC11_LF0)>>16)&0xffff
  510  000016c0  2610310c	addui	r16,r16,(LC11_LF0)&0xffff
  511  000016c4  afb00000	sw	(r29),r16
  512  000016c8  0c000058	jal	_Printf
  513  000016cc  54000000	nop; not filled.
  514  000016d0  23bd0008	addi	r29,r29,#8
  515  000016d4  0c000e48	jal	_exit
  516  000016d8  54000000	nop
  517  000016dc          	.endproc _main
  518                      ;;;
  519                      ;;; Stub functions for DLX traps.
  520                      ;;;
  521                      ;;; Ethan L. Miller, 1999.  Released to the public domain.
  522                      ;;;
  523                      ;;; The traps such as Open and Close
  524                      ;;; (note the capital letters) are for use by user programs.  The traps
  525                      ;;; with names such as open and close (lower case) are for use by the OS.
  526                      ;;;
  529  000016dc          	.align 2
  531                      ;;; The following are the traps to be used by user-level programs
  532                      ;;;
  534  000016dc          	.align 2
  535  000016dc          	.proc _Open
  536  000016dc          	.global _Open
  537  000016dc          	_Open:
  538                      ;;; Note that trap #0x213 actually causes a trap vector in the OS of
  539                      ;;; 0x1213.  The same is true for other user traps.  Thus, a user trap
  540                      ;;; with trap #0x240 will result in a trap vector of 0x1240 in the OS.
  541  000016dc  44000213	trap	#0x213
  542  000016e0  4be00000	jr	r31
  543  000016e4  54000000	nop
  544  000016e8          	.endproc _Open
  546  000016e8          	.proc _Close
  547  000016e8          	.global _Close
  548  000016e8          	_Close:
  549  000016e8  44000214	trap	#0x214
  550  000016ec  4be00000	jr	r31
  551  000016f0  54000000	nop
  552  000016f4          	.endproc _Close
  554  000016f4          	.proc _Read
  555  000016f4          	.global _Read
  556  000016f4          	_Read:
  557  000016f4  44000210	trap	#0x210
  558  000016f8  4be00000	jr	r31
  559  000016fc  54000000	nop
  560  00001700          	.endproc _Read
  562  00001700          	.proc _Write
  563  00001700          	.global _Write
  564  00001700          	_Write:
  565  00001700  44000211	trap	#0x211
  566  00001704  4be00000	jr	r31
  567  00001708  54000000	nop
  568  0000170c          	.endproc _Write
  570  0000170c          	.proc _Lseek
  571  0000170c          	.global _Lseek
  572  0000170c          	_Lseek:
  573  0000170c  44000212	trap	#0x212
  574  00001710  4be00000	jr	r31
  575  00001714  54000000	nop
  576  00001718          	.endproc _Lseek
  578  00001718          	.proc _Putchar
  579  00001718          	.global _Putchar
  580  00001718          	_Putchar:
  581  00001718  44000280	trap	#0x280
  582  0000171c  4be00000	jr	r31
  583  00001720  54000000	nop
  584  00001724          	.endproc _Putchar
  586  00001724          	.proc _Printf
  587  00001724          	.global _Printf
  588  00001724          	_Printf:
  589  00001724  44000201	trap	#0x201
  590  00001728  4be00000	jr	r31
  591  0000172c  54000000	nop
  592  00001730          	.endproc _Printf
  594  00001730          	.proc _getpid
  595  00001730          	.global _getpid
  596  00001730          	_getpid:
  597  00001730  44000431	trap	#0x431
  598  00001734  4be00000	jr	r31
  599  00001738  54000000	nop
  600  0000173c          	.endproc _getpid
  602  0000173c          	.proc _process_create
  603  0000173c          	.global _process_create
  604  0000173c          	_process_create:
  605  0000173c  44000432	trap	#0x432
  606  00001740  4be00000	jr	r31
  607  00001744  54000000	nop
  608  00001748          	.endproc _process_create
  610  00001748          	.proc _shmget
  611  00001748          	.global _shmget
  612  00001748          	_shmget:
  613  00001748  44000440	trap	#0x440
  614  0000174c  4be00000	jr	r31
  615  00001750  54000000	nop
  616  00001754          	.endproc _shmget
  618  00001754          	.proc _shmat
  619  00001754          	.global _shmat
  620  00001754          	_shmat:
  621  00001754  44000441	trap	#0x441
  622  00001758  4be00000	jr	r31
  623  0000175c  54000000	nop
  624  00001760          	.endproc _shmat
  626  00001760          	.proc _sem_create
  627  00001760          	.global _sem_create
  628  00001760          	_sem_create:
  629  00001760  44000450	trap	#0x450
  630  00001764  4be00000	jr	r31
  631  00001768  54000000	nop
  632  0000176c          	.endproc _sem_create
  634  0000176c          	.proc _sem_wait
  635  0000176c          	.global _sem_wait
  636  0000176c          	_sem_wait:
  637  0000176c  44000451	trap	#0x451
  638  00001770  4be00000	jr	r31
  639  00001774  54000000	nop
  640  00001778          	.endproc _sem_wait
  642  00001778          	.proc _sem_signal
  643  00001778          	.global _sem_signal
  644  00001778          	_sem_signal:
  645  00001778  44000452	trap	#0x452
  646  0000177c  4be00000	jr	r31
  647  00001780  54000000	nop
  648  00001784          	.endproc _sem_signal
  650  00001784          	.proc _lock_create
  651  00001784          	.global _lock_create
  652  00001784          	_lock_create:
  653  00001784  44000453	trap	#0x453
  654  00001788  4be00000	jr	r31
  655  0000178c  54000000	nop
  656  00001790          	.endproc _lock_create
  658  00001790          	.proc _lock_acquire
  659  00001790          	.global _lock_acquire
  660  00001790          	_lock_acquire:
  661  00001790  44000454	trap	#0x454
  662  00001794  4be00000	jr	r31
  663  00001798  54000000	nop
  664  0000179c          	.endproc _lock_acquire
  666  0000179c          	.proc _lock_release
  667  0000179c          	.global _lock_release
  668  0000179c          	_lock_release:
  669  0000179c  44000455	trap	#0x455
  670  000017a0  4be00000	jr	r31
  671  000017a4  54000000	nop
  672  000017a8          	.endproc _lock_release
  674  000017a8          	.proc _cond_create
  675  000017a8          	.global _cond_create
  676  000017a8          	_cond_create:
  677  000017a8  44000456	trap	#0x456
  678  000017ac  4be00000	jr	r31
  679  000017b0  54000000	nop
  680  000017b4          	.endproc _cond_create
  682  000017b4          	.proc _cond_wait
  683  000017b4          	.global _cond_wait
  684  000017b4          	_cond_wait:
  685  000017b4  44000457	trap	#0x457
  686  000017b8  4be00000	jr	r31
  687  000017bc  54000000	nop
  688  000017c0          	.endproc _cond_wait
  690  000017c0          	.proc _cond_signal
  691  000017c0          	.global _cond_signal
  692  000017c0          	_cond_signal:
  693  000017c0  44000458	trap	#0x458
  694  000017c4  4be00000	jr	r31
  695  000017c8  54000000	nop
  696  000017cc          	.endproc _cond_signal
  698  000017cc          	.proc _cond_broadcast
  699  000017cc          	.global _cond_broadcast
  700  000017cc          	_cond_broadcast:
  701  000017cc  44000455	trap	#0x455
  702  000017d0  4be00000	jr	r31
  703  000017d4  54000000	nop
  704  000017d8          	.endproc _cond_broadcast
  706  000017d8          	.proc _Exit
  707  000017d8          	.global _Exit
  708  000017d8          	_Exit:
  709  000017d8  44000500	trap	#0x500
  710  000017dc  4be00000	jr	r31
  711  000017e0  54000000	nop
  712  000017e4          	.endproc _Exit
  713                      ; Compiled by GCC
  715  000017e4          	.align 2
  716  000017e4          	.proc _isspace
  717  000017e4          	.global _isspace
  718  000017e4          	_isspace:
  719                      ;  Function 'isspace'; 0 bytes of locals, 3 regs to save.
  720  000017e4  afbefffc	sw	-4(r29),r30; push fp
  721  000017e8  001df020	add	r30,r0,r29; fp = sp
  722  000017ec  afbffff8	sw	-8(r29),r31; push ret addr
  723  000017f0  2fbd0018	subui	r29,r29,#24; alloc local storage
  724  000017f4  afa20000	sw	0(r29),r2
  725  000017f8  afa30004	sw	4(r29),r3
  726  000017fc  afa40008	sw	8(r29),r4
  727  00001800  83c20003	lb	r2,3(r30)
  728  00001804  20010000	addi	r1,r0,#0
  729  00001808  304300ff	andi	r3,r2,#0x00ff
  730  0000180c  60640020	seqi	r4,r3,#32
  731  00001810  1480002c	bnez	r4,L3_LF2
  732  00001814  54000000	nop; delay slot nop
  733  00001818  304300ff	andi	r3,r2,#0x00ff
  734  0000181c  60640009	seqi	r4,r3,#9
  735  00001820  1480001c	bnez	r4,L3_LF2
  736  00001824  54000000	nop; delay slot nop
  737  00001828  304300ff	andi	r3,r2,#0x00ff
  738  0000182c  6064000a	seqi	r4,r3,#10
  739  00001830  1480000c	bnez	r4,L3_LF2
  740  00001834  54000000	nop; delay slot nop
  741  00001838  08000008	j	L2_LF2
  742  0000183c  54000000	nop; delay slot nop
  743  00001840          	L3_LF2:
  744  00001840  20010001	addi	r1,r0,#1
  745  00001844          	L2_LF2:
  746  00001844  08000004	j	L1_LF2
  747  00001848  54000000	nop; delay slot nop
  748  0000184c          	L1_LF2:
  749  0000184c  8fa20000	lw	r2,0(r29)
  750  00001850  8fa30004	lw	r3,4(r29)
  751  00001854  8fa40008	lw	r4,8(r29)
  752  00001858  8fdffff8	lw	r31,-8(r30)
  753  0000185c  001ee820	add	r29,r0,r30
  754  00001860  8fdefffc	lw	r30,-4(r30)
  755  00001864  4be00000	jr	r31
  756  00001868  54000000	nop
  757  0000186c          	.endproc _isspace
  758  0000186c          	.align 2
  759  0000186c          	.proc _isxdigit
  760  0000186c          	.global _isxdigit
  761  0000186c          	_isxdigit:
  762                      ;  Function 'isxdigit'; 0 bytes of locals, 3 regs to save.
  763  0000186c  afbefffc	sw	-4(r29),r30; push fp
  764  00001870  001df020	add	r30,r0,r29; fp = sp
  765  00001874  afbffff8	sw	-8(r29),r31; push ret addr
  766  00001878  2fbd0018	subui	r29,r29,#24; alloc local storage
  767  0000187c  afa20000	sw	0(r29),r2
  768  00001880  afa30004	sw	4(r29),r3
  769  00001884  afa40008	sw	8(r29),r4
  770  00001888  83c20003	lb	r2,3(r30)
  771  0000188c  20010000	addi	r1,r0,#0
  772  00001890  304300ff	andi	r3,r2,#0x00ff
  773  00001894  6c64002f	sgtui	r4,r3,#47
  774  00001898  1080001c	beqz	r4,L7_LF2
  775  0000189c  54000000	nop; delay slot nop
  776  000018a0  304300ff	andi	r3,r2,#0x00ff
  777  000018a4  70640039	sleui	r4,r3,#57
  778  000018a8  1480005c	bnez	r4,L6_LF2
  779  000018ac  54000000	nop; delay slot nop
  780  000018b0  08000004	j	L7_LF2
  781  000018b4  54000000	nop; delay slot nop
  782  000018b8          	L7_LF2:
  783  000018b8  304300ff	andi	r3,r2,#0x00ff
  784  000018bc  6c640060	sgtui	r4,r3,#96
  785  000018c0  1080001c	beqz	r4,L8_LF2
  786  000018c4  54000000	nop; delay slot nop
  787  000018c8  304300ff	andi	r3,r2,#0x00ff
  788  000018cc  70640066	sleui	r4,r3,#102
  789  000018d0  14800034	bnez	r4,L6_LF2
  790  000018d4  54000000	nop; delay slot nop
  791  000018d8  08000004	j	L8_LF2
  792  000018dc  54000000	nop; delay slot nop
  793  000018e0          	L8_LF2:
  794  000018e0  304300ff	andi	r3,r2,#0x00ff
  795  000018e4  6c640040	sgtui	r4,r3,#64
  796  000018e8  10800020	beqz	r4,L5_LF2
  797  000018ec  54000000	nop; delay slot nop
  798  000018f0  304300ff	andi	r3,r2,#0x00ff
  799  000018f4  70640041	sleui	r4,r3,#65
  800  000018f8  1480000c	bnez	r4,L6_LF2
  801  000018fc  54000000	nop; delay slot nop
  802  00001900  08000008	j	L5_LF2
  803  00001904  54000000	nop; delay slot nop
  804  00001908          	L6_LF2:
  805  00001908  20010001	addi	r1,r0,#1
  806  0000190c          	L5_LF2:
  807  0000190c  08000004	j	L4_LF2
  808  00001910  54000000	nop; delay slot nop
  809  00001914          	L4_LF2:
  810  00001914  8fa20000	lw	r2,0(r29)
  811  00001918  8fa30004	lw	r3,4(r29)
  812  0000191c  8fa40008	lw	r4,8(r29)
  813  00001920  8fdffff8	lw	r31,-8(r30)
  814  00001924  001ee820	add	r29,r0,r30
  815  00001928  8fdefffc	lw	r30,-4(r30)
  816  0000192c  4be00000	jr	r31
  817  00001930  54000000	nop
  818  00001934          	.endproc _isxdigit
  819  00001934          	.align 2
  820  00001934          	.proc _dstrcpy
  821  00001934          	.global _dstrcpy
  822  00001934          	_dstrcpy:
  823                      ;  Function 'dstrcpy'; 8 bytes of locals, 2 regs to save.
  824  00001934  afbefffc	sw	-4(r29),r30; push fp
  825  00001938  001df020	add	r30,r0,r29; fp = sp
  826  0000193c  afbffff8	sw	-8(r29),r31; push ret addr
  827  00001940  2fbd0018	subui	r29,r29,#24; alloc local storage
  828  00001944  afa20000	sw	0(r29),r2
  829  00001948  afa30004	sw	4(r29),r3
  830  0000194c  8fc10000	lw	r1,(r30)
  831  00001950  afc1fff4	sw	-12(r30),r1
  832  00001954          	L10_LF2:
  833  00001954  8fc10000	lw	r1,(r30)
  834  00001958  20220001	addi	r2,r1,#1
  835  0000195c  afc20000	sw	(r30),r2
  836  00001960  8fc20004	lw	r2,4(r30)
  837  00001964  20430001	addi	r3,r2,#1
  838  00001968  afc30004	sw	4(r30),r3
  839  0000196c  80420000	lb	r2,(r2)
  840  00001970  a0220000	sb	(r1),r2
  841  00001974  a3c2fff3	sb	-13(r30),r2
  842  00001978          	L12_LF2:
  843  00001978  93c1fff3	lbu	r1,-13(r30)
  844  0000197c  64220000	snei	r2,r1,#0
  845  00001980  1440000c	bnez	r2,L13_LF2
  846  00001984  54000000	nop; delay slot nop
  847  00001988  0800000c	j	L11_LF2
  848  0000198c  54000000	nop; delay slot nop
  849  00001990          	L13_LF2:
  850  00001990  0bffffc0	j	L10_LF2
  851  00001994  54000000	nop; delay slot nop
  852  00001998          	L11_LF2:
  853  00001998  8fc1fff4	lw	r1,-12(r30)
  854  0000199c  08000004	j	L9_LF2
  855  000019a0  54000000	nop; delay slot nop
  856  000019a4          	L9_LF2:
  857  000019a4  8fa20000	lw	r2,0(r29)
  858  000019a8  8fa30004	lw	r3,4(r29)
  859  000019ac  8fdffff8	lw	r31,-8(r30)
  860  000019b0  001ee820	add	r29,r0,r30
  861  000019b4  8fdefffc	lw	r30,-4(r30)
  862  000019b8  4be00000	jr	r31
  863  000019bc  54000000	nop
  864  000019c0          	.endproc _dstrcpy
  865  000019c0          	.align 2
  866  000019c0          	.proc _dstrncpy
  867  000019c0          	.global _dstrncpy
  868  000019c0          	_dstrncpy:
  869                      ;  Function 'dstrncpy'; 8 bytes of locals, 2 regs to save.
  870  000019c0  afbefffc	sw	-4(r29),r30; push fp
  871  000019c4  001df020	add	r30,r0,r29; fp = sp
  872  000019c8  afbffff8	sw	-8(r29),r31; push ret addr
  873  000019cc  2fbd0018	subui	r29,r29,#24; alloc local storage
  874  000019d0  afa20000	sw	0(r29),r2
  875  000019d4  afa30004	sw	4(r29),r3
  876  000019d8  8fc10000	lw	r1,(r30)
  877  000019dc  afc1fff4	sw	-12(r30),r1
  878  000019e0          	L15_LF2:
  879  000019e0  8fc10008	lw	r1,8(r30)
  880  000019e4  2022ffff	addi	r2,r1,#-1
  881  000019e8  afc20008	sw	8(r30),r2
  882  000019ec  70210000	slei	r1,r1,#0
  883  000019f0  1020000c	beqz	r1,L18_LF2
  884  000019f4  54000000	nop; delay slot nop
  885  000019f8  08000048	j	L16_LF2
  886  000019fc  54000000	nop; delay slot nop
  887  00001a00          	L18_LF2:
  888  00001a00  8fc10000	lw	r1,(r30)
  889  00001a04  20220001	addi	r2,r1,#1
  890  00001a08  afc20000	sw	(r30),r2
  891  00001a0c  8fc20004	lw	r2,4(r30)
  892  00001a10  20430001	addi	r3,r2,#1
  893  00001a14  afc30004	sw	4(r30),r3
  894  00001a18  80420000	lb	r2,(r2)
  895  00001a1c  a0220000	sb	(r1),r2
  896  00001a20  a3c2fff3	sb	-13(r30),r2
  897  00001a24          	L17_LF2:
  898  00001a24  93c1fff3	lbu	r1,-13(r30)
  899  00001a28  64220000	snei	r2,r1,#0
  900  00001a2c  1440000c	bnez	r2,L19_LF2
  901  00001a30  54000000	nop; delay slot nop
  902  00001a34  0800000c	j	L16_LF2
  903  00001a38  54000000	nop; delay slot nop
  904  00001a3c          	L19_LF2:
  905  00001a3c  0bffffa0	j	L15_LF2
  906  00001a40  54000000	nop; delay slot nop
  907  00001a44          	L16_LF2:
  908  00001a44  8fc1fff4	lw	r1,-12(r30)
  909  00001a48  08000004	j	L14_LF2
  910  00001a4c  54000000	nop; delay slot nop
  911  00001a50          	L14_LF2:
  912  00001a50  8fa20000	lw	r2,0(r29)
  913  00001a54  8fa30004	lw	r3,4(r29)
  914  00001a58  8fdffff8	lw	r31,-8(r30)
  915  00001a5c  001ee820	add	r29,r0,r30
  916  00001a60  8fdefffc	lw	r30,-4(r30)
  917  00001a64  4be00000	jr	r31
  918  00001a68  54000000	nop
  919  00001a6c          	.endproc _dstrncpy
  920  00001a6c          	.align 2
  921  00001a6c          	.proc _dstrcat
  922  00001a6c          	.global _dstrcat
  923  00001a6c          	_dstrcat:
  924                      ;  Function 'dstrcat'; 8 bytes of locals, 1 regs to save.
  925  00001a6c  afbefffc	sw	-4(r29),r30; push fp
  926  00001a70  001df020	add	r30,r0,r29; fp = sp
  927  00001a74  afbffff8	sw	-8(r29),r31; push ret addr
  928  00001a78  2fbd0018	subui	r29,r29,#24; alloc local storage
  929  00001a7c  afa20000	sw	0(r29),r2
  930  00001a80  8fc10000	lw	r1,(r30)
  931  00001a84  afc1fff4	sw	-12(r30),r1
  932  00001a88          	L21_LF2:
  933  00001a88  8fc10000	lw	r1,(r30)
  934  00001a8c  90220000	lbu	r2,(r1)
  935  00001a90  64410000	snei	r1,r2,#0
  936  00001a94  1420000c	bnez	r1,L23_LF2
  937  00001a98  54000000	nop; delay slot nop
  938  00001a9c  0800001c	j	L22_LF2
  939  00001aa0  54000000	nop; delay slot nop
  940  00001aa4          	L23_LF2:
  941  00001aa4  8fc20000	lw	r2,(r30)
  942  00001aa8  20410001	addi	r1,r2,#1
  943  00001aac  00011020	add	r2,r0,r1
  944  00001ab0  afc20000	sw	(r30),r2
  945  00001ab4  0bffffd0	j	L21_LF2
  946  00001ab8  54000000	nop; delay slot nop
  947  00001abc          	L22_LF2:
  948  00001abc  23bdfff8	addi	r29,r29,#-8
  949  00001ac0  001d0820	add	r1,r0,r29
  950  00001ac4  8fc20000	lw	r2,(r30)
  951  00001ac8  ac220000	sw	(r1),r2
  952  00001acc  8fc20004	lw	r2,4(r30)
  953  00001ad0  ac220004	sw	4(r1),r2
  954  00001ad4  0ffffe5c	jal	_dstrcpy
  955  00001ad8  54000000	nop; delay slot nop
  956  00001adc  23bd0008	addi	r29,r29,#8
  957  00001ae0  8fc1fff4	lw	r1,-12(r30)
  958  00001ae4  08000004	j	L20_LF2
  959  00001ae8  54000000	nop; delay slot nop
  960  00001aec          	L20_LF2:
  961  00001aec  8fa20000	lw	r2,0(r29)
  962  00001af0  8fdffff8	lw	r31,-8(r30)
  963  00001af4  001ee820	add	r29,r0,r30
  964  00001af8  8fdefffc	lw	r30,-4(r30)
  965  00001afc  4be00000	jr	r31
  966  00001b00  54000000	nop
  967  00001b04          	.endproc _dstrcat
  968  00001b04          	.align 2
  969  00001b04          	.proc _dstrncmp
  970  00001b04          	.global _dstrncmp
  971  00001b04          	_dstrncmp:
  972                      ;  Function 'dstrncmp'; 8 bytes of locals, 2 regs to save.
  973  00001b04  afbefffc	sw	-4(r29),r30; push fp
  974  00001b08  001df020	add	r30,r0,r29; fp = sp
  975  00001b0c  afbffff8	sw	-8(r29),r31; push ret addr
  976  00001b10  2fbd0018	subui	r29,r29,#24; alloc local storage
  977  00001b14  afa20000	sw	0(r29),r2
  978  00001b18  afa30004	sw	4(r29),r3
  979  00001b1c  54000000	nop
  980  00001b20  20010000	addi	r1,r0,#0
  981  00001b24  afc1fff4	sw	-12(r30),r1
  982  00001b28          	L25_LF2:
  983  00001b28  8fc1fff4	lw	r1,-12(r30)
  984  00001b2c  8fc20008	lw	r2,8(r30)
  985  00001b30  0022082a	slt	r1,r1,r2
  986  00001b34  1420000c	bnez	r1,L28_LF2
  987  00001b38  54000000	nop; delay slot nop
  988  00001b3c  08000088	j	L26_LF2
  989  00001b40  54000000	nop; delay slot nop
  990  00001b44          	L28_LF2:
  991  00001b44  8fc10004	lw	r1,4(r30)
  992  00001b48  90220000	lbu	r2,(r1)
  993  00001b4c  64410000	snei	r1,r2,#0
  994  00001b50  14200018	bnez	r1,L29_LF2
  995  00001b54  54000000	nop; delay slot nop
  996  00001b58  20010000	addi	r1,r0,#0
  997  00001b5c  080000d8	j	L24_LF2
  998  00001b60  54000000	nop; delay slot nop
  999  00001b64  08000028	j	L30_LF2
 1000  00001b68  54000000	nop; delay slot nop
 1001  00001b6c          	L29_LF2:
 1002  00001b6c  8fc10000	lw	r1,(r30)
 1003  00001b70  8fc20004	lw	r2,4(r30)
 1004  00001b74  90210000	lbu	r1,(r1)
 1005  00001b78  90420000	lbu	r2,(r2)
 1006  00001b7c  00220829	sne	r1,r1,r2
 1007  00001b80  1020000c	beqz	r1,L30_LF2
 1008  00001b84  54000000	nop; delay slot nop
 1009  00001b88  0800003c	j	L26_LF2
 1010  00001b8c  54000000	nop; delay slot nop
 1011  00001b90          	L31_LF2:
 1012  00001b90          	L30_LF2:
 1013  00001b90  8fc20000	lw	r2,(r30)
 1014  00001b94  20410001	addi	r1,r2,#1
 1015  00001b98  00011020	add	r2,r0,r1
 1016  00001b9c  afc20000	sw	(r30),r2
 1017  00001ba0  8fc20004	lw	r2,4(r30)
 1018  00001ba4  20410001	addi	r1,r2,#1
 1019  00001ba8  00011020	add	r2,r0,r1
 1020  00001bac  afc20004	sw	4(r30),r2
 1021  00001bb0          	L27_LF2:
 1022  00001bb0  8fc2fff4	lw	r2,-12(r30)
 1023  00001bb4  20410001	addi	r1,r2,#1
 1024  00001bb8  00011020	add	r2,r0,r1
 1025  00001bbc  afc2fff4	sw	-12(r30),r2
 1026  00001bc0  0bffff64	j	L25_LF2
 1027  00001bc4  54000000	nop; delay slot nop
 1028  00001bc8          	L26_LF2:
 1029  00001bc8  8fc1fff4	lw	r1,-12(r30)
 1030  00001bcc  8fc20008	lw	r2,8(r30)
 1031  00001bd0  00220828	seq	r1,r1,r2
 1032  00001bd4  10200018	beqz	r1,L32_LF2
 1033  00001bd8  54000000	nop; delay slot nop
 1034  00001bdc  20010000	addi	r1,r0,#0
 1035  00001be0  08000054	j	L24_LF2
 1036  00001be4  54000000	nop; delay slot nop
 1037  00001be8  0800004c	j	L33_LF2
 1038  00001bec  54000000	nop; delay slot nop
 1039  00001bf0          	L32_LF2:
 1040  00001bf0  8fc20000	lw	r2,(r30)
 1041  00001bf4  90410000	lbu	r1,(r2)
 1042  00001bf8  8fc20004	lw	r2,4(r30)
 1043  00001bfc  90430000	lbu	r3,(r2)
 1044  00001c00  00230822	sub	r1,r1,r3
 1045  00001c04  74220000	sgei	r2,r1,#0
 1046  00001c08  10400020	beqz	r2,L34_LF2
 1047  00001c0c  54000000	nop; delay slot nop
 1048  00001c10  8fc10000	lw	r1,(r30)
 1049  00001c14  8fc20004	lw	r2,4(r30)
 1050  00001c18  90210000	lbu	r1,(r1)
 1051  00001c1c  90420000	lbu	r2,(r2)
 1052  00001c20  00220829	sne	r1,r1,r2
 1053  00001c24  08000008	j	L35_LF2
 1054  00001c28  54000000	nop; delay slot nop
 1055  00001c2c          	L34_LF2:
 1056  00001c2c  2001ffff	addi	r1,r0,#-1
 1057  00001c30          	L35_LF2:
 1058  00001c30  08000004	j	L24_LF2
 1059  00001c34  54000000	nop; delay slot nop
 1060  00001c38          	L33_LF2:
 1061  00001c38          	L24_LF2:
 1062  00001c38  8fa20000	lw	r2,0(r29)
 1063  00001c3c  8fa30004	lw	r3,4(r29)
 1064  00001c40  8fdffff8	lw	r31,-8(r30)
 1065  00001c44  001ee820	add	r29,r0,r30
 1066  00001c48  8fdefffc	lw	r30,-4(r30)
 1067  00001c4c  4be00000	jr	r31
 1068  00001c50  54000000	nop
 1069  00001c54          	.endproc _dstrncmp
 1070  00001c54          	.align 2
 1071  00001c54          	.proc _dstrlen
 1072  00001c54          	.global _dstrlen
 1073  00001c54          	_dstrlen:
 1074                      ;  Function 'dstrlen'; 8 bytes of locals, 1 regs to save.
 1075  00001c54  afbefffc	sw	-4(r29),r30; push fp
 1076  00001c58  001df020	add	r30,r0,r29; fp = sp
 1077  00001c5c  afbffff8	sw	-8(r29),r31; push ret addr
 1078  00001c60  2fbd0018	subui	r29,r29,#24; alloc local storage
 1079  00001c64  afa20000	sw	0(r29),r2
 1080  00001c68  20010000	addi	r1,r0,#0
 1081  00001c6c  afc1fff4	sw	-12(r30),r1
 1082  00001c70          	L37_LF2:
 1083  00001c70  8fc10000	lw	r1,(r30)
 1084  00001c74  20220001	addi	r2,r1,#1
 1085  00001c78  afc20000	sw	(r30),r2
 1086  00001c7c  90210000	lbu	r1,(r1)
 1087  00001c80  64220000	snei	r2,r1,#0
 1088  00001c84  1440000c	bnez	r2,L39_LF2
 1089  00001c88  54000000	nop; delay slot nop
 1090  00001c8c  0800001c	j	L38_LF2
 1091  00001c90  54000000	nop; delay slot nop
 1092  00001c94          	L39_LF2:
 1093  00001c94  8fc2fff4	lw	r2,-12(r30)
 1094  00001c98  20410001	addi	r1,r2,#1
 1095  00001c9c  00011020	add	r2,r0,r1
 1096  00001ca0  afc2fff4	sw	-12(r30),r2
 1097  00001ca4  0bffffc8	j	L37_LF2
 1098  00001ca8  54000000	nop; delay slot nop
 1099  00001cac          	L38_LF2:
 1100  00001cac  8fc1fff4	lw	r1,-12(r30)
 1101  00001cb0  08000004	j	L36_LF2
 1102  00001cb4  54000000	nop; delay slot nop
 1103  00001cb8          	L36_LF2:
 1104  00001cb8  8fa20000	lw	r2,0(r29)
 1105  00001cbc  8fdffff8	lw	r31,-8(r30)
 1106  00001cc0  001ee820	add	r29,r0,r30
 1107  00001cc4  8fdefffc	lw	r30,-4(r30)
 1108  00001cc8  4be00000	jr	r31
 1109  00001ccc  54000000	nop
 1110  00001cd0          	.endproc _dstrlen
 1111  00001cd0          	.align 2
 1112  00001cd0          	.proc _dstrstr
 1113  00001cd0          	.global _dstrstr
 1114  00001cd0          	_dstrstr:
 1115                      ;  Function 'dstrstr'; 8 bytes of locals, 1 regs to save.
 1116  00001cd0  afbefffc	sw	-4(r29),r30; push fp
 1117  00001cd4  001df020	add	r30,r0,r29; fp = sp
 1118  00001cd8  afbffff8	sw	-8(r29),r31; push ret addr
 1119  00001cdc  2fbd0018	subui	r29,r29,#24; alloc local storage
 1120  00001ce0  afa20000	sw	0(r29),r2
 1121  00001ce4  23bdfff8	addi	r29,r29,#-8
 1122  00001ce8  001d0820	add	r1,r0,r29
 1123  00001cec  8fc20004	lw	r2,4(r30)
 1124  00001cf0  ac220000	sw	(r1),r2
 1125  00001cf4  0fffff5c	jal	_dstrlen
 1126  00001cf8  54000000	nop; delay slot nop
 1127  00001cfc  23bd0008	addi	r29,r29,#8
 1128  00001d00  afc1fff4	sw	-12(r30),r1
 1129  00001d04          	L41_LF2:
 1130  00001d04  8fc10000	lw	r1,(r30)
 1131  00001d08  90220000	lbu	r2,(r1)
 1132  00001d0c  64410000	snei	r1,r2,#0
 1133  00001d10  1420000c	bnez	r1,L43_LF2
 1134  00001d14  54000000	nop; delay slot nop
 1135  00001d18  08000060	j	L42_LF2
 1136  00001d1c  54000000	nop; delay slot nop
 1137  00001d20          	L43_LF2:
 1138  00001d20  23bdfff0	addi	r29,r29,#-16
 1139  00001d24  001d0820	add	r1,r0,r29
 1140  00001d28  8fc20000	lw	r2,(r30)
 1141  00001d2c  ac220000	sw	(r1),r2
 1142  00001d30  8fc20004	lw	r2,4(r30)
 1143  00001d34  ac220004	sw	4(r1),r2
 1144  00001d38  8fc2fff4	lw	r2,-12(r30)
 1145  00001d3c  ac220008	sw	8(r1),r2
 1146  00001d40  0ffffdc0	jal	_dstrncmp
 1147  00001d44  54000000	nop; delay slot nop
 1148  00001d48  23bd0010	addi	r29,r29,#16
 1149  00001d4c  64220000	snei	r2,r1,#0
 1150  00001d50  14400010	bnez	r2,L44_LF2
 1151  00001d54  54000000	nop; delay slot nop
 1152  00001d58  8fc10000	lw	r1,(r30)
 1153  00001d5c  08000028	j	L40_LF2
 1154  00001d60  54000000	nop; delay slot nop
 1155  00001d64          	L44_LF2:
 1156  00001d64  8fc20000	lw	r2,(r30)
 1157  00001d68  20410001	addi	r1,r2,#1
 1158  00001d6c  00011020	add	r2,r0,r1
 1159  00001d70  afc20000	sw	(r30),r2
 1160  00001d74  0bffff8c	j	L41_LF2
 1161  00001d78  54000000	nop; delay slot nop
 1162  00001d7c          	L42_LF2:
 1163  00001d7c  20010000	addi	r1,r0,#0
 1164  00001d80  08000004	j	L40_LF2
 1165  00001d84  54000000	nop; delay slot nop
 1166  00001d88          	L40_LF2:
 1167  00001d88  8fa20000	lw	r2,0(r29)
 1168  00001d8c  8fdffff8	lw	r31,-8(r30)
 1169  00001d90  001ee820	add	r29,r0,r30
 1170  00001d94  8fdefffc	lw	r30,-4(r30)
 1171  00001d98  4be00000	jr	r31
 1172  00001d9c  54000000	nop
 1173  00001da0          	.endproc _dstrstr
 1174  00001da0          	.align 2
 1175  00001da0          	.proc _dmindex
 1176  00001da0          	.global _dmindex
 1177  00001da0          	_dmindex:
 1178                      ;  Function 'dmindex'; 8 bytes of locals, 1 regs to save.
 1179  00001da0  afbefffc	sw	-4(r29),r30; push fp
 1180  00001da4  001df020	add	r30,r0,r29; fp = sp
 1181  00001da8  afbffff8	sw	-8(r29),r31; push ret addr
 1182  00001dac  2fbd0018	subui	r29,r29,#24; alloc local storage
 1183  00001db0  afa20000	sw	0(r29),r2
 1184  00001db4  54000000	nop
 1185  00001db8          	L46_LF2:
 1186  00001db8  8fc10000	lw	r1,(r30)
 1187  00001dbc  90220000	lbu	r2,(r1)
 1188  00001dc0  64410000	snei	r1,r2,#0
 1189  00001dc4  1420000c	bnez	r1,L48_LF2
 1190  00001dc8  54000000	nop; delay slot nop
 1191  00001dcc  08000070	j	L47_LF2
 1192  00001dd0  54000000	nop; delay slot nop
 1193  00001dd4          	L48_LF2:
 1194  00001dd4  8fc10004	lw	r1,4(r30)
 1195  00001dd8  afc1fff4	sw	-12(r30),r1
 1196  00001ddc          	L49_LF2:
 1197  00001ddc  8fc1fff4	lw	r1,-12(r30)
 1198  00001de0  90220000	lbu	r2,(r1)
 1199  00001de4  64410000	snei	r1,r2,#0
 1200  00001de8  1420000c	bnez	r1,L52_LF2
 1201  00001dec  54000000	nop; delay slot nop
 1202  00001df0  08000044	j	L50_LF2
 1203  00001df4  54000000	nop; delay slot nop
 1204  00001df8          	L52_LF2:
 1205  00001df8  8fc10000	lw	r1,(r30)
 1206  00001dfc  8fc2fff4	lw	r2,-12(r30)
 1207  00001e00  90210000	lbu	r1,(r1)
 1208  00001e04  90420000	lbu	r2,(r2)
 1209  00001e08  00220828	seq	r1,r1,r2
 1210  00001e0c  10200010	beqz	r1,L51_LF2
 1211  00001e10  54000000	nop; delay slot nop
 1212  00001e14  8fc10000	lw	r1,(r30)
 1213  00001e18  08000030	j	L45_LF2
 1214  00001e1c  54000000	nop; delay slot nop
 1215  00001e20          	L53_LF2:
 1216  00001e20          	L51_LF2:
 1217  00001e20  8fc2fff4	lw	r2,-12(r30)
 1218  00001e24  20410001	addi	r1,r2,#1
 1219  00001e28  00011020	add	r2,r0,r1
 1220  00001e2c  afc2fff4	sw	-12(r30),r2
 1221  00001e30  0bffffa8	j	L49_LF2
 1222  00001e34  54000000	nop; delay slot nop
 1223  00001e38          	L50_LF2:
 1224  00001e38  0bffff7c	j	L46_LF2
 1225  00001e3c  54000000	nop; delay slot nop
 1226  00001e40          	L47_LF2:
 1227  00001e40  20010000	addi	r1,r0,#0
 1228  00001e44  08000004	j	L45_LF2
 1229  00001e48  54000000	nop; delay slot nop
 1230  00001e4c          	L45_LF2:
 1231  00001e4c  8fa20000	lw	r2,0(r29)
 1232  00001e50  8fdffff8	lw	r31,-8(r30)
 1233  00001e54  001ee820	add	r29,r0,r30
 1234  00001e58  8fdefffc	lw	r30,-4(r30)
 1235  00001e5c  4be00000	jr	r31
 1236  00001e60  54000000	nop
 1237  00001e64          	.endproc _dmindex
 1238  00001e64          	.align 2
 1239  00001e64          	.proc _dindex
 1240  00001e64          	.global _dindex
 1241  00001e64          	_dindex:
 1242                      ;  Function 'dindex'; 0 bytes of locals, 1 regs to save.
 1243  00001e64  afbefffc	sw	-4(r29),r30; push fp
 1244  00001e68  001df020	add	r30,r0,r29; fp = sp
 1245  00001e6c  afbffff8	sw	-8(r29),r31; push ret addr
 1246  00001e70  2fbd0010	subui	r29,r29,#16; alloc local storage
 1247  00001e74  afa20000	sw	0(r29),r2
 1248  00001e78  54000000	nop
 1249  00001e7c          	L55_LF2:
 1250  00001e7c  8fc10000	lw	r1,(r30)
 1251  00001e80  90220000	lbu	r2,(r1)
 1252  00001e84  64410000	snei	r1,r2,#0
 1253  00001e88  1420000c	bnez	r1,L57_LF2
 1254  00001e8c  54000000	nop; delay slot nop
 1255  00001e90  08000040	j	L56_LF2
 1256  00001e94  54000000	nop; delay slot nop
 1257  00001e98          	L57_LF2:
 1258  00001e98  8fc10000	lw	r1,(r30)
 1259  00001e9c  90220000	lbu	r2,(r1)
 1260  00001ea0  8fc10004	lw	r1,4(r30)
 1261  00001ea4  00411028	seq	r2,r2,r1
 1262  00001ea8  10400010	beqz	r2,L58_LF2
 1263  00001eac  54000000	nop; delay slot nop
 1264  00001eb0  8fc10000	lw	r1,(r30)
 1265  00001eb4  08000028	j	L54_LF2
 1266  00001eb8  54000000	nop; delay slot nop
 1267  00001ebc          	L58_LF2:
 1268  00001ebc  8fc20000	lw	r2,(r30)
 1269  00001ec0  20410001	addi	r1,r2,#1
 1270  00001ec4  00011020	add	r2,r0,r1
 1271  00001ec8  afc20000	sw	(r30),r2
 1272  00001ecc  0bffffac	j	L55_LF2
 1273  00001ed0  54000000	nop; delay slot nop
 1274  00001ed4          	L56_LF2:
 1275  00001ed4  20010000	addi	r1,r0,#0
 1276  00001ed8  08000004	j	L54_LF2
 1277  00001edc  54000000	nop; delay slot nop
 1278  00001ee0          	L54_LF2:
 1279  00001ee0  8fa20000	lw	r2,0(r29)
 1280  00001ee4  8fdffff8	lw	r31,-8(r30)
 1281  00001ee8  001ee820	add	r29,r0,r30
 1282  00001eec  8fdefffc	lw	r30,-4(r30)
 1283  00001ef0  4be00000	jr	r31
 1284  00001ef4  54000000	nop
 1285  00001ef8          	.endproc _dindex
 1286  00001ef8          	.align 2
 1287  00001ef8          	.proc _ditoa
 1288  00001ef8          	.global _ditoa
 1289  00001ef8          	_ditoa:
 1290                      ;  Function 'ditoa'; 8 bytes of locals, 2 regs to save.
 1291  00001ef8  afbefffc	sw	-4(r29),r30; push fp
 1292  00001efc  001df020	add	r30,r0,r29; fp = sp
 1293  00001f00  afbffff8	sw	-8(r29),r31; push ret addr
 1294  00001f04  2fbd0018	subui	r29,r29,#24; alloc local storage
 1295  00001f08  afa20000	sw	0(r29),r2
 1296  00001f0c  afa30004	sw	4(r29),r3
 1297  00001f10  8fc10000	lw	r1,(r30)
 1298  00001f14  68220000	slti	r2,r1,#0
 1299  00001f18  1040002c	beqz	r2,L60_LF2
 1300  00001f1c  54000000	nop; delay slot nop
 1301  00001f20  8fc10004	lw	r1,4(r30)
 1302  00001f24  20220001	addi	r2,r1,#1
 1303  00001f28  afc20004	sw	4(r30),r2
 1304  00001f2c  2002002d	addi	r2,r0,(#0x2d)&0xff
 1305  00001f30  a0220000	sb	(r1),r2
 1306  00001f34  8fc10000	lw	r1,(r30)
 1307  00001f38  00011022	sub	r2,r0,r1
 1308  00001f3c  afc20000	sw	(r30),r2
 1309  00001f40  08000118	j	L61_LF2
 1310  00001f44  54000000	nop; delay slot nop
 1311  00001f48          	L60_LF2:
 1312  00001f48  8fc10000	lw	r1,(r30)
 1313  00001f4c  64220000	snei	r2,r1,#0
 1314  00001f50  14400020	bnez	r2,L62_LF2
 1315  00001f54  54000000	nop; delay slot nop
 1316  00001f58  8fc10004	lw	r1,4(r30)
 1317  00001f5c  20220001	addi	r2,r1,#1
 1318  00001f60  afc20004	sw	4(r30),r2
 1319  00001f64  20020030	addi	r2,r0,(#0x30)&0xff
 1320  00001f68  a0220000	sb	(r1),r2
 1321  00001f6c  080000ec	j	L61_LF2
 1322  00001f70  54000000	nop; delay slot nop
 1323  00001f74          	L62_LF2:
 1324  00001f74  20010001	addi	r1,r0,#1
 1325  00001f78  afc1fff4	sw	-12(r30),r1
 1326  00001f7c          	L64_LF2:
 1327  00001f7c  8fc1fff4	lw	r1,-12(r30)
 1328  00001f80  8fc20000	lw	r2,(r30)
 1329  00001f84  0022082c	sle	r1,r1,r2
 1330  00001f88  1420000c	bnez	r1,L66_LF2
 1331  00001f8c  54000000	nop; delay slot nop
 1332  00001f90  08000024	j	L65_LF2
 1333  00001f94  54000000	nop; delay slot nop
 1334  00001f98          	L67_LF2:
 1335  00001f98          	L66_LF2:
 1336  00001f98  8fc1fff4	lw	r1,-12(r30)
 1337  00001f9c  00011820	add	r3,r0,r1
 1338  00001fa0  50620002	slli	r2,r3,#0x2
 1339  00001fa4  00411020	add	r2,r2,r1
 1340  00001fa8  50410001	slli	r1,r2,#0x1
 1341  00001fac  afc1fff4	sw	-12(r30),r1
 1342  00001fb0  0bffffc8	j	L64_LF2
 1343  00001fb4  54000000	nop; delay slot nop
 1344  00001fb8          	L65_LF2:
 1345  00001fb8  54000000	nop
 1346  00001fbc          	L68_LF2:
 1347  00001fbc  8fc1fff4	lw	r1,-12(r30)
 1348  00001fc0  2002000a	addi	r2,r0,#10
 1349  00001fc4  00200035	movi2fp	f0,r1
 1350  00001fc8  00400835	movi2fp	f1,r2
 1351  00001fcc  0401000f	div	f0,f0,f1
 1352  00001fd0  00000834	movfp2i	r1,f0
 1353  00001fd4  afc1fff4	sw	-12(r30),r1
 1354  00001fd8  8fc10004	lw	r1,4(r30)
 1355  00001fdc  20220001	addi	r2,r1,#1
 1356  00001fe0  afc20004	sw	4(r30),r2
 1357  00001fe4  8fc20000	lw	r2,(r30)
 1358  00001fe8  8fc3fff4	lw	r3,-12(r30)
 1359  00001fec  00400035	movi2fp	f0,r2
 1360  00001ff0  00600835	movi2fp	f1,r3
 1361  00001ff4  0401000f	div	f0,f0,f1
 1362  00001ff8  00001034	movfp2i	r2,f0
 1363  00001ffc  00021820	add	r3,r0,r2
 1364  00002000  20620030	addi	r2,r3,#48
 1365  00002004  a0220000	sb	(r1),r2
 1366  00002008  8fc10000	lw	r1,(r30)
 1367  0000200c  8fc3fff4	lw	r3,-12(r30)
 1368  00002010  00200035	movi2fp	f0,r1
 1369  00002014  00600835	movi2fp	f1,r3
 1370  00002018  0401000f	div	f0,f0,f1
 1371  0000201c  00001034	movfp2i	r2,f0
 1372  00002020  8fc3fff4	lw	r3,-12(r30)
 1373  00002024  00400035	movi2fp	f0,r2
 1374  00002028  00600835	movi2fp	f1,r3
 1375  0000202c  0401000e	mult	f0,f0,f1
 1376  00002030  00001034	movfp2i	r2,f0
 1377  00002034  00220822	sub	r1,r1,r2
 1378  00002038  afc10000	sw	(r30),r1
 1379  0000203c          	L70_LF2:
 1380  0000203c  8fc1fff4	lw	r1,-12(r30)
 1381  00002040  6c220001	sgti	r2,r1,#1
 1382  00002044  1440000c	bnez	r2,L71_LF2
 1383  00002048  54000000	nop; delay slot nop
 1384  0000204c  0800000c	j	L61_LF2
 1385  00002050  54000000	nop; delay slot nop
 1386  00002054          	L71_LF2:
 1387  00002054  0bffff64	j	L68_LF2
 1388  00002058  54000000	nop; delay slot nop
 1389  0000205c          	L69_LF2:
 1390  0000205c          	L63_LF2:
 1391  0000205c          	L61_LF2:
 1392  0000205c  8fc10004	lw	r1,4(r30)
 1393  00002060  20020000	addi	r2,r0,(#0x0)&0xff
 1394  00002064  a0220000	sb	(r1),r2
 1395  00002068          	L59_LF2:
 1396  00002068  8fa20000	lw	r2,0(r29)
 1397  0000206c  8fa30004	lw	r3,4(r29)
 1398  00002070  8fdffff8	lw	r31,-8(r30)
 1399  00002074  001ee820	add	r29,r0,r30
 1400  00002078  8fdefffc	lw	r30,-4(r30)
 1401  0000207c  4be00000	jr	r31
 1402  00002080  54000000	nop
 1403  00002084          	.endproc _ditoa
 1404  00002084          	.align 2
 1405  00002084          	.proc _dstrtol
 1406  00002084          	.global _dstrtol
 1407  00002084          	_dstrtol:
 1408                      ;  Function 'dstrtol'; 16 bytes of locals, 1 regs to save.
 1409  00002084  afbefffc	sw	-4(r29),r30; push fp
 1410  00002088  001df020	add	r30,r0,r29; fp = sp
 1411  0000208c  afbffff8	sw	-8(r29),r31; push ret addr
 1412  00002090  2fbd0020	subui	r29,r29,#32; alloc local storage
 1413  00002094  afa20000	sw	0(r29),r2
 1414  00002098  20010000	addi	r1,r0,#0
 1415  0000209c  afc1fff4	sw	-12(r30),r1
 1416  000020a0          	L73_LF2:
 1417  000020a0  8fc10000	lw	r1,(r30)
 1418  000020a4  90220000	lbu	r2,(r1)
 1419  000020a8  60410020	seqi	r1,r2,#32
 1420  000020ac  14200034	bnez	r1,L75_LF2
 1421  000020b0  54000000	nop; delay slot nop
 1422  000020b4  8fc10000	lw	r1,(r30)
 1423  000020b8  90220000	lbu	r2,(r1)
 1424  000020bc  60410009	seqi	r1,r2,#9
 1425  000020c0  14200020	bnez	r1,L75_LF2
 1426  000020c4  54000000	nop; delay slot nop
 1427  000020c8  8fc10000	lw	r1,(r30)
 1428  000020cc  90220000	lbu	r2,(r1)
 1429  000020d0  6041000a	seqi	r1,r2,#10
 1430  000020d4  1420000c	bnez	r1,L75_LF2
 1431  000020d8  54000000	nop; delay slot nop
 1432  000020dc  0800001c	j	L74_LF2
 1433  000020e0  54000000	nop; delay slot nop
 1434  000020e4          	L75_LF2:
 1435  000020e4  8fc20000	lw	r2,(r30)
 1436  000020e8  20410001	addi	r1,r2,#1
 1437  000020ec  00011020	add	r2,r0,r1
 1438  000020f0  afc20000	sw	(r30),r2
 1439  000020f4  0bffffa8	j	L73_LF2
 1440  000020f8  54000000	nop; delay slot nop
 1441  000020fc          	L74_LF2:
 1442  000020fc  8fc10004	lw	r1,4(r30)
 1443  00002100  64220000	snei	r2,r1,#0
 1444  00002104  10400010	beqz	r2,L76_LF2
 1445  00002108  54000000	nop; delay slot nop
 1446  0000210c  8fc10004	lw	r1,4(r30)
 1447  00002110  8fc20000	lw	r2,(r30)
 1448  00002114  ac220000	sw	(r1),r2
 1449  00002118          	L76_LF2:
 1450  00002118  8fc10000	lw	r1,(r30)
 1451  0000211c  90220000	lbu	r2,(r1)
 1452  00002120  64410000	snei	r1,r2,#0
 1453  00002124  14200010	bnez	r1,L77_LF2
 1454  00002128  54000000	nop; delay slot nop
 1455  0000212c  8fc1fff4	lw	r1,-12(r30)
 1456  00002130  08000294	j	L72_LF2
 1457  00002134  54000000	nop; delay slot nop
 1458  00002138          	L77_LF2:
 1459  00002138  8fc10000	lw	r1,(r30)
 1460  0000213c  90220000	lbu	r2,(r1)
 1461  00002140  6041002d	seqi	r1,r2,#45
 1462  00002144  10200024	beqz	r1,L78_LF2
 1463  00002148  54000000	nop; delay slot nop
 1464  0000214c  2001ffff	addi	r1,r0,#-1
 1465  00002150  afc1ffec	sw	-20(r30),r1
 1466  00002154  8fc20000	lw	r2,(r30)
 1467  00002158  20410001	addi	r1,r2,#1
 1468  0000215c  00011020	add	r2,r0,r1
 1469  00002160  afc20000	sw	(r30),r2
 1470  00002164  0800000c	j	L79_LF2
 1471  00002168  54000000	nop; delay slot nop
 1472  0000216c          	L78_LF2:
 1473  0000216c  20010001	addi	r1,r0,#1
 1474  00002170  afc1ffec	sw	-20(r30),r1
 1475  00002174          	L79_LF2:
 1476  00002174  8fc10008	lw	r1,8(r30)
 1477  00002178  64220000	snei	r2,r1,#0
 1478  0000217c  14400090	bnez	r2,L80_LF2
 1479  00002180  54000000	nop; delay slot nop
 1480  00002184  8fc10000	lw	r1,(r30)
 1481  00002188  90220000	lbu	r2,(r1)
 1482  0000218c  60410030	seqi	r1,r2,#48
 1483  00002190  10200074	beqz	r1,L81_LF2
 1484  00002194  54000000	nop; delay slot nop
 1485  00002198  8fc20000	lw	r2,(r30)
 1486  0000219c  20410001	addi	r1,r2,#1
 1487  000021a0  00011020	add	r2,r0,r1
 1488  000021a4  afc20000	sw	(r30),r2
 1489  000021a8  8fc10000	lw	r1,(r30)
 1490  000021ac  90220000	lbu	r2,(r1)
 1491  000021b0  60410078	seqi	r1,r2,#120
 1492  000021b4  14200020	bnez	r1,L83_LF2
 1493  000021b8  54000000	nop; delay slot nop
 1494  000021bc  8fc10000	lw	r1,(r30)
 1495  000021c0  90220000	lbu	r2,(r1)
 1496  000021c4  60410058	seqi	r1,r2,#88
 1497  000021c8  1420000c	bnez	r1,L83_LF2
 1498  000021cc  54000000	nop; delay slot nop
 1499  000021d0  08000024	j	L82_LF2
 1500  000021d4  54000000	nop; delay slot nop
 1501  000021d8          	L83_LF2:
 1502  000021d8  20010010	addi	r1,r0,#16
 1503  000021dc  afc10008	sw	8(r30),r1
 1504  000021e0  8fc20000	lw	r2,(r30)
 1505  000021e4  20410001	addi	r1,r2,#1
 1506  000021e8  00011020	add	r2,r0,r1
 1507  000021ec  afc20000	sw	(r30),r2
 1508  000021f0  0800000c	j	L84_LF2
 1509  000021f4  54000000	nop; delay slot nop
 1510  000021f8          	L82_LF2:
 1511  000021f8  20010008	addi	r1,r0,#8
 1512  000021fc  afc10008	sw	8(r30),r1
 1513  00002200          	L84_LF2:
 1514  00002200  0800000c	j	L80_LF2
 1515  00002204  54000000	nop; delay slot nop
 1516  00002208          	L81_LF2:
 1517  00002208  2001000a	addi	r1,r0,#10
 1518  0000220c  afc10008	sw	8(r30),r1
 1519  00002210          	L85_LF2:
 1520  00002210          	L80_LF2:
 1521  00002210  8fc10008	lw	r1,8(r30)
 1522  00002214  70220000	slei	r2,r1,#0
 1523  00002218  1440001c	bnez	r2,L87_LF2
 1524  0000221c  54000000	nop; delay slot nop
 1525  00002220  8fc10008	lw	r1,8(r30)
 1526  00002224  6c220010	sgti	r2,r1,#16
 1527  00002228  1440000c	bnez	r2,L87_LF2
 1528  0000222c  54000000	nop; delay slot nop
 1529  00002230  08000010	j	L86_LF2
 1530  00002234  54000000	nop; delay slot nop
 1531  00002238          	L87_LF2:
 1532  00002238  8fc1fff4	lw	r1,-12(r30)
 1533  0000223c  08000188	j	L72_LF2
 1534  00002240  54000000	nop; delay slot nop
 1535  00002244          	L86_LF2:
 1536  00002244  54000000	nop
 1537  00002248          	L88_LF2:
 1538  00002248  8fc10000	lw	r1,(r30)
 1539  0000224c  90220000	lbu	r2,(r1)
 1540  00002250  6c41002f	sgtui	r1,r2,#47
 1541  00002254  10200030	beqz	r1,L91_LF2
 1542  00002258  54000000	nop; delay slot nop
 1543  0000225c  8fc10000	lw	r1,(r30)
 1544  00002260  90220000	lbu	r2,(r1)
 1545  00002264  70410039	sleui	r1,r2,#57
 1546  00002268  1020001c	beqz	r1,L91_LF2
 1547  0000226c  54000000	nop; delay slot nop
 1548  00002270  8fc10000	lw	r1,(r30)
 1549  00002274  90220000	lbu	r2,(r1)
 1550  00002278  2041ffd0	addi	r1,r2,#-48
 1551  0000227c  afc1fff0	sw	-16(r30),r1
 1552  00002280  0800008c	j	L92_LF2
 1553  00002284  54000000	nop; delay slot nop
 1554  00002288          	L91_LF2:
 1555  00002288  8fc10000	lw	r1,(r30)
 1556  0000228c  90220000	lbu	r2,(r1)
 1557  00002290  6c410060	sgtui	r1,r2,#96
 1558  00002294  10200030	beqz	r1,L93_LF2
 1559  00002298  54000000	nop; delay slot nop
 1560  0000229c  8fc10000	lw	r1,(r30)
 1561  000022a0  90220000	lbu	r2,(r1)
 1562  000022a4  7041007a	sleui	r1,r2,#122
 1563  000022a8  1020001c	beqz	r1,L93_LF2
 1564  000022ac  54000000	nop; delay slot nop
 1565  000022b0  8fc10000	lw	r1,(r30)
 1566  000022b4  90220000	lbu	r2,(r1)
 1567  000022b8  2041ffa9	addi	r1,r2,#-87
 1568  000022bc  afc1fff0	sw	-16(r30),r1
 1569  000022c0  0800004c	j	L92_LF2
 1570  000022c4  54000000	nop; delay slot nop
 1571  000022c8          	L93_LF2:
 1572  000022c8  8fc10000	lw	r1,(r30)
 1573  000022cc  90220000	lbu	r2,(r1)
 1574  000022d0  6c410040	sgtui	r1,r2,#64
 1575  000022d4  10200030	beqz	r1,L95_LF2
 1576  000022d8  54000000	nop; delay slot nop
 1577  000022dc  8fc10000	lw	r1,(r30)
 1578  000022e0  90220000	lbu	r2,(r1)
 1579  000022e4  7041005a	sleui	r1,r2,#90
 1580  000022e8  1020001c	beqz	r1,L95_LF2
 1581  000022ec  54000000	nop; delay slot nop
 1582  000022f0  8fc10000	lw	r1,(r30)
 1583  000022f4  90220000	lbu	r2,(r1)
 1584  000022f8  2041ffc9	addi	r1,r2,#-55
 1585  000022fc  afc1fff0	sw	-16(r30),r1
 1586  00002300  0800000c	j	L92_LF2
 1587  00002304  54000000	nop; delay slot nop
 1588  00002308          	L95_LF2:
 1589  00002308  200103e8	addi	r1,r0,#1000
 1590  0000230c  afc1fff0	sw	-16(r30),r1
 1591  00002310          	L96_LF2:
 1592  00002310          	L94_LF2:
 1593  00002310          	L92_LF2:
 1594  00002310  8fc1fff0	lw	r1,-16(r30)
 1595  00002314  8fc20008	lw	r2,8(r30)
 1596  00002318  0022082a	slt	r1,r1,r2
 1597  0000231c  10200040	beqz	r1,L90_LF2
 1598  00002320  54000000	nop; delay slot nop
 1599  00002324  8fc1fff4	lw	r1,-12(r30)
 1600  00002328  8fc20008	lw	r2,8(r30)
 1601  0000232c  00200035	movi2fp	f0,r1
 1602  00002330  00400835	movi2fp	f1,r2
 1603  00002334  0401000e	mult	f0,f0,f1
 1604  00002338  00000834	movfp2i	r1,f0
 1605  0000233c  afc1fff4	sw	-12(r30),r1
 1606  00002340  8fc1fff4	lw	r1,-12(r30)
 1607  00002344  8fc2fff0	lw	r2,-16(r30)
 1608  00002348  00220820	add	r1,r1,r2
 1609  0000234c  afc1fff4	sw	-12(r30),r1
 1610  00002350  8fc20000	lw	r2,(r30)
 1611  00002354  20410001	addi	r1,r2,#1
 1612  00002358  00011020	add	r2,r0,r1
 1613  0000235c  afc20000	sw	(r30),r2
 1614  00002360          	L97_LF2:
 1615  00002360          	L90_LF2:
 1616  00002360  8fc1fff0	lw	r1,-16(r30)
 1617  00002364  8fc20008	lw	r2,8(r30)
 1618  00002368  0022082a	slt	r1,r1,r2
 1619  0000236c  1420000c	bnez	r1,L98_LF2
 1620  00002370  54000000	nop; delay slot nop
 1621  00002374  0800000c	j	L89_LF2
 1622  00002378  54000000	nop; delay slot nop
 1623  0000237c          	L98_LF2:
 1624  0000237c  0bfffec8	j	L88_LF2
 1625  00002380  54000000	nop; delay slot nop
 1626  00002384          	L89_LF2:
 1627  00002384  8fc10004	lw	r1,4(r30)
 1628  00002388  64220000	snei	r2,r1,#0
 1629  0000238c  10400010	beqz	r2,L99_LF2
 1630  00002390  54000000	nop; delay slot nop
 1631  00002394  8fc10004	lw	r1,4(r30)
 1632  00002398  8fc20000	lw	r2,(r30)
 1633  0000239c  ac220000	sw	(r1),r2
 1634  000023a0          	L99_LF2:
 1635  000023a0  8fc1fff4	lw	r1,-12(r30)
 1636  000023a4  8fc2ffec	lw	r2,-20(r30)
 1637  000023a8  00200035	movi2fp	f0,r1
 1638  000023ac  00400835	movi2fp	f1,r2
 1639  000023b0  0401000e	mult	f0,f0,f1
 1640  000023b4  00000834	movfp2i	r1,f0
 1641  000023b8  afc1fff4	sw	-12(r30),r1
 1642  000023bc  8fc1fff4	lw	r1,-12(r30)
 1643  000023c0  08000004	j	L72_LF2
 1644  000023c4  54000000	nop; delay slot nop
 1645  000023c8          	L72_LF2:
 1646  000023c8  8fa20000	lw	r2,0(r29)
 1647  000023cc  8fdffff8	lw	r31,-8(r30)
 1648  000023d0  001ee820	add	r29,r0,r30
 1649  000023d4  8fdefffc	lw	r30,-4(r30)
 1650  000023d8  4be00000	jr	r31
 1651  000023dc  54000000	nop
 1652  000023e0          	.endproc _dstrtol
 1653  000023e0          	.align 2
 1654  000023e0          	.proc _bcopy
 1655  000023e0          	.global _bcopy
 1656  000023e0          	_bcopy:
 1657                      ;  Function 'bcopy'; 0 bytes of locals, 2 regs to save.
 1658  000023e0  afbefffc	sw	-4(r29),r30; push fp
 1659  000023e4  001df020	add	r30,r0,r29; fp = sp
 1660  000023e8  afbffff8	sw	-8(r29),r31; push ret addr
 1661  000023ec  2fbd0010	subui	r29,r29,#16; alloc local storage
 1662  000023f0  afa20000	sw	0(r29),r2
 1663  000023f4  afa30004	sw	4(r29),r3
 1664  000023f8  54000000	nop
 1665  000023fc          	L101_LF2:
 1666  000023fc  8fc10008	lw	r1,8(r30)
 1667  00002400  2022ffff	addi	r2,r1,#-1
 1668  00002404  afc20008	sw	8(r30),r2
 1669  00002408  6c210000	sgti	r1,r1,#0
 1670  0000240c  1420000c	bnez	r1,L103_LF2
 1671  00002410  54000000	nop; delay slot nop
 1672  00002414  0800002c	j	L102_LF2
 1673  00002418  54000000	nop; delay slot nop
 1674  0000241c          	L103_LF2:
 1675  0000241c  8fc10004	lw	r1,4(r30)
 1676  00002420  20220001	addi	r2,r1,#1
 1677  00002424  afc20004	sw	4(r30),r2
 1678  00002428  8fc20000	lw	r2,(r30)
 1679  0000242c  20430001	addi	r3,r2,#1
 1680  00002430  afc30000	sw	(r30),r3
 1681  00002434  80420000	lb	r2,(r2)
 1682  00002438  a0220000	sb	(r1),r2
 1683  0000243c  0bffffbc	j	L101_LF2
 1684  00002440  54000000	nop; delay slot nop
 1685  00002444          	L102_LF2:
 1686  00002444          	L100_LF2:
 1687  00002444  8fa20000	lw	r2,0(r29)
 1688  00002448  8fa30004	lw	r3,4(r29)
 1689  0000244c  8fdffff8	lw	r31,-8(r30)
 1690  00002450  001ee820	add	r29,r0,r30
 1691  00002454  8fdefffc	lw	r30,-4(r30)
 1692  00002458  4be00000	jr	r31
 1693  0000245c  54000000	nop
 1694  00002460          	.endproc _bcopy
 1695  00002460          	.align 2
 1696  00002460          	.proc _bzero
 1697  00002460          	.global _bzero
 1698  00002460          	_bzero:
 1699                      ;  Function 'bzero'; 0 bytes of locals, 1 regs to save.
 1700  00002460  afbefffc	sw	-4(r29),r30; push fp
 1701  00002464  001df020	add	r30,r0,r29; fp = sp
 1702  00002468  afbffff8	sw	-8(r29),r31; push ret addr
 1703  0000246c  2fbd0010	subui	r29,r29,#16; alloc local storage
 1704  00002470  afa20000	sw	0(r29),r2
 1705  00002474  54000000	nop
 1706  00002478          	L105_LF2:
 1707  00002478  8fc10004	lw	r1,4(r30)
 1708  0000247c  2022ffff	addi	r2,r1,#-1
 1709  00002480  afc20004	sw	4(r30),r2
 1710  00002484  6c210000	sgti	r1,r1,#0
 1711  00002488  1420000c	bnez	r1,L107_LF2
 1712  0000248c  54000000	nop; delay slot nop
 1713  00002490  08000020	j	L106_LF2
 1714  00002494  54000000	nop; delay slot nop
 1715  00002498          	L107_LF2:
 1716  00002498  8fc10000	lw	r1,(r30)
 1717  0000249c  20220001	addi	r2,r1,#1
 1718  000024a0  afc20000	sw	(r30),r2
 1719  000024a4  20020000	addi	r2,r0,(#0x0)&0xff
 1720  000024a8  a0220000	sb	(r1),r2
 1721  000024ac  0bffffc8	j	L105_LF2
 1722  000024b0  54000000	nop; delay slot nop
 1723  000024b4          	L106_LF2:
 1724  000024b4          	L104_LF2:
 1725  000024b4  8fa20000	lw	r2,0(r29)
 1726  000024b8  8fdffff8	lw	r31,-8(r30)
 1727  000024bc  001ee820	add	r29,r0,r30
 1728  000024c0  8fdefffc	lw	r30,-4(r30)
 1729  000024c4  4be00000	jr	r31
 1730  000024c8  54000000	nop
 1731  000024cc          	.endproc _bzero
 1732  000024cc          	.align 2
 1733  000024cc          	.proc _min
 1734  000024cc          	.global _min
 1735  000024cc          	_min:
 1736                      ;  Function 'min'; 0 bytes of locals, 2 regs to save.
 1737  000024cc  afbefffc	sw	-4(r29),r30; push fp
 1738  000024d0  001df020	add	r30,r0,r29; fp = sp
 1739  000024d4  afbffff8	sw	-8(r29),r31; push ret addr
 1740  000024d8  2fbd0010	subui	r29,r29,#16; alloc local storage
 1741  000024dc  afa20000	sw	0(r29),r2
 1742  000024e0  afa30004	sw	4(r29),r3
 1743  000024e4  8fc10000	lw	r1,(r30)
 1744  000024e8  8fc20004	lw	r2,4(r30)
 1745  000024ec  0022182c	sle	r3,r1,r2
 1746  000024f0  14600008	bnez	r3,L109_LF2
 1747  000024f4  54000000	nop; delay slot nop
 1748  000024f8  8fc10004	lw	r1,4(r30)
 1749  000024fc          	L109_LF2:
 1750  000024fc  08000004	j	L108_LF2
 1751  00002500  54000000	nop; delay slot nop
 1752  00002504          	L108_LF2:
 1753  00002504  8fa20000	lw	r2,0(r29)
 1754  00002508  8fa30004	lw	r3,4(r29)
 1755  0000250c  8fdffff8	lw	r31,-8(r30)
 1756  00002510  001ee820	add	r29,r0,r30
 1757  00002514  8fdefffc	lw	r30,-4(r30)
 1758  00002518  4be00000	jr	r31
 1759  0000251c  54000000	nop
 1760  00002520          	.endproc _min
 1761                      ;;; Ethan L. Miller, 1999.  Released to the public domain
 1762                      ;;;
 1763                      ;;; Most of the traps are called in files from libtraps.
 1766  00002520          	.align 2
 1767  00002520          	.proc _exit
 1768  00002520          	.global _exit
 1769  00002520          	_exit:
 1770  00002520  44000300	trap	#0x300
 1771  00002524  4be00000	jr	r31
 1772  00002528  54000000	nop
 1773  0000252c          	.endproc _exit
 1775                      ; for the benefit of gcc.
 1776  0000252c          	.proc ___main
 1777  0000252c          	.global ___main
 1778  0000252c          	___main:
 1779  0000252c  4be00000	jr	r31
 1780  00002530  54000000	nop
 1781  00002534          	.endproc ___main
 1782  00002534          	.text
 1783  00002534          	.global _etext
 1784  00002534          	_etext:
 1785  00002534          	.align 3
 1786  00002538          	.data
 1787  00003142          	.global _edata
 1788  00003142          	_edata:
